
Search for Nav1D_NCD2 solution started
Host name is                      zion.localdomain
Start clock time:                 08-12-2017 11:58:31

Search in 1 samples

Max depth reached: 0
Search in 2 samples

Max depth reached: 0
Search in 3 samples

Max depth reached: 0
Search in 4 samples

Max depth reached: 2
Search in 5 samples


Elapsed time:  0 days 00:00:01
Solutions found: 1
Best price: 10014.75
Iterations: 2369

Elapsed time:  0 days 00:00:01
Solutions found: 2
Best price: 9922.01
Iterations: 2370

Elapsed time:  0 days 00:00:01
Solutions found: 3
Best price: 9756.86
Iterations: 2375

Elapsed time:  0 days 00:00:01
Solutions found: 4
Best price: 9664.12
Iterations: 2381

Elapsed time:  0 days 00:00:01
Solutions found: 5
Best price: 9571.38
Iterations: 2402

Elapsed time:  0 days 00:00:01
Solutions found: 6
Best price: 9450.67
Iterations: 2451

Elapsed time:  0 days 00:00:01
Solutions found: 7
Best price: 9357.92
Iterations: 2457

Elapsed time:  0 days 00:00:01
Solutions found: 8
Best price: 9265.18
Iterations: 2478

Elapsed time:  0 days 00:00:01
Solutions found: 9
Best price: 9144.47
Iterations: 2603

Elapsed time:  0 days 00:00:01
Solutions found: 10
Best price: 9051.73
Iterations: 2609

Elapsed time:  0 days 00:00:01
Solutions found: 11
Best price: 8958.99
Iterations: 2630

Elapsed time:  0 days 00:00:01
Solutions found: 12
Best price: 8886.35
Iterations: 2718

Elapsed time:  0 days 00:00:01
Solutions found: 13
Best price: 8813.70
Iterations: 2803

Elapsed time:  0 days 00:00:02
Solutions found: 14
Best price: 8767.50
Iterations: 3364

Elapsed time:  0 days 00:00:02
Solutions found: 15
Best price: 8694.85
Iterations: 3449

Elapsed time:  0 days 00:00:02
Solutions found: 16
Best price: 8694.82
Iterations: 3928

Elapsed time:  0 days 00:00:02
Solutions found: 17
Best price: 8602.08
Iterations: 3949

Elapsed time:  0 days 00:00:02
Solutions found: 18
Best price: 8552.36
Iterations: 4455

Elapsed time:  0 days 00:00:02
Solutions found: 19
Best price: 8548.33
Iterations: 4704

Elapsed time:  0 days 00:00:02
Solutions found: 20
Best price: 8502.12
Iterations: 5258

Elapsed time:  0 days 00:00:02
Solutions found: 21
Best price: 8429.48
Iterations: 5429

Elapsed time:  0 days 00:00:02
Solutions found: 22
Best price: 8409.35
Iterations: 5916

Elapsed time:  0 days 00:00:02
Solutions found: 23
Best price: 8336.71
Iterations: 6008

Elapsed time:  0 days 00:00:02
Solutions found: 24
Best price: 8286.99
Iterations: 6514

Elapsed time:  0 days 00:00:02
Solutions found: 25
Best price: 8256.84
Iterations: 7740

Elapsed time:  0 days 00:00:02
Solutions found: 26
Best price: 8256.84
Iterations: 7755

Elapsed time:  0 days 00:00:02
Solutions found: 27
Best price: 8236.72
Iterations: 8990

Elapsed time:  0 days 00:00:02
Solutions found: 28
Best price: 8164.08
Iterations: 9082

Elapsed time:  0 days 00:00:02
Solutions found: 29
Best price: 8114.36
Iterations: 10219

Elapsed time:  0 days 00:00:02
Solutions found: 30
Best price: 8071.33
Iterations: 13822

Elapsed time:  0 days 00:00:02
Solutions found: 31
Best price: 8021.62
Iterations: 14509

Elapsed time:  0 days 00:00:02
Solutions found: 32
Best price: 8005.44
Iterations: 17094

Elapsed time:  0 days 00:00:02
Solutions found: 33
Best price: 7997.52
Iterations: 20261

Elapsed time:  0 days 00:00:02
Solutions found: 34
Best price: 7943.74
Iterations: 21539

Elapsed time:  0 days 00:00:02
Solutions found: 35
Best price: 7897.53
Iterations: 22067

Elapsed time:  0 days 00:00:02
Solutions found: 36
Best price: 7824.89
Iterations: 22159

Elapsed time:  0 days 00:00:03
Solutions found: 37
Best price: 7824.86
Iterations: 23749

Elapsed time:  0 days 00:00:03
Solutions found: 38
Best price: 7732.12
Iterations: 23764

Elapsed time:  0 days 00:00:03
Solutions found: 39
Best price: 7682.40
Iterations: 24897

Elapsed time:  0 days 00:00:03
Solutions found: 40
Best price: 7639.38
Iterations: 26523

Elapsed time:  0 days 00:00:03
Solutions found: 41
Best price: 7589.66
Iterations: 27209

Elapsed time:  0 days 00:00:03
Solutions found: 42
Best price: 7573.48
Iterations: 29353

Elapsed time:  0 days 00:00:03
Solutions found: 43
Best price: 7556.51
Iterations: 32777

Elapsed time:  0 days 00:00:03
Solutions found: 44
Best price: 7513.49
Iterations: 35141

Elapsed time:  0 days 00:00:03
Solutions found: 45
Best price: 7463.77
Iterations: 35825

Elapsed time:  0 days 00:00:03
Solutions found: 46
Best price: 7447.59
Iterations: 38967

Elapsed time:  0 days 00:00:04
Solutions found: 47
Best price: 7409.96
Iterations: 44148

Elapsed time:  0 days 00:00:05
Solutions found: 48
Best price: 7337.31
Iterations: 44332

Elapsed time:  0 days 00:00:05
Solutions found: 49
Best price: 7287.59
Iterations: 45739

Elapsed time:  0 days 00:00:05
Solutions found: 50
Best price: 7244.57
Iterations: 47027

Elapsed time:  0 days 00:00:05
Solutions found: 51
Best price: 7194.85
Iterations: 47617

Elapsed time:  0 days 00:00:06
Solutions found: 52
Best price: 7172.20
Iterations: 49853

Elapsed time:  0 days 00:00:06
Solutions found: 53
Best price: 7122.48
Iterations: 50919

Elapsed time:  0 days 00:00:06
Solutions found: 54
Best price: 7106.30
Iterations: 53556

Elapsed time:  0 days 00:00:07
Solutions found: 55
Best price: 7071.75
Iterations: 57786

Elapsed time:  0 days 00:00:07
Solutions found: 56
Best price: 7022.03
Iterations: 59417

Elapsed time:  0 days 00:00:07
Solutions found: 57
Best price: 6979.01
Iterations: 59776

Elapsed time:  0 days 00:00:07
Solutions found: 58
Best price: 6929.29
Iterations: 60113

Elapsed time:  0 days 00:00:10
Solutions found: 59
Best price: 6899.00
Iterations: 64972

Elapsed time:  0 days 00:00:10
Solutions found: 60
Best price: 6894.94
Iterations: 68769

Elapsed time:  0 days 00:00:10
Solutions found: 61
Best price: 6848.73
Iterations: 69669

Elapsed time:  0 days 00:00:10
Solutions found: 62
Best price: 6776.09
Iterations: 69854

Elapsed time:  0 days 00:00:10
Solutions found: 63
Best price: 6726.37
Iterations: 71940

Elapsed time:  0 days 00:00:10
Solutions found: 64
Best price: 6683.34
Iterations: 73554

Elapsed time:  0 days 00:00:10
Solutions found: 65
Best price: 6633.63
Iterations: 74483

Elapsed time:  0 days 00:00:10
Solutions found: 66
Best price: 6617.45
Iterations: 77008

Elapsed time:  0 days 00:00:14
Solutions found: 67
Best price: 6584.04
Iterations: 85040

Elapsed time:  0 days 00:00:14
Solutions found: 68
Best price: 6567.86
Iterations: 85934

Elapsed time:  0 days 00:00:21
iteration: 100000; iterations/min: 282563.7
curr best price: 6567.862279999999
Current state price: 6986.7453799999985
Number of samples:5
Depth:17
Leu,NNNNC
Ser,NNNCN
Ile,DDDNN
Phe,NNCCN
Val,CCNNN
Gly,NCCNN
Met,NCNNC
Ala,NNCNN
Asp,CNCNN
Thr,XNNXN
Glu,CNNNC
Trp,CNXXX
Tyr,NCXCN
Asn,NXNXX
Lys,XXXNN
Pro,CCXXC
Gln,DXDND
Arg,XXXXX
His,XXXXX
Codes calculated:2819484


Elapsed time:  0 days 00:00:21
Solutions found: 69
Best price: 6543.37
Iterations: 100123

Elapsed time:  0 days 00:00:21
Solutions found: 70
Best price: 6527.20
Iterations: 103663

Evaluation Finished!
Final clock time:                08-12-2017 11:58:59

Final evaluation time DDHHMMSS:    0 days 00:00:28
Final evaluation time (seconds): 28.13165783882141
Final number of samples:         5
Final number of iterations:      119381
Final number of codes evaluated: 3829598
