
[Date,Time = 2018-08-31_18:51:04]

#############################################################################
#                                                                           #
#        UCSL (Version 1.0.1)- Calculation of Universal                     #
#        Combinatorial Labeling Schemes for Fast NMR Protein                #
#        Assignment.                                                        #
#                                                                           #
#        In case of using for scientific purpose, please cite our article:  #
#                                                                           #
#                                                                           #
#                                                                           #
#                                                                           #
#############################################################################

[Date,Time = 2018-08-31_18:51:04]
[NCS = NCD6]

[Date,Time = 2018-08-31_18:51:04]
Searching for elementary blocks(ELB)
[Date,Time = 2018-08-31_18:51:04]
[NCS = NCD6]
block_finder_mode = False
[BlockFinder1] started new search in 1 samples with min_depth=2

[Date,Time = 2018-08-31_18:51:04]
[BlockFinder1] finished search in 1 samples after 0.001642 sec and 5 iterations, 1 ELB schemes found

[Date,Time = 2018-08-31_18:51:04]
[NCS = NCD6]
block_finder_mode = False
[BlockFinder2] started new search in 2 samples with min_depth=3

[Date,Time = 2018-08-31_18:51:04]
[BlockFinder2] finished search in 2 samples after 0.035449 sec and 63 iterations, 9 ELB schemes found

[Date,Time = 2018-08-31_18:51:04]
[NCS = NCD6]
block_finder_mode = False
[BlockFinder3] started new search in 3 samples with min_depth=5

[BlockFinder3]     10000     16 sec max_P=8  ELB_found= 368      14/28    1/13 
[Date,Time = 2018-08-31_18:51:22]
[BlockFinder3] finished search in 3 samples after 17.322602 sec and 10579 iterations, 368 ELB schemes found
