
[Date,Time = 2018-07-03_18:46:25]

#############################################################################
#                                                                           #
#        UCSL (Version 1.0.1)- Calculation of Universal                     #
#        Combinatorial Labeling Schemes for Fast NMR Protein                #
#        Assignment.                                                        #
#                                                                           #
#        In case of using for scientific purpose, please cite our article:  #
#                                                                           #
#                                                                           #
#                                                                           #
#                                                                           #
#############################################################################

[Date,Time = 2018-07-03_18:46:25]
Blocks used:
 1 X  2 - 1 block(s)
 2 X  3 - 8 block(s)
 2 X  4 - 1 block(s)
 3 X  5 - 214 block(s)
 3 X  6 - 122 block(s)
 3 X  7 - 25 block(s)
 3 X  8 - 7 block(s)
-----------
 1 X . - 1 block(s)
 2 X . - 9 block(s)
 3 X . - 368 block(s)
 TOTAL - 378 blocks
-----------

[Date,Time = 2018-07-03_18:46:25]
Clearing redundant blocks(ELB)
[Date,Time = 2018-07-03_18:46:25]
Blocks used:
 1 X  2 - 1 block(s)
 2 X  3 - 5 block(s)
 2 X  4 - 1 block(s)
 3 X  5 - 24 block(s)
 3 X  6 - 71 block(s)
 3 X  8 - 7 block(s)
-----------
 1 X . - 1 block(s)
 2 X . - 6 block(s)
 3 X . - 102 block(s)
 TOTAL - 109 blocks
-----------

[Date,Time = 2018-07-03_18:46:25]
Clearing product blocks(ELB)
[Date,Time = 2018-07-03_18:46:26]
Blocks used:
 1 X  2 - 1 block(s)
 2 X  3 - 5 block(s)
 3 X  5 - 24 block(s)
 3 X  6 - 68 block(s)
 3 X  8 - 6 block(s)
-----------
 1 X . - 1 block(s)
 2 X . - 5 block(s)
 3 X . - 98 block(s)
 TOTAL - 104 blocks
-----------

[Date,Time = 2018-07-03_18:46:26]
Searching for products in max_samples=1
[Date,Time = 2018-07-03_18:46:26]
Searching for products in max_samples=2
[Date,Time = 2018-07-03_18:46:26]
Searching for products in max_samples=3
[Date,Time = 2018-07-03_18:46:26]
Searching for products in max_samples=4
[Date,Time = 2018-07-03_18:46:26]
Searching for products in max_samples=5
[Date,Time = 2018-07-03_18:46:26]
[NCS = NCD6]
Blocks used:
 1 X  2 - 1 block(s)
 2 X  3 - 5 block(s)
 3 X  5 - 24 block(s)
 3 X  6 - 68 block(s)
 3 X  8 - 6 block(s)
-----------
 1 X . - 1 block(s)
 2 X . - 5 block(s)
 3 X . - 98 block(s)
 TOTAL - 104 blocks
-----------

-----------------------
Products calculated for 5 samples:
[(1, 2), (1, 2), (1, 2), (1, 2), (1, 2)]: 1 scheme(s)
[(1, 2), (1, 2), (1, 2), (2, 3)]: 5 scheme(s)
[(1, 2), (1, 2), (3, 8)]: 6 scheme(s)
[(1, 2), (1, 2), (3, 5)]: 24 scheme(s)
[(1, 2), (1, 2), (3, 6)]: 68 scheme(s)
[(2, 3), (3, 8)]: 30 scheme(s)
6 product types calculated
134 total labeling schemes to check

[Date,Time = 2018-07-03_18:46:26]
Schemes optimization in max_samples=5
[Date,Time = 2018-07-03_18:46:26]
------------
Checking schemes for product [(1, 2), (1, 2), (1, 2), (1, 2), (1, 2)]. Total 1 schemes
------------
[Date,Time = 2018-07-03_18:46:26]
Checking scheme 1/134 - New best price: 12821.690460000003
[Date,Time = 2018-07-03_18:46:26]
NNNNN
NNNND
NNNDN
NNNDD
NNDNN
NNDND
NNDDN
NNDDD
NDNNN
NDNND
NDNDN
NDNDD
NDDNN
NDDND
NDDDN
NDDDD
DNNNN
DNNND
DNNDN
DNNDD
DNDNN
DNDND
DNDDN
DNDDD
DDNNN
DDNND
DDNDN
DDNDD
DDDNN
DDDND
DDDDN
DDDDD
Scheme consists of following blocks:
N
D

N
D

N
D

N
D

N
D

---------
[Date,Time = 2018-07-03_18:46:26]
------------
Checking schemes for product [(1, 2), (1, 2), (1, 2), (2, 3)]. Total 5 schemes
------------
[Date,Time = 2018-07-03_18:46:27]
Checking scheme 2/134 - New best price: 12398.11563
[Date,Time = 2018-07-03_18:46:27]
NNNXN
NNNCD
NNNDC
NNDXN
NNDCD
NNDDC
NDNXN
NDNCD
NDNDC
NDDXN
NDDCD
NDDDC
DNNXN
DNNCD
DNNDC
DNDXN
DNDCD
DNDDC
DDNXN
DDNCD
DDNDC
DDDXN
DDDCD
DDDDC
Scheme consists of following blocks:
N
D

N
D

N
D

XN
CD
DC

---------
[Date,Time = 2018-07-03_18:46:27]
Checking scheme 3/134 - Price: 13022.960179999996
[Date,Time = 2018-07-03_18:46:27]
NNNXD
NNNCN
NNNDC
NNDXD
NNDCN
NNDDC
NDNXD
NDNCN
NDNDC
NDDXD
NDDCN
NDDDC
DNNXD
DNNCN
DNNDC
DNDXD
DNDCN
DNDDC
DDNXD
DDNCN
DDNDC
DDDXD
DDDCN
DDDDC
Scheme consists of following blocks:
N
D

N
D

N
D

XD
CN
DC

---------
[Date,Time = 2018-07-03_18:46:28]
Checking scheme 4/134 - Price: 13544.171159999998
[Date,Time = 2018-07-03_18:46:28]
NNNNN
NNNCD
NNNDC
NNDNN
NNDCD
NNDDC
NDNNN
NDNCD
NDNDC
NDDNN
NDDCD
NDDDC
DNNNN
DNNCD
DNNDC
DNDNN
DNDCD
DNDDC
DDNNN
DDNCD
DDNDC
DDDNN
DDDCD
DDDDC
Scheme consists of following blocks:
N
D

N
D

N
D

NN
CD
DC

---------
[Date,Time = 2018-07-03_18:46:28]
Checking scheme 5/134 - Price: 13126.26929
[Date,Time = 2018-07-03_18:46:28]
NNNNC
NNNCN
NNNDD
NNDNC
NNDCN
NNDDD
NDNNC
NDNCN
NDNDD
NDDNC
NDDCN
NDDDD
DNNNC
DNNCN
DNNDD
DNDNC
DNDCN
DNDDD
DDNNC
DDNCN
DDNDD
DDDNC
DDDCN
DDDDD
Scheme consists of following blocks:
N
D

N
D

N
D

NC
CN
DD

---------
[Date,Time = 2018-07-03_18:46:28]
Checking scheme 6/134 - Price: 14052.08944
[Date,Time = 2018-07-03_18:46:28]
NNNNC
NNNCD
NNNDN
NNDNC
NNDCD
NNDDN
NDNNC
NDNCD
NDNDN
NDDNC
NDDCD
NDDDN
DNNNC
DNNCD
DNNDN
DNDNC
DNDCD
DNDDN
DDNNC
DDNCD
DDNDN
DDDNC
DDDCD
DDDDN
Scheme consists of following blocks:
N
D

N
D

N
D

NC
CD
DN

---------
[Date,Time = 2018-07-03_18:46:28]
------------
Checking schemes for product [(1, 2), (1, 2), (3, 8)]. Total 6 schemes
------------
[Date,Time = 2018-07-03_18:46:29]
Checking scheme 7/134 - New best price: 12326.270950000002
[Date,Time = 2018-07-03_18:46:29]
NNXNN
NNNCD
NNNDC
NNCND
NNCDN
NNDNC
NNDCN
NNDDD
NDXNN
NDNCD
NDNDC
NDCND
NDCDN
NDDNC
NDDCN
NDDDD
DNXNN
DNNCD
DNNDC
DNCND
DNCDN
DNDNC
DNDCN
DNDDD
DDXNN
DDNCD
DDNDC
DDCND
DDCDN
DDDNC
DDDCN
DDDDD
Scheme consists of following blocks:
N
D

N
D

XNN
NCD
NDC
CND
CDN
DNC
DCN
DDD

---------
[Date,Time = 2018-07-03_18:46:29]
Checking scheme 8/134 - New best price: 11876.6042
[Date,Time = 2018-07-03_18:46:29]
NNXND
NNNCN
NNNDC
NNCNN
NNCDD
NNDNC
NNDCD
NNDDX
NDXND
NDNCN
NDNDC
NDCNN
NDCDD
NDDNC
NDDCD
NDDDX
DNXND
DNNCN
DNNDC
DNCNN
DNCDD
DNDNC
DNDCD
DNDDX
DDXND
DDNCN
DDNDC
DDCNN
DDCDD
DDDNC
DDDCD
DDDDX
Scheme consists of following blocks:
N
D

N
D

XND
NCN
NDC
CNN
CDD
DNC
DCD
DDX

---------
[Date,Time = 2018-07-03_18:46:29]
Checking scheme 9/134 - Price: 12264.155989999997
[Date,Time = 2018-07-03_18:46:29]
NNXND
NNNCN
NNNDC
NNCNN
NNCDD
NNDNC
NNDCD
NNDDN
NDXND
NDNCN
NDNDC
NDCNN
NDCDD
NDDNC
NDDCD
NDDDN
DNXND
DNNCN
DNNDC
DNCNN
DNCDD
DNDNC
DNDCD
DNDDN
DDXND
DDNCN
DDNDC
DDCNN
DDCDD
DDDNC
DDDCD
DDDDN
Scheme consists of following blocks:
N
D

N
D

XND
NCN
NDC
CNN
CDD
DNC
DCD
DDN

---------
[Date,Time = 2018-07-03_18:46:30]
Checking scheme 10/134 - Price: 12038.205190000004
[Date,Time = 2018-07-03_18:46:30]
NNXDD
NNNNC
NNNCN
NNCND
NNCDN
NNDNN
NNDCD
NNDDC
NDXDD
NDNNC
NDNCN
NDCND
NDCDN
NDDNN
NDDCD
NDDDC
DNXDD
DNNNC
DNNCN
DNCND
DNCDN
DNDNN
DNDCD
DNDDC
DDXDD
DDNNC
DDNCN
DDCND
DDCDN
DDDNN
DDDCD
DDDDC
Scheme consists of following blocks:
N
D

N
D

XDD
NNC
NCN
CND
CDN
DNN
DCD
DDC

---------
[Date,Time = 2018-07-03_18:46:31]
Checking scheme 11/134 - Price: 12982.274940000001
[Date,Time = 2018-07-03_18:46:31]
NNNNN
NNNCD
NNNDC
NNCND
NNCDN
NNDNC
NNDCN
NNDDD
NDNNN
NDNCD
NDNDC
NDCND
NDCDN
NDDNC
NDDCN
NDDDD
DNNNN
DNNCD
DNNDC
DNCND
DNCDN
DNDNC
DNDCN
DNDDD
DDNNN
DDNCD
DDNDC
DDCND
DDCDN
DDDNC
DDDCN
DDDDD
Scheme consists of following blocks:
N
D

N
D

NNN
NCD
NDC
CND
CDN
DNC
DCN
DDD

---------
[Date,Time = 2018-07-03_18:46:31]
Checking scheme 12/134 - Price: 12922.70749
[Date,Time = 2018-07-03_18:46:31]
NNNNC
NNNCN
NNNDD
NNCND
NNCDN
NNDNN
NNDCD
NNDDC
NDNNC
NDNCN
NDNDD
NDCND
NDCDN
NDDNN
NDDCD
NDDDC
DNNNC
DNNCN
DNNDD
DNCND
DNCDN
DNDNN
DNDCD
DNDDC
DDNNC
DDNCN
DDNDD
DDCND
DDCDN
DDDNN
DDDCD
DDDDC
Scheme consists of following blocks:
N
D

N
D

NNC
NCN
NDD
CND
CDN
DNN
DCD
DDC

---------
[Date,Time = 2018-07-03_18:46:31]
------------
Checking schemes for product [(1, 2), (1, 2), (3, 5)]. Total 24 schemes
------------
[Date,Time = 2018-07-03_18:46:32]
Checking scheme 13/134 - New best price: 11840.750630000004
[Date,Time = 2018-07-03_18:46:32]
NNXNN
NNXND
NNCDN
NNDCN
NNDDD
NDXNN
NDXND
NDCDN
NDDCN
NDDDD
DNXNN
DNXND
DNCDN
DNDCN
DNDDD
DDXNN
DDXND
DDCDN
DDDCN
DDDDD
Scheme consists of following blocks:
N
D

N
D

XNN
XND
CDN
DCN
DDD

---------
[Date,Time = 2018-07-03_18:46:32]
Checking scheme 14/134 - Price: 12390.709180000003
[Date,Time = 2018-07-03_18:46:32]
NNXNN
NNXND
NNCDD
NNDCD
NNDDN
NDXNN
NDXND
NDCDD
NDDCD
NDDDN
DNXNN
DNXND
DNCDD
DNDCD
DNDDN
DDXNN
DDXND
DDCDD
DDDCD
DDDDN
Scheme consists of following blocks:
N
D

N
D

XNN
XND
CDD
DCD
DDN

---------
[Date,Time = 2018-07-03_18:46:33]
Checking scheme 15/134 - Price: 12050.715769999999
[Date,Time = 2018-07-03_18:46:33]
NNXNN
NNNND
NNCDN
NNDCN
NNDDD
NDXNN
NDNND
NDCDN
NDDCN
NDDDD
DNXNN
DNNND
DNCDN
DNDCN
DNDDD
DDXNN
DDNND
DDCDN
DDDCN
DDDDD
Scheme consists of following blocks:
N
D

N
D

XNN
NND
CDN
DCN
DDD

---------
[Date,Time = 2018-07-03_18:46:34]
Checking scheme 16/134 - Price: 12817.857329999997
[Date,Time = 2018-07-03_18:46:34]
NNXNN
NNNND
NNCDD
NNDCD
NNDDN
NDXNN
NDNND
NDCDD
NDDCD
NDDDN
DNXNN
DNNND
DNCDD
DNDCD
DNDDN
DDXNN
DDNND
DDCDD
DDDCD
DDDDN
Scheme consists of following blocks:
N
D

N
D

XNN
NND
CDD
DCD
DDN

---------
[Date,Time = 2018-07-03_18:46:34]
Checking scheme 17/134 - Price: 12356.35917
[Date,Time = 2018-07-03_18:46:34]
NNXNN
NNNCD
NNCND
NNDDN
NNDDD
NDXNN
NDNCD
NDCND
NDDDN
NDDDD
DNXNN
DNNCD
DNCND
DNDDN
DNDDD
DDXNN
DDNCD
DDCND
DDDDN
DDDDD
Scheme consists of following blocks:
N
D

N
D

XNN
NCD
CND
DDN
DDD

---------
[Date,Time = 2018-07-03_18:46:35]
Checking scheme 18/134 - Price: 12493.43499
[Date,Time = 2018-07-03_18:46:35]
NNXND
NNXDD
NNCNN
NNDNC
NNDDX
NDXND
NDXDD
NDCNN
NDDNC
NDDDX
DNXND
DNXDD
DNCNN
DNDNC
DNDDX
DDXND
DDXDD
DDCNN
DDDNC
DDDDX
Scheme consists of following blocks:
N
D

N
D

XND
XDD
CNN
DNC
DDX

---------
[Date,Time = 2018-07-03_18:46:36]
Checking scheme 19/134 - Price: 12723.919540000003
[Date,Time = 2018-07-03_18:46:36]
NNXND
NNXDD
NNCNN
NNDNC
NNDDN
NDXND
NDXDD
NDCNN
NDDNC
NDDDN
DNXND
DNXDD
DNCNN
DNDNC
DNDDN
DDXND
DDXDD
DDCNN
DDDNC
DDDDN
Scheme consists of following blocks:
N
D

N
D

XND
XDD
CNN
DNC
DDN

---------
[Date,Time = 2018-07-03_18:46:36]
Checking scheme 20/134 - Price: 14436.897930000003
[Date,Time = 2018-07-03_18:46:36]
NNXND
NNXDD
NNCDN
NNDNX
NNDDC
NDXND
NDXDD
NDCDN
NDDNX
NDDDC
DNXND
DNXDD
DNCDN
DNDNX
DNDDC
DDXND
DDXDD
DDCDN
DDDNX
DDDDC
Scheme consists of following blocks:
N
D

N
D

XND
XDD
CDN
DNX
DDC

---------
[Date,Time = 2018-07-03_18:46:37]
Checking scheme 21/134 - Price: 14731.387939999993
[Date,Time = 2018-07-03_18:46:37]
NNXND
NNXDD
NNCDN
NNDNN
NNDDC
NDXND
NDXDD
NDCDN
NDDNN
NDDDC
DNXND
DNXDD
DNCDN
DNDNN
DNDDC
DDXND
DDXDD
DDCDN
DDDNN
DDDDC
Scheme consists of following blocks:
N
D

N
D

XND
XDD
CDN
DNN
DDC

---------
[Date,Time = 2018-07-03_18:46:38]
Checking scheme 22/134 - Price: 12210.034290000007
[Date,Time = 2018-07-03_18:46:38]
NNXND
NNNNN
NNCDN
NNDCN
NNDDD
NDXND
NDNNN
NDCDN
NDDCN
NDDDD
DNXND
DNNNN
DNCDN
DNDCN
DNDDD
DDXND
DDNNN
DDCDN
DDDCN
DDDDD
Scheme consists of following blocks:
N
D

N
D

XND
NNN
CDN
DCN
DDD

---------
[Date,Time = 2018-07-03_18:46:39]
Checking scheme 23/134 - Price: 12829.566419999997
[Date,Time = 2018-07-03_18:46:39]
NNXND
NNNNN
NNCDD
NNDCD
NNDDN
NDXND
NDNNN
NDCDD
NDDCD
NDDDN
DNXND
DNNNN
DNCDD
DNDCD
DNDDN
DDXND
DDNNN
DDCDD
DDDCD
DDDDN
Scheme consists of following blocks:
N
D

N
D

XND
NNN
CDD
DCD
DDN

---------
[Date,Time = 2018-07-03_18:46:40]
Checking scheme 24/134 - Price: 12162.644599999998
[Date,Time = 2018-07-03_18:46:40]
NNXND
NNNCN
NNCNN
NNDDN
NNDDD
NDXND
NDNCN
NDCNN
NDDDN
NDDDD
DNXND
DNNCN
DNCNN
DNDDN
DNDDD
DDXND
DDNCN
DDCNN
DDDDN
DDDDD
Scheme consists of following blocks:
N
D

N
D

XND
NCN
CNN
DDN
DDD

---------
[Date,Time = 2018-07-03_18:46:40]
Checking scheme 25/134 - Price: 14744.546279999995
[Date,Time = 2018-07-03_18:46:40]
NNXND
NNNDC
NNCDD
NNDNX
NNDDN
NDXND
NDNDC
NDCDD
NDDNX
NDDDN
DNXND
DNNDC
DNCDD
DNDNX
DNDDN
DDXND
DDNDC
DDCDD
DDDNX
DDDDN
Scheme consists of following blocks:
N
D

N
D

XND
NDC
CDD
DNX
DDN

---------
[Date,Time = 2018-07-03_18:46:41]
Checking scheme 26/134 - Price: 15201.855430000009
[Date,Time = 2018-07-03_18:46:41]
NNXND
NNNDC
NNCDD
NNDNN
NNDDN
NDXND
NDNDC
NDCDD
NDDNN
NDDDN
DNXND
DNNDC
DNCDD
DNDNN
DNDDN
DDXND
DDNDC
DDCDD
DDDNN
DDDDN
Scheme consists of following blocks:
N
D

N
D

XND
NDC
CDD
DNN
DDN

---------
[Date,Time = 2018-07-03_18:46:42]
Checking scheme 27/134 - Price: 13185.11776
[Date,Time = 2018-07-03_18:46:42]
NNXND
NNNDD
NNCNN
NNDNC
NNDDN
NDXND
NDNDD
NDCNN
NDDNC
NDDDN
DNXND
DNNDD
DNCNN
DNDNC
DNDDN
DDXND
DDNDD
DDCNN
DDDNC
DDDDN
Scheme consists of following blocks:
N
D

N
D

XND
NDD
CNN
DNC
DDN

---------
[Date,Time = 2018-07-03_18:46:42]
Checking scheme 28/134 - Price: 12671.168849999998
[Date,Time = 2018-07-03_18:46:42]
NNXDD
NNNNC
NNCND
NNDNN
NNDDX
NDXDD
NDNNC
NDCND
NDDNN
NDDDX
DNXDD
DNNNC
DNCND
DNDNN
DNDDX
DDXDD
DDNNC
DDCND
DDDNN
DDDDX
Scheme consists of following blocks:
N
D

N
D

XDD
NNC
CND
DNN
DDX

---------
[Date,Time = 2018-07-03_18:46:43]
Checking scheme 29/134 - Price: 13088.82073
[Date,Time = 2018-07-03_18:46:43]
NNXDD
NNNNC
NNCND
NNDNN
NNDDN
NDXDD
NDNNC
NDCND
NDDNN
NDDDN
DNXDD
DNNNC
DNCND
DNDNN
DNDDN
DDXDD
DDNNC
DDCND
DDDNN
DDDDN
Scheme consists of following blocks:
N
D

N
D

XDD
NNC
CND
DNN
DDN

---------
[Date,Time = 2018-07-03_18:46:44]
Checking scheme 30/134 - Price: 15225.13811
[Date,Time = 2018-07-03_18:46:44]
NNXDD
NNNND
NNCDN
NNDNN
NNDDC
NDXDD
NDNND
NDCDN
NDDNN
NDDDC
DNXDD
DNNND
DNCDN
DNDNN
DNDDC
DDXDD
DDNND
DDCDN
DDDNN
DDDDC
Scheme consists of following blocks:
N
D

N
D

XDD
NND
CDN
DNN
DDC

---------
[Date,Time = 2018-07-03_18:46:45]
Checking scheme 31/134 - Price: 12841.8896
[Date,Time = 2018-07-03_18:46:45]
NNNNN
NNNND
NNCDN
NNDCN
NNDDD
NDNNN
NDNND
NDCDN
NDDCN
NDDDD
DNNNN
DNNND
DNCDN
DNDCN
DNDDD
DDNNN
DDNND
DDCDN
DDDCN
DDDDD
Scheme consists of following blocks:
N
D

N
D

NNN
NND
CDN
DCN
DDD

---------
[Date,Time = 2018-07-03_18:46:46]
Checking scheme 32/134 - Price: 13805.534519999992
[Date,Time = 2018-07-03_18:46:46]
NNNNN
NNNND
NNCDD
NNDCD
NNDDN
NDNNN
NDNND
NDCDD
NDDCD
NDDDN
DNNNN
DNNND
DNCDD
DNDCD
DNDDN
DDNNN
DDNND
DDCDD
DDDCD
DDDDN
Scheme consists of following blocks:
N
D

N
D

NNN
NND
CDD
DCD
DDN

---------
[Date,Time = 2018-07-03_18:46:46]
Checking scheme 33/134 - Price: 13114.439800000004
[Date,Time = 2018-07-03_18:46:46]
NNNNN
NNNCD
NNCND
NNDDN
NNDDD
NDNNN
NDNCD
NDCND
NDDDN
NDDDD
DNNNN
DNNCD
DNCND
DNDDN
DNDDD
DDNNN
DDNCD
DDCND
DDDDN
DDDDD
Scheme consists of following blocks:
N
D

N
D

NNN
NCD
CND
DDN
DDD

---------
[Date,Time = 2018-07-03_18:46:47]
Checking scheme 34/134 - Price: 12753.276289999998
[Date,Time = 2018-07-03_18:46:47]
NNNNC
NNNCN
NNNDD
NNDNN
NNDDD
NDNNC
NDNCN
NDNDD
NDDNN
NDDDD
DNNNC
DNNCN
DNNDD
DNDNN
DNDDD
DDNNC
DDNCN
DDNDD
DDDNN
DDDDD
Scheme consists of following blocks:
N
D

N
D

NNC
NCN
NDD
DNN
DDD

---------
[Date,Time = 2018-07-03_18:46:47]
Checking scheme 35/134 - Price: 13858.597330000002
[Date,Time = 2018-07-03_18:46:47]
NNNNC
NNNCD
NNNDN
NNDND
NNDDN
NDNNC
NDNCD
NDNDN
NDDND
NDDDN
DNNNC
DNNCD
DNNDN
DNDND
DNDDN
DDNNC
DDNCD
DDNDN
DDDND
DDDDN
Scheme consists of following blocks:
N
D

N
D

NNC
NCD
NDN
DND
DDN

---------
[Date,Time = 2018-07-03_18:46:48]
Checking scheme 36/134 - Price: 16109.640410000002
[Date,Time = 2018-07-03_18:46:48]
NNNND
NNNDN
NNDNC
NNDCD
NNDDN
NDNND
NDNDN
NDDNC
NDDCD
NDDDN
DNNND
DNNDN
DNDNC
DNDCD
DNDDN
DDNND
DDNDN
DDDNC
DDDCD
DDDDN
Scheme consists of following blocks:
N
D

N
D

NND
NDN
DNC
DCD
DDN

---------
[Date,Time = 2018-07-03_18:46:48]
------------
Checking schemes for product [(1, 2), (1, 2), (3, 6)]. Total 68 schemes
------------
[Date,Time = 2018-07-03_18:46:48]
Checking scheme 37/134 - Price: 11993.83275
[Date,Time = 2018-07-03_18:46:48]
NNXNN
NNXDD
NNCND
NNCDN
NNDNC
NNDCN
NDXNN
NDXDD
NDCND
NDCDN
NDDNC
NDDCN
DNXNN
DNXDD
DNCND
DNCDN
DNDNC
DNDCN
DDXNN
DDXDD
DDCND
DDCDN
DDDNC
DDDCN
Scheme consists of following blocks:
N
D

N
D

XNN
XDD
CND
CDN
DNC
DCN

---------
[Date,Time = 2018-07-03_18:46:48]
Checking scheme 38/134 - Price: 12127.330550000004
[Date,Time = 2018-07-03_18:46:48]
NNXNN
NNXDD
NNCND
NNCDN
NNDNC
NNDCD
NDXNN
NDXDD
NDCND
NDCDN
NDDNC
NDDCD
DNXNN
DNXDD
DNCND
DNCDN
DNDNC
DNDCD
DDXNN
DDXDD
DDCND
DDCDN
DDDNC
DDDCD
Scheme consists of following blocks:
N
D

N
D

XNN
XDD
CND
CDN
DNC
DCD

---------
[Date,Time = 2018-07-03_18:46:49]
Checking scheme 39/134 - Price: 12293.779750000002
[Date,Time = 2018-07-03_18:46:49]
NNXNN
NNXDD
NNCND
NNCDN
NNDCD
NNDDC
NDXNN
NDXDD
NDCND
NDCDN
NDDCD
NDDDC
DNXNN
DNXDD
DNCND
DNCDN
DNDCD
DNDDC
DDXNN
DDXDD
DDCND
DDCDN
DDDCD
DDDDC
Scheme consists of following blocks:
N
D

N
D

XNN
XDD
CND
CDN
DCD
DDC

---------
[Date,Time = 2018-07-03_18:46:49]
Checking scheme 40/134 - New best price: 11526.948910000001
[Date,Time = 2018-07-03_18:46:49]
NNXNN
NNXDD
NNCND
NNDNC
NNDCD
NNDDX
NDXNN
NDXDD
NDCND
NDDNC
NDDCD
NDDDX
DNXNN
DNXDD
DNCND
DNDNC
DNDCD
DNDDX
DDXNN
DDXDD
DDCND
DDDNC
DDDCD
DDDDX
Scheme consists of following blocks:
N
D

N
D

XNN
XDD
CND
DNC
DCD
DDX

---------
[Date,Time = 2018-07-03_18:46:50]
Checking scheme 41/134 - Price: 11799.629690000002
[Date,Time = 2018-07-03_18:46:50]
NNXNN
NNXDD
NNCND
NNDNC
NNDCD
NNDDN
NDXNN
NDXDD
NDCND
NDDNC
NDDCD
NDDDN
DNXNN
DNXDD
DNCND
DNDNC
DNDCD
DNDDN
DDXNN
DDXDD
DDCND
DDDNC
DDDCD
DDDDN
Scheme consists of following blocks:
N
D

N
D

XNN
XDD
CND
DNC
DCD
DDN

---------
[Date,Time = 2018-07-03_18:46:51]
Checking scheme 42/134 - Price: 12715.48828
[Date,Time = 2018-07-03_18:46:51]
NNXNN
NNNND
NNCDN
NNCDD
NNDCN
NNDCD
NDXNN
NDNND
NDCDN
NDCDD
NDDCN
NDDCD
DNXNN
DNNND
DNCDN
DNCDD
DNDCN
DNDCD
DDXNN
DDNND
DDCDN
DDCDD
DDDCN
DDDCD
Scheme consists of following blocks:
N
D

N
D

XNN
NND
CDN
CDD
DCN
DCD

---------
[Date,Time = 2018-07-03_18:46:51]
Checking scheme 43/134 - Price: 12552.187799999998
[Date,Time = 2018-07-03_18:46:51]
NNXNN
NNNCD
NNNDC
NNCND
NNDNC
NNDDN
NDXNN
NDNCD
NDNDC
NDCND
NDDNC
NDDDN
DNXNN
DNNCD
DNNDC
DNCND
DNDNC
DNDDN
DDXNN
DDNCD
DDNDC
DDCND
DDDNC
DDDDN
Scheme consists of following blocks:
N
D

N
D

XNN
NCD
NDC
CND
DNC
DDN

---------
[Date,Time = 2018-07-03_18:46:52]
Checking scheme 44/134 - Price: 13492.75729
[Date,Time = 2018-07-03_18:46:52]
NNXNN
NNNCD
NNNDC
NNCDD
NNDNC
NNDCN
NDXNN
NDNCD
NDNDC
NDCDD
NDDNC
NDDCN
DNXNN
DNNCD
DNNDC
DNCDD
DNDNC
DNDCN
DDXNN
DDNCD
DDNDC
DDCDD
DDDNC
DDDCN
Scheme consists of following blocks:
N
D

N
D

XNN
NCD
NDC
CDD
DNC
DCN

---------
[Date,Time = 2018-07-03_18:46:52]
Checking scheme 45/134 - Price: 12688.810150000001
[Date,Time = 2018-07-03_18:46:52]
NNXNN
NNNCD
NNNDC
NNCDD
NNDNC
NNDDN
NDXNN
NDNCD
NDNDC
NDCDD
NDDNC
NDDDN
DNXNN
DNNCD
DNNDC
DNCDD
DNDNC
DNDDN
DDXNN
DDNCD
DDNDC
DDCDD
DDDNC
DDDDN
Scheme consists of following blocks:
N
D

N
D

XNN
NCD
NDC
CDD
DNC
DDN

---------
[Date,Time = 2018-07-03_18:46:53]
Checking scheme 46/134 - Price: 12316.406500000003
[Date,Time = 2018-07-03_18:46:53]
NNXNN
NNNCD
NNNDC
NNCDD
NNDND
NNDDN
NDXNN
NDNCD
NDNDC
NDCDD
NDDND
NDDDN
DNXNN
DNNCD
DNNDC
DNCDD
DNDND
DNDDN
DDXNN
DDNCD
DDNDC
DDCDD
DDDND
DDDDN
Scheme consists of following blocks:
N
D

N
D

XNN
NCD
NDC
CDD
DND
DDN

---------
[Date,Time = 2018-07-03_18:46:53]
Checking scheme 47/134 - Price: 12882.275979999999
[Date,Time = 2018-07-03_18:46:53]
NNXNN
NNNCD
NNCDD
NNDND
NNDCN
NNDDC
NDXNN
NDNCD
NDCDD
NDDND
NDDCN
NDDDC
DNXNN
DNNCD
DNCDD
DNDND
DNDCN
DNDDC
DDXNN
DDNCD
DDCDD
DDDND
DDDCN
DDDDC
Scheme consists of following blocks:
N
D

N
D

XNN
NCD
CDD
DND
DCN
DDC

---------
[Date,Time = 2018-07-03_18:46:54]
Checking scheme 48/134 - Price: 12977.210330000005
[Date,Time = 2018-07-03_18:46:54]
NNXND
NNXDN
NNCNN
NNCDD
NNDNC
NNDCN
NDXND
NDXDN
NDCNN
NDCDD
NDDNC
NDDCN
DNXND
DNXDN
DNCNN
DNCDD
DNDNC
DNDCN
DDXND
DDXDN
DDCNN
DDCDD
DDDNC
DDDCN
Scheme consists of following blocks:
N
D

N
D

XND
XDN
CNN
CDD
DNC
DCN

---------
[Date,Time = 2018-07-03_18:46:54]
Checking scheme 49/134 - Price: 13133.948830000005
[Date,Time = 2018-07-03_18:46:54]
NNXND
NNXDN
NNCNN
NNCDD
NNDNC
NNDCD
NDXND
NDXDN
NDCNN
NDCDD
NDDNC
NDDCD
DNXND
DNXDN
DNCNN
DNCDD
DNDNC
DNDCD
DDXND
DDXDN
DDCNN
DDCDD
DDDNC
DDDCD
Scheme consists of following blocks:
N
D

N
D

XND
XDN
CNN
CDD
DNC
DCD

---------
[Date,Time = 2018-07-03_18:46:55]
Checking scheme 50/134 - Price: 13301.124680000003
[Date,Time = 2018-07-03_18:46:55]
NNXND
NNXDN
NNCNN
NNCDD
NNDCD
NNDDC
NDXND
NDXDN
NDCNN
NDCDD
NDDCD
NDDDC
DNXND
DNXDN
DNCNN
DNCDD
DNDCD
DNDDC
DDXND
DDXDN
DDCNN
DDCDD
DDDCD
DDDDC
Scheme consists of following blocks:
N
D

N
D

XND
XDN
CNN
CDD
DCD
DDC

---------
[Date,Time = 2018-07-03_18:46:55]
Checking scheme 51/134 - Price: 12622.951659999999
[Date,Time = 2018-07-03_18:46:55]
NNXND
NNXDN
NNCNN
NNDNC
NNDCN
NNDDD
NDXND
NDXDN
NDCNN
NDDNC
NDDCN
NDDDD
DNXND
DNXDN
DNCNN
DNDNC
DNDCN
DNDDD
DDXND
DDXDN
DDCNN
DDDNC
DDDCN
DDDDD
Scheme consists of following blocks:
N
D

N
D

XND
XDN
CNN
DNC
DCN
DDD

---------
[Date,Time = 2018-07-03_18:46:56]
Checking scheme 52/134 - Price: 14611.461550000007
[Date,Time = 2018-07-03_18:46:56]
NNXND
NNXDN
NNCDD
NNDXN
NNDCD
NNDDC
NDXND
NDXDN
NDCDD
NDDXN
NDDCD
NDDDC
DNXND
DNXDN
DNCDD
DNDXN
DNDCD
DNDDC
DDXND
DDXDN
DDCDD
DDDXN
DDDCD
DDDDC
Scheme consists of following blocks:
N
D

N
D

XND
XDN
CDD
DXN
DCD
DDC

---------
[Date,Time = 2018-07-03_18:46:56]
Checking scheme 53/134 - Price: 14784.444690000004
[Date,Time = 2018-07-03_18:46:56]
NNXND
NNXDN
NNCDD
NNDNN
NNDCD
NNDDC
NDXND
NDXDN
NDCDD
NDDNN
NDDCD
NDDDC
DNXND
DNXDN
DNCDD
DNDNN
DNDCD
DNDDC
DDXND
DDXDN
DDCDD
DDDNN
DDDCD
DDDDC
Scheme consists of following blocks:
N
D

N
D

XND
XDN
CDD
DNN
DCD
DDC

---------
[Date,Time = 2018-07-03_18:46:57]
Checking scheme 54/134 - Price: 12781.756670000006
[Date,Time = 2018-07-03_18:46:57]
NNXND
NNNNN
NNCDN
NNCDD
NNDCN
NNDCD
NDXND
NDNNN
NDCDN
NDCDD
NDDCN
NDDCD
DNXND
DNNNN
DNCDN
DNCDD
DNDCN
DNDCD
DDXND
DDNNN
DDCDN
DDCDD
DDDCN
DDDCD
Scheme consists of following blocks:
N
D

N
D

XND
NNN
CDN
CDD
DCN
DCD

---------
[Date,Time = 2018-07-03_18:46:57]
Checking scheme 55/134 - Price: 12291.53409
[Date,Time = 2018-07-03_18:46:57]
NNXND
NNNCN
NNNDC
NNCNN
NNDNC
NNDDD
NDXND
NDNCN
NDNDC
NDCNN
NDDNC
NDDDD
DNXND
DNNCN
DNNDC
DNCNN
DNDNC
DNDDD
DDXND
DDNCN
DDNDC
DDCNN
DDDNC
DDDDD
Scheme consists of following blocks:
N
D

N
D

XND
NCN
NDC
CNN
DNC
DDD

---------
[Date,Time = 2018-07-03_18:46:58]
Checking scheme 56/134 - Price: 13268.12093999999
[Date,Time = 2018-07-03_18:46:58]
NNXND
NNNCN
NNNDC
NNCDN
NNDNN
NNDCD
NDXND
NDNCN
NDNDC
NDCDN
NDDNN
NDDCD
DNXND
DNNCN
DNNDC
DNCDN
DNDNN
DNDCD
DDXND
DDNCN
DDNDC
DDCDN
DDDNN
DDDCD
Scheme consists of following blocks:
N
D

N
D

XND
NCN
NDC
CDN
DNN
DCD

---------
[Date,Time = 2018-07-03_18:46:59]
Checking scheme 57/134 - Price: 12807.356930000002
[Date,Time = 2018-07-03_18:46:59]
NNXND
NNNCN
NNNDC
NNCDN
NNDNN
NNDDD
NDXND
NDNCN
NDNDC
NDCDN
NDDNN
NDDDD
DNXND
DNNCN
DNNDC
DNCDN
DNDNN
DNDDD
DDXND
DDNCN
DDNDC
DDCDN
DDDNN
DDDDD
Scheme consists of following blocks:
N
D

N
D

XND
NCN
NDC
CDN
DNN
DDD

---------
[Date,Time = 2018-07-03_18:46:59]
Checking scheme 58/134 - Equivalent scheme was already checked
[Date,Time = 2018-07-03_18:46:59]
NNXND
NNNCN
NNNDC
NNCDN
NNDNC
NNDCD
NDXND
NDNCN
NDNDC
NDCDN
NDDNC
NDDCD
DNXND
DNNCN
DNNDC
DNCDN
DNDNC
DNDCD
DDXND
DDNCN
DDNDC
DDCDN
DDDNC
DDDCD
Scheme consists of following blocks:
N
D

N
D

XND
NCN
NDC
CDN
DNC
DCD

---------
[Date,Time = 2018-07-03_18:47:00]
Checking scheme 59/134 - Price: 13341.93335
[Date,Time = 2018-07-03_18:47:00]
NNXND
NNNCN
NNNDC
NNCDN
NNDNC
NNDDD
NDXND
NDNCN
NDNDC
NDCDN
NDDNC
NDDDD
DNXND
DNNCN
DNNDC
DNCDN
DNDNC
DNDDD
DDXND
DDNCN
DDNDC
DDCDN
DDDNC
DDDDD
Scheme consists of following blocks:
N
D

N
D

XND
NCN
NDC
CDN
DNC
DDD

---------
[Date,Time = 2018-07-03_18:47:01]
Checking scheme 60/134 - Price: 13428.142989999993
[Date,Time = 2018-07-03_18:47:01]
NNXND
NNNCN
NNNDC
NNCDD
NNDNN
NNDCD
NDXND
NDNCN
NDNDC
NDCDD
NDDNN
NDDCD
DNXND
DNNCN
DNNDC
DNCDD
DNDNN
DNDCD
DDXND
DDNCN
DDNDC
DDCDD
DDDNN
DDDCD
Scheme consists of following blocks:
N
D

N
D

XND
NCN
NDC
CDD
DNN
DCD

---------
[Date,Time = 2018-07-03_18:47:01]
Checking scheme 61/134 - Price: 13212.261819999992
[Date,Time = 2018-07-03_18:47:01]
NNXND
NNNCN
NNCNN
NNCDD
NNDCD
NNDDC
NDXND
NDNCN
NDCNN
NDCDD
NDDCD
NDDDC
DNXND
DNNCN
DNCNN
DNCDD
DNDCD
DNDDC
DDXND
DDNCN
DDCNN
DDCDD
DDDCD
DDDDC
Scheme consists of following blocks:
N
D

N
D

XND
NCN
CNN
CDD
DCD
DDC

---------
[Date,Time = 2018-07-03_18:47:02]
Checking scheme 62/134 - Price: 13595.485139999993
[Date,Time = 2018-07-03_18:47:02]
NNXND
NNNCN
NNCDD
NNDNN
NNDCD
NNDDC
NDXND
NDNCN
NDCDD
NDDNN
NDDCD
NDDDC
DNXND
DNNCN
DNCDD
DNDNN
DNDCD
DNDDC
DDXND
DDNCN
DDCDD
DDDNN
DDDCD
DDDDC
Scheme consists of following blocks:
N
D

N
D

XND
NCN
CDD
DNN
DCD
DDC

---------
[Date,Time = 2018-07-03_18:47:03]
Checking scheme 63/134 - Price: 15407.283600000002
[Date,Time = 2018-07-03_18:47:03]
NNXND
NNNDN
NNCDD
NNDNN
NNDCD
NNDDC
NDXND
NDNDN
NDCDD
NDDNN
NDDCD
NDDDC
DNXND
DNNDN
DNCDD
DNDNN
DNDCD
DNDDC
DDXND
DDNDN
DDCDD
DDDNN
DDDCD
DDDDC
Scheme consists of following blocks:
N
D

N
D

XND
NDN
CDD
DNN
DCD
DDC

---------
[Date,Time = 2018-07-03_18:47:03]
Checking scheme 64/134 - Price: 15221.760450000003
[Date,Time = 2018-07-03_18:47:03]
NNXND
NNNDC
NNCDN
NNDNC
NNDCN
NNDDD
NDXND
NDNDC
NDCDN
NDDNC
NDDCN
NDDDD
DNXND
DNNDC
DNCDN
DNDNC
DNDCN
DNDDD
DDXND
DDNDC
DDCDN
DDDNC
DDDCN
DDDDD
Scheme consists of following blocks:
N
D

N
D

XND
NDC
CDN
DNC
DCN
DDD

---------
[Date,Time = 2018-07-03_18:47:04]
Checking scheme 65/134 - Price: 12375.999140000002
[Date,Time = 2018-07-03_18:47:04]
NNXDD
NNNNN
NNCND
NNCDN
NNDNC
NNDCN
NDXDD
NDNNN
NDCND
NDCDN
NDDNC
NDDCN
DNXDD
DNNNN
DNCND
DNCDN
DNDNC
DNDCN
DDXDD
DDNNN
DDCND
DDCDN
DDDNC
DDDCN
Scheme consists of following blocks:
N
D

N
D

XDD
NNN
CND
CDN
DNC
DCN

---------
[Date,Time = 2018-07-03_18:47:04]
Checking scheme 66/134 - Price: 12512.621490000003
[Date,Time = 2018-07-03_18:47:04]
NNXDD
NNNNN
NNCND
NNCDN
NNDNC
NNDCD
NDXDD
NDNNN
NDCND
NDCDN
NDDNC
NDDCD
DNXDD
DNNNN
DNCND
DNCDN
DNDNC
DNDCD
DDXDD
DDNNN
DDCND
DDCDN
DDDNC
DDDCD
Scheme consists of following blocks:
N
D

N
D

XDD
NNN
CND
CDN
DNC
DCD

---------
[Date,Time = 2018-07-03_18:47:05]
Checking scheme 67/134 - Price: 12709.739689999995
[Date,Time = 2018-07-03_18:47:05]
NNXDD
NNNNN
NNCND
NNCDN
NNDCD
NNDDC
NDXDD
NDNNN
NDCND
NDCDN
NDDCD
NDDDC
DNXDD
DNNNN
DNCND
DNCDN
DNDCD
DNDDC
DDXDD
DDNNN
DDCND
DDCDN
DDDCD
DDDDC
Scheme consists of following blocks:
N
D

N
D

XDD
NNN
CND
CDN
DCD
DDC

---------
[Date,Time = 2018-07-03_18:47:05]
Checking scheme 68/134 - Price: 11928.56723
[Date,Time = 2018-07-03_18:47:05]
NNXDD
NNNNN
NNCND
NNDNC
NNDCD
NNDDX
NDXDD
NDNNN
NDCND
NDDNC
NDDCD
NDDDX
DNXDD
DNNNN
DNCND
DNDNC
DNDCD
DNDDX
DDXDD
DDNNN
DDCND
DDDNC
DDDCD
DDDDX
Scheme consists of following blocks:
N
D

N
D

XDD
NNN
CND
DNC
DCD
DDX

---------
[Date,Time = 2018-07-03_18:47:06]
Checking scheme 69/134 - Price: 12304.710530000002
[Date,Time = 2018-07-03_18:47:06]
NNXDD
NNNNN
NNCND
NNDNC
NNDCD
NNDDN
NDXDD
NDNNN
NDCND
NDDNC
NDDCD
NDDDN
DNXDD
DNNNN
DNCND
DNDNC
DNDCD
DNDDN
DDXDD
DDNNN
DDCND
DDDNC
DDDCD
DDDDN
Scheme consists of following blocks:
N
D

N
D

XDD
NNN
CND
DNC
DCD
DDN

---------
[Date,Time = 2018-07-03_18:47:07]
Checking scheme 70/134 - New best price: 11365.87818
[Date,Time = 2018-07-03_18:47:07]
NNXDD
NNNNC
NNNCN
NNCNN
NNDXD
NNDDX
NDXDD
NDNNC
NDNCN
NDCNN
NDDXD
NDDDX
DNXDD
DNNNC
DNNCN
DNCNN
DNDXD
DNDDX
DDXDD
DDNNC
DDNCN
DDCNN
DDDXD
DDDDX
Scheme consists of following blocks:
N
D

N
D

XDD
NNC
NCN
CNN
DXD
DDX

---------
[Date,Time = 2018-07-03_18:47:07]
Checking scheme 71/134 - Price: 11418.64534999999
[Date,Time = 2018-07-03_18:47:07]
NNXDD
NNNNC
NNNCN
NNCNN
NNDXD
NNDDN
NDXDD
NDNNC
NDNCN
NDCNN
NDDXD
NDDDN
DNXDD
DNNNC
DNNCN
DNCNN
DNDXD
DNDDN
DDXDD
DDNNC
DDNCN
DDCNN
DDDXD
DDDDN
Scheme consists of following blocks:
N
D

N
D

XDD
NNC
NCN
CNN
DXD
DDN

---------
[Date,Time = 2018-07-03_18:47:08]
Checking scheme 72/134 - Price: 11662.75735
[Date,Time = 2018-07-03_18:47:08]
NNXDD
NNNNC
NNNCN
NNCNN
NNDXD
NNDDC
NDXDD
NDNNC
NDNCN
NDCNN
NDDXD
NDDDC
DNXDD
DNNNC
DNNCN
DNCNN
DNDXD
DNDDC
DDXDD
DDNNC
DDNCN
DDCNN
DDDXD
DDDDC
Scheme consists of following blocks:
N
D

N
D

XDD
NNC
NCN
CNN
DXD
DDC

---------
[Date,Time = 2018-07-03_18:47:08]
Checking scheme 73/134 - Price: 11756.038830000005
[Date,Time = 2018-07-03_18:47:08]
NNXDD
NNNNC
NNNCN
NNCNN
NNDND
NNDDN
NDXDD
NDNNC
NDNCN
NDCNN
NDDND
NDDDN
DNXDD
DNNNC
DNNCN
DNCNN
DNDND
DNDDN
DDXDD
DDNNC
DDNCN
DDCNN
DDDND
DDDDN
Scheme consists of following blocks:
N
D

N
D

XDD
NNC
NCN
CNN
DND
DDN

---------
[Date,Time = 2018-07-03_18:47:09]
Checking scheme 74/134 - Price: 11978.842270000003
[Date,Time = 2018-07-03_18:47:09]
NNXDD
NNNNC
NNNCN
NNCNN
NNDND
NNDDC
NDXDD
NDNNC
NDNCN
NDCNN
NDDND
NDDDC
DNXDD
DNNNC
DNNCN
DNCNN
DNDND
DNDDC
DDXDD
DDNNC
DDNCN
DDCNN
DDDND
DDDDC
Scheme consists of following blocks:
N
D

N
D

XDD
NNC
NCN
CNN
DND
DDC

---------
[Date,Time = 2018-07-03_18:47:09]
Checking scheme 75/134 - Price: 12650.627050000006
[Date,Time = 2018-07-03_18:47:09]
NNXDD
NNNNC
NNNCN
NNCNN
NNDCD
NNDDC
NDXDD
NDNNC
NDNCN
NDCNN
NDDCD
NDDDC
DNXDD
DNNNC
DNNCN
DNCNN
DNDCD
DNDDC
DDXDD
DDNNC
DDNCN
DDCNN
DDDCD
DDDDC
Scheme consists of following blocks:
N
D

N
D

XDD
NNC
NCN
CNN
DCD
DDC

---------
[Date,Time = 2018-07-03_18:47:10]
Checking scheme 76/134 - Price: 12118.773570000001
[Date,Time = 2018-07-03_18:47:10]
NNXDD
NNNNC
NNNCN
NNCND
NNDCD
NNDDX
NDXDD
NDNNC
NDNCN
NDCND
NDDCD
NDDDX
DNXDD
DNNNC
DNNCN
DNCND
DNDCD
DNDDX
DDXDD
DDNNC
DDNCN
DDCND
DDDCD
DDDDX
Scheme consists of following blocks:
N
D

N
D

XDD
NNC
NCN
CND
DCD
DDX

---------
[Date,Time = 2018-07-03_18:47:11]
Checking scheme 77/134 - Price: 12414.928119999999
[Date,Time = 2018-07-03_18:47:11]
NNXDD
NNNNC
NNNCN
NNCND
NNDCD
NNDDN
NDXDD
NDNNC
NDNCN
NDCND
NDDCD
NDDDN
DNXDD
DNNNC
DNNCN
DNCND
DNDCD
DNDDN
DDXDD
DDNNC
DDNCN
DDCND
DDDCD
DDDDN
Scheme consists of following blocks:
N
D

N
D

XDD
NNC
NCN
CND
DCD
DDN

---------
[Date,Time = 2018-07-03_18:47:11]
Checking scheme 78/134 - Equivalent scheme was already checked
[Date,Time = 2018-07-03_18:47:11]
NNXDD
NNNNC
NNCND
NNCDN
NNDCN
NNDDC
NDXDD
NDNNC
NDCND
NDCDN
NDDCN
NDDDC
DNXDD
DNNNC
DNCND
DNCDN
DNDCN
DNDDC
DDXDD
DDNNC
DDCND
DDCDN
DDDCN
DDDDC
Scheme consists of following blocks:
N
D

N
D

XDD
NNC
CND
CDN
DCN
DDC

---------
[Date,Time = 2018-07-03_18:47:11]
Checking scheme 79/134 - Price: 13206.304960000007
[Date,Time = 2018-07-03_18:47:11]
NNXDD
NNNNC
NNCDN
NNDXD
NNDCN
NNDDC
NDXDD
NDNNC
NDCDN
NDDXD
NDDCN
NDDDC
DNXDD
DNNNC
DNCDN
DNDXD
DNDCN
DNDDC
DDXDD
DDNNC
DDCDN
DDDXD
DDDCN
DDDDC
Scheme consists of following blocks:
N
D

N
D

XDD
NNC
CDN
DXD
DCN
DDC

---------
[Date,Time = 2018-07-03_18:47:12]
Checking scheme 80/134 - Price: 13493.059430000005
[Date,Time = 2018-07-03_18:47:12]
NNXDD
NNNNC
NNCDN
NNDND
NNDCN
NNDDC
NDXDD
NDNNC
NDCDN
NDDND
NDDCN
NDDDC
DNXDD
DNNNC
DNCDN
DNDND
DNDCN
DNDDC
DDXDD
DDNNC
DDCDN
DDDND
DDDCN
DDDDC
Scheme consists of following blocks:
N
D

N
D

XDD
NNC
CDN
DND
DCN
DDC

---------
[Date,Time = 2018-07-03_18:47:12]
Checking scheme 81/134 - Price: 13249.59794
[Date,Time = 2018-07-03_18:47:12]
NNNNN
NNNCD
NNNDC
NNCND
NNDNC
NNDDN
NDNNN
NDNCD
NDNDC
NDCND
NDDNC
NDDDN
DNNNN
DNNCD
DNNDC
DNCND
DNDNC
DNDDN
DDNNN
DDNCD
DDNDC
DDCND
DDDNC
DDDDN
Scheme consists of following blocks:
N
D

N
D

NNN
NCD
NDC
CND
DNC
DDN

---------
[Date,Time = 2018-07-03_18:47:13]
Checking scheme 82/134 - Price: 14267.613790000007
[Date,Time = 2018-07-03_18:47:13]
NNNNN
NNNCD
NNNDC
NNCDD
NNDNC
NNDCN
NDNNN
NDNCD
NDNDC
NDCDD
NDDNC
NDDCN
DNNNN
DNNCD
DNNDC
DNCDD
DNDNC
DNDCN
DDNNN
DDNCD
DDNDC
DDCDD
DDDNC
DDDCN
Scheme consists of following blocks:
N
D

N
D

NNN
NCD
NDC
CDD
DNC
DCN

---------
[Date,Time = 2018-07-03_18:47:14]
Checking scheme 83/134 - Price: 13386.220289999994
[Date,Time = 2018-07-03_18:47:14]
NNNNN
NNNCD
NNNDC
NNCDD
NNDNC
NNDDN
NDNNN
NDNCD
NDNDC
NDCDD
NDDNC
NDDDN
DNNNN
DNNCD
DNNDC
DNCDD
DNDNC
DNDDN
DDNNN
DDNCD
DDNDC
DDCDD
DDDNC
DDDDN
Scheme consists of following blocks:
N
D

N
D

NNN
NCD
NDC
CDD
DNC
DDN

---------
[Date,Time = 2018-07-03_18:47:14]
Checking scheme 84/134 - Price: 13074.487129999996
[Date,Time = 2018-07-03_18:47:14]
NNNNN
NNNCD
NNNDC
NNCDD
NNDND
NNDDN
NDNNN
NDNCD
NDNDC
NDCDD
NDDND
NDDDN
DNNNN
DNNCD
DNNDC
DNCDD
DNDND
DNDDN
DDNNN
DDNCD
DDNDC
DDCDD
DDDND
DDDDN
Scheme consists of following blocks:
N
D

N
D

NNN
NCD
NDC
CDD
DND
DDN

---------
[Date,Time = 2018-07-03_18:47:15]
Checking scheme 85/134 - Price: 13583.338489999998
[Date,Time = 2018-07-03_18:47:15]
NNNNN
NNNCD
NNCDD
NNDND
NNDCN
NNDDC
NDNNN
NDNCD
NDCDD
NDDND
NDDCN
NDDDC
DNNNN
DNNCD
DNCDD
DNDND
DNDCN
DNDDC
DDNNN
DDNCD
DDCDD
DDDND
DDDCN
DDDDC
Scheme consists of following blocks:
N
D

N
D

NNN
NCD
CDD
DND
DCN
DDC

---------
[Date,Time = 2018-07-03_18:47:15]
Checking scheme 86/134 - Price: 12562.596929999994
[Date,Time = 2018-07-03_18:47:15]
NNNNC
NNNCN
NNNDD
NNCNN
NNDND
NNDDN
NDNNC
NDNCN
NDNDD
NDCNN
NDDND
NDDDN
DNNNC
DNNCN
DNNDD
DNCNN
DNDND
DNDDN
DDNNC
DDNCN
DDNDD
DDCNN
DDDND
DDDDN
Scheme consists of following blocks:
N
D

N
D

NNC
NCN
NDD
CNN
DND
DDN

---------
[Date,Time = 2018-07-03_18:47:16]
Checking scheme 87/134 - Price: 12748.618869999993
[Date,Time = 2018-07-03_18:47:16]
NNNNC
NNNCN
NNNDD
NNCNN
NNDND
NNDDC
NDNNC
NDNCN
NDNDD
NDCNN
NDDND
NDDDC
DNNNC
DNNCN
DNNDD
DNCNN
DNDND
DNDDC
DDNNC
DDNCN
DDNDD
DDCNN
DDDND
DDDDC
Scheme consists of following blocks:
N
D

N
D

NNC
NCN
NDD
CNN
DND
DDC

---------
[Date,Time = 2018-07-03_18:47:16]
Checking scheme 88/134 - Price: 13391.794230000001
[Date,Time = 2018-07-03_18:47:16]
NNNNC
NNNCN
NNNDD
NNCNN
NNDCD
NNDDC
NDNNC
NDNCN
NDNDD
NDCNN
NDDCD
NDDDC
DNNNC
DNNCN
DNNDD
DNCNN
DNDCD
DNDDC
DDNNC
DDNCN
DDNDD
DDCNN
DDDCD
DDDDC
Scheme consists of following blocks:
N
D

N
D

NNC
NCN
NDD
CNN
DCD
DDC

---------
[Date,Time = 2018-07-03_18:47:17]
Checking scheme 89/134 - Price: 13172.732860000002
[Date,Time = 2018-07-03_18:47:17]
NNNNC
NNNCN
NNNDD
NNCND
NNDCD
NNDDN
NDNNC
NDNCN
NDNDD
NDCND
NDDCD
NDDDN
DNNNC
DNNCN
DNNDD
DNCND
DNDCD
DNDDN
DDNNC
DDNCN
DDNDD
DDCND
DDDCD
DDDDN
Scheme consists of following blocks:
N
D

N
D

NNC
NCN
NDD
CND
DCD
DDN

---------
[Date,Time = 2018-07-03_18:47:17]
Checking scheme 90/134 - Scheme can not be optimized
[Date,Time = 2018-07-03_18:47:17]
NNNNC
NNNCN
NNCNN
NNCDD
NNDCD
NNDDC
NDNNC
NDNCN
NDCNN
NDCDD
NDDCD
NDDDC
DNNNC
DNNCN
DNCNN
DNCDD
DNDCD
DNDDC
DDNNC
DDNCN
DDCNN
DDCDD
DDDCD
DDDDC
Scheme consists of following blocks:
N
D

N
D

NNC
NCN
CNN
CDD
DCD
DDC

---------
[Date,Time = 2018-07-03_18:47:17]
Checking scheme 91/134 - Price: 12799.123059999996
[Date,Time = 2018-07-03_18:47:17]
NNNNC
NNNCN
NNCND
NNCDN
NNDNN
NNDDD
NDNNC
NDNCN
NDCND
NDCDN
NDDNN
NDDDD
DNNNC
DNNCN
DNCND
DNCDN
DNDNN
DNDDD
DDNNC
DDNCN
DDCND
DDCDN
DDDNN
DDDDD
Scheme consists of following blocks:
N
D

N
D

NNC
NCN
CND
CDN
DNN
DDD

---------
[Date,Time = 2018-07-03_18:47:18]
Checking scheme 92/134 - Price: 13847.865920000002
[Date,Time = 2018-07-03_18:47:18]
NNNNC
NNNCN
NNCDD
NNDNN
NNDCD
NNDDC
NDNNC
NDNCN
NDCDD
NDDNN
NDDCD
NDDDC
DNNNC
DNNCN
DNCDD
DNDNN
DNDCD
DNDDC
DDNNC
DDNCN
DDCDD
DDDNN
DDDCD
DDDDC
Scheme consists of following blocks:
N
D

N
D

NNC
NCN
CDD
DNN
DCD
DDC

---------
[Date,Time = 2018-07-03_18:47:18]
Checking scheme 93/134 - Price: 14015.25862
[Date,Time = 2018-07-03_18:47:18]
NNNNC
NNNCD
NNNDN
NNCND
NNDNN
NNDDC
NDNNC
NDNCD
NDNDN
NDCND
NDDNN
NDDDC
DNNNC
DNNCD
DNNDN
DNCND
DNDNN
DNDDC
DDNNC
DDNCD
DDNDN
DDCND
DDDNN
DDDDC
Scheme consists of following blocks:
N
D

N
D

NNC
NCD
NDN
CND
DNN
DDC

---------
[Date,Time = 2018-07-03_18:47:19]
Checking scheme 94/134 - Price: 13452.388379999991
[Date,Time = 2018-07-03_18:47:19]
NNNNC
NNNCD
NNNDN
NNCND
NNDNN
NNDDD
NDNNC
NDNCD
NDNDN
NDCND
NDDNN
NDDDD
DNNNC
DNNCD
DNNDN
DNCND
DNDNN
DNDDD
DDNNC
DDNCD
DDNDN
DDCND
DDDNN
DDDDD
Scheme consists of following blocks:
N
D

N
D

NNC
NCD
NDN
CND
DNN
DDD

---------
[Date,Time = 2018-07-03_18:47:19]
Checking scheme 95/134 - Equivalent scheme was already checked
[Date,Time = 2018-07-03_18:47:19]
NNNNC
NNNCD
NNNDN
NNCND
NNDCN
NNDDC
NDNNC
NDNCD
NDNDN
NDCND
NDDCN
NDDDC
DNNNC
DNNCD
DNNDN
DNCND
DNDCN
DNDDC
DDNNC
DDNCD
DDNDN
DDCND
DDDCN
DDDDC
Scheme consists of following blocks:
N
D

N
D

NNC
NCD
NDN
CND
DCN
DDC

---------
[Date,Time = 2018-07-03_18:47:20]
Checking scheme 96/134 - Price: 13837.55046
[Date,Time = 2018-07-03_18:47:20]
NNNNC
NNNCD
NNNDN
NNCND
NNDCN
NNDDD
NDNNC
NDNCD
NDNDN
NDCND
NDDCN
NDDDD
DNNNC
DNNCD
DNNDN
DNCND
DNDCN
DNDDD
DDNNC
DDNCD
DDNDN
DDCND
DDDCN
DDDDD
Scheme consists of following blocks:
N
D

N
D

NNC
NCD
NDN
CND
DCN
DDD

---------
[Date,Time = 2018-07-03_18:47:20]
Checking scheme 97/134 - Price: 14156.37356
[Date,Time = 2018-07-03_18:47:20]
NNNNC
NNNCD
NNNDN
NNCDD
NNDNN
NNDDC
NDNNC
NDNCD
NDNDN
NDCDD
NDDNN
NDDDC
DNNNC
DNNCD
DNNDN
DNCDD
DNDNN
DNDDC
DDNNC
DDNCD
DDNDN
DDCDD
DDDNN
DDDDC
Scheme consists of following blocks:
N
D

N
D

NNC
NCD
NDN
CDD
DNN
DDC

---------
[Date,Time = 2018-07-03_18:47:20]
Checking scheme 98/134 - Scheme can not be optimized
[Date,Time = 2018-07-03_18:47:20]
NNNNC
NNNCD
NNCND
NNCDN
NNDCN
NNDDC
NDNNC
NDNCD
NDCND
NDCDN
NDDCN
NDDDC
DNNNC
DNNCD
DNCND
DNCDN
DNDCN
DNDDC
DDNNC
DDNCD
DDCND
DDCDN
DDDCN
DDDDC
Scheme consists of following blocks:
N
D

N
D

NNC
NCD
CND
CDN
DCN
DDC

---------
[Date,Time = 2018-07-03_18:47:21]
Checking scheme 99/134 - Price: 14943.853699999998
[Date,Time = 2018-07-03_18:47:21]
NNNNC
NNNCD
NNCND
NNCDN
NNDCN
NNDDD
NDNNC
NDNCD
NDCND
NDCDN
NDDCN
NDDDD
DNNNC
DNNCD
DNCND
DNCDN
DNDCN
DNDDD
DDNNC
DDNCD
DDCND
DDCDN
DDDCN
DDDDD
Scheme consists of following blocks:
N
D

N
D

NNC
NCD
CND
CDN
DCN
DDD

---------
[Date,Time = 2018-07-03_18:47:21]
Checking scheme 100/134 - Equivalent scheme was already checked
[Date,Time = 2018-07-03_18:47:21]
NNNNC
NNNCD
NNCDN
NNDND
NNDCN
NNDDC
NDNNC
NDNCD
NDCDN
NDDND
NDDCN
NDDDC
DNNNC
DNNCD
DNCDN
DNDND
DNDCN
DNDDC
DDNNC
DDNCD
DDCDN
DDDND
DDDCN
DDDDC
Scheme consists of following blocks:
N
D

N
D

NNC
NCD
CDN
DND
DCN
DDC

---------
[Date,Time = 2018-07-03_18:47:21]
Checking scheme 101/134 - Price: 14341.856679999995
[Date,Time = 2018-07-03_18:47:21]
NNNNC
NNNDN
NNCDD
NNDNN
NNDCD
NNDDC
NDNNC
NDNDN
NDCDD
NDDNN
NDDCD
NDDDC
DNNNC
DNNDN
DNCDD
DNDNN
DNDCD
DNDDC
DDNNC
DDNDN
DDCDD
DDDNN
DDDCD
DDDDC
Scheme consists of following blocks:
N
D

N
D

NNC
NDN
CDD
DNN
DCD
DDC

---------
[Date,Time = 2018-07-03_18:47:22]
Checking scheme 102/134 - Price: 14250.864169999995
[Date,Time = 2018-07-03_18:47:22]
NNNNC
NNNDD
NNCDN
NNDND
NNDCN
NNDDC
NDNNC
NDNDD
NDCDN
NDDND
NDDCN
NDDDC
DNNNC
DNNDD
DNCDN
DNDND
DNDCN
DNDDC
DDNNC
DDNDD
DDCDN
DDDND
DDDCN
DDDDC
Scheme consists of following blocks:
N
D

N
D

NNC
NDD
CDN
DND
DCN
DDC

---------
[Date,Time = 2018-07-03_18:47:22]
Checking scheme 103/134 - Price: 16381.419219999994
[Date,Time = 2018-07-03_18:47:22]
NNNND
NNNDN
NNCDD
NNDNN
NNDCD
NNDDC
NDNND
NDNDN
NDCDD
NDDNN
NDDCD
NDDDC
DNNND
DNNDN
DNCDD
DNDNN
DNDCD
DNDDC
DDNND
DDNDN
DDCDD
DDDNN
DDDCD
DDDDC
Scheme consists of following blocks:
N
D

N
D

NND
NDN
CDD
DNN
DCD
DDC

---------
[Date,Time = 2018-07-03_18:47:23]
Checking scheme 104/134 - Price: 15939.242479999997
[Date,Time = 2018-07-03_18:47:23]
NNNND
NNNDC
NNCDN
NNDNC
NNDCN
NNDDD
NDNND
NDNDC
NDCDN
NDDNC
NDDCN
NDDDD
DNNND
DNNDC
DNCDN
DNDNC
DNDCN
DNDDD
DDNND
DDNDC
DDCDN
DDDNC
DDDCN
DDDDD
Scheme consists of following blocks:
N
D

N
D

NND
NDC
CDN
DNC
DCN
DDD

---------
[Date,Time = 2018-07-03_18:47:23]
------------
Checking schemes for product [(2, 3), (3, 8)]. Total 30 schemes
------------
[Date,Time = 2018-07-03_18:47:23]
Checking scheme 105/134 - Price: 16368.75506
[Date,Time = 2018-07-03_18:47:23]
XNXNN
XNNCD
XNNDC
XNCND
XNCDN
XNDNC
XNDCN
XNDDD
CDXNN
CDNCD
CDNDC
CDCND
CDCDN
CDDNC
CDDCN
CDDDD
DCXNN
DCNCD
DCNDC
DCCND
DCCDN
DCDNC
DCDCN
DCDDD
Scheme consists of following blocks:
XN
CD
DC

XNN
NCD
NDC
CND
CDN
DNC
DCN
DDD

---------
[Date,Time = 2018-07-03_18:47:24]
Checking scheme 106/134 - Price: 13917.738109999997
[Date,Time = 2018-07-03_18:47:24]
XDXNN
XDNCD
XDNDC
XDCND
XDCDN
XDDNC
XDDCN
XDDDD
CNXNN
CNNCD
CNNDC
CNCND
CNCDN
CNDNC
CNDCN
CNDDD
DCXNN
DCNCD
DCNDC
DCCND
DCCDN
DCDNC
DCDCN
DCDDD
Scheme consists of following blocks:
XD
CN
DC

XNN
NCD
NDC
CND
CDN
DNC
DCN
DDD

---------
[Date,Time = 2018-07-03_18:47:24]
Checking scheme 107/134 - Price: 17084.63255
[Date,Time = 2018-07-03_18:47:24]
NNXNN
NNNCD
NNNDC
NNCND
NNCDN
NNDNC
NNDCN
NNDDD
CDXNN
CDNCD
CDNDC
CDCND
CDCDN
CDDNC
CDDCN
CDDDD
DCXNN
DCNCD
DCNDC
DCCND
DCCDN
DCDNC
DCDCN
DCDDD
Scheme consists of following blocks:
NN
CD
DC

XNN
NCD
NDC
CND
CDN
DNC
DCN
DDD

---------
[Date,Time = 2018-07-03_18:47:24]
Checking scheme 108/134 - Price: 14543.997869999996
[Date,Time = 2018-07-03_18:47:24]
NCXNN
NCNCD
NCNDC
NCCND
NCCDN
NCDNC
NCDCN
NCDDD
CNXNN
CNNCD
CNNDC
CNCND
CNCDN
CNDNC
CNDCN
CNDDD
DDXNN
DDNCD
DDNDC
DDCND
DDCDN
DDDNC
DDDCN
DDDDD
Scheme consists of following blocks:
NC
CN
DD

XNN
NCD
NDC
CND
CDN
DNC
DCN
DDD

---------
[Date,Time = 2018-07-03_18:47:25]
Checking scheme 109/134 - Price: 14688.082729999998
[Date,Time = 2018-07-03_18:47:25]
NCXNN
NCNCD
NCNDC
NCCND
NCCDN
NCDNC
NCDCN
NCDDD
CDXNN
CDNCD
CDNDC
CDCND
CDCDN
CDDNC
CDDCN
CDDDD
DNXNN
DNNCD
DNNDC
DNCND
DNCDN
DNDNC
DNDCN
DNDDD
Scheme consists of following blocks:
NC
CD
DN

XNN
NCD
NDC
CND
CDN
DNC
DCN
DDD

---------
[Date,Time = 2018-07-03_18:47:25]
Checking scheme 110/134 - Price: 12660.674550000002
[Date,Time = 2018-07-03_18:47:25]
XNXND
XNNCN
XNNDC
XNCNN
XNCDD
XNDNC
XNDCD
XNDDX
CDXND
CDNCN
CDNDC
CDCNN
CDCDD
CDDNC
CDDCD
CDDDX
DCXND
DCNCN
DCNDC
DCCNN
DCCDD
DCDNC
DCDCD
DCDDX
Scheme consists of following blocks:
XN
CD
DC

XND
NCN
NDC
CNN
CDD
DNC
DCD
DDX

---------
[Date,Time = 2018-07-03_18:47:26]
Checking scheme 111/134 - Price: 13485.138380000002
[Date,Time = 2018-07-03_18:47:26]
XDXND
XDNCN
XDNDC
XDCNN
XDCDD
XDDNC
XDDCD
XDDDX
CNXND
CNNCN
CNNDC
CNCNN
CNCDD
CNDNC
CNDCD
CNDDX
DCXND
DCNCN
DCNDC
DCCNN
DCCDD
DCDNC
DCDCD
DCDDX
Scheme consists of following blocks:
XD
CN
DC

XND
NCN
NDC
CNN
CDD
DNC
DCD
DDX

---------
[Date,Time = 2018-07-03_18:47:26]
Checking scheme 112/134 - Price: 13579.565280000003
[Date,Time = 2018-07-03_18:47:26]
NNXND
NNNCN
NNNDC
NNCNN
NNCDD
NNDNC
NNDCD
NNDDX
CDXND
CDNCN
CDNDC
CDCNN
CDCDD
CDDNC
CDDCD
CDDDX
DCXND
DCNCN
DCNDC
DCCNN
DCCDD
DCDNC
DCDCD
DCDDX
Scheme consists of following blocks:
NN
CD
DC

XND
NCN
NDC
CNN
CDD
DNC
DCD
DDX

---------
[Date,Time = 2018-07-03_18:47:27]
Checking scheme 113/134 - Price: 14114.987359999994
[Date,Time = 2018-07-03_18:47:27]
NCXND
NCNCN
NCNDC
NCCNN
NCCDD
NCDNC
NCDCD
NCDDX
CNXND
CNNCN
CNNDC
CNCNN
CNCDD
CNDNC
CNDCD
CNDDX
DDXND
DDNCN
DDNDC
DDCNN
DDCDD
DDDNC
DDDCD
DDDDX
Scheme consists of following blocks:
NC
CN
DD

XND
NCN
NDC
CNN
CDD
DNC
DCD
DDX

---------
[Date,Time = 2018-07-03_18:47:27]
Checking scheme 114/134 - Price: 14306.664290000002
[Date,Time = 2018-07-03_18:47:27]
NCXND
NCNCN
NCNDC
NCCNN
NCCDD
NCDNC
NCDCD
NCDDX
CDXND
CDNCN
CDNDC
CDCNN
CDCDD
CDDNC
CDDCD
CDDDX
DNXND
DNNCN
DNNDC
DNCNN
DNCDD
DNDNC
DNDCD
DNDDX
Scheme consists of following blocks:
NC
CD
DN

XND
NCN
NDC
CNN
CDD
DNC
DCD
DDX

---------
[Date,Time = 2018-07-03_18:47:28]
Checking scheme 115/134 - Price: 13173.22365
[Date,Time = 2018-07-03_18:47:28]
XNXND
XNNCN
XNNDC
XNCNN
XNCDD
XNDNC
XNDCD
XNDDN
CDXND
CDNCN
CDNDC
CDCNN
CDCDD
CDDNC
CDDCD
CDDDN
DCXND
DCNCN
DCNDC
DCCNN
DCCDD
DCDNC
DCDCD
DCDDN
Scheme consists of following blocks:
XN
CD
DC

XND
NCN
NDC
CNN
CDD
DNC
DCD
DDN

---------
[Date,Time = 2018-07-03_18:47:29]
Checking scheme 116/134 - Price: 13683.159570000002
[Date,Time = 2018-07-03_18:47:29]
XDXND
XDNCN
XDNDC
XDCNN
XDCDD
XDDNC
XDDCD
XDDDN
CNXND
CNNCN
CNNDC
CNCNN
CNCDD
CNDNC
CNDCD
CNDDN
DCXND
DCNCN
DCNDC
DCCNN
DCCDD
DCDNC
DCDCD
DCDDN
Scheme consists of following blocks:
XD
CN
DC

XND
NCN
NDC
CNN
CDD
DNC
DCD
DDN

---------
[Date,Time = 2018-07-03_18:47:29]
Checking scheme 117/134 - Price: 14099.024489999996
[Date,Time = 2018-07-03_18:47:29]
NNXND
NNNCN
NNNDC
NNCNN
NNCDD
NNDNC
NNDCD
NNDDN
CDXND
CDNCN
CDNDC
CDCNN
CDCDD
CDDNC
CDDCD
CDDDN
DCXND
DCNCN
DCNDC
DCCNN
DCCDD
DCDNC
DCDCD
DCDDN
Scheme consists of following blocks:
NN
CD
DC

XND
NCN
NDC
CNN
CDD
DNC
DCD
DDN

---------
[Date,Time = 2018-07-03_18:47:30]
Checking scheme 118/134 - Price: 14347.721949999996
[Date,Time = 2018-07-03_18:47:30]
NCXND
NCNCN
NCNDC
NCCNN
NCCDD
NCDNC
NCDCD
NCDDN
CNXND
CNNCN
CNNDC
CNCNN
CNCDD
CNDNC
CNDCD
CNDDN
DDXND
DDNCN
DDNDC
DDCNN
DDCDD
DDDNC
DDDCD
DDDDN
Scheme consists of following blocks:
NC
CN
DD

XND
NCN
NDC
CNN
CDD
DNC
DCD
DDN

---------
[Date,Time = 2018-07-03_18:47:30]
Checking scheme 119/134 - Price: 14733.85456
[Date,Time = 2018-07-03_18:47:30]
NCXND
NCNCN
NCNDC
NCCNN
NCCDD
NCDNC
NCDCD
NCDDN
CDXND
CDNCN
CDNDC
CDCNN
CDCDD
CDDNC
CDDCD
CDDDN
DNXND
DNNCN
DNNDC
DNCNN
DNCDD
DNDNC
DNDCD
DNDDN
Scheme consists of following blocks:
NC
CD
DN

XND
NCN
NDC
CNN
CDD
DNC
DCD
DDN

---------
[Date,Time = 2018-07-03_18:47:31]
Checking scheme 120/134 - Price: 12913.257840000006
[Date,Time = 2018-07-03_18:47:31]
XNXDD
XNNNC
XNNCN
XNCND
XNCDN
XNDNN
XNDCD
XNDDC
CDXDD
CDNNC
CDNCN
CDCND
CDCDN
CDDNN
CDDCD
CDDDC
DCXDD
DCNNC
DCNCN
DCCND
DCCDN
DCDNN
DCDCD
DCDDC
Scheme consists of following blocks:
XN
CD
DC

XDD
NNC
NCN
CND
CDN
DNN
DCD
DDC

---------
[Date,Time = 2018-07-03_18:47:31]
Checking scheme 121/134 - Price: 13700.051890000002
[Date,Time = 2018-07-03_18:47:31]
XDXDD
XDNNC
XDNCN
XDCND
XDCDN
XDDNN
XDDCD
XDDDC
CNXDD
CNNNC
CNNCN
CNCND
CNCDN
CNDNN
CNDCD
CNDDC
DCXDD
DCNNC
DCNCN
DCCND
DCCDN
DCDNN
DCDCD
DCDDC
Scheme consists of following blocks:
XD
CN
DC

XDD
NNC
NCN
CND
CDN
DNN
DCD
DDC

---------
[Date,Time = 2018-07-03_18:47:32]
Checking scheme 122/134 - Price: 13939.449859999997
[Date,Time = 2018-07-03_18:47:32]
NNXDD
NNNNC
NNNCN
NNCND
NNCDN
NNDNN
NNDCD
NNDDC
CDXDD
CDNNC
CDNCN
CDCND
CDCDN
CDDNN
CDDCD
CDDDC
DCXDD
DCNNC
DCNCN
DCCND
DCCDN
DCDNN
DCDCD
DCDDC
Scheme consists of following blocks:
NN
CD
DC

XDD
NNC
NCN
CND
CDN
DNN
DCD
DDC

---------
[Date,Time = 2018-07-03_18:47:33]
Checking scheme 123/134 - Price: 14390.456650000002
[Date,Time = 2018-07-03_18:47:33]
NCXDD
NCNNC
NCNCN
NCCND
NCCDN
NCDNN
NCDCD
NCDDC
CNXDD
CNNNC
CNNCN
CNCND
CNCDN
CNDNN
CNDCD
CNDDC
DDXDD
DDNNC
DDNCN
DDCND
DDCDN
DDDNN
DDDCD
DDDDC
Scheme consists of following blocks:
NC
CN
DD

XDD
NNC
NCN
CND
CDN
DNN
DCD
DDC

---------
[Date,Time = 2018-07-03_18:47:33]
Checking scheme 124/134 - Price: 14721.816219999999
[Date,Time = 2018-07-03_18:47:33]
NCXDD
NCNNC
NCNCN
NCCND
NCCDN
NCDNN
NCDCD
NCDDC
CDXDD
CDNNC
CDNCN
CDCND
CDCDN
CDDNN
CDDCD
CDDDC
DNXDD
DNNNC
DNNCN
DNCND
DNCDN
DNDNN
DNDCD
DNDDC
Scheme consists of following blocks:
NC
CD
DN

XDD
NNC
NCN
CND
CDN
DNN
DCD
DDC

---------
[Date,Time = 2018-07-03_18:47:33]
Checking scheme 125/134 - Price: 16702.91836
[Date,Time = 2018-07-03_18:47:33]
XNNNN
XNNCD
XNNDC
XNCND
XNCDN
XNDNC
XNDCN
XNDDD
CDNNN
CDNCD
CDNDC
CDCND
CDCDN
CDDNC
CDDCN
CDDDD
DCNNN
DCNCD
DCNDC
DCCND
DCCDN
DCDNC
DCDCN
DCDDD
Scheme consists of following blocks:
XN
CD
DC

NNN
NCD
NDC
CND
CDN
DNC
DCN
DDD

---------
[Date,Time = 2018-07-03_18:47:34]
Checking scheme 126/134 - Price: 14501.098010000007
[Date,Time = 2018-07-03_18:47:34]
XDNNN
XDNCD
XDNDC
XDCND
XDCDN
XDDNC
XDDCN
XDDDD
CNNNN
CNNCD
CNNDC
CNCND
CNCDN
CNDNC
CNDCN
CNDDD
DCNNN
DCNCD
DCNDC
DCCND
DCCDN
DCDNC
DCDCN
DCDDD
Scheme consists of following blocks:
XD
CN
DC

NNN
NCD
NDC
CND
CDN
DNC
DCN
DDD

---------
[Date,Time = 2018-07-03_18:47:34]
Checking scheme 127/134 - Price: 18023.7055
[Date,Time = 2018-07-03_18:47:34]
NNNNN
NNNCD
NNNDC
NNCND
NNCDN
NNDNC
NNDCN
NNDDD
CDNNN
CDNCD
CDNDC
CDCND
CDCDN
CDDNC
CDDCN
CDDDD
DCNNN
DCNCD
DCNDC
DCCND
DCCDN
DCDNC
DCDCN
DCDDD
Scheme consists of following blocks:
NN
CD
DC

NNN
NCD
NDC
CND
CDN
DNC
DCN
DDD

---------
[Date,Time = 2018-07-03_18:47:34]
Checking scheme 128/134 - Price: 15197.56324
[Date,Time = 2018-07-03_18:47:34]
NCNNN
NCNCD
NCNDC
NCCND
NCCDN
NCDNC
NCDCN
NCDDD
CNNNN
CNNCD
CNNDC
CNCND
CNCDN
CNDNC
CNDCN
CNDDD
DDNNN
DDNCD
DDNDC
DDCND
DDCDN
DDDNC
DDDCN
DDDDD
Scheme consists of following blocks:
NC
CN
DD

NNN
NCD
NDC
CND
CDN
DNC
DCN
DDD

---------
[Date,Time = 2018-07-03_18:47:35]
Checking scheme 129/134 - Price: 15354.485349999999
[Date,Time = 2018-07-03_18:47:35]
NCNNN
NCNCD
NCNDC
NCCND
NCCDN
NCDNC
NCDCN
NCDDD
CDNNN
CDNCD
CDNDC
CDCND
CDCDN
CDDNC
CDDCN
CDDDD
DNNNN
DNNCD
DNNDC
DNCND
DNCDN
DNDNC
DNDCN
DNDDD
Scheme consists of following blocks:
NC
CD
DN

NNN
NCD
NDC
CND
CDN
DNC
DCN
DDD

---------
[Date,Time = 2018-07-03_18:47:35]
Checking scheme 130/134 - Price: 13545.056729999998
[Date,Time = 2018-07-03_18:47:35]
XNNNC
XNNCN
XNNDD
XNCND
XNCDN
XNDNN
XNDCD
XNDDC
CDNNC
CDNCN
CDNDD
CDCND
CDCDN
CDDNN
CDDCD
CDDDC
DCNNC
DCNCN
DCNDD
DCCND
DCCDN
DCDNN
DCDCD
DCDDC
Scheme consists of following blocks:
XN
CD
DC

NNC
NCN
NDD
CND
CDN
DNN
DCD
DDC

---------
[Date,Time = 2018-07-03_18:47:36]
Checking scheme 131/134 - Price: 14037.736040000003
[Date,Time = 2018-07-03_18:47:36]
XDNNC
XDNCN
XDNDD
XDCND
XDCDN
XDDNN
XDDCD
XDDDC
CNNNC
CNNCN
CNNDD
CNCND
CNCDN
CNDNN
CNDCD
CNDDC
DCNNC
DCNCN
DCNDD
DCCND
DCCDN
DCDNN
DCDCD
DCDDC
Scheme consists of following blocks:
XD
CN
DC

NNC
NCN
NDD
CND
CDN
DNN
DCD
DDC

---------
[Date,Time = 2018-07-03_18:47:37]
Checking scheme 132/134 - Price: 14625.21565
[Date,Time = 2018-07-03_18:47:37]
NNNNC
NNNCN
NNNDD
NNCND
NNCDN
NNDNN
NNDCD
NNDDC
CDNNC
CDNCN
CDNDD
CDCND
CDCDN
CDDNN
CDDCD
CDDDC
DCNNC
DCNCN
DCNDD
DCCND
DCCDN
DCDNN
DCDCD
DCDDC
Scheme consists of following blocks:
NN
CD
DC

NNC
NCN
NDD
CND
CDN
DNN
DCD
DDC

---------
[Date,Time = 2018-07-03_18:47:37]
Checking scheme 133/134 - Price: 14798.20941
[Date,Time = 2018-07-03_18:47:37]
NCNNC
NCNCN
NCNDD
NCCND
NCCDN
NCDNN
NCDCD
NCDDC
CNNNC
CNNCN
CNNDD
CNCND
CNCDN
CNDNN
CNDCD
CNDDC
DDNNC
DDNCN
DDNDD
DDCND
DDCDN
DDDNN
DDDCD
DDDDC
Scheme consists of following blocks:
NC
CN
DD

NNC
NCN
NDD
CND
CDN
DNN
DCD
DDC

---------
[Date,Time = 2018-07-03_18:47:38]
Checking scheme 134/134 - Price: 15288.972009999998
[Date,Time = 2018-07-03_18:47:38]
NCNNC
NCNCN
NCNDD
NCCND
NCCDN
NCDNN
NCDCD
NCDDC
CDNNC
CDNCN
CDNDD
CDCND
CDCDN
CDDNN
CDDCD
CDDDC
DNNNC
DNNCN
DNNDD
DNCND
DNCDN
DNDNN
DNDCD
DNDDC
Scheme consists of following blocks:
NC
CD
DN

NNC
NCN
NDD
CND
CDN
DNN
DCD
DDC

---------
[Date,Time = 2018-07-03_18:47:38]
________________________
Best scheme
[NCS = NCD6]
[solution]
Res,S1,S2,S3,S4,S5
Ala, N, D, N, N, C
Arg, D, D, X, D, D
Asn, N, D, X, D, D
Asp, N, D, D, X, D
Cys, N, N, N, N, C
Gln, N, N, X, D, D
Glu, N, D, D, D, X
Gly, N, D, N, C, N
His, N, N, D, X, D
Ile, D, N, X, D, D
Leu, N, D, C, N, N
Lys, D, N, D, X, D
Met, N, N, N, C, N
Phe, D, N, N, N, C
Pro, X, X, F, F, X
Ser, D, N, D, D, X
Thr, D, D, D, X, D
Trp, N, N, C, N, N
Tyr, D, N, N, C, N
Val, D, N, C, N, N
[price]
11365.87818

Blocks used for this scheme:
[ELB samples = 1 patterns = 2]
N
D
[ELB samples = 1 patterns = 2]
N
D
[ELB samples = 3 patterns = 6]
XDD
NNC
NCN
CNN
DXD
DDX

[Date,Time = 2018-07-03_18:47:38]
-----
Calculation finished at 2018-07-03 18:47:38!