2019-05-05 19:53:02,734:Reading NCS
2019-05-05 19:53:02,735:NCS: NCD6
2019-05-05 19:53:02,735:Reading sequence: 'kvap.seq'
2019-05-05 19:53:02,735:Sequence length - 149 residues
2019-05-05 19:53:02,735:Reading stock: '../../stocks/LabelStock_Lohr.txt'
2019-05-05 19:53:02,736:Stock - OK
2019-05-05 19:53:02,736:Reading prices: '../../prices/BEST_PRICE_1H.csv'
2019-05-05 19:53:02,736:Prices - OK
2019-05-05 19:53:02,736:Search for kvap_NCD6 solution started
Host name is:		zion
Start clock time: 		05-05-2019 19:53:02
2019-05-05 19:53:02,737:
Search in 1 sample(s)
2019-05-05 19:53:02,737:Precalculating NMR codes...
2019-05-05 19:53:02,737:NMR codes calculated
2019-05-05 19:53:02,737:Search in 1 sample(s) finished. Max depth reached: 0. Iterations used: 1
2019-05-05 19:53:02,737:
Search in 2 sample(s)
2019-05-05 19:53:02,737:Precalculating NMR codes...
2019-05-05 19:53:02,738:NMR codes calculated
2019-05-05 19:53:02,738:New max depth (2) reached at 2 samples
2019-05-05 19:53:02,738:New max depth (3) reached at 2 samples
2019-05-05 19:53:02,738:Search in 2 sample(s) finished. Max depth reached: 2. Iterations used: 17
2019-05-05 19:53:02,738:
Search in 3 sample(s)
2019-05-05 19:53:02,739:Precalculating NMR codes...
2019-05-05 19:53:02,749:NMR codes calculated
2019-05-05 19:53:02,750:New max depth (4) reached at 3 samples
2019-05-05 19:53:02,750:New max depth (5) reached at 3 samples
2019-05-05 19:53:02,750:New max depth (6) reached at 3 samples
2019-05-05 19:53:02,750:New max depth (7) reached at 3 samples
2019-05-05 19:53:02,750:New max depth (8) reached at 3 samples
2019-05-05 19:53:02,750:New max depth (9) reached at 3 samples
2019-05-05 19:53:02,796:New max depth (10) reached at 3 samples
2019-05-05 19:53:03,436:Search in 3 sample(s) finished. Max depth reached: 9. Iterations used: 76231
2019-05-05 19:53:03,437:
Search in 4 sample(s)
2019-05-05 19:53:03,439:Precalculating NMR codes...
2019-05-05 19:53:04,391:NMR codes calculated
2019-05-05 19:53:04,394:New max depth (11) reached at 4 samples
2019-05-05 19:53:04,430:New max depth (12) reached at 4 samples
2019-05-05 19:53:04,430:New max depth (13) reached at 4 samples
2019-05-05 19:53:04,430:New solution found! (#1). Calculation time: 00:00:01. New best price = 3419.34
2019-05-05 19:53:04,481:[solution]
% Solution number = 1
% Solution price  = 3419.34
Res, S_1, S_2, S_3, S_4
Leu,   N,   N,   N,   D
Val,   N,   N,   D,   N
Tyr,   N,   N,   C,   N
Ile,   N,   N,   D,   D
Glu,   N,   N,   N,   N
Ala,   N,   X,   N,   N
Asp,   C,   C,   C,   C
Gly,   C,   C,   C,   X
Arg,   X,   N,   N,   N
Lys,   N,   N,   N,   X
Phe,   N,   X,   X,   N
Met,   N,   X,   N,   X
Thr,   X,   N,   N,   X
Ser,   X,   X,   X,   XAsn,   X,   X,   X,   XHis,   X,   X,   X,   XPro,   X,   X,   X,   XGln,   X,   X,   X,   XTrp,   X,   X,   X,   X


2019-05-05 19:53:04,485:New solution found! (#2). Calculation time: 00:00:01. New best price = 3203.36
2019-05-05 19:53:04,486:[solution]
% Solution number = 2
% Solution price  = 3203.36
Res, S_1, S_2, S_3, S_4
Leu,   N,   N,   N,   D
Val,   N,   N,   D,   N
Tyr,   N,   N,   C,   N
Ile,   N,   N,   D,   D
Glu,   N,   N,   N,   N
Ala,   N,   X,   N,   N
Asp,   C,   C,   C,   C
Gly,   C,   C,   C,   X
Arg,   X,   N,   N,   N
Lys,   N,   N,   N,   X
Phe,   N,   X,   X,   N
Met,   N,   X,   N,   X
Thr,   X,   X,   N,   X
Ser,   X,   X,   X,   XAsn,   X,   X,   X,   XHis,   X,   X,   X,   XPro,   X,   X,   X,   XGln,   X,   X,   X,   XTrp,   X,   X,   X,   X


2019-05-05 19:53:04,498:New solution found! (#3). Calculation time: 00:00:01. New best price = 3175.36
2019-05-05 19:53:04,499:[solution]
% Solution number = 3
% Solution price  = 3175.36
Res, S_1, S_2, S_3, S_4
Leu,   N,   N,   N,   D
Val,   N,   N,   D,   N
Tyr,   N,   N,   C,   N
Ile,   N,   N,   D,   D
Glu,   N,   N,   N,   N
Ala,   N,   X,   N,   N
Asp,   C,   C,   C,   C
Gly,   C,   C,   C,   X
Arg,   X,   N,   N,   N
Lys,   N,   N,   N,   X
Phe,   X,   X,   X,   N
Met,   N,   X,   N,   X
Thr,   X,   X,   N,   X
Ser,   X,   X,   X,   XAsn,   X,   X,   X,   XHis,   X,   X,   X,   XPro,   X,   X,   X,   XGln,   X,   X,   X,   XTrp,   X,   X,   X,   X


2019-05-05 19:53:04,503:New solution found! (#4). Calculation time: 00:00:01. New best price = 3130.72
2019-05-05 19:53:04,503:[solution]
% Solution number = 4
% Solution price  = 3130.72
Res, S_1, S_2, S_3, S_4
Leu,   N,   N,   N,   D
Val,   N,   N,   D,   N
Tyr,   N,   N,   C,   N
Ile,   N,   N,   D,   D
Glu,   N,   N,   N,   N
Ala,   N,   X,   N,   N
Asp,   C,   C,   C,   C
Gly,   C,   C,   C,   X
Arg,   X,   N,   N,   N
Lys,   N,   X,   N,   X
Phe,   N,   X,   X,   N
Met,   X,   N,   N,   X
Thr,   X,   X,   N,   X
Ser,   X,   X,   X,   XAsn,   X,   X,   X,   XHis,   X,   X,   X,   XPro,   X,   X,   X,   XGln,   X,   X,   X,   XTrp,   X,   X,   X,   X


2019-05-05 19:53:04,508:New solution found! (#5). Calculation time: 00:00:01. New best price = 3102.72
2019-05-05 19:53:04,508:[solution]
% Solution number = 5
% Solution price  = 3102.72
Res, S_1, S_2, S_3, S_4
Leu,   N,   N,   N,   D
Val,   N,   N,   D,   N
Tyr,   N,   N,   C,   N
Ile,   N,   N,   D,   D
Glu,   N,   N,   N,   N
Ala,   N,   X,   N,   N
Asp,   C,   C,   C,   C
Gly,   C,   C,   C,   X
Arg,   X,   N,   N,   N
Lys,   N,   X,   N,   X
Phe,   X,   X,   X,   N
Met,   X,   N,   N,   X
Thr,   X,   X,   N,   X
Ser,   X,   X,   X,   XAsn,   X,   X,   X,   XHis,   X,   X,   X,   XPro,   X,   X,   X,   XGln,   X,   X,   X,   XTrp,   X,   X,   X,   X


2019-05-05 19:53:04,516:New solution found! (#6). Calculation time: 00:00:01. New best price = 3094.16
2019-05-05 19:53:04,516:[solution]
% Solution number = 6
% Solution price  = 3094.16
Res, S_1, S_2, S_3, S_4
Leu,   N,   N,   N,   D
Val,   N,   N,   D,   N
Tyr,   N,   N,   C,   N
Ile,   N,   N,   D,   D
Glu,   N,   N,   N,   N
Ala,   N,   X,   N,   N
Asp,   C,   C,   C,   C
Gly,   C,   C,   X,   X
Arg,   X,   N,   N,   N
Lys,   N,   X,   N,   X
Phe,   X,   X,   X,   N
Met,   X,   N,   N,   X
Thr,   X,   X,   N,   X
Ser,   X,   X,   X,   XAsn,   X,   X,   X,   XHis,   X,   X,   X,   XPro,   X,   X,   X,   XGln,   X,   X,   X,   XTrp,   X,   X,   X,   X


2019-05-05 19:53:04,525:New solution found! (#7). Calculation time: 00:00:01. New best price = 2971.68
2019-05-05 19:53:04,526:[solution]
% Solution number = 7
% Solution price  = 2971.68
Res, S_1, S_2, S_3, S_4
Leu,   N,   N,   N,   D
Val,   N,   N,   D,   N
Tyr,   N,   N,   C,   N
Ile,   N,   N,   D,   D
Glu,   N,   N,   N,   N
Ala,   N,   X,   N,   N
Asp,   C,   C,   C,   C
Gly,   C,   X,   C,   C
Arg,   X,   X,   N,   N
Lys,   N,   N,   N,   X
Phe,   N,   X,   X,   N
Met,   N,   X,   N,   X
Thr,   X,   X,   N,   X
Ser,   X,   X,   X,   XAsn,   X,   X,   X,   XHis,   X,   X,   X,   XPro,   X,   X,   X,   XGln,   X,   X,   X,   XTrp,   X,   X,   X,   X


2019-05-05 19:53:04,530:New solution found! (#8). Calculation time: 00:00:01. New best price = 2943.68
2019-05-05 19:53:04,530:[solution]
% Solution number = 8
% Solution price  = 2943.68
Res, S_1, S_2, S_3, S_4
Leu,   N,   N,   N,   D
Val,   N,   N,   D,   N
Tyr,   N,   N,   C,   N
Ile,   N,   N,   D,   D
Glu,   N,   N,   N,   N
Ala,   N,   X,   N,   N
Asp,   C,   C,   C,   C
Gly,   C,   X,   C,   C
Arg,   X,   X,   N,   N
Lys,   N,   N,   N,   X
Phe,   X,   X,   X,   N
Met,   N,   X,   N,   X
Thr,   X,   X,   N,   X
Ser,   X,   X,   X,   XAsn,   X,   X,   X,   XHis,   X,   X,   X,   XPro,   X,   X,   X,   XGln,   X,   X,   X,   XTrp,   X,   X,   X,   X


2019-05-05 19:53:04,535:New solution found! (#9). Calculation time: 00:00:01. New best price = 2899.04
2019-05-05 19:53:04,535:[solution]
% Solution number = 9
% Solution price  = 2899.04
Res, S_1, S_2, S_3, S_4
Leu,   N,   N,   N,   D
Val,   N,   N,   D,   N
Tyr,   N,   N,   C,   N
Ile,   N,   N,   D,   D
Glu,   N,   N,   N,   N
Ala,   N,   X,   N,   N
Asp,   C,   C,   C,   C
Gly,   C,   X,   C,   C
Arg,   X,   X,   N,   N
Lys,   N,   X,   N,   X
Phe,   N,   X,   X,   N
Met,   X,   N,   N,   X
Thr,   X,   X,   N,   X
Ser,   X,   X,   X,   XAsn,   X,   X,   X,   XHis,   X,   X,   X,   XPro,   X,   X,   X,   XGln,   X,   X,   X,   XTrp,   X,   X,   X,   X


2019-05-05 19:53:04,539:New solution found! (#10). Calculation time: 00:00:01. New best price = 2871.03
2019-05-05 19:53:04,540:[solution]
% Solution number = 10
% Solution price  = 2871.03
Res, S_1, S_2, S_3, S_4
Leu,   N,   N,   N,   D
Val,   N,   N,   D,   N
Tyr,   N,   N,   C,   N
Ile,   N,   N,   D,   D
Glu,   N,   N,   N,   N
Ala,   N,   X,   N,   N
Asp,   C,   C,   C,   C
Gly,   C,   X,   C,   C
Arg,   X,   X,   N,   N
Lys,   N,   X,   N,   X
Phe,   X,   X,   X,   N
Met,   X,   N,   N,   X
Thr,   X,   X,   N,   X
Ser,   X,   X,   X,   XAsn,   X,   X,   X,   XHis,   X,   X,   X,   XPro,   X,   X,   X,   XGln,   X,   X,   X,   XTrp,   X,   X,   X,   X


2019-05-05 19:53:04,546:New solution found! (#11). Calculation time: 00:00:01. New best price = 2862.48
2019-05-05 19:53:04,547:[solution]
% Solution number = 11
% Solution price  = 2862.48
Res, S_1, S_2, S_3, S_4
Leu,   N,   N,   N,   D
Val,   N,   N,   D,   N
Tyr,   N,   N,   C,   N
Ile,   N,   N,   D,   D
Glu,   N,   N,   N,   N
Ala,   N,   X,   N,   N
Asp,   C,   C,   C,   C
Gly,   C,   X,   X,   C
Arg,   X,   X,   N,   N
Lys,   N,   X,   N,   X
Phe,   X,   X,   X,   N
Met,   X,   N,   N,   X
Thr,   X,   X,   N,   X
Ser,   X,   X,   X,   XAsn,   X,   X,   X,   XHis,   X,   X,   X,   XPro,   X,   X,   X,   XGln,   X,   X,   X,   XTrp,   X,   X,   X,   X


2019-05-05 19:53:04,561:New solution found! (#12). Calculation time: 00:00:01. New best price = 2853.93
2019-05-05 19:53:04,561:[solution]
% Solution number = 12
% Solution price  = 2853.93
Res, S_1, S_2, S_3, S_4
Leu,   N,   N,   N,   D
Val,   N,   N,   D,   N
Tyr,   N,   N,   C,   N
Ile,   N,   N,   D,   D
Glu,   N,   N,   N,   N
Ala,   N,   X,   N,   N
Asp,   C,   C,   C,   C
Gly,   X,   X,   X,   C
Arg,   X,   X,   N,   N
Lys,   N,   X,   N,   X
Phe,   X,   X,   X,   N
Met,   X,   N,   N,   X
Thr,   X,   X,   N,   X
Ser,   X,   X,   X,   XAsn,   X,   X,   X,   XHis,   X,   X,   X,   XPro,   X,   X,   X,   XGln,   X,   X,   X,   XTrp,   X,   X,   X,   X


2019-05-05 19:53:04,566:New solution found! (#13). Calculation time: 00:00:01. New best price = 2800.56
2019-05-05 19:53:04,567:[solution]
% Solution number = 13
% Solution price  = 2800.56
Res, S_1, S_2, S_3, S_4
Leu,   N,   N,   N,   D
Val,   N,   N,   D,   N
Tyr,   N,   N,   C,   N
Ile,   N,   N,   D,   D
Glu,   N,   N,   N,   N
Ala,   N,   X,   N,   N
Asp,   C,   C,   C,   X
Gly,   C,   C,   C,   C
Arg,   X,   X,   N,   N
Lys,   N,   N,   N,   X
Phe,   N,   X,   X,   N
Met,   N,   X,   N,   X
Thr,   X,   X,   N,   X
Ser,   X,   X,   X,   XAsn,   X,   X,   X,   XHis,   X,   X,   X,   XPro,   X,   X,   X,   XGln,   X,   X,   X,   XTrp,   X,   X,   X,   X


2019-05-05 19:53:04,571:New solution found! (#14). Calculation time: 00:00:01. New best price = 2772.55
2019-05-05 19:53:04,572:[solution]
% Solution number = 14
% Solution price  = 2772.55
Res, S_1, S_2, S_3, S_4
Leu,   N,   N,   N,   D
Val,   N,   N,   D,   N
Tyr,   N,   N,   C,   N
Ile,   N,   N,   D,   D
Glu,   N,   N,   N,   N
Ala,   N,   X,   N,   N
Asp,   C,   C,   C,   X
Gly,   C,   C,   C,   C
Arg,   X,   X,   N,   N
Lys,   N,   N,   N,   X
Phe,   X,   X,   X,   N
Met,   N,   X,   N,   X
Thr,   X,   X,   N,   X
Ser,   X,   X,   X,   XAsn,   X,   X,   X,   XHis,   X,   X,   X,   XPro,   X,   X,   X,   XGln,   X,   X,   X,   XTrp,   X,   X,   X,   X


2019-05-05 19:53:04,576:New solution found! (#15). Calculation time: 00:00:01. New best price = 2727.92
2019-05-05 19:53:04,576:[solution]
% Solution number = 15
% Solution price  = 2727.92
Res, S_1, S_2, S_3, S_4
Leu,   N,   N,   N,   D
Val,   N,   N,   D,   N
Tyr,   N,   N,   C,   N
Ile,   N,   N,   D,   D
Glu,   N,   N,   N,   N
Ala,   N,   X,   N,   N
Asp,   C,   C,   C,   X
Gly,   C,   C,   C,   C
Arg,   X,   X,   N,   N
Lys,   N,   X,   N,   X
Phe,   N,   X,   X,   N
Met,   X,   N,   N,   X
Thr,   X,   X,   N,   X
Ser,   X,   X,   X,   XAsn,   X,   X,   X,   XHis,   X,   X,   X,   XPro,   X,   X,   X,   XGln,   X,   X,   X,   XTrp,   X,   X,   X,   X


2019-05-05 19:53:04,581:New solution found! (#16). Calculation time: 00:00:01. New best price = 2699.91
2019-05-05 19:53:04,581:[solution]
% Solution number = 16
% Solution price  = 2699.91
Res, S_1, S_2, S_3, S_4
Leu,   N,   N,   N,   D
Val,   N,   N,   D,   N
Tyr,   N,   N,   C,   N
Ile,   N,   N,   D,   D
Glu,   N,   N,   N,   N
Ala,   N,   X,   N,   N
Asp,   C,   C,   C,   X
Gly,   C,   C,   C,   C
Arg,   X,   X,   N,   N
Lys,   N,   X,   N,   X
Phe,   X,   X,   X,   N
Met,   X,   N,   N,   X
Thr,   X,   X,   N,   X
Ser,   X,   X,   X,   XAsn,   X,   X,   X,   XHis,   X,   X,   X,   XPro,   X,   X,   X,   XGln,   X,   X,   X,   XTrp,   X,   X,   X,   X


2019-05-05 19:53:04,587:New solution found! (#17). Calculation time: 00:00:01. New best price = 2691.36
2019-05-05 19:53:04,588:[solution]
% Solution number = 17
% Solution price  = 2691.36
Res, S_1, S_2, S_3, S_4
Leu,   N,   N,   N,   D
Val,   N,   N,   D,   N
Tyr,   N,   N,   C,   N
Ile,   N,   N,   D,   D
Glu,   N,   N,   N,   N
Ala,   N,   X,   N,   N
Asp,   C,   C,   C,   X
Gly,   C,   C,   X,   C
Arg,   X,   X,   N,   N
Lys,   N,   X,   N,   X
Phe,   X,   X,   X,   N
Met,   X,   N,   N,   X
Thr,   X,   X,   N,   X
Ser,   X,   X,   X,   XAsn,   X,   X,   X,   XHis,   X,   X,   X,   XPro,   X,   X,   X,   XGln,   X,   X,   X,   XTrp,   X,   X,   X,   X


2019-05-05 19:53:04,597:New solution found! (#18). Calculation time: 00:00:01. New best price = 2682.81
2019-05-05 19:53:04,597:[solution]
% Solution number = 18
% Solution price  = 2682.81
Res, S_1, S_2, S_3, S_4
Leu,   N,   N,   N,   D
Val,   N,   N,   D,   N
Tyr,   N,   N,   C,   N
Ile,   N,   N,   D,   D
Glu,   N,   N,   N,   N
Ala,   N,   X,   N,   N
Asp,   C,   C,   C,   X
Gly,   C,   X,   X,   C
Arg,   X,   X,   N,   N
Lys,   N,   X,   N,   X
Phe,   X,   X,   X,   N
Met,   X,   N,   N,   X
Thr,   X,   X,   N,   X
Ser,   X,   X,   X,   XAsn,   X,   X,   X,   XHis,   X,   X,   X,   XPro,   X,   X,   X,   XGln,   X,   X,   X,   XTrp,   X,   X,   X,   X


2019-05-05 19:53:04,611:New solution found! (#19). Calculation time: 00:00:01. New best price = 2674.25
2019-05-05 19:53:04,611:[solution]
% Solution number = 19
% Solution price  = 2674.25
Res, S_1, S_2, S_3, S_4
Leu,   N,   N,   N,   D
Val,   N,   N,   D,   N
Tyr,   N,   N,   C,   N
Ile,   N,   N,   D,   D
Glu,   N,   N,   N,   N
Ala,   N,   X,   N,   N
Asp,   C,   C,   C,   X
Gly,   X,   X,   X,   C
Arg,   X,   X,   N,   N
Lys,   N,   X,   N,   X
Phe,   X,   X,   X,   N
Met,   X,   N,   N,   X
Thr,   X,   X,   N,   X
Ser,   X,   X,   X,   XAsn,   X,   X,   X,   XHis,   X,   X,   X,   XPro,   X,   X,   X,   XGln,   X,   X,   X,   XTrp,   X,   X,   X,   X


2019-05-05 19:53:04,631:New solution found! (#20). Calculation time: 00:00:01. New best price = 2620.89
2019-05-05 19:53:04,631:[solution]
% Solution number = 20
% Solution price  = 2620.89
Res, S_1, S_2, S_3, S_4
Leu,   N,   N,   N,   D
Val,   N,   N,   D,   N
Tyr,   N,   N,   C,   N
Ile,   N,   N,   D,   D
Glu,   N,   N,   N,   N
Ala,   N,   X,   N,   N
Asp,   C,   C,   X,   X
Gly,   C,   C,   C,   C
Arg,   X,   X,   N,   N
Lys,   N,   N,   N,   X
Phe,   N,   X,   X,   N
Met,   N,   X,   N,   X
Thr,   X,   X,   N,   X
Ser,   X,   X,   X,   XAsn,   X,   X,   X,   XHis,   X,   X,   X,   XPro,   X,   X,   X,   XGln,   X,   X,   X,   XTrp,   X,   X,   X,   X


2019-05-05 19:53:04,636:New solution found! (#21). Calculation time: 00:00:01. New best price = 2592.88
2019-05-05 19:53:04,636:[solution]
% Solution number = 21
% Solution price  = 2592.88
Res, S_1, S_2, S_3, S_4
Leu,   N,   N,   N,   D
Val,   N,   N,   D,   N
Tyr,   N,   N,   C,   N
Ile,   N,   N,   D,   D
Glu,   N,   N,   N,   N
Ala,   N,   X,   N,   N
Asp,   C,   C,   X,   X
Gly,   C,   C,   C,   C
Arg,   X,   X,   N,   N
Lys,   N,   N,   N,   X
Phe,   X,   X,   X,   N
Met,   N,   X,   N,   X
Thr,   X,   X,   N,   X
Ser,   X,   X,   X,   XAsn,   X,   X,   X,   XHis,   X,   X,   X,   XPro,   X,   X,   X,   XGln,   X,   X,   X,   XTrp,   X,   X,   X,   X


2019-05-05 19:53:04,641:New solution found! (#22). Calculation time: 00:00:01. New best price = 2548.24
2019-05-05 19:53:04,641:[solution]
% Solution number = 22
% Solution price  = 2548.24
Res, S_1, S_2, S_3, S_4
Leu,   N,   N,   N,   D
Val,   N,   N,   D,   N
Tyr,   N,   N,   C,   N
Ile,   N,   N,   D,   D
Glu,   N,   N,   N,   N
Ala,   N,   X,   N,   N
Asp,   C,   C,   X,   X
Gly,   C,   C,   C,   C
Arg,   X,   X,   N,   N
Lys,   N,   X,   N,   X
Phe,   N,   X,   X,   N
Met,   X,   N,   N,   X
Thr,   X,   X,   N,   X
Ser,   X,   X,   X,   XAsn,   X,   X,   X,   XHis,   X,   X,   X,   XPro,   X,   X,   X,   XGln,   X,   X,   X,   XTrp,   X,   X,   X,   X


2019-05-05 19:53:04,645:New solution found! (#23). Calculation time: 00:00:01. New best price = 2520.24
2019-05-05 19:53:04,646:[solution]
% Solution number = 23
% Solution price  = 2520.24
Res, S_1, S_2, S_3, S_4
Leu,   N,   N,   N,   D
Val,   N,   N,   D,   N
Tyr,   N,   N,   C,   N
Ile,   N,   N,   D,   D
Glu,   N,   N,   N,   N
Ala,   N,   X,   N,   N
Asp,   C,   C,   X,   X
Gly,   C,   C,   C,   C
Arg,   X,   X,   N,   N
Lys,   N,   X,   N,   X
Phe,   X,   X,   X,   N
Met,   X,   N,   N,   X
Thr,   X,   X,   N,   X
Ser,   X,   X,   X,   XAsn,   X,   X,   X,   XHis,   X,   X,   X,   XPro,   X,   X,   X,   XGln,   X,   X,   X,   XTrp,   X,   X,   X,   X


2019-05-05 19:53:04,652:New solution found! (#24). Calculation time: 00:00:01. New best price = 2511.69
2019-05-05 19:53:04,652:[solution]
% Solution number = 24
% Solution price  = 2511.69
Res, S_1, S_2, S_3, S_4
Leu,   N,   N,   N,   D
Val,   N,   N,   D,   N
Tyr,   N,   N,   C,   N
Ile,   N,   N,   D,   D
Glu,   N,   N,   N,   N
Ala,   N,   X,   N,   N
Asp,   C,   C,   X,   X
Gly,   C,   C,   X,   C
Arg,   X,   X,   N,   N
Lys,   N,   X,   N,   X
Phe,   X,   X,   X,   N
Met,   X,   N,   N,   X
Thr,   X,   X,   N,   X
Ser,   X,   X,   X,   XAsn,   X,   X,   X,   XHis,   X,   X,   X,   XPro,   X,   X,   X,   XGln,   X,   X,   X,   XTrp,   X,   X,   X,   X


2019-05-05 19:53:04,662:New solution found! (#25). Calculation time: 00:00:01. New best price = 2503.13
2019-05-05 19:53:04,662:[solution]
% Solution number = 25
% Solution price  = 2503.13
Res, S_1, S_2, S_3, S_4
Leu,   N,   N,   N,   D
Val,   N,   N,   D,   N
Tyr,   N,   N,   C,   N
Ile,   N,   N,   D,   D
Glu,   N,   N,   N,   N
Ala,   N,   X,   N,   N
Asp,   C,   C,   X,   X
Gly,   C,   X,   X,   C
Arg,   X,   X,   N,   N
Lys,   N,   X,   N,   X
Phe,   X,   X,   X,   N
Met,   X,   N,   N,   X
Thr,   X,   X,   N,   X
Ser,   X,   X,   X,   XAsn,   X,   X,   X,   XHis,   X,   X,   X,   XPro,   X,   X,   X,   XGln,   X,   X,   X,   XTrp,   X,   X,   X,   X


2019-05-05 19:53:04,676:New solution found! (#26). Calculation time: 00:00:01. New best price = 2494.58
2019-05-05 19:53:04,676:[solution]
% Solution number = 26
% Solution price  = 2494.58
Res, S_1, S_2, S_3, S_4
Leu,   N,   N,   N,   D
Val,   N,   N,   D,   N
Tyr,   N,   N,   C,   N
Ile,   N,   N,   D,   D
Glu,   N,   N,   N,   N
Ala,   N,   X,   N,   N
Asp,   C,   C,   X,   X
Gly,   X,   X,   X,   C
Arg,   X,   X,   N,   N
Lys,   N,   X,   N,   X
Phe,   X,   X,   X,   N
Met,   X,   N,   N,   X
Thr,   X,   X,   N,   X
Ser,   X,   X,   X,   XAsn,   X,   X,   X,   XHis,   X,   X,   X,   XPro,   X,   X,   X,   XGln,   X,   X,   X,   XTrp,   X,   X,   X,   X


2019-05-05 19:53:04,700:New solution found! (#27). Calculation time: 00:00:01. New best price = 2441.21
2019-05-05 19:53:04,700:[solution]
% Solution number = 27
% Solution price  = 2441.21
Res, S_1, S_2, S_3, S_4
Leu,   N,   N,   N,   D
Val,   N,   N,   D,   N
Tyr,   N,   N,   C,   N
Ile,   N,   N,   D,   D
Glu,   N,   N,   N,   N
Ala,   N,   X,   N,   N
Asp,   C,   X,   X,   X
Gly,   C,   C,   C,   C
Arg,   X,   X,   N,   N
Lys,   N,   N,   N,   X
Phe,   N,   X,   X,   N
Met,   N,   X,   N,   X
Thr,   X,   X,   N,   X
Ser,   X,   X,   X,   XAsn,   X,   X,   X,   XHis,   X,   X,   X,   XPro,   X,   X,   X,   XGln,   X,   X,   X,   XTrp,   X,   X,   X,   X


2019-05-05 19:53:04,705:New solution found! (#28). Calculation time: 00:00:01. New best price = 2413.21
2019-05-05 19:53:04,705:[solution]
% Solution number = 28
% Solution price  = 2413.21
Res, S_1, S_2, S_3, S_4
Leu,   N,   N,   N,   D
Val,   N,   N,   D,   N
Tyr,   N,   N,   C,   N
Ile,   N,   N,   D,   D
Glu,   N,   N,   N,   N
Ala,   N,   X,   N,   N
Asp,   C,   X,   X,   X
Gly,   C,   C,   C,   C
Arg,   X,   X,   N,   N
Lys,   N,   N,   N,   X
Phe,   X,   X,   X,   N
Met,   N,   X,   N,   X
Thr,   X,   X,   N,   X
Ser,   X,   X,   X,   XAsn,   X,   X,   X,   XHis,   X,   X,   X,   XPro,   X,   X,   X,   XGln,   X,   X,   X,   XTrp,   X,   X,   X,   X


2019-05-05 19:53:04,709:New solution found! (#29). Calculation time: 00:00:01. New best price = 2368.57
2019-05-05 19:53:04,709:[solution]
% Solution number = 29
% Solution price  = 2368.57
Res, S_1, S_2, S_3, S_4
Leu,   N,   N,   N,   D
Val,   N,   N,   D,   N
Tyr,   N,   N,   C,   N
Ile,   N,   N,   D,   D
Glu,   N,   N,   N,   N
Ala,   N,   X,   N,   N
Asp,   C,   X,   X,   X
Gly,   C,   C,   C,   C
Arg,   X,   X,   N,   N
Lys,   N,   X,   N,   X
Phe,   N,   X,   X,   N
Met,   X,   N,   N,   X
Thr,   X,   X,   N,   X
Ser,   X,   X,   X,   XAsn,   X,   X,   X,   XHis,   X,   X,   X,   XPro,   X,   X,   X,   XGln,   X,   X,   X,   XTrp,   X,   X,   X,   X


2019-05-05 19:53:04,714:New solution found! (#30). Calculation time: 00:00:01. New best price = 2340.56
2019-05-05 19:53:04,714:[solution]
% Solution number = 30
% Solution price  = 2340.56
Res, S_1, S_2, S_3, S_4
Leu,   N,   N,   N,   D
Val,   N,   N,   D,   N
Tyr,   N,   N,   C,   N
Ile,   N,   N,   D,   D
Glu,   N,   N,   N,   N
Ala,   N,   X,   N,   N
Asp,   C,   X,   X,   X
Gly,   C,   C,   C,   C
Arg,   X,   X,   N,   N
Lys,   N,   X,   N,   X
Phe,   X,   X,   X,   N
Met,   X,   N,   N,   X
Thr,   X,   X,   N,   X
Ser,   X,   X,   X,   XAsn,   X,   X,   X,   XHis,   X,   X,   X,   XPro,   X,   X,   X,   XGln,   X,   X,   X,   XTrp,   X,   X,   X,   X


2019-05-05 19:53:04,720:New solution found! (#31). Calculation time: 00:00:01. New best price = 2332.01
2019-05-05 19:53:04,720:[solution]
% Solution number = 31
% Solution price  = 2332.01
Res, S_1, S_2, S_3, S_4
Leu,   N,   N,   N,   D
Val,   N,   N,   D,   N
Tyr,   N,   N,   C,   N
Ile,   N,   N,   D,   D
Glu,   N,   N,   N,   N
Ala,   N,   X,   N,   N
Asp,   C,   X,   X,   X
Gly,   C,   C,   X,   C
Arg,   X,   X,   N,   N
Lys,   N,   X,   N,   X
Phe,   X,   X,   X,   N
Met,   X,   N,   N,   X
Thr,   X,   X,   N,   X
Ser,   X,   X,   X,   XAsn,   X,   X,   X,   XHis,   X,   X,   X,   XPro,   X,   X,   X,   XGln,   X,   X,   X,   XTrp,   X,   X,   X,   X


2019-05-05 19:53:04,727:New solution found! (#32). Calculation time: 00:00:01. New best price = 2323.46
2019-05-05 19:53:04,727:[solution]
% Solution number = 32
% Solution price  = 2323.46
Res, S_1, S_2, S_3, S_4
Leu,   N,   N,   N,   D
Val,   N,   N,   D,   N
Tyr,   N,   N,   C,   N
Ile,   N,   N,   D,   D
Glu,   N,   N,   N,   N
Ala,   N,   X,   N,   N
Asp,   C,   X,   X,   X
Gly,   C,   X,   X,   C
Arg,   X,   X,   N,   N
Lys,   N,   X,   N,   X
Phe,   X,   X,   X,   N
Met,   X,   N,   N,   X
Thr,   X,   X,   N,   X
Ser,   X,   X,   X,   XAsn,   X,   X,   X,   XHis,   X,   X,   X,   XPro,   X,   X,   X,   XGln,   X,   X,   X,   XTrp,   X,   X,   X,   X


2019-05-05 19:53:04,737:New solution found! (#33). Calculation time: 00:00:02. New best price = 2314.91
2019-05-05 19:53:04,737:[solution]
% Solution number = 33
% Solution price  = 2314.91
Res, S_1, S_2, S_3, S_4
Leu,   N,   N,   N,   D
Val,   N,   N,   D,   N
Tyr,   N,   N,   C,   N
Ile,   N,   N,   D,   D
Glu,   N,   N,   N,   N
Ala,   N,   X,   N,   N
Asp,   C,   X,   X,   X
Gly,   X,   X,   X,   C
Arg,   X,   X,   N,   N
Lys,   N,   X,   N,   X
Phe,   X,   X,   X,   N
Met,   X,   N,   N,   X
Thr,   X,   X,   N,   X
Ser,   X,   X,   X,   XAsn,   X,   X,   X,   XHis,   X,   X,   X,   XPro,   X,   X,   X,   XGln,   X,   X,   X,   XTrp,   X,   X,   X,   X


2019-05-05 19:53:04,756:New solution found! (#34). Calculation time: 00:00:02. New best price = 2311.16
2019-05-05 19:53:04,756:[solution]
% Solution number = 34
% Solution price  = 2311.16
Res, S_1, S_2, S_3, S_4
Leu,   N,   N,   N,   D
Val,   N,   N,   D,   N
Tyr,   N,   N,   C,   N
Ile,   N,   N,   D,   D
Glu,   N,   X,   N,   N
Ala,   N,   N,   N,   N
Asp,   C,   X,   X,   X
Gly,   X,   X,   X,   C
Arg,   X,   X,   N,   N
Lys,   N,   X,   N,   X
Phe,   X,   X,   X,   N
Met,   X,   N,   N,   X
Thr,   X,   X,   N,   X
Ser,   X,   X,   X,   XAsn,   X,   X,   X,   XHis,   X,   X,   X,   XPro,   X,   X,   X,   XGln,   X,   X,   X,   XTrp,   X,   X,   X,   X


2019-05-05 19:53:04,778:New solution found! (#35). Calculation time: 00:00:02. New best price = 2307.28
2019-05-05 19:53:04,778:[solution]
% Solution number = 35
% Solution price  = 2307.28
Res, S_1, S_2, S_3, S_4
Leu,   N,   N,   N,   D
Val,   N,   N,   D,   N
Tyr,   N,   N,   C,   N
Ile,   N,   N,   D,   D
Glu,   N,   X,   N,   N
Ala,   X,   N,   N,   N
Asp,   X,   C,   X,   X
Gly,   C,   X,   X,   C
Arg,   X,   X,   N,   N
Lys,   X,   N,   N,   X
Phe,   X,   X,   X,   N
Met,   N,   X,   N,   X
Thr,   X,   X,   N,   X
Ser,   X,   X,   X,   XAsn,   X,   X,   X,   XHis,   X,   X,   X,   XPro,   X,   X,   X,   XGln,   X,   X,   X,   XTrp,   X,   X,   X,   X


2019-05-05 19:53:04,787:New solution found! (#36). Calculation time: 00:00:02. New best price = 2298.73
2019-05-05 19:53:04,787:[solution]
% Solution number = 36
% Solution price  = 2298.73
Res, S_1, S_2, S_3, S_4
Leu,   N,   N,   N,   D
Val,   N,   N,   D,   N
Tyr,   N,   N,   C,   N
Ile,   N,   N,   D,   D
Glu,   N,   X,   N,   N
Ala,   X,   N,   N,   N
Asp,   X,   C,   X,   X
Gly,   X,   X,   X,   C
Arg,   X,   X,   N,   N
Lys,   X,   N,   N,   X
Phe,   X,   X,   X,   N
Met,   N,   X,   N,   X
Thr,   X,   X,   N,   X
Ser,   X,   X,   X,   XAsn,   X,   X,   X,   XHis,   X,   X,   X,   XPro,   X,   X,   X,   XGln,   X,   X,   X,   XTrp,   X,   X,   X,   X


2019-05-05 19:53:04,801:New solution found! (#37). Calculation time: 00:00:02. New best price = 2291.28
2019-05-05 19:53:04,801:[solution]
% Solution number = 37
% Solution price  = 2291.28
Res, S_1, S_2, S_3, S_4
Leu,   N,   N,   N,   D
Val,   N,   N,   D,   N
Tyr,   N,   N,   C,   N
Ile,   N,   X,   D,   D
Glu,   N,   N,   N,   N
Ala,   N,   X,   N,   N
Asp,   C,   X,   X,   X
Gly,   C,   C,   C,   C
Arg,   X,   X,   N,   N
Lys,   N,   X,   N,   X
Phe,   N,   X,   X,   N
Met,   X,   N,   N,   X
Thr,   X,   X,   N,   X
Ser,   X,   X,   X,   XAsn,   X,   X,   X,   XHis,   X,   X,   X,   XPro,   X,   X,   X,   XGln,   X,   X,   X,   XTrp,   X,   X,   X,   X


2019-05-05 19:53:04,806:New solution found! (#38). Calculation time: 00:00:02. New best price = 2263.27
2019-05-05 19:53:04,806:[solution]
% Solution number = 38
% Solution price  = 2263.27
Res, S_1, S_2, S_3, S_4
Leu,   N,   N,   N,   D
Val,   N,   N,   D,   N
Tyr,   N,   N,   C,   N
Ile,   N,   X,   D,   D
Glu,   N,   N,   N,   N
Ala,   N,   X,   N,   N
Asp,   C,   X,   X,   X
Gly,   C,   C,   C,   C
Arg,   X,   X,   N,   N
Lys,   N,   X,   N,   X
Phe,   X,   X,   X,   N
Met,   X,   N,   N,   X
Thr,   X,   X,   N,   X
Ser,   X,   X,   X,   XAsn,   X,   X,   X,   XHis,   X,   X,   X,   XPro,   X,   X,   X,   XGln,   X,   X,   X,   XTrp,   X,   X,   X,   X


2019-05-05 19:53:04,812:New solution found! (#39). Calculation time: 00:00:02. New best price = 2254.72
2019-05-05 19:53:04,812:[solution]
% Solution number = 39
% Solution price  = 2254.72
Res, S_1, S_2, S_3, S_4
Leu,   N,   N,   N,   D
Val,   N,   N,   D,   N
Tyr,   N,   N,   C,   N
Ile,   N,   X,   D,   D
Glu,   N,   N,   N,   N
Ala,   N,   X,   N,   N
Asp,   C,   X,   X,   X
Gly,   C,   C,   X,   C
Arg,   X,   X,   N,   N
Lys,   N,   X,   N,   X
Phe,   X,   X,   X,   N
Met,   X,   N,   N,   X
Thr,   X,   X,   N,   X
Ser,   X,   X,   X,   XAsn,   X,   X,   X,   XHis,   X,   X,   X,   XPro,   X,   X,   X,   XGln,   X,   X,   X,   XTrp,   X,   X,   X,   X


2019-05-05 19:53:04,819:New solution found! (#40). Calculation time: 00:00:02. New best price = 2246.17
2019-05-05 19:53:04,819:[solution]
% Solution number = 40
% Solution price  = 2246.17
Res, S_1, S_2, S_3, S_4
Leu,   N,   N,   N,   D
Val,   N,   N,   D,   N
Tyr,   N,   N,   C,   N
Ile,   N,   X,   D,   D
Glu,   N,   N,   N,   N
Ala,   N,   X,   N,   N
Asp,   C,   X,   X,   X
Gly,   C,   X,   X,   C
Arg,   X,   X,   N,   N
Lys,   N,   X,   N,   X
Phe,   X,   X,   X,   N
Met,   X,   N,   N,   X
Thr,   X,   X,   N,   X
Ser,   X,   X,   X,   XAsn,   X,   X,   X,   XHis,   X,   X,   X,   XPro,   X,   X,   X,   XGln,   X,   X,   X,   XTrp,   X,   X,   X,   X


2019-05-05 19:53:04,829:New solution found! (#41). Calculation time: 00:00:02. New best price = 2237.62
2019-05-05 19:53:04,829:[solution]
% Solution number = 41
% Solution price  = 2237.62
Res, S_1, S_2, S_3, S_4
Leu,   N,   N,   N,   D
Val,   N,   N,   D,   N
Tyr,   N,   N,   C,   N
Ile,   N,   X,   D,   D
Glu,   N,   N,   N,   N
Ala,   N,   X,   N,   N
Asp,   C,   X,   X,   X
Gly,   X,   X,   X,   C
Arg,   X,   X,   N,   N
Lys,   N,   X,   N,   X
Phe,   X,   X,   X,   N
Met,   X,   N,   N,   X
Thr,   X,   X,   N,   X
Ser,   X,   X,   X,   XAsn,   X,   X,   X,   XHis,   X,   X,   X,   XPro,   X,   X,   X,   XGln,   X,   X,   X,   XTrp,   X,   X,   X,   X


2019-05-05 19:53:04,861:New solution found! (#42). Calculation time: 00:00:02. New best price = 2233.87
2019-05-05 19:53:04,861:[solution]
% Solution number = 42
% Solution price  = 2233.87
Res, S_1, S_2, S_3, S_4
Leu,   N,   N,   N,   D
Val,   N,   N,   D,   N
Tyr,   N,   N,   C,   N
Ile,   N,   X,   D,   D
Glu,   N,   X,   N,   N
Ala,   N,   N,   N,   N
Asp,   C,   X,   X,   X
Gly,   X,   X,   X,   C
Arg,   X,   X,   N,   N
Lys,   N,   X,   N,   X
Phe,   X,   X,   X,   N
Met,   X,   N,   N,   X
Thr,   X,   X,   N,   X
Ser,   X,   X,   X,   XAsn,   X,   X,   X,   XHis,   X,   X,   X,   XPro,   X,   X,   X,   XGln,   X,   X,   X,   XTrp,   X,   X,   X,   X


2019-05-05 19:53:04,883:New solution found! (#43). Calculation time: 00:00:02. New best price = 2229.99
2019-05-05 19:53:04,883:[solution]
% Solution number = 43
% Solution price  = 2229.99
Res, S_1, S_2, S_3, S_4
Leu,   N,   N,   N,   D
Val,   N,   N,   D,   N
Tyr,   N,   N,   C,   N
Ile,   N,   X,   D,   D
Glu,   N,   X,   N,   N
Ala,   X,   N,   N,   N
Asp,   X,   C,   X,   X
Gly,   C,   X,   X,   C
Arg,   X,   X,   N,   N
Lys,   X,   N,   N,   X
Phe,   X,   X,   X,   N
Met,   N,   X,   N,   X
Thr,   X,   X,   N,   X
Ser,   X,   X,   X,   XAsn,   X,   X,   X,   XHis,   X,   X,   X,   XPro,   X,   X,   X,   XGln,   X,   X,   X,   XTrp,   X,   X,   X,   X


2019-05-05 19:53:04,892:New solution found! (#44). Calculation time: 00:00:02. New best price = 2221.44
2019-05-05 19:53:04,892:[solution]
% Solution number = 44
% Solution price  = 2221.44
Res, S_1, S_2, S_3, S_4
Leu,   N,   N,   N,   D
Val,   N,   N,   D,   N
Tyr,   N,   N,   C,   N
Ile,   N,   X,   D,   D
Glu,   N,   X,   N,   N
Ala,   X,   N,   N,   N
Asp,   X,   C,   X,   X
Gly,   X,   X,   X,   C
Arg,   X,   X,   N,   N
Lys,   X,   N,   N,   X
Phe,   X,   X,   X,   N
Met,   N,   X,   N,   X
Thr,   X,   X,   N,   X
Ser,   X,   X,   X,   XAsn,   X,   X,   X,   XHis,   X,   X,   X,   XPro,   X,   X,   X,   XGln,   X,   X,   X,   XTrp,   X,   X,   X,   X


2019-05-05 19:53:04,965:New solution found! (#45). Calculation time: 00:00:02. New best price = 2213.99
2019-05-05 19:53:04,965:[solution]
% Solution number = 45
% Solution price  = 2213.99
Res, S_1, S_2, S_3, S_4
Leu,   N,   N,   N,   D
Val,   N,   N,   D,   N
Tyr,   N,   N,   C,   N
Ile,   X,   X,   D,   D
Glu,   N,   N,   N,   N
Ala,   N,   X,   N,   N
Asp,   C,   X,   X,   X
Gly,   C,   C,   C,   C
Arg,   X,   X,   N,   N
Lys,   N,   X,   N,   X
Phe,   N,   X,   X,   N
Met,   X,   N,   N,   X
Thr,   X,   X,   N,   X
Ser,   X,   X,   X,   XAsn,   X,   X,   X,   XHis,   X,   X,   X,   XPro,   X,   X,   X,   XGln,   X,   X,   X,   XTrp,   X,   X,   X,   X


2019-05-05 19:53:04,970:New solution found! (#46). Calculation time: 00:00:02. New best price = 2185.98
2019-05-05 19:53:04,970:[solution]
% Solution number = 46
% Solution price  = 2185.98
Res, S_1, S_2, S_3, S_4
Leu,   N,   N,   N,   D
Val,   N,   N,   D,   N
Tyr,   N,   N,   C,   N
Ile,   X,   X,   D,   D
Glu,   N,   N,   N,   N
Ala,   N,   X,   N,   N
Asp,   C,   X,   X,   X
Gly,   C,   C,   C,   C
Arg,   X,   X,   N,   N
Lys,   N,   X,   N,   X
Phe,   X,   X,   X,   N
Met,   X,   N,   N,   X
Thr,   X,   X,   N,   X
Ser,   X,   X,   X,   XAsn,   X,   X,   X,   XHis,   X,   X,   X,   XPro,   X,   X,   X,   XGln,   X,   X,   X,   XTrp,   X,   X,   X,   X


2019-05-05 19:53:04,977:New solution found! (#47). Calculation time: 00:00:02. New best price = 2177.43
2019-05-05 19:53:04,977:[solution]
% Solution number = 47
% Solution price  = 2177.43
Res, S_1, S_2, S_3, S_4
Leu,   N,   N,   N,   D
Val,   N,   N,   D,   N
Tyr,   N,   N,   C,   N
Ile,   X,   X,   D,   D
Glu,   N,   N,   N,   N
Ala,   N,   X,   N,   N
Asp,   C,   X,   X,   X
Gly,   C,   C,   X,   C
Arg,   X,   X,   N,   N
Lys,   N,   X,   N,   X
Phe,   X,   X,   X,   N
Met,   X,   N,   N,   X
Thr,   X,   X,   N,   X
Ser,   X,   X,   X,   XAsn,   X,   X,   X,   XHis,   X,   X,   X,   XPro,   X,   X,   X,   XGln,   X,   X,   X,   XTrp,   X,   X,   X,   X


2019-05-05 19:53:04,984:New solution found! (#48). Calculation time: 00:00:02. New best price = 2168.88
2019-05-05 19:53:04,985:[solution]
% Solution number = 48
% Solution price  = 2168.88
Res, S_1, S_2, S_3, S_4
Leu,   N,   N,   N,   D
Val,   N,   N,   D,   N
Tyr,   N,   N,   C,   N
Ile,   X,   X,   D,   D
Glu,   N,   N,   N,   N
Ala,   N,   X,   N,   N
Asp,   C,   X,   X,   X
Gly,   C,   X,   X,   C
Arg,   X,   X,   N,   N
Lys,   N,   X,   N,   X
Phe,   X,   X,   X,   N
Met,   X,   N,   N,   X
Thr,   X,   X,   N,   X
Ser,   X,   X,   X,   XAsn,   X,   X,   X,   XHis,   X,   X,   X,   XPro,   X,   X,   X,   XGln,   X,   X,   X,   XTrp,   X,   X,   X,   X


2019-05-05 19:53:04,994:New solution found! (#49). Calculation time: 00:00:02. New best price = 2160.33
2019-05-05 19:53:04,995:[solution]
% Solution number = 49
% Solution price  = 2160.33
Res, S_1, S_2, S_3, S_4
Leu,   N,   N,   N,   D
Val,   N,   N,   D,   N
Tyr,   N,   N,   C,   N
Ile,   X,   X,   D,   D
Glu,   N,   N,   N,   N
Ala,   N,   X,   N,   N
Asp,   C,   X,   X,   X
Gly,   X,   X,   X,   C
Arg,   X,   X,   N,   N
Lys,   N,   X,   N,   X
Phe,   X,   X,   X,   N
Met,   X,   N,   N,   X
Thr,   X,   X,   N,   X
Ser,   X,   X,   X,   XAsn,   X,   X,   X,   XHis,   X,   X,   X,   XPro,   X,   X,   X,   XGln,   X,   X,   X,   XTrp,   X,   X,   X,   X


2019-05-05 19:53:05,013:New solution found! (#50). Calculation time: 00:00:02. New best price = 2156.58
2019-05-05 19:53:05,013:[solution]
% Solution number = 50
% Solution price  = 2156.58
Res, S_1, S_2, S_3, S_4
Leu,   N,   N,   N,   D
Val,   N,   N,   D,   N
Tyr,   N,   N,   C,   N
Ile,   X,   X,   D,   D
Glu,   N,   X,   N,   N
Ala,   N,   N,   N,   N
Asp,   C,   X,   X,   X
Gly,   X,   X,   X,   C
Arg,   X,   X,   N,   N
Lys,   N,   X,   N,   X
Phe,   X,   X,   X,   N
Met,   X,   N,   N,   X
Thr,   X,   X,   N,   X
Ser,   X,   X,   X,   XAsn,   X,   X,   X,   XHis,   X,   X,   X,   XPro,   X,   X,   X,   XGln,   X,   X,   X,   XTrp,   X,   X,   X,   X


2019-05-05 19:53:05,035:New solution found! (#51). Calculation time: 00:00:02. New best price = 2152.7
2019-05-05 19:53:05,035:[solution]
% Solution number = 51
% Solution price  = 2152.7
Res, S_1, S_2, S_3, S_4
Leu,   N,   N,   N,   D
Val,   N,   N,   D,   N
Tyr,   N,   N,   C,   N
Ile,   X,   X,   D,   D
Glu,   N,   X,   N,   N
Ala,   X,   N,   N,   N
Asp,   X,   C,   X,   X
Gly,   C,   X,   X,   C
Arg,   X,   X,   N,   N
Lys,   X,   N,   N,   X
Phe,   X,   X,   X,   N
Met,   N,   X,   N,   X
Thr,   X,   X,   N,   X
Ser,   X,   X,   X,   XAsn,   X,   X,   X,   XHis,   X,   X,   X,   XPro,   X,   X,   X,   XGln,   X,   X,   X,   XTrp,   X,   X,   X,   X


2019-05-05 19:53:05,044:New solution found! (#52). Calculation time: 00:00:02. New best price = 2144.15
2019-05-05 19:53:05,044:[solution]
% Solution number = 52
% Solution price  = 2144.15
Res, S_1, S_2, S_3, S_4
Leu,   N,   N,   N,   D
Val,   N,   N,   D,   N
Tyr,   N,   N,   C,   N
Ile,   X,   X,   D,   D
Glu,   N,   X,   N,   N
Ala,   X,   N,   N,   N
Asp,   X,   C,   X,   X
Gly,   X,   X,   X,   C
Arg,   X,   X,   N,   N
Lys,   X,   N,   N,   X
Phe,   X,   X,   X,   N
Met,   N,   X,   N,   X
Thr,   X,   X,   N,   X
Ser,   X,   X,   X,   XAsn,   X,   X,   X,   XHis,   X,   X,   X,   XPro,   X,   X,   X,   XGln,   X,   X,   X,   XTrp,   X,   X,   X,   X


2019-05-05 19:53:05,249:New solution found! (#53). Calculation time: 00:00:02. New best price = 2136.26
2019-05-05 19:53:05,249:[solution]
% Solution number = 53
% Solution price  = 2136.26
Res, S_1, S_2, S_3, S_4
Leu,   N,   N,   N,   D
Val,   N,   N,   D,   N
Tyr,   N,   X,   C,   N
Ile,   X,   X,   D,   D
Glu,   N,   N,   N,   N
Ala,   N,   X,   N,   N
Asp,   C,   X,   X,   X
Gly,   C,   C,   C,   C
Arg,   X,   X,   N,   N
Lys,   N,   X,   N,   X
Phe,   X,   X,   X,   N
Met,   X,   N,   N,   X
Thr,   X,   X,   N,   X
Ser,   X,   X,   X,   XAsn,   X,   X,   X,   XHis,   X,   X,   X,   XPro,   X,   X,   X,   XGln,   X,   X,   X,   XTrp,   X,   X,   X,   X


2019-05-05 19:53:05,255:New solution found! (#54). Calculation time: 00:00:02. New best price = 2127.71
2019-05-05 19:53:05,255:[solution]
% Solution number = 54
% Solution price  = 2127.71
Res, S_1, S_2, S_3, S_4
Leu,   N,   N,   N,   D
Val,   N,   N,   D,   N
Tyr,   N,   X,   C,   N
Ile,   X,   X,   D,   D
Glu,   N,   N,   N,   N
Ala,   N,   X,   N,   N
Asp,   C,   X,   X,   X
Gly,   C,   C,   X,   C
Arg,   X,   X,   N,   N
Lys,   N,   X,   N,   X
Phe,   X,   X,   X,   N
Met,   X,   N,   N,   X
Thr,   X,   X,   N,   X
Ser,   X,   X,   X,   XAsn,   X,   X,   X,   XHis,   X,   X,   X,   XPro,   X,   X,   X,   XGln,   X,   X,   X,   XTrp,   X,   X,   X,   X


2019-05-05 19:53:05,262:New solution found! (#55). Calculation time: 00:00:02. New best price = 2119.16
2019-05-05 19:53:05,262:[solution]
% Solution number = 55
% Solution price  = 2119.16
Res, S_1, S_2, S_3, S_4
Leu,   N,   N,   N,   D
Val,   N,   N,   D,   N
Tyr,   N,   X,   C,   N
Ile,   X,   X,   D,   D
Glu,   N,   N,   N,   N
Ala,   N,   X,   N,   N
Asp,   C,   X,   X,   X
Gly,   C,   X,   X,   C
Arg,   X,   X,   N,   N
Lys,   N,   X,   N,   X
Phe,   X,   X,   X,   N
Met,   X,   N,   N,   X
Thr,   X,   X,   N,   X
Ser,   X,   X,   X,   XAsn,   X,   X,   X,   XHis,   X,   X,   X,   XPro,   X,   X,   X,   XGln,   X,   X,   X,   XTrp,   X,   X,   X,   X


2019-05-05 19:53:05,272:New solution found! (#56). Calculation time: 00:00:02. New best price = 2110.61
2019-05-05 19:53:05,272:[solution]
% Solution number = 56
% Solution price  = 2110.61
Res, S_1, S_2, S_3, S_4
Leu,   N,   N,   N,   D
Val,   N,   N,   D,   N
Tyr,   N,   X,   C,   N
Ile,   X,   X,   D,   D
Glu,   N,   N,   N,   N
Ala,   N,   X,   N,   N
Asp,   C,   X,   X,   X
Gly,   X,   X,   X,   C
Arg,   X,   X,   N,   N
Lys,   N,   X,   N,   X
Phe,   X,   X,   X,   N
Met,   X,   N,   N,   X
Thr,   X,   X,   N,   X
Ser,   X,   X,   X,   XAsn,   X,   X,   X,   XHis,   X,   X,   X,   XPro,   X,   X,   X,   XGln,   X,   X,   X,   XTrp,   X,   X,   X,   X


2019-05-05 19:53:05,291:New solution found! (#57). Calculation time: 00:00:02. New best price = 2106.86
2019-05-05 19:53:05,292:[solution]
% Solution number = 57
% Solution price  = 2106.86
Res, S_1, S_2, S_3, S_4
Leu,   N,   N,   N,   D
Val,   N,   N,   D,   N
Tyr,   N,   X,   C,   N
Ile,   X,   X,   D,   D
Glu,   N,   X,   N,   N
Ala,   N,   N,   N,   N
Asp,   C,   X,   X,   X
Gly,   X,   X,   X,   C
Arg,   X,   X,   N,   N
Lys,   N,   X,   N,   X
Phe,   X,   X,   X,   N
Met,   X,   N,   N,   X
Thr,   X,   X,   N,   X
Ser,   X,   X,   X,   XAsn,   X,   X,   X,   XHis,   X,   X,   X,   XPro,   X,   X,   X,   XGln,   X,   X,   X,   XTrp,   X,   X,   X,   X


2019-05-05 19:53:05,316:New solution found! (#58). Calculation time: 00:00:02. New best price = 2102.98
2019-05-05 19:53:05,316:[solution]
% Solution number = 58
% Solution price  = 2102.98
Res, S_1, S_2, S_3, S_4
Leu,   N,   N,   N,   D
Val,   N,   N,   D,   N
Tyr,   N,   X,   C,   N
Ile,   X,   X,   D,   D
Glu,   X,   N,   N,   N
Ala,   N,   X,   N,   N
Asp,   C,   X,   X,   X
Gly,   C,   X,   X,   C
Arg,   X,   X,   N,   N
Lys,   N,   X,   N,   X
Phe,   X,   X,   X,   N
Met,   X,   N,   N,   X
Thr,   X,   X,   N,   X
Ser,   X,   X,   X,   XAsn,   X,   X,   X,   XHis,   X,   X,   X,   XPro,   X,   X,   X,   XGln,   X,   X,   X,   XTrp,   X,   X,   X,   X


2019-05-05 19:53:05,325:New solution found! (#59). Calculation time: 00:00:02. New best price = 2094.43
2019-05-05 19:53:05,325:[solution]
% Solution number = 59
% Solution price  = 2094.43
Res, S_1, S_2, S_3, S_4
Leu,   N,   N,   N,   D
Val,   N,   N,   D,   N
Tyr,   N,   X,   C,   N
Ile,   X,   X,   D,   D
Glu,   X,   N,   N,   N
Ala,   N,   X,   N,   N
Asp,   C,   X,   X,   X
Gly,   X,   X,   X,   C
Arg,   X,   X,   N,   N
Lys,   N,   X,   N,   X
Phe,   X,   X,   X,   N
Met,   X,   N,   N,   X
Thr,   X,   X,   N,   X
Ser,   X,   X,   X,   XAsn,   X,   X,   X,   XHis,   X,   X,   X,   XPro,   X,   X,   X,   XGln,   X,   X,   X,   XTrp,   X,   X,   X,   X


2019-05-05 19:53:05,416:New solution found! (#60). Calculation time: 00:00:02. New best price = 2089.36
2019-05-05 19:53:05,416:[solution]
% Solution number = 60
% Solution price  = 2089.36
Res, S_1, S_2, S_3, S_4
Leu,   N,   N,   N,   D
Val,   N,   N,   D,   D
Tyr,   N,   X,   C,   N
Ile,   X,   X,   D,   N
Glu,   N,   N,   N,   N
Ala,   N,   X,   N,   N
Asp,   C,   X,   X,   X
Gly,   C,   C,   X,   C
Arg,   X,   X,   N,   N
Lys,   N,   X,   N,   X
Phe,   X,   N,   X,   N
Met,   X,   X,   X,   N
Thr,   X,   X,   N,   X
Ser,   X,   X,   X,   XAsn,   X,   X,   X,   XHis,   X,   X,   X,   XPro,   X,   X,   X,   XGln,   X,   X,   X,   XTrp,   X,   X,   X,   X


2019-05-05 19:53:05,421:New solution found! (#61). Calculation time: 00:00:02. New best price = 2080.81
2019-05-05 19:53:05,421:[solution]
% Solution number = 61
% Solution price  = 2080.81
Res, S_1, S_2, S_3, S_4
Leu,   N,   N,   N,   D
Val,   N,   N,   D,   D
Tyr,   N,   X,   C,   N
Ile,   X,   X,   D,   N
Glu,   N,   N,   N,   N
Ala,   N,   X,   N,   N
Asp,   C,   X,   X,   X
Gly,   C,   X,   X,   C
Arg,   X,   X,   N,   N
Lys,   N,   X,   N,   X
Phe,   X,   N,   X,   N
Met,   X,   X,   X,   N
Thr,   X,   X,   N,   X
Ser,   X,   X,   X,   XAsn,   X,   X,   X,   XHis,   X,   X,   X,   XPro,   X,   X,   X,   XGln,   X,   X,   X,   XTrp,   X,   X,   X,   X


2019-05-05 19:53:05,429:New solution found! (#62). Calculation time: 00:00:02. New best price = 2072.26
2019-05-05 19:53:05,429:[solution]
% Solution number = 62
% Solution price  = 2072.26
Res, S_1, S_2, S_3, S_4
Leu,   N,   N,   N,   D
Val,   N,   N,   D,   D
Tyr,   N,   X,   C,   N
Ile,   X,   X,   D,   N
Glu,   N,   N,   N,   N
Ala,   N,   X,   N,   N
Asp,   C,   X,   X,   X
Gly,   X,   X,   X,   C
Arg,   X,   X,   N,   N
Lys,   N,   X,   N,   X
Phe,   X,   N,   X,   N
Met,   X,   X,   X,   N
Thr,   X,   X,   N,   X
Ser,   X,   X,   X,   XAsn,   X,   X,   X,   XHis,   X,   X,   X,   XPro,   X,   X,   X,   XGln,   X,   X,   X,   XTrp,   X,   X,   X,   X


2019-05-05 19:53:05,444:New solution found! (#63). Calculation time: 00:00:02. New best price = 2068.51
2019-05-05 19:53:05,444:[solution]
% Solution number = 63
% Solution price  = 2068.51
Res, S_1, S_2, S_3, S_4
Leu,   N,   N,   N,   D
Val,   N,   N,   D,   D
Tyr,   N,   X,   C,   N
Ile,   X,   X,   D,   N
Glu,   N,   X,   N,   N
Ala,   N,   N,   N,   N
Asp,   C,   X,   X,   X
Gly,   X,   X,   X,   C
Arg,   X,   X,   N,   N
Lys,   N,   X,   N,   X
Phe,   X,   N,   X,   N
Met,   X,   X,   X,   N
Thr,   X,   X,   N,   X
Ser,   X,   X,   X,   XAsn,   X,   X,   X,   XHis,   X,   X,   X,   XPro,   X,   X,   X,   XGln,   X,   X,   X,   XTrp,   X,   X,   X,   X


2019-05-05 19:53:05,463:New solution found! (#64). Calculation time: 00:00:02. New best price = 2064.63
2019-05-05 19:53:05,463:[solution]
% Solution number = 64
% Solution price  = 2064.63
Res, S_1, S_2, S_3, S_4
Leu,   N,   N,   N,   D
Val,   N,   N,   D,   D
Tyr,   N,   X,   C,   N
Ile,   X,   X,   D,   N
Glu,   X,   N,   N,   N
Ala,   N,   X,   N,   N
Asp,   C,   X,   X,   X
Gly,   C,   X,   X,   C
Arg,   X,   X,   N,   N
Lys,   N,   X,   N,   X
Phe,   X,   N,   X,   N
Met,   X,   X,   X,   N
Thr,   X,   X,   N,   X
Ser,   X,   X,   X,   XAsn,   X,   X,   X,   XHis,   X,   X,   X,   XPro,   X,   X,   X,   XGln,   X,   X,   X,   XTrp,   X,   X,   X,   X


2019-05-05 19:53:05,470:New solution found! (#65). Calculation time: 00:00:02. New best price = 2056.08
2019-05-05 19:53:05,470:[solution]
% Solution number = 65
% Solution price  = 2056.08
Res, S_1, S_2, S_3, S_4
Leu,   N,   N,   N,   D
Val,   N,   N,   D,   D
Tyr,   N,   X,   C,   N
Ile,   X,   X,   D,   N
Glu,   X,   N,   N,   N
Ala,   N,   X,   N,   N
Asp,   C,   X,   X,   X
Gly,   X,   X,   X,   C
Arg,   X,   X,   N,   N
Lys,   N,   X,   N,   X
Phe,   X,   N,   X,   N
Met,   X,   X,   X,   N
Thr,   X,   X,   N,   X
Ser,   X,   X,   X,   XAsn,   X,   X,   X,   XHis,   X,   X,   X,   XPro,   X,   X,   X,   XGln,   X,   X,   X,   XTrp,   X,   X,   X,   X


2019-05-05 19:53:05,490:New solution found! (#66). Calculation time: 00:00:02. New best price = 2051.53
2019-05-05 19:53:05,491:[solution]
% Solution number = 66
% Solution price  = 2051.53
Res, S_1, S_2, S_3, S_4
Leu,   N,   N,   N,   D
Val,   N,   C,   D,   N
Tyr,   N,   X,   C,   N
Ile,   X,   X,   D,   D
Glu,   N,   N,   N,   N
Ala,   N,   X,   N,   N
Asp,   C,   X,   X,   X
Gly,   X,   X,   X,   C
Arg,   X,   X,   N,   N
Lys,   N,   X,   N,   X
Phe,   X,   X,   X,   N
Met,   X,   N,   X,   X
Thr,   X,   X,   N,   X
Ser,   X,   X,   X,   XAsn,   X,   X,   X,   XHis,   X,   X,   X,   XPro,   X,   X,   X,   XGln,   X,   X,   X,   XTrp,   X,   X,   X,   X


2019-05-05 19:53:05,497:New solution found! (#67). Calculation time: 00:00:02. New best price = 2047.78
2019-05-05 19:53:05,497:[solution]
% Solution number = 67
% Solution price  = 2047.78
Res, S_1, S_2, S_3, S_4
Leu,   N,   N,   N,   D
Val,   N,   C,   D,   N
Tyr,   N,   X,   C,   N
Ile,   X,   X,   D,   D
Glu,   N,   X,   N,   N
Ala,   N,   N,   N,   N
Asp,   C,   X,   X,   X
Gly,   X,   X,   X,   C
Arg,   X,   X,   N,   N
Lys,   N,   X,   N,   X
Phe,   X,   X,   X,   N
Met,   X,   N,   X,   X
Thr,   X,   X,   N,   X
Ser,   X,   X,   X,   XAsn,   X,   X,   X,   XHis,   X,   X,   X,   XPro,   X,   X,   X,   XGln,   X,   X,   X,   XTrp,   X,   X,   X,   X


2019-05-05 19:53:05,505:New solution found! (#68). Calculation time: 00:00:02. New best price = 2043.9
2019-05-05 19:53:05,506:[solution]
% Solution number = 68
% Solution price  = 2043.9
Res, S_1, S_2, S_3, S_4
Leu,   N,   N,   N,   D
Val,   N,   C,   D,   N
Tyr,   N,   X,   C,   N
Ile,   X,   X,   D,   D
Glu,   X,   N,   N,   N
Ala,   N,   X,   N,   N
Asp,   C,   X,   X,   X
Gly,   C,   X,   X,   C
Arg,   X,   X,   N,   N
Lys,   N,   X,   N,   X
Phe,   X,   X,   X,   N
Met,   X,   N,   X,   X
Thr,   X,   X,   N,   X
Ser,   X,   X,   X,   XAsn,   X,   X,   X,   XHis,   X,   X,   X,   XPro,   X,   X,   X,   XGln,   X,   X,   X,   XTrp,   X,   X,   X,   X


2019-05-05 19:53:05,510:New solution found! (#69). Calculation time: 00:00:02. New best price = 2035.35
2019-05-05 19:53:05,510:[solution]
% Solution number = 69
% Solution price  = 2035.35
Res, S_1, S_2, S_3, S_4
Leu,   N,   N,   N,   D
Val,   N,   C,   D,   N
Tyr,   N,   X,   C,   N
Ile,   X,   X,   D,   D
Glu,   X,   N,   N,   N
Ala,   N,   X,   N,   N
Asp,   C,   X,   X,   X
Gly,   X,   X,   X,   C
Arg,   X,   X,   N,   N
Lys,   N,   X,   N,   X
Phe,   X,   X,   X,   N
Met,   X,   N,   X,   X
Thr,   X,   X,   N,   X
Ser,   X,   X,   X,   XAsn,   X,   X,   X,   XHis,   X,   X,   X,   XPro,   X,   X,   X,   XGln,   X,   X,   X,   XTrp,   X,   X,   X,   X


2019-05-05 19:53:05,639:New solution found! (#70). Calculation time: 00:00:02. New best price = 2033.28
2019-05-05 19:53:05,639:[solution]
% Solution number = 70
% Solution price  = 2033.28
Res, S_1, S_2, S_3, S_4
Leu,   N,   N,   N,   D
Val,   N,   X,   D,   D
Tyr,   N,   X,   C,   N
Ile,   X,   X,   D,   N
Glu,   X,   N,   N,   N
Ala,   N,   X,   N,   N
Asp,   C,   X,   X,   X
Gly,   X,   X,   X,   C
Arg,   X,   X,   N,   N
Lys,   N,   X,   N,   X
Phe,   X,   N,   X,   N
Met,   X,   X,   X,   N
Thr,   X,   X,   N,   X
Ser,   X,   X,   X,   XAsn,   X,   X,   X,   XHis,   X,   X,   X,   XPro,   X,   X,   X,   XGln,   X,   X,   X,   XTrp,   X,   X,   X,   X


2019-05-05 19:53:06,253:New solution found! (#71). Calculation time: 00:00:03. New best price = 2028.54
2019-05-05 19:53:06,253:[solution]
% Solution number = 71
% Solution price  = 2028.54
Res, S_1, S_2, S_3, S_4
Leu,   N,   N,   C,   D
Val,   N,   N,   D,   D
Tyr,   N,   C,   X,   N
Ile,   X,   D,   N,   X
Glu,   N,   N,   N,   X
Ala,   N,   N,   X,   N
Asp,   X,   X,   X,   C
Gly,   C,   C,   C,   X
Arg,   X,   N,   N,   X
Lys,   X,   N,   X,   N
Phe,   X,   X,   N,   X
Met,   X,   X,   X,   N
Thr,   X,   N,   X,   X
Ser,   X,   X,   X,   XAsn,   X,   X,   X,   XHis,   X,   X,   X,   XPro,   X,   X,   X,   XGln,   X,   X,   X,   XTrp,   X,   X,   X,   X


2019-05-05 19:53:06,341:New solution found! (#72). Calculation time: 00:00:03. New best price = 2028.2
2019-05-05 19:53:06,341:[solution]
% Solution number = 72
% Solution price  = 2028.2
Res, S_1, S_2, S_3, S_4
Leu,   N,   N,   C,   D
Val,   N,   C,   N,   D
Tyr,   N,   X,   N,   C
Ile,   X,   D,   D,   X
Glu,   X,   N,   X,   N
Ala,   N,   N,   X,   N
Asp,   C,   X,   X,   X
Gly,   C,   C,   C,   C
Arg,   X,   X,   N,   N
Lys,   N,   X,   X,   N
Phe,   X,   X,   N,   X
Met,   X,   N,   X,   X
Thr,   X,   X,   X,   N
Ser,   X,   X,   X,   XAsn,   X,   X,   X,   XHis,   X,   X,   X,   XPro,   X,   X,   X,   XGln,   X,   X,   X,   XTrp,   X,   X,   X,   X


2019-05-05 19:53:06,346:New solution found! (#73). Calculation time: 00:00:03. New best price = 2019.65
2019-05-05 19:53:06,346:[solution]
% Solution number = 73
% Solution price  = 2019.65
Res, S_1, S_2, S_3, S_4
Leu,   N,   N,   C,   D
Val,   N,   C,   N,   D
Tyr,   N,   X,   N,   C
Ile,   X,   D,   D,   X
Glu,   X,   N,   X,   N
Ala,   N,   N,   X,   N
Asp,   C,   X,   X,   X
Gly,   C,   C,   C,   X
Arg,   X,   X,   N,   N
Lys,   N,   X,   X,   N
Phe,   X,   X,   N,   X
Met,   X,   N,   X,   X
Thr,   X,   X,   X,   N
Ser,   X,   X,   X,   XAsn,   X,   X,   X,   XHis,   X,   X,   X,   XPro,   X,   X,   X,   XGln,   X,   X,   X,   XTrp,   X,   X,   X,   X


2019-05-05 19:53:06,606:New solution found! (#74). Calculation time: 00:00:03. New best price = 2018.18
2019-05-05 19:53:06,607:[solution]
% Solution number = 74
% Solution price  = 2018.18
Res, S_1, S_2, S_3, S_4
Leu,   N,   N,   C,   D
Val,   N,   X,   D,   D
Tyr,   C,   N,   X,   N
Ile,   D,   X,   N,   X
Glu,   N,   N,   N,   X
Ala,   N,   N,   N,   N
Asp,   X,   X,   X,   C
Gly,   C,   C,   C,   X
Arg,   N,   X,   N,   X
Lys,   N,   X,   X,   N
Phe,   X,   X,   N,   X
Met,   X,   X,   X,   N
Thr,   N,   X,   X,   X
Ser,   X,   X,   X,   XAsn,   X,   X,   X,   XHis,   X,   X,   X,   XPro,   X,   X,   X,   XGln,   X,   X,   X,   XTrp,   X,   X,   X,   X


2019-05-05 19:53:06,612:New solution found! (#75). Calculation time: 00:00:03. New best price = 2014.3
2019-05-05 19:53:06,612:[solution]
% Solution number = 75
% Solution price  = 2014.3
Res, S_1, S_2, S_3, S_4
Leu,   N,   N,   C,   D
Val,   N,   X,   D,   D
Tyr,   C,   N,   X,   N
Ile,   D,   X,   N,   X
Glu,   N,   N,   N,   X
Ala,   N,   N,   X,   N
Asp,   X,   X,   X,   C
Gly,   C,   C,   C,   C
Arg,   N,   X,   N,   X
Lys,   N,   X,   X,   N
Phe,   X,   X,   N,   X
Met,   X,   X,   X,   N
Thr,   N,   X,   X,   X
Ser,   X,   X,   X,   XAsn,   X,   X,   X,   XHis,   X,   X,   X,   XPro,   X,   X,   X,   XGln,   X,   X,   X,   XTrp,   X,   X,   X,   X


2019-05-05 19:53:06,617:New solution found! (#76). Calculation time: 00:00:03. New best price = 2005.75
2019-05-05 19:53:06,617:[solution]
% Solution number = 76
% Solution price  = 2005.75
Res, S_1, S_2, S_3, S_4
Leu,   N,   N,   C,   D
Val,   N,   X,   D,   D
Tyr,   C,   N,   X,   N
Ile,   D,   X,   N,   X
Glu,   N,   N,   N,   X
Ala,   N,   N,   X,   N
Asp,   X,   X,   X,   C
Gly,   C,   C,   C,   X
Arg,   N,   X,   N,   X
Lys,   N,   X,   X,   N
Phe,   X,   X,   N,   X
Met,   X,   X,   X,   N
Thr,   N,   X,   X,   X
Ser,   X,   X,   X,   XAsn,   X,   X,   X,   XHis,   X,   X,   X,   XPro,   X,   X,   X,   XGln,   X,   X,   X,   XTrp,   X,   X,   X,   X


2019-05-05 19:53:06,691:New solution found! (#77). Calculation time: 00:00:03. New best price = 2003.71
2019-05-05 19:53:06,691:[solution]
% Solution number = 77
% Solution price  = 2003.71
Res, S_1, S_2, S_3, S_4
Leu,   N,   N,   C,   D
Val,   N,   D,   N,   C
Tyr,   N,   C,   N,   X
Ile,   D,   X,   X,   N
Glu,   N,   N,   N,   X
Ala,   N,   N,   X,   N
Asp,   C,   X,   X,   X
Gly,   C,   C,   C,   C
Arg,   X,   N,   N,   X
Lys,   N,   N,   X,   X
Phe,   X,   X,   N,   X
Met,   X,   X,   X,   N
Thr,   X,   N,   X,   X
Ser,   X,   X,   X,   XAsn,   X,   X,   X,   XHis,   X,   X,   X,   XPro,   X,   X,   X,   XGln,   X,   X,   X,   XTrp,   X,   X,   X,   X


2019-05-05 19:53:06,696:New solution found! (#78). Calculation time: 00:00:03. New best price = 1995.16
2019-05-05 19:53:06,696:[solution]
% Solution number = 78
% Solution price  = 1995.16
Res, S_1, S_2, S_3, S_4
Leu,   N,   N,   C,   D
Val,   N,   D,   N,   C
Tyr,   N,   C,   N,   X
Ile,   D,   X,   X,   N
Glu,   N,   N,   N,   X
Ala,   N,   N,   X,   N
Asp,   C,   X,   X,   X
Gly,   C,   C,   C,   X
Arg,   X,   N,   N,   X
Lys,   N,   N,   X,   X
Phe,   X,   X,   N,   X
Met,   X,   X,   X,   N
Thr,   X,   N,   X,   X
Ser,   X,   X,   X,   XAsn,   X,   X,   X,   XHis,   X,   X,   X,   XPro,   X,   X,   X,   XGln,   X,   X,   X,   XTrp,   X,   X,   X,   X


2019-05-05 19:53:06,875:New solution found! (#79). Calculation time: 00:00:04. New best price = 1988.65
2019-05-05 19:53:06,875:[solution]
% Solution number = 79
% Solution price  = 1988.65
Res, S_1, S_2, S_3, S_4
Leu,   N,   N,   C,   D
Val,   N,   D,   X,   D
Tyr,   N,   C,   X,   N
Ile,   X,   D,   X,   N
Glu,   N,   N,   X,   N
Ala,   N,   N,   N,   X
Asp,   C,   X,   X,   X
Gly,   X,   X,   X,   C
Arg,   X,   N,   X,   N
Lys,   N,   N,   X,   X
Phe,   X,   X,   N,   X
Met,   X,   X,   X,   N
Thr,   X,   N,   X,   X
Ser,   X,   X,   X,   XAsn,   X,   X,   X,   XHis,   X,   X,   X,   XPro,   X,   X,   X,   XGln,   X,   X,   X,   XTrp,   X,   X,   X,   X


2019-05-05 19:53:07,076:New solution found! (#80). Calculation time: 00:00:04. New best price = 1982.95
2019-05-05 19:53:07,077:[solution]
% Solution number = 80
% Solution price  = 1982.95
Res, S_1, S_2, S_3, S_4
Leu,   N,   N,   C,   D
Val,   X,   D,   X,   D
Tyr,   X,   N,   N,   C
Ile,   X,   D,   X,   N
Glu,   N,   N,   X,   N
Ala,   X,   N,   N,   N
Asp,   X,   C,   X,   X
Gly,   X,   C,   C,   C
Arg,   X,   X,   N,   N
Lys,   X,   N,   X,   N
Phe,   X,   X,   N,   X
Met,   X,   N,   X,   X
Thr,   X,   X,   X,   N
Ser,   X,   X,   X,   XAsn,   X,   X,   X,   XHis,   X,   X,   X,   XPro,   X,   X,   X,   XGln,   X,   X,   X,   XTrp,   X,   X,   X,   X


2019-05-05 19:53:07,828:New solution found! (#81). Calculation time: 00:00:05. New best price = 1982.5
2019-05-05 19:53:07,829:[solution]
% Solution number = 81
% Solution price  = 1982.5
Res, S_1, S_2, S_3, S_4
Leu,   N,   C,   C,   D
Val,   D,   X,   X,   D
Tyr,   N,   N,   X,   C
Ile,   D,   X,   X,   N
Glu,   N,   N,   N,   N
Ala,   N,   N,   X,   N
Asp,   C,   X,   X,   X
Gly,   C,   C,   X,   C
Arg,   X,   N,   X,   N
Lys,   N,   X,   X,   N
Phe,   X,   N,   X,   X
Met,   N,   X,   X,   X
Thr,   X,   X,   X,   N
Ser,   X,   X,   X,   XAsn,   X,   X,   X,   XHis,   X,   X,   X,   XPro,   X,   X,   X,   XGln,   X,   X,   X,   XTrp,   X,   X,   X,   X


2019-05-05 19:53:07,877:New solution found! (#82). Calculation time: 00:00:05. New best price = 1978.75
2019-05-05 19:53:07,877:[solution]
% Solution number = 82
% Solution price  = 1978.75
Res, S_1, S_2, S_3, S_4
Leu,   N,   C,   C,   D
Val,   D,   X,   X,   D
Tyr,   N,   N,   X,   C
Ile,   D,   X,   X,   N
Glu,   N,   N,   X,   N
Ala,   N,   N,   N,   N
Asp,   C,   X,   X,   X
Gly,   C,   C,   X,   C
Arg,   X,   N,   X,   N
Lys,   N,   X,   X,   N
Phe,   X,   N,   X,   X
Met,   N,   X,   X,   X
Thr,   X,   X,   X,   N
Ser,   X,   X,   X,   XAsn,   X,   X,   X,   XHis,   X,   X,   X,   XPro,   X,   X,   X,   XGln,   X,   X,   X,   XTrp,   X,   X,   X,   X


2019-05-05 19:53:07,882:New solution found! (#83). Calculation time: 00:00:05. New best price = 1974.87
2019-05-05 19:53:07,883:[solution]
% Solution number = 83
% Solution price  = 1974.87
Res, S_1, S_2, S_3, S_4
Leu,   N,   C,   C,   D
Val,   D,   X,   X,   D
Tyr,   N,   N,   X,   C
Ile,   D,   X,   X,   N
Glu,   N,   N,   X,   N
Ala,   N,   X,   N,   N
Asp,   C,   X,   X,   X
Gly,   C,   C,   C,   C
Arg,   X,   N,   X,   N
Lys,   N,   X,   X,   N
Phe,   X,   N,   X,   X
Met,   N,   X,   X,   X
Thr,   X,   X,   X,   N
Ser,   X,   X,   X,   XAsn,   X,   X,   X,   XHis,   X,   X,   X,   XPro,   X,   X,   X,   XGln,   X,   X,   X,   XTrp,   X,   X,   X,   X


2019-05-05 19:53:07,887:New solution found! (#84). Calculation time: 00:00:05. New best price = 1966.32
2019-05-05 19:53:07,888:[solution]
% Solution number = 84
% Solution price  = 1966.32
Res, S_1, S_2, S_3, S_4
Leu,   N,   C,   C,   D
Val,   D,   X,   X,   D
Tyr,   N,   N,   X,   C
Ile,   D,   X,   X,   N
Glu,   N,   N,   X,   N
Ala,   N,   X,   N,   N
Asp,   C,   X,   X,   X
Gly,   C,   C,   X,   C
Arg,   X,   N,   X,   N
Lys,   N,   X,   X,   N
Phe,   X,   N,   X,   X
Met,   N,   X,   X,   X
Thr,   X,   X,   X,   N
Ser,   X,   X,   X,   XAsn,   X,   X,   X,   XHis,   X,   X,   X,   XPro,   X,   X,   X,   XGln,   X,   X,   X,   XTrp,   X,   X,   X,   X


2019-05-05 19:53:08,431:New solution found! (#85). Calculation time: 00:00:05. New best price = 1964.3
2019-05-05 19:53:08,431:[solution]
% Solution number = 85
% Solution price  = 1964.3
Res, S_1, S_2, S_3, S_4
Leu,   N,   C,   X,   D
Val,   D,   X,   X,   D
Tyr,   N,   N,   X,   C
Ile,   D,   X,   X,   N
Glu,   N,   N,   N,   N
Ala,   N,   N,   X,   N
Asp,   C,   X,   X,   X
Gly,   C,   C,   X,   C
Arg,   X,   N,   X,   N
Lys,   N,   X,   X,   N
Phe,   X,   N,   X,   X
Met,   N,   X,   X,   X
Thr,   X,   X,   X,   N
Ser,   X,   X,   X,   XAsn,   X,   X,   X,   XHis,   X,   X,   X,   XPro,   X,   X,   X,   XGln,   X,   X,   X,   XTrp,   X,   X,   X,   X


2019-05-05 19:53:08,477:New solution found! (#86). Calculation time: 00:00:05. New best price = 1960.55
2019-05-05 19:53:08,477:[solution]
% Solution number = 86
% Solution price  = 1960.55
Res, S_1, S_2, S_3, S_4
Leu,   N,   C,   X,   D
Val,   D,   X,   X,   D
Tyr,   N,   N,   X,   C
Ile,   D,   X,   X,   N
Glu,   N,   N,   X,   N
Ala,   N,   N,   N,   N
Asp,   C,   X,   X,   X
Gly,   C,   C,   X,   C
Arg,   X,   N,   X,   N
Lys,   N,   X,   X,   N
Phe,   X,   N,   X,   X
Met,   N,   X,   X,   X
Thr,   X,   X,   X,   N
Ser,   X,   X,   X,   XAsn,   X,   X,   X,   XHis,   X,   X,   X,   XPro,   X,   X,   X,   XGln,   X,   X,   X,   XTrp,   X,   X,   X,   X


2019-05-05 19:53:08,482:New solution found! (#87). Calculation time: 00:00:05. New best price = 1956.67
2019-05-05 19:53:08,482:[solution]
% Solution number = 87
% Solution price  = 1956.67
Res, S_1, S_2, S_3, S_4
Leu,   N,   C,   X,   D
Val,   D,   X,   X,   D
Tyr,   N,   N,   X,   C
Ile,   D,   X,   X,   N
Glu,   N,   N,   X,   N
Ala,   N,   X,   N,   N
Asp,   C,   X,   X,   X
Gly,   C,   C,   C,   C
Arg,   X,   N,   X,   N
Lys,   N,   X,   X,   N
Phe,   X,   N,   X,   X
Met,   N,   X,   X,   X
Thr,   X,   X,   X,   N
Ser,   X,   X,   X,   XAsn,   X,   X,   X,   XHis,   X,   X,   X,   XPro,   X,   X,   X,   XGln,   X,   X,   X,   XTrp,   X,   X,   X,   X


2019-05-05 19:53:08,487:New solution found! (#88). Calculation time: 00:00:05. New best price = 1948.12
2019-05-05 19:53:08,487:[solution]
% Solution number = 88
% Solution price  = 1948.12
Res, S_1, S_2, S_3, S_4
Leu,   N,   C,   X,   D
Val,   D,   X,   X,   D
Tyr,   N,   N,   X,   C
Ile,   D,   X,   X,   N
Glu,   N,   N,   X,   N
Ala,   N,   X,   N,   N
Asp,   C,   X,   X,   X
Gly,   C,   C,   X,   C
Arg,   X,   N,   X,   N
Lys,   N,   X,   X,   N
Phe,   X,   N,   X,   X
Met,   N,   X,   X,   X
Thr,   X,   X,   X,   N
Ser,   X,   X,   X,   XAsn,   X,   X,   X,   XHis,   X,   X,   X,   XPro,   X,   X,   X,   XGln,   X,   X,   X,   XTrp,   X,   X,   X,   X


2019-05-05 19:53:08,694:Search in 4 sample(s) finished successfully!
2019-05-05 19:53:08,695:Search for solution finished successfully!
Calculation time: 		00:00:05
Total iterations: 319166
