
Search for Nav2D_NCD2_M solution started
Host name is                      zion.localdomain
Start clock time:                 05-09-2018 10:15:25

Search in 1 samples

Max depth reached: 0
Search in 2 samples

Max depth reached: 0
Search in 3 samples

Max depth reached: 0
Search in 4 samples

Max depth reached: 2
Search in 5 samples


Elapsed time:  0 days 00:00:01
Solutions found: 1
Best price: 16534.17
Iterations: 2197

Elapsed time:  0 days 00:00:01
Solutions found: 2
Best price: 16007.56
Iterations: 2198

Elapsed time:  0 days 00:00:01
Solutions found: 3
Best price: 15480.96
Iterations: 2201

Elapsed time:  0 days 00:00:01
Solutions found: 4
Best price: 14954.35
Iterations: 2202

Elapsed time:  0 days 00:00:01
Solutions found: 5
Best price: 14811.86
Iterations: 2412

Elapsed time:  0 days 00:00:01
Solutions found: 6
Best price: 14648.16
Iterations: 2552

Elapsed time:  0 days 00:00:01
Solutions found: 7
Best price: 14648.16
Iterations: 2621

Elapsed time:  0 days 00:00:01
Solutions found: 8
Best price: 14505.67
Iterations: 2693

Elapsed time:  0 days 00:00:01
Solutions found: 9
Best price: 14341.96
Iterations: 2911

Elapsed time:  0 days 00:00:01
Solutions found: 10
Best price: 14199.48
Iterations: 3053

Elapsed time:  0 days 00:00:01
Solutions found: 11
Best price: 14162.89
Iterations: 3320

Elapsed time:  0 days 00:00:01
Solutions found: 12
Best price: 14158.66
Iterations: 3523

Elapsed time:  0 days 00:00:01
Solutions found: 13
Best price: 14122.07
Iterations: 3629

Elapsed time:  0 days 00:00:01
Solutions found: 14
Best price: 14119.26
Iterations: 4926

Elapsed time:  0 days 00:00:01
Solutions found: 15
Best price: 14115.03
Iterations: 5073

Elapsed time:  0 days 00:00:01
Solutions found: 16
Best price: 14078.44
Iterations: 5201

Elapsed time:  0 days 00:00:01
Solutions found: 17
Best price: 13991.50
Iterations: 6746

Elapsed time:  0 days 00:00:01
Solutions found: 18
Best price: 13464.89
Iterations: 6749

Elapsed time:  0 days 00:00:01
Solutions found: 19
Best price: 12938.28
Iterations: 6750

Elapsed time:  0 days 00:00:01
Solutions found: 20
Best price: 12845.54
Iterations: 6776

Elapsed time:  0 days 00:00:01
Solutions found: 21
Best price: 12795.79
Iterations: 6843

Elapsed time:  0 days 00:00:01
Solutions found: 22
Best price: 12703.05
Iterations: 6869

Elapsed time:  0 days 00:00:02
Solutions found: 23
Best price: 12632.09
Iterations: 7128

Elapsed time:  0 days 00:00:02
Solutions found: 24
Best price: 12539.35
Iterations: 7154

Elapsed time:  0 days 00:00:02
Solutions found: 25
Best price: 12489.60
Iterations: 7221

Elapsed time:  0 days 00:00:02
Solutions found: 26
Best price: 12396.86
Iterations: 7247

Elapsed time:  0 days 00:00:02
Solutions found: 27
Best price: 12325.90
Iterations: 7644

Elapsed time:  0 days 00:00:02
Solutions found: 28
Best price: 12233.16
Iterations: 7670

Elapsed time:  0 days 00:00:02
Solutions found: 29
Best price: 12183.41
Iterations: 7737

Elapsed time:  0 days 00:00:02
Solutions found: 30
Best price: 12090.67
Iterations: 7763

Elapsed time:  0 days 00:00:02
Solutions found: 31
Best price: 12019.71
Iterations: 8368

Elapsed time:  0 days 00:00:02
Solutions found: 32
Best price: 11926.97
Iterations: 8394

Elapsed time:  0 days 00:00:02
Solutions found: 33
Best price: 11877.22
Iterations: 8588

Elapsed time:  0 days 00:00:02
Solutions found: 34
Best price: 11784.48
Iterations: 8614

Elapsed time:  0 days 00:00:02
Solutions found: 35
Best price: 11764.48
Iterations: 8865

Elapsed time:  0 days 00:00:02
Solutions found: 36
Best price: 11633.60
Iterations: 11874

Elapsed time:  0 days 00:00:02
Solutions found: 37
Best price: 11510.71
Iterations: 12913

Elapsed time:  0 days 00:00:02
Solutions found: 38
Best price: 11368.23
Iterations: 12953

Elapsed time:  0 days 00:00:02
Solutions found: 39
Best price: 11271.10
Iterations: 14282

Elapsed time:  0 days 00:00:03
Solutions found: 40
Best price: 11214.95
Iterations: 16881

Elapsed time:  0 days 00:00:03
Solutions found: 41
Best price: 11178.36
Iterations: 17282

Elapsed time:  0 days 00:00:03
Solutions found: 42
Best price: 11119.73
Iterations: 19450

Elapsed time:  0 days 00:00:03
Solutions found: 43
Best price: 11083.14
Iterations: 19806

Elapsed time:  0 days 00:00:04
Solutions found: 44
Best price: 10982.21
Iterations: 23763

Elapsed time:  0 days 00:00:06
Solutions found: 45
Best price: 10921.81
Iterations: 31754

Elapsed time:  0 days 00:00:06
Solutions found: 46
Best price: 10872.09
Iterations: 31805

Elapsed time:  0 days 00:00:10
Solutions found: 47
Best price: 10794.80
Iterations: 44021

Elapsed time:  0 days 00:00:12
Solutions found: 48
Best price: 10745.21
Iterations: 48182

Evaluation Finished!
Final clock time:                05-09-2018 10:16:18

Final evaluation time DDHHMMSS:    0 days 00:00:52
Final evaluation time (seconds): 52.81361389160156
Final number of samples:         5
Final number of iterations:      96444
Final number of codes evaluated: 7704462
