
Search for Nav2D_NCD2_W solution started
Host name is                      zion.localdomain
Start clock time:                 10-09-2018 22:29:36

Search in 1 samples

Max depth reached: 0
Search in 2 samples

Max depth reached: 0
Search in 3 samples

Max depth reached: 0
Search in 4 samples

Max depth reached: 2
Search in 5 samples


Elapsed time:  0 days 00:00:02
Solutions found: 1
Best price: 12317.25
Iterations: 2690

Elapsed time:  0 days 00:00:02
Solutions found: 2
Best price: 11790.64
Iterations: 2692

Elapsed time:  0 days 00:00:02
Solutions found: 3
Best price: 11264.03
Iterations: 2693

Elapsed time:  0 days 00:00:02
Solutions found: 4
Best price: 11171.29
Iterations: 2702

Elapsed time:  0 days 00:00:02
Solutions found: 5
Best price: 10957.84
Iterations: 2771

Elapsed time:  0 days 00:00:02
Solutions found: 6
Best price: 10865.10
Iterations: 2780

Elapsed time:  0 days 00:00:02
Solutions found: 7
Best price: 10815.35
Iterations: 2847

Elapsed time:  0 days 00:00:02
Solutions found: 8
Best price: 10722.61
Iterations: 2856

Elapsed time:  0 days 00:00:02
Solutions found: 9
Best price: 10558.91
Iterations: 2930

Elapsed time:  0 days 00:00:02
Solutions found: 10
Best price: 10416.42
Iterations: 3003

Elapsed time:  0 days 00:00:02
Solutions found: 11
Best price: 10345.49
Iterations: 3088

Elapsed time:  0 days 00:00:02
Solutions found: 12
Best price: 10295.74
Iterations: 3165

Elapsed time:  0 days 00:00:02
Solutions found: 13
Best price: 10203.00
Iterations: 3174

Elapsed time:  0 days 00:00:02
Solutions found: 14
Best price: 10151.05
Iterations: 3341

Elapsed time:  0 days 00:00:02
Solutions found: 15
Best price: 10101.33
Iterations: 3438

Elapsed time:  0 days 00:00:02
Solutions found: 16
Best price: 10064.74
Iterations: 4277

Elapsed time:  0 days 00:00:02
Solutions found: 17
Best price: 10007.41
Iterations: 4429

Elapsed time:  0 days 00:00:02
Solutions found: 18
Best price: 9701.22
Iterations: 4495

Elapsed time:  0 days 00:00:02
Solutions found: 19
Best price: 9558.73
Iterations: 4568

Elapsed time:  0 days 00:00:02
Solutions found: 20
Best price: 9487.79
Iterations: 4653

Elapsed time:  0 days 00:00:02
Solutions found: 21
Best price: 9438.05
Iterations: 4730

Elapsed time:  0 days 00:00:02
Solutions found: 22
Best price: 9345.31
Iterations: 4739

Elapsed time:  0 days 00:00:02
Solutions found: 23
Best price: 9293.36
Iterations: 4949

Elapsed time:  0 days 00:00:02
Solutions found: 24
Best price: 9243.64
Iterations: 5044

Elapsed time:  0 days 00:00:02
Solutions found: 25
Best price: 9207.05
Iterations: 5438

Elapsed time:  0 days 00:00:04
Solutions found: 26
Best price: 9190.87
Iterations: 10030

Elapsed time:  0 days 00:00:06
Solutions found: 27
Best price: 9157.21
Iterations: 19749

Elapsed time:  0 days 00:00:07
Solutions found: 28
Best price: 9107.49
Iterations: 19834

Elapsed time:  0 days 00:00:07
Solutions found: 29
Best price: 9070.90
Iterations: 20237

Elapsed time:  0 days 00:00:11
Solutions found: 30
Best price: 9062.18
Iterations: 32719

Elapsed time:  0 days 00:00:11
Solutions found: 31
Best price: 9025.59
Iterations: 33138

Elapsed time:  0 days 00:00:29
Solutions found: 32
Best price: 9011.48
Iterations: 88748

Elapsed time:  0 days 00:00:29
Solutions found: 33
Best price: 8974.89
Iterations: 89139

Elapsed time:  0 days 00:00:30
Solutions found: 34
Best price: 8973.77
Iterations: 91838

Elapsed time:  0 days 00:00:32
iteration: 100000; iterations/min: 184711.3
curr best price: 8973.76854
Current state price: 7871.919389999999
Number of samples:5
Depth:14
Leu,NNNNC
Val,NNNCN
Ser,NNCCN
Ile,NCNDD
Phe,CNNNN
Gly,CCNNN
Lys,CNCNN
Ala,CNNCN
Thr,NNXNN
Met,CCCCC
Glu,NXCNN
Asn,NNXNX
Asp,NCNCN
Trp,NCCXN
His,XXXXX
Codes calculated:4092078


Elapsed time:  0 days 00:00:35
Solutions found: 35
Best price: 8966.17
Iterations: 111417

Elapsed time:  0 days 00:00:35
Solutions found: 36
Best price: 8929.58
Iterations: 111930

Elapsed time:  0 days 00:00:36
Solutions found: 37
Best price: 8928.46
Iterations: 113895

Elapsed time:  0 days 00:01:02
iteration: 200000; iterations/min: 190933.6
curr best price: 8928.45976
Current state price: 14322.313760000001
Number of samples:5
Depth:14
Leu,NNNNC
Val,NNNCN
Ser,NNCCN
Ile,NCDND
Phe,CNNNN
Gly,CCNNN
Lys,CNCNN
Ala,NCNCN
Thr,NNXNN
Met,CCXCC
Glu,NNCNC
Asn,NNNNN
Asp,CNNNC
Trp,CDCDC
His,XXXXX
Codes calculated:7848933


Elapsed time:  0 days 00:01:29
Solutions found: 38
Best price: 8920.86
Iterations: 286085

Elapsed time:  0 days 00:01:29
Solutions found: 39
Best price: 8884.27
Iterations: 286816

Elapsed time:  0 days 00:01:33
iteration: 300000; iterations/min: 192544.9
curr best price: 8884.27162
Current state price: 10013.14326
Number of samples:5
Depth:14
Leu,NNNNC
Val,NNNCN
Ser,NNCCN
Ile,NCDCD
Phe,CNNNN
Gly,CCNNN
Lys,CNCNN
Ala,CNNCN
Thr,NNNNN
Met,CCXCC
Glu,NNCNN
Asn,NXNNN
Asp,CNNNC
Trp,NCXDN
His,XXXXX
Codes calculated:11661271


Elapsed time:  0 days 00:02:06
iteration: 400000; iterations/min: 190222.0
curr best price: 8884.27162
Current state price: 12317.55222
Number of samples:5
Depth:14
Leu,NNNNC
Val,NNNCN
Ser,NNCCN
Ile,NCDXD
Phe,CNNNN
Gly,CCNNN
Lys,CNCNN
Ala,CNNCN
Thr,NNNNN
Met,XCXCC
Glu,NNCNN
Asn,NXNNN
Asp,CNNNC
Trp,CNXDD
His,XXXXX
Codes calculated:15937913


Elapsed time:  0 days 00:02:12
Solutions found: 40
Best price: 8846.99
Iterations: 421635

Elapsed time:  0 days 00:02:12
Solutions found: 41
Best price: 8810.40
Iterations: 422163

Elapsed time:  0 days 00:02:18
Solutions found: 42
Best price: 8809.72
Iterations: 441738

Elapsed time:  0 days 00:02:18
Solutions found: 43
Best price: 8773.13
Iterations: 442634

Elapsed time:  0 days 00:02:27
Solutions found: 44
Best price: 8764.42
Iterations: 473966

Elapsed time:  0 days 00:02:27
Solutions found: 45
Best price: 8727.82
Iterations: 474826

Elapsed time:  0 days 00:02:37
iteration: 500000; iterations/min: 190913.7
curr best price: 8727.82499
Current state price: 12650.75386
Number of samples:5
Depth:14
Leu,NNNNC
Val,NNNCN
Ser,NNCCN
Ile,NCDDD
Phe,CNNNN
Gly,CCNNN
Lys,CNCNN
Ala,NCNCN
Thr,NNNNN
Met,CCCXC
Glu,NNCNC
Asn,NNXNN
Asp,CNNNC
Trp,XCNDD
His,XXXXX
Codes calculated:19821762


Elapsed time:  0 days 00:02:54
Solutions found: 46
Best price: 8677.81
Iterations: 541116

Elapsed time:  0 days 00:02:54
Solutions found: 47
Best price: 8671.11
Iterations: 541199

Elapsed time:  0 days 00:02:54
Solutions found: 48
Best price: 8578.37
Iterations: 541230

Elapsed time:  0 days 00:02:55
Solutions found: 49
Best price: 8557.12
Iterations: 543327

Elapsed time:  0 days 00:02:55
Solutions found: 50
Best price: 8464.38
Iterations: 543338

Elapsed time:  0 days 00:02:57
Solutions found: 51
Best price: 8442.90
Iterations: 547788

Elapsed time:  0 days 00:03:48
iteration: 600000; iterations/min: 157599.4
curr best price: 8442.89935
Current state price: 13079.922040000001
Number of samples:5
Depth:14
Leu,NNNNC
Val,NNNCN
Ser,NNCCN
Ile,NDDND
Phe,CNNNN
Gly,CCNNN
Lys,CNCNN
Ala,NCNCN
Thr,NNXNN
Met,CXCCC
Glu,NNCNC
Asn,NXNNN
Asp,CXNNC
Trp,CDXDC
His,XXXXX
Codes calculated:31063188


Elapsed time:  0 days 00:04:58
Solutions found: 52
Best price: 8423.51
Iterations: 678911

Elapsed time:  0 days 00:04:58
Solutions found: 53
Best price: 8407.33
Iterations: 679855

Elapsed time:  0 days 00:04:59
Solutions found: 54
Best price: 8378.20
Iterations: 681497

Elapsed time:  0 days 00:04:59
Solutions found: 55
Best price: 8362.02
Iterations: 682369

Elapsed time:  0 days 00:05:13
iteration: 700000; iterations/min: 134163.3
curr best price: 8362.022599999998
Current state price: 11473.005570000001
Number of samples:5
Depth:14
Leu,NNNNC
Val,NNNCN
Ser,NNCCN
Ile,CDDXD
Phe,NCNNN
Gly,CCNNN
Lys,NCCNN
Ala,NCNCN
Thr,XNXNN
Met,CCXCC
Glu,NNCNX
Asn,NNNXX
Asp,CNCNC
Trp,DNNND
His,XXXXX
Codes calculated:44777607


Elapsed time:  0 days 00:06:35
Solutions found: 56
Best price: 8357.75
Iterations: 783014

Elapsed time:  0 days 00:06:36
Solutions found: 57
Best price: 8328.61
Iterations: 785329

Elapsed time:  0 days 00:06:36
Solutions found: 58
Best price: 8312.44
Iterations: 786219

Elapsed time:  0 days 00:06:48
iteration: 800000; iterations/min: 117407.1
curr best price: 8312.43656
Current state price: 3897.96085
Number of samples:5
Depth:9
Leu,NNNNC
Val,NNNCN
Ser,NCCNN
Ile,DNNDD
Phe,NNCNN
Gly,CNNNN
Lys,NCNCN
Ala,XCNNN
Thr,NXNNN
His,XXXXX
Codes calculated:60235484


Evaluation Finished!
Final clock time:                10-09-2018 22:37:03

Final evaluation time DDHHMMSS:    0 days 00:07:26
Final evaluation time (seconds): 446.1739718914032
Final number of samples:         5
Final number of iterations:      831158
Final number of codes evaluated: 65400426
