
Search for Nav2D_NCD2_4 solution started
Host name is                      zion.localdomain
Start clock time:                 05-09-2018 14:56:45

Search in 1 samples

Max depth reached: 0
Search in 2 samples

Max depth reached: 0
Search in 3 samples

Max depth reached: 0
Search in 4 samples

Max depth reached: 2
Search in 5 samples


Elapsed time:  0 days 00:00:01
Solutions found: 1
Best price: 15277.05
Iterations: 2700

Elapsed time:  0 days 00:00:01
Solutions found: 2
Best price: 14750.44
Iterations: 2702

Elapsed time:  0 days 00:00:01
Solutions found: 3
Best price: 14223.83
Iterations: 2703

Elapsed time:  0 days 00:00:01
Solutions found: 4
Best price: 14131.09
Iterations: 2712

Elapsed time:  0 days 00:00:01
Solutions found: 5
Best price: 13917.64
Iterations: 2773

Elapsed time:  0 days 00:00:01
Solutions found: 6
Best price: 13824.90
Iterations: 2782

Elapsed time:  0 days 00:00:01
Solutions found: 7
Best price: 13775.15
Iterations: 2851

Elapsed time:  0 days 00:00:01
Solutions found: 8
Best price: 13682.41
Iterations: 2860

Elapsed time:  0 days 00:00:01
Solutions found: 9
Best price: 13518.70
Iterations: 2935

Elapsed time:  0 days 00:00:01
Solutions found: 10
Best price: 13376.22
Iterations: 3007

Elapsed time:  0 days 00:00:01
Solutions found: 11
Best price: 13326.50
Iterations: 3102

Elapsed time:  0 days 00:00:01
Solutions found: 12
Best price: 13289.91
Iterations: 3449

Elapsed time:  0 days 00:00:01
Solutions found: 13
Best price: 12939.46
Iterations: 3527

Elapsed time:  0 days 00:00:01
Solutions found: 14
Best price: 12412.85
Iterations: 3529

Elapsed time:  0 days 00:00:01
Solutions found: 15
Best price: 11886.24
Iterations: 3530

Elapsed time:  0 days 00:00:01
Solutions found: 16
Best price: 11793.50
Iterations: 3539

Elapsed time:  0 days 00:00:01
Solutions found: 17
Best price: 11580.05
Iterations: 3608

Elapsed time:  0 days 00:00:01
Solutions found: 18
Best price: 11487.31
Iterations: 3617

Elapsed time:  0 days 00:00:01
Solutions found: 19
Best price: 11437.56
Iterations: 3829

Elapsed time:  0 days 00:00:01
Solutions found: 20
Best price: 11344.82
Iterations: 3838

Elapsed time:  0 days 00:00:01
Solutions found: 21
Best price: 11273.86
Iterations: 4052

Elapsed time:  0 days 00:00:01
Solutions found: 22
Best price: 11181.12
Iterations: 4063

Elapsed time:  0 days 00:00:01
Solutions found: 23
Best price: 11131.37
Iterations: 4208

Elapsed time:  0 days 00:00:01
Solutions found: 24
Best price: 11038.63
Iterations: 4219

Elapsed time:  0 days 00:00:01
Solutions found: 25
Best price: 10967.69
Iterations: 4379

Elapsed time:  0 days 00:00:01
Solutions found: 26
Best price: 10917.95
Iterations: 4452

Elapsed time:  0 days 00:00:01
Solutions found: 27
Best price: 10825.20
Iterations: 4471

Elapsed time:  0 days 00:00:01
Solutions found: 28
Best price: 10773.25
Iterations: 4579

Elapsed time:  0 days 00:00:01
Solutions found: 29
Best price: 10723.53
Iterations: 4672

Elapsed time:  0 days 00:00:01
Solutions found: 30
Best price: 10686.94
Iterations: 4916

Elapsed time:  0 days 00:00:01
Solutions found: 31
Best price: 10670.77
Iterations: 6513

Elapsed time:  0 days 00:00:02
Solutions found: 32
Best price: 10637.10
Iterations: 8862

Elapsed time:  0 days 00:00:02
Solutions found: 33
Best price: 10587.38
Iterations: 8947

Elapsed time:  0 days 00:00:02
Solutions found: 34
Best price: 10550.79
Iterations: 9129

Elapsed time:  0 days 00:00:02
Solutions found: 35
Best price: 10542.08
Iterations: 12300

Elapsed time:  0 days 00:00:02
Solutions found: 36
Best price: 10505.48
Iterations: 12472

Elapsed time:  0 days 00:00:04
Solutions found: 37
Best price: 10491.38
Iterations: 25309

Elapsed time:  0 days 00:00:04
Solutions found: 38
Best price: 10454.79
Iterations: 25453

Elapsed time:  0 days 00:00:04
Solutions found: 39
Best price: 10453.67
Iterations: 26233

Elapsed time:  0 days 00:00:05
Solutions found: 40
Best price: 10446.07
Iterations: 30562

Elapsed time:  0 days 00:00:05
Solutions found: 41
Best price: 10409.48
Iterations: 30789

Elapsed time:  0 days 00:00:05
Solutions found: 42
Best price: 10408.36
Iterations: 31533

Elapsed time:  0 days 00:00:12
Solutions found: 43
Best price: 10400.76
Iterations: 70911

Elapsed time:  0 days 00:00:12
Solutions found: 44
Best price: 10364.17
Iterations: 71101

Elapsed time:  0 days 00:00:17
iteration: 100000; iterations/min: 344642.6
curr best price: 10364.170110000001
Current state price: 11087.62407
Number of samples:5
Depth:14
Leu,NNNNC
Val,NNNCN
Ser,NNCCN
Ile,NCDXD
Phe,CNNNN
Gly,CCNNN
Lys,CNCNN
Ala,CNNCN
Thr,NNXNN
Met,CCCXX
Glu,NNCNC
Asn,NNNNN
Asp,CNNNC
Trp,XDXDX
His,XXXXX
Codes calculated:3103644


Elapsed time:  0 days 00:00:17
Solutions found: 45
Best price: 10286.07
Iterations: 102449

Elapsed time:  0 days 00:00:17
Solutions found: 46
Best price: 10249.48
Iterations: 102582

Elapsed time:  0 days 00:00:18
Solutions found: 47
Best price: 10248.80
Iterations: 106044

Elapsed time:  0 days 00:00:18
Solutions found: 48
Best price: 10212.21
Iterations: 106225

Elapsed time:  0 days 00:00:19
Solutions found: 49
Best price: 10207.72
Iterations: 111944

Elapsed time:  0 days 00:00:23
Solutions found: 50
Best price: 10157.71
Iterations: 131006

Elapsed time:  0 days 00:00:23
Solutions found: 51
Best price: 10107.99
Iterations: 131151

Elapsed time:  0 days 00:00:23
Solutions found: 52
Best price: 10058.27
Iterations: 131244

Elapsed time:  0 days 00:00:24
Solutions found: 53
Best price: 10029.13
Iterations: 136677

Elapsed time:  0 days 00:00:24
Solutions found: 54
Best price: 10012.96
Iterations: 136947

Elapsed time:  0 days 00:00:33
Solutions found: 55
Best price: 9980.97
Iterations: 164389

Elapsed time:  0 days 00:00:33
Solutions found: 56
Best price: 9935.67
Iterations: 165995

Elapsed time:  0 days 00:00:43
iteration: 200000; iterations/min: 273250.1
curr best price: 9935.665330000002
Current state price: 4997.372710000001
Number of samples:5
Depth:13
Leu,NNNNC
Val,NNNCN
Ser,NNCCN
Ile,CDNCD
Phe,NCNNN
Gly,CCNNN
Lys,NCCNN
Ala,NCNCN
Thr,XNXNN
Met,CCCXC
Glu,NNCNX
Asn,XNNNN
Asp,CXNNX
His,XXXXX
Codes calculated:8487921

