
Search for Nav2D_NCD2_2 solution started
Host name is                      zion.localdomain
Start clock time:                 04-09-2018 13:41:29

Search in 1 samples

Max depth reached: 0
Search in 2 samples

Max depth reached: 0
Search in 3 samples

Max depth reached: 0
Search in 4 samples

Max depth reached: 2
Search in 5 samples


Elapsed time:  0 days 00:00:00
Solutions found: 1
Best price: 14443.91
Iterations: 96

Elapsed time:  0 days 00:00:00
Solutions found: 2
Best price: 14258.43
Iterations: 107

Elapsed time:  0 days 00:00:00
Solutions found: 3
Best price: 14165.69
Iterations: 121

Elapsed time:  0 days 00:00:00
Solutions found: 4
Best price: 14137.72
Iterations: 324

Elapsed time:  0 days 00:00:00
Solutions found: 5
Best price: 13952.24
Iterations: 335

Elapsed time:  0 days 00:00:00
Solutions found: 6
Best price: 13859.50
Iterations: 349

Elapsed time:  0 days 00:00:00
Solutions found: 7
Best price: 13822.91
Iterations: 917

Elapsed time:  0 days 00:00:00
Solutions found: 8
Best price: 13822.88
Iterations: 1417

Elapsed time:  0 days 00:00:00
Solutions found: 9
Best price: 13730.14
Iterations: 1418

Elapsed time:  0 days 00:00:00
Solutions found: 10
Best price: 13680.42
Iterations: 1765

Elapsed time:  0 days 00:00:00
Solutions found: 11
Best price: 12119.45
Iterations: 3282

Elapsed time:  0 days 00:00:00
Solutions found: 12
Best price: 11933.97
Iterations: 3306

Elapsed time:  0 days 00:00:00
Solutions found: 13
Best price: 11841.23
Iterations: 3307

Elapsed time:  0 days 00:00:00
Solutions found: 14
Best price: 11813.26
Iterations: 3510

Elapsed time:  0 days 00:00:00
Solutions found: 15
Best price: 11627.78
Iterations: 3534

Elapsed time:  0 days 00:00:00
Solutions found: 16
Best price: 11535.04
Iterations: 3535

Elapsed time:  0 days 00:00:00
Solutions found: 17
Best price: 11485.32
Iterations: 3766

Elapsed time:  0 days 00:00:00
Solutions found: 18
Best price: 11435.57
Iterations: 4925

Elapsed time:  0 days 00:00:00
Solutions found: 19
Best price: 11342.83
Iterations: 4926

Elapsed time:  0 days 00:00:00
Solutions found: 20
Best price: 11269.67
Iterations: 7596

Elapsed time:  0 days 00:00:00
Solutions found: 21
Best price: 11219.95
Iterations: 7711

Elapsed time:  0 days 00:00:00
Solutions found: 22
Best price: 11219.92
Iterations: 8056

Elapsed time:  0 days 00:00:00
Solutions found: 23
Best price: 11127.18
Iterations: 8057

Elapsed time:  0 days 00:00:00
Solutions found: 24
Best price: 11077.46
Iterations: 8181

Elapsed time:  0 days 00:00:00
Solutions found: 25
Best price: 11033.84
Iterations: 10515

Elapsed time:  0 days 00:00:00
Solutions found: 26
Best price: 11033.81
Iterations: 10860

Elapsed time:  0 days 00:00:00
Solutions found: 27
Best price: 10941.07
Iterations: 10861

Elapsed time:  0 days 00:00:00
Solutions found: 28
Best price: 10891.35
Iterations: 10985

Elapsed time:  0 days 00:00:00
Solutions found: 29
Best price: 10846.04
Iterations: 11665

Elapsed time:  0 days 00:00:01
Solutions found: 30
Best price: 10800.73
Iterations: 14198

Elapsed time:  0 days 00:00:01
Solutions found: 31
Best price: 9813.36
Iterations: 17815

Elapsed time:  0 days 00:00:01
Solutions found: 32
Best price: 9627.88
Iterations: 17824

Elapsed time:  0 days 00:00:01
Solutions found: 33
Best price: 9535.13
Iterations: 17840

Elapsed time:  0 days 00:00:01
Solutions found: 34
Best price: 9507.17
Iterations: 17926

Elapsed time:  0 days 00:00:01
Solutions found: 35
Best price: 9321.68
Iterations: 17935

Elapsed time:  0 days 00:00:01
Solutions found: 36
Best price: 9228.94
Iterations: 17951

Elapsed time:  0 days 00:00:01
Solutions found: 37
Best price: 9200.97
Iterations: 18148

Elapsed time:  0 days 00:00:01
Solutions found: 38
Best price: 9015.49
Iterations: 18157

Elapsed time:  0 days 00:00:01
Solutions found: 39
Best price: 8922.75
Iterations: 18173

Elapsed time:  0 days 00:00:03
Solutions found: 40
Best price: 8877.44
Iterations: 57330

Elapsed time:  0 days 00:00:07
Solutions found: 41
Best price: 8832.97
Iterations: 85062

Elapsed time:  0 days 00:00:07
Solutions found: 42
Best price: 8740.23
Iterations: 85064

Elapsed time:  0 days 00:00:07
Solutions found: 43
Best price: 8690.51
Iterations: 85148

Elapsed time:  0 days 00:00:07
Solutions found: 44
Best price: 8653.92
Iterations: 85567

Elapsed time:  0 days 00:00:07
Solutions found: 45
Best price: 8645.20
Iterations: 87943

Elapsed time:  0 days 00:00:07
Solutions found: 46
Best price: 8608.61
Iterations: 88354

Elapsed time:  0 days 00:00:08
Solutions found: 47
Best price: 8547.87
Iterations: 90665

Elapsed time:  0 days 00:00:08
Solutions found: 48
Best price: 8498.15
Iterations: 90751

Elapsed time:  0 days 00:00:08
Solutions found: 49
Best price: 8461.56
Iterations: 91683

Elapsed time:  0 days 00:00:08
Solutions found: 50
Best price: 8452.84
Iterations: 96477

Elapsed time:  0 days 00:00:08
Solutions found: 51
Best price: 8416.25
Iterations: 97221

Elapsed time:  0 days 00:00:09
Solutions found: 52
Best price: 8372.86
Iterations: 98101

Elapsed time:  0 days 00:00:09
Solutions found: 53
Best price: 8336.27
Iterations: 99154

Elapsed time:  0 days 00:00:09
iteration: 100000; iterations/min: 655126.3
curr best price: 8336.26647
Current state price: 8521.74807
Number of samples:5
Depth:17
Leu,NNNNC
Val,NNNCN
Ser,NNCNN
Ile,NNDDD
Gly,CCNNN
Phe,NCNNN
Ala,CNNCN
Met,CCCXC
Thr,XNXNN
Glu,NCCNN
Asn,NNXXN
Asp,CXNNC
Trp,XDXNX
Lys,NNNXX
Tyr,CNNXX
Pro,XCXCC
Gln,XNNDD
His,XXXXX
Arg,XXXXX
Codes calculated:840266


Elapsed time:  0 days 00:00:09
Solutions found: 54
Best price: 8327.55
Iterations: 101790

Elapsed time:  0 days 00:00:09
Solutions found: 55
Best price: 8290.96
Iterations: 102438

Elapsed time:  0 days 00:00:16
Solutions found: 56
Best price: 8282.64
Iterations: 132805

Elapsed time:  0 days 00:00:16
Solutions found: 57
Best price: 8246.05
Iterations: 133290

Elapsed time:  0 days 00:00:16
Solutions found: 58
Best price: 8237.34
Iterations: 134743

Elapsed time:  0 days 00:00:16
Solutions found: 59
Best price: 8200.74
Iterations: 135135

Elapsed time:  0 days 00:00:26
Solutions found: 60
Best price: 8200.68
Iterations: 180764

Elapsed time:  0 days 00:00:26
Solutions found: 61
Best price: 8191.96
Iterations: 181680

Elapsed time:  0 days 00:00:26
Solutions found: 62
Best price: 8155.37
Iterations: 181915

Elapsed time:  0 days 00:00:26
Solutions found: 63
Best price: 8146.65
Iterations: 183037

Elapsed time:  0 days 00:00:26
Solutions found: 64
Best price: 8110.06
Iterations: 183343

Elapsed time:  0 days 00:00:26
Solutions found: 65
Best price: 8066.66
Iterations: 183938

Elapsed time:  0 days 00:00:27
Solutions found: 66
Best price: 8030.07
Iterations: 184292

Elapsed time:  0 days 00:00:27
Solutions found: 67
Best price: 8021.36
Iterations: 184946

Elapsed time:  0 days 00:00:27
Solutions found: 68
Best price: 7984.77
Iterations: 185280

Elapsed time:  0 days 00:00:30
iteration: 200000; iterations/min: 394905.1
curr best price: 7984.76566
Current state price: 2307.7645899999998
Number of samples:5
Depth:9
Leu,NNNNC
Val,NNNCN
Ser,NNCNN
Ile,NDDDN
Gly,NCNNN
Phe,CCNNN
Ala,CNNNN
Met,CXCCX
Thr,XNXNN
His,XXXXX
Arg,XXXXX
Codes calculated:3302526


Elapsed time:  0 days 00:00:53
iteration: 300000; iterations/min: 337239.4
curr best price: 7984.76566
Current state price: 3000.9245499999997
Number of samples:5
Depth:10
Leu,NNNNC
Val,NNNCN
Ser,NNCNN
Ile,XDDND
Gly,NCNNN
Phe,XCNNN
Ala,NCNCN
Met,CXCXX
Thr,NNNNN
Glu,CNNCN
His,XXXXX
Arg,XXXXX
Codes calculated:5889257


Elapsed time:  0 days 00:00:54
Solutions found: 69
Best price: 7952.78
Iterations: 305093

Elapsed time:  0 days 00:00:54
Solutions found: 70
Best price: 7944.06
Iterations: 305876

Elapsed time:  0 days 00:00:54
Solutions found: 71
Best price: 7907.47
Iterations: 306210

Elapsed time:  0 days 00:01:18
iteration: 400000; iterations/min: 307348.0
curr best price: 7907.47375
Current state price: 2206.88586
Number of samples:5
Depth:9
Leu,NNNNC
Val,NNNCN
Ser,NNCNN
Ile,DDDND
Gly,NCNNN
Phe,XCNNN
Ala,NXNXN
Met,CXXCX
Thr,XNNNX
His,XXXXX
Arg,XXXXX
Codes calculated:8780345


Elapsed time:  0 days 00:01:43
iteration: 500000; iterations/min: 289677.2
curr best price: 7907.47375
Current state price: 3210.94399
Number of samples:5
Depth:11
Leu,NNNNC
Val,NNNCN
Ser,NNCCN
Ile,NDNDD
Gly,CNNNN
Phe,NCNNN
Ala,CNNCN
Met,CXCXC
Thr,NNXNN
Glu,NCXNN
Asn,NNXXN
His,XXXXX
Arg,XXXXX
Codes calculated:11727328


Elapsed time:  0 days 00:01:59
Solutions found: 72
Best price: 7901.14
Iterations: 554388

Elapsed time:  0 days 00:02:01
Solutions found: 73
Best price: 7892.42
Iterations: 566574

Elapsed time:  0 days 00:02:01
Solutions found: 74
Best price: 7855.83
Iterations: 567035

Elapsed time:  0 days 00:02:03
Solutions found: 75
Best price: 7847.11
Iterations: 576400

Elapsed time:  0 days 00:02:03
Solutions found: 76
Best price: 7810.52
Iterations: 576884

Elapsed time:  0 days 00:02:10
iteration: 600000; iterations/min: 275707.1
curr best price: 7810.518789999999
Current state price: 3808.7435899999996
Number of samples:5
Depth:12
Leu,NNNNC
Val,NNNCN
Ser,NNCCN
Ile,NDNDD
Gly,CCNNN
Phe,CNNNN
Ala,CNCNN
Met,CXCCC
Thr,NXNNN
Glu,NNCNX
Asn,NNXNN
Asp,CXNNC
His,XXXXX
Arg,XXXXX
Codes calculated:15123621


Elapsed time:  0 days 00:02:40
iteration: 700000; iterations/min: 261690.1
curr best price: 7810.518789999999
Current state price: 2716.1737700000003
Number of samples:5
Depth:9
Leu,NNNNC
Val,NNNCN
Ser,NNCCN
Ile,NDXDD
Gly,CNNNN
Phe,CXNNN
Ala,NXXNN
Met,CCCXC
Thr,NNNNN
His,XXXXX
Arg,XXXXX
Codes calculated:18871930


Elapsed time:  0 days 00:02:49
Solutions found: 77
Best price: 7806.30
Iterations: 734864

Elapsed time:  0 days 00:02:51
Solutions found: 78
Best price: 7797.59
Iterations: 744203

Elapsed time:  0 days 00:02:51
Solutions found: 79
Best price: 7761.00
Iterations: 744583

Elapsed time:  0 days 00:02:54
Solutions found: 80
Best price: 7739.55
Iterations: 762228

Elapsed time:  0 days 00:03:06
iteration: 800000; iterations/min: 257076.6
curr best price: 7739.55346
Current state price: 3215.20772
Number of samples:5
Depth:10
Leu,NNNNC
Val,NNNCN
Ser,NNCCN
Ile,NDXDD
Gly,XCNNN
Phe,CNNNN
Ala,NXNNN
Met,CCCCC
Thr,NNNNN
Glu,CNNCN
His,XXXXX
Arg,XXXXX
Codes calculated:22194061


Elapsed time:  0 days 00:03:34
iteration: 900000; iterations/min: 252131.3
curr best price: 7739.55346
Current state price: 3733.81172
Number of samples:5
Depth:12
Leu,NNNNC
Val,NNNCN
Ser,NNCCN
Ile,NDDND
Gly,CCNNN
Phe,CNNNN
Ala,CNNXN
Met,CCCXX
Thr,NXNNN
Glu,NNCNX
Asn,NNXNN
Asp,NCCNX
His,XXXXX
Arg,XXXXX
Codes calculated:25517769


Elapsed time:  0 days 00:04:05
iteration: 1000000; iterations/min: 244855.9
curr best price: 7739.55346
Current state price: 2323.98422
Number of samples:5
Depth:9
Leu,NNNNC
Val,NNNCN
Ser,NNCCN
Ile,NDDDD
Gly,CNNNN
Phe,XCNNN
Ala,NXNNN
Met,XCCXX
Thr,XXNNN
His,XXXXX
Arg,XXXXX
Codes calculated:29271711


Elapsed time:  0 days 00:04:36
iteration: 1100000; iterations/min: 238719.5
curr best price: 7739.55346
Current state price: 3101.61655
Number of samples:5
Depth:10
Leu,NNNNC
Val,NNNCN
Ser,NNCCN
Ile,XDXDD
Gly,NCNNN
Phe,CNNNN
Ala,NCCNN
Met,CXCXC
Thr,NNNNN
Glu,CNNNC
His,XXXXX
Arg,XXXXX
Codes calculated:33320940


Elapsed time:  0 days 00:05:01
Solutions found: 81
Best price: 7729.01
Iterations: 1192937

Elapsed time:  0 days 00:05:03
iteration: 1200000; iterations/min: 237343.9
curr best price: 7729.01251
Current state price: 3221.57244
Number of samples:5
Depth:11
Leu,NNNNC
Val,NNNCN
Ser,NNCCN
Ile,XDXDD
Gly,CCNNN
Phe,NCNNN
Ala,CNNCN
Met,CXCCC
Thr,NNXNN
Glu,NCNNX
Asn,NNNNX
His,XXXXX
Arg,XXXXX
Codes calculated:36563350


Elapsed time:  0 days 00:05:05
Solutions found: 82
Best price: 7683.70
Iterations: 1214269

Elapsed time:  0 days 00:05:10
Solutions found: 83
Best price: 7655.93
Iterations: 1236996

Elapsed time:  0 days 00:05:29
iteration: 1300000; iterations/min: 236593.1
curr best price: 7655.934969999999
Current state price: 2417.82678
Number of samples:5
Depth:9
Leu,NNNNC
Val,NNNCN
Ser,NNCCN
Ile,XDDND
Gly,CCNNN
Phe,NCNNN
Ala,CNCNN
Met,CCCCC
Thr,NNXXN
His,XXXXX
Arg,XXXXX
Codes calculated:39784585


Elapsed time:  0 days 00:05:50
Solutions found: 84
Best price: 7621.26
Iterations: 1364445

Elapsed time:  0 days 00:06:03
iteration: 1400000; iterations/min: 231145.1
curr best price: 7621.26054
Current state price: 3234.97148
Number of samples:5
Depth:11
Leu,NNNNC
Val,NNNCN
Ser,NNCCN
Ile,XDDXD
Gly,XCNNN
Phe,CNNNN
Ala,CNCNN
Met,CXXCC
Thr,NXNNN
Glu,NNCNC
Asn,NNNXX
His,XXXXX
Arg,XXXXX
Codes calculated:44175078


Elapsed time:  0 days 00:06:34
iteration: 1500000; iterations/min: 227968.0
curr best price: 7621.26054
Current state price: 2528.2000500000004
Number of samples:5
Depth:9
Leu,NNNNC
Val,NNNCN
Ser,NNCCN
Ile,DDXDN
Gly,NCNNN
Phe,CNNNN
Ala,NXNXN
Met,CCCCX
Thr,XNNNN
His,XXXXX
Arg,XXXXX
Codes calculated:47774065


Elapsed time:  0 days 00:07:06
iteration: 1600000; iterations/min: 225181.5
curr best price: 7621.26054
Current state price: 2902.95966
Number of samples:5
Depth:10
Leu,NNNNC
Val,NNNCN
Ser,NNCCN
Ile,DDDND
Gly,XCNNN
Phe,NCNNN
Ala,XNCNN
Met,CXCCC
Thr,NNXNN
Glu,NNCNX
His,XXXXX
Arg,XXXXX
Codes calculated:51457533


Elapsed time:  0 days 00:07:35
iteration: 1700000; iterations/min: 224162.6
curr best price: 7621.26054
Current state price: 2740.43263
Number of samples:5
Depth:10
Leu,NNNNC
Val,NNNCN
Ser,NNCXN
Ile,NDDND
Gly,XCNNN
Phe,CNNNN
Ala,CNNCN
Met,CCCCX
Thr,NNXNN
Glu,CNNNN
His,XXXXX
Arg,XXXXX
Codes calculated:54654250


Elapsed time:  0 days 00:08:03
iteration: 1800000; iterations/min: 223257.3
curr best price: 7621.26054
Current state price: 2467.4537299999997
Number of samples:5
Depth:9
Leu,NNNNC
Val,NNNCN
Ser,NNCXN
Ile,DDNND
Gly,NCNNN
Phe,CNNNN
Ala,NXNCN
Met,CXCCC
Thr,NNNNX
His,XXXXX
Arg,XXXXX
Codes calculated:57927695


Elapsed time:  0 days 00:08:32
iteration: 1900000; iterations/min: 222586.1
curr best price: 7621.26054
Current state price: 2640.04293
Number of samples:5
Depth:9
Leu,NNNNC
Val,NNNCN
Ser,NCCNN
Ile,NNDDD
Gly,CXNNN
Phe,NNCNN
Ala,NCNNN
Met,CCXCC
Thr,XNNNN
His,XXXXX
Arg,XXXXX
Codes calculated:61058486


Elapsed time:  0 days 00:09:01
iteration: 2000000; iterations/min: 221765.8
curr best price: 7621.26054
Current state price: 2781.0902699999997
Number of samples:5
Depth:9
Leu,NNNNC
Val,NNNCN
Ser,NCCNN
Ile,DNDDN
Gly,CXNNN
Phe,NCNNN
Ala,XNNNN
Met,CXCXC
Thr,NNNNN
His,XXXXX
Arg,XXXXX
Codes calculated:64053828


Elapsed time:  0 days 00:09:30
iteration: 2100000; iterations/min: 220671.8
curr best price: 7621.26054
Current state price: 1705.47764
Number of samples:5
Depth:8
Leu,NNNNC
Val,NNNCN
Ser,NCCNN
Ile,DXDDD
Gly,CNCNN
Phe,NNCNN
Ala,XNNXN
Met,CCCXC
His,XXXXX
Arg,XXXXX
Codes calculated:67203054


Elapsed time:  0 days 00:09:59
iteration: 2200000; iterations/min: 220043.5
curr best price: 7621.26054
Current state price: 2361.58971
Number of samples:5
Depth:9
Leu,NNNNC
Val,NNNCN
Ser,XNCNN
Ile,XDDND
Gly,CCNNN
Phe,NCNNN
Ala,XNNXN
Met,CCXCC
Thr,NXNNN
His,XXXXX
Arg,XXXXX
Codes calculated:70314402


Elapsed time:  0 days 00:10:26
iteration: 2300000; iterations/min: 220208.0
curr best price: 7621.26054
Current state price: 2189.77803
Number of samples:5
Depth:9
Leu,NNNNC
Val,NNCCN
Ser,NCNNN
Ile,NDNDD
Gly,NNCNN
Phe,CNNXN
Ala,NNNXN
Met,CCXXX
Thr,NXXNN
His,XXXXX
Arg,XXXXX
Codes calculated:73212662


Elapsed time:  0 days 00:11:00
iteration: 2400000; iterations/min: 218156.3
curr best price: 7621.26054
Current state price: 2341.5660399999997
Number of samples:5
Depth:9
Leu,NNNNC
Val,NNCCN
Ser,NCNNN
Ile,DDNDD
Gly,XNNCN
Phe,CNNNN
Ala,NNXNN
Met,CCCCX
Thr,NNXNX
His,XXXXX
Arg,XXXXX
Codes calculated:77023164


Elapsed time:  0 days 00:11:35
iteration: 2500000; iterations/min: 215718.6
curr best price: 7621.26054
Current state price: 1775.1035
Number of samples:5
Depth:8
Leu,NNNNC
Val,NNCCN
Ser,NCNCN
Ile,NDDND
Gly,CNNNN
Phe,CCNNN
Ala,NNCNN
Met,CXCXC
His,XXXXX
Arg,XXXXX
Codes calculated:81234861


Elapsed time:  0 days 00:12:11
iteration: 2600000; iterations/min: 213309.9
curr best price: 7621.26054
Current state price: 2595.13084
Number of samples:5
Depth:9
Leu,NNNNC
Val,NNCCN
Ser,NCNCN
Ile,NDDXD
Gly,NNCNN
Phe,CNCNN
Ala,CXNNN
Met,CCXCC
Thr,NNNNX
His,XXXXX
Arg,XXXXX
Codes calculated:86011128


Elapsed time:  0 days 00:12:47
iteration: 2700000; iterations/min: 211014.9
curr best price: 7621.26054
Current state price: 2759.48316
Number of samples:5
Depth:10
Leu,NNNNC
Val,NNCCN
Ser,NCNCN
Ile,NDDXD
Gly,CCNNN
Phe,CNXNN
Ala,NXNNN
Met,CXCCC
Thr,NNXNN
Glu,NCNNX
His,XXXXX
Arg,XXXXX
Codes calculated:90740319


Elapsed time:  0 days 00:13:25
iteration: 2800000; iterations/min: 208443.5
curr best price: 7621.26054
Current state price: 3246.59565
Number of samples:5
Depth:11
Leu,NNNNC
Val,NNCCN
Ser,NCNCN
Ile,NDDDD
Gly,CNCNN
Phe,CNNNN
Ala,NNNCN
Met,CXXCC
Thr,NNXNN
Glu,NCNNX
Asn,XNXNN
His,XXXXX
Arg,XXXXX
Codes calculated:95180002


Elapsed time:  0 days 00:14:04
iteration: 2900000; iterations/min: 206106.9
curr best price: 7621.26054
Current state price: 3306.54896
Number of samples:5
Depth:11
Leu,NNNNC
Val,NNCCN
Ser,NCNCN
Ile,XDDND
Gly,CNNCN
Phe,CCNNN
Ala,CNXNN
Met,CCXCC
Thr,NXNNN
Glu,NCNNX
Asn,NNXNN
His,XXXXX
Arg,XXXXX
Codes calculated:100189408


Elapsed time:  0 days 00:14:38
Solutions found: 85
Best price: 7616.88
Iterations: 2998912

Elapsed time:  0 days 00:14:38
iteration: 3000000; iterations/min: 204859.2
curr best price: 7616.87841
Current state price: 14927.46609
Number of samples:5
Depth:13
Leu,NNNNC
Val,NNCCN
Ser,NCNCN
Ile,XDDXD
Gly,CNCNN
Phe,CNNNN
Ala,CCNNN
Met,CCCCC
Thr,NXNNN
Glu,NCNNX
Asn,NNNXN
Asp,CNNXX
Trp,DDNDD
His,XXXXX
Arg,XXXXX
Codes calculated:104486771


Elapsed time:  0 days 00:14:39
Solutions found: 86
Best price: 7608.84
Iterations: 3004825

Elapsed time:  0 days 00:14:41
Solutions found: 87
Best price: 7587.75
Iterations: 3010190

Elapsed time:  0 days 00:14:41
Solutions found: 88
Best price: 7571.57
Iterations: 3011322

Elapsed time:  0 days 00:14:45
Solutions found: 89
Best price: 7542.44
Iterations: 3023630

Elapsed time:  0 days 00:14:45
Solutions found: 90
Best price: 7526.26
Iterations: 3024329

Elapsed time:  0 days 00:15:13
iteration: 3100000; iterations/min: 203675.2
curr best price: 7526.26085
Current state price: 1729.7947199999999
Number of samples:5
Depth:8
Leu,NNNNC
Val,NNCCN
Ser,NCNCN
Ile,DNNDD
Gly,CNNNN
Phe,CNCNN
Ala,NNCNN
Met,XCXXC
His,XXXXX
Arg,XXXXX
Codes calculated:108324694


Elapsed time:  0 days 00:15:47
iteration: 3200000; iterations/min: 202711.7
curr best price: 7526.26085
Current state price: 2360.2610999999997
Number of samples:5
Depth:9
Leu,NNNNC
Val,NNCCN
Ser,NCNCN
Ile,DNDND
Gly,CNNXN
Phe,CNNNN
Ala,NNNXN
Met,CCCXX
Thr,NXNXN
His,XXXXX
Arg,XXXXX
Codes calculated:112011363


Elapsed time:  0 days 00:16:23
iteration: 3300000; iterations/min: 201350.9
curr best price: 7526.26085
Current state price: 2735.2108
Number of samples:5
Depth:9
Leu,NNNNC
Val,NNCCN
Ser,NCNCN
Ile,DNDDD
Gly,CXNNN
Phe,CNCNN
Ala,NCCNN
Met,CCCXC
Thr,XNNNN
His,XXXXX
Arg,XXXXX
Codes calculated:115515565


Elapsed time:  0 days 00:16:58
iteration: 3400000; iterations/min: 200334.3
curr best price: 7526.26085
Current state price: 2768.20427
Number of samples:5
Depth:10
Leu,NNNNC
Val,NNCCN
Ser,NCNCN
Ile,DXXDD
Gly,CNNNN
Phe,CCNNN
Ala,XNXNN
Met,CCCCC
Thr,NXNNN
Glu,NCNXN
His,XXXXX
Arg,XXXXX
Codes calculated:119536102


Elapsed time:  0 days 00:17:32
iteration: 3500000; iterations/min: 199557.2
curr best price: 7526.26085
Current state price: 1550.1453099999999
Number of samples:5
Depth:7
Leu,NNNNC
Val,NNCCN
Ser,NCNCN
Ile,DXDND
Gly,CNNCN
Phe,CCNNN
Ala,NXNCN
His,XXXXX
Arg,XXXXX
Codes calculated:123848548


Elapsed time:  0 days 00:18:09
iteration: 3600000; iterations/min: 198274.2
curr best price: 7526.26085
Current state price: 1510.88098
Number of samples:5
Depth:7
Leu,NNNNC
Val,NNCCN
Ser,NCNCN
Ile,DXDDD
Gly,CXNNN
Phe,CNXNN
Ala,XNNNN
His,XXXXX
Arg,XXXXX
Codes calculated:127799227


Elapsed time:  0 days 00:18:44
iteration: 3700000; iterations/min: 197425.7
curr best price: 7526.26085
Current state price: 2454.7875
Number of samples:5
Depth:9
Leu,NNNNC
Val,NNCCN
Ser,NCNCN
Ile,DDNDD
Gly,CNNCN
Phe,CNNNN
Ala,NXNNN
Met,XCCCC
Thr,NNXXN
His,XXXXX
Arg,XXXXX
Codes calculated:131512568


Elapsed time:  0 days 00:19:20
iteration: 3800000; iterations/min: 196474.2
curr best price: 7526.26085
Current state price: 2353.25808
Number of samples:5
Depth:9
Leu,NNNNC
Val,NNCCN
Ser,NCNCN
Ile,DDXDD
Gly,CXNNN
Phe,CNNNN
Ala,NCNNN
Met,CXCXC
Thr,NNNXX
His,XXXXX
Arg,XXXXX
Codes calculated:135308993


Elapsed time:  0 days 00:19:56
iteration: 3900000; iterations/min: 195611.0
curr best price: 7526.26085
Current state price: 2404.13174
Number of samples:5
Depth:9
Leu,NNNNC
Val,NNCCN
Ser,NCNCN
Ile,DDDXD
Gly,NNCNN
Phe,CNCNN
Ala,CNNCN
Met,CCCXX
Thr,NXNXN
His,XXXXX
Arg,XXXXX
Codes calculated:138871220


Elapsed time:  0 days 00:20:32
iteration: 4000000; iterations/min: 194731.3
curr best price: 7526.26085
Current state price: 2854.09745
Number of samples:5
Depth:9
Leu,NNNNC
Val,NNCCN
Ser,NCNCN
Ile,DDDDD
Gly,CCNNN
Phe,CNXNN
Ala,XNNNN
Met,CXXCC
Thr,NNNNN
His,XXXXX
Arg,XXXXX
Codes calculated:142505410


Elapsed time:  0 days 00:21:06
iteration: 4100000; iterations/min: 194238.8
curr best price: 7526.26085
Current state price: 2620.31864
Number of samples:5
Depth:10
Leu,NNNNC
Val,NNCCN
Ser,NCXNN
Ile,DDNXD
Gly,CNNCN
Phe,CNNNN
Ala,NNCNN
Met,XCCXC
Thr,NXNNN
Glu,CNNNN
His,XXXXX
Arg,XXXXX
Codes calculated:146551252


Elapsed time:  0 days 00:21:40
iteration: 4200000; iterations/min: 193818.4
curr best price: 7526.26085
Current state price: 2414.5794
Number of samples:5
Depth:9
Leu,NNNNC
Val,NNCCN
Ser,CCNNN
Ile,NDNDD
Gly,NNCNN
Phe,NCNNN
Ala,CNNCN
Met,CXCCX
Thr,NXXNN
His,XXXXX
Arg,XXXXX
Codes calculated:150562456


Elapsed time:  0 days 00:22:18
iteration: 4300000; iterations/min: 192802.2
curr best price: 7526.26085
Current state price: 2380.3133299999995
Number of samples:5
Depth:9
Leu,NNNNC
Val,NNCCN
Ser,CCNNN
Ile,DDNDD
Gly,NNNCN
Phe,NCNNN
Ala,NCNXN
Met,CXCXX
Thr,XNNXN
His,XXXXX
Arg,XXXXX
Codes calculated:154617565


Elapsed time:  0 days 00:22:53
iteration: 4400000; iterations/min: 192219.9
curr best price: 7526.26085
Current state price: 2278.57436
Number of samples:5
Depth:9
Leu,NNNNC
Val,NNCCN
Ser,XCNNN
Ile,DNDDD
Gly,XNNCN
Phe,CNNNN
Ala,NNNXN
Met,CCXCC
Thr,NXXNN
His,XXXXX
Arg,XXXXX
Codes calculated:158611312


Elapsed time:  0 days 00:23:23
iteration: 4500000; iterations/min: 192438.0
curr best price: 7526.26085
Current state price: 1350.35802
Number of samples:5
Depth:6
Leu,NNNNC
Val,XNNCN
Ser,NNCNN
Ile,DDDXD
Gly,XCNNN
Phe,NCNNN
His,XXXXX
Arg,XXXXX
Codes calculated:161907955


Elapsed time:  0 days 00:23:52
iteration: 4600000; iterations/min: 192704.2
curr best price: 7526.26085
Current state price: 2475.61353
Number of samples:5
Depth:9
Leu,NNNNC
Val,XNNCN
Ser,NNCCN
Ile,NDDDD
Gly,NCNNN
Phe,CCNNN
Ala,NNNCN
Met,CXCCC
Thr,NXNXN
His,XXXXX
Arg,XXXXX
Codes calculated:165096599


Elapsed time:  0 days 00:24:22
iteration: 4700000; iterations/min: 192775.1
curr best price: 7526.26085
Current state price: 2295.86212
Number of samples:5
Depth:9
Leu,NNNNC
Val,XNNCN
Ser,NNCCN
Ile,DNDXD
Gly,XCNNN
Phe,NCNNN
Ala,NCCNN
Met,XCXCC
Thr,NXXNN
His,XXXXX
Arg,XXXXX
Codes calculated:168522155


Elapsed time:  0 days 00:24:53
iteration: 4800000; iterations/min: 192793.6
curr best price: 7526.26085
Current state price: 2798.10682
Number of samples:5
Depth:10
Leu,NNNNC
Val,XNNCN
Ser,NNCCN
Ile,DDXDD
Gly,CXNNN
Phe,NCNNN
Ala,NNNNN
Met,CCCXC
Thr,XNNNN
Glu,NNCNX
His,XXXXX
Arg,XXXXX
Codes calculated:171782534


Elapsed time:  0 days 00:25:24
iteration: 4900000; iterations/min: 192842.8
curr best price: 7526.26085
Current state price: 2351.7897700000003
Number of samples:5
Depth:9
Leu,NNNNC
Val,XNNCN
Ser,NNCXN
Ile,NDDXD
Gly,NCNNN
Phe,XCNNN
Ala,CNNNN
Met,CCXCC
Thr,NNXNN
His,XXXXX
Arg,XXXXX
Codes calculated:175093858


Elapsed time:  0 days 00:25:50
iteration: 5000000; iterations/min: 193442.1
curr best price: 7526.26085
Current state price: 2496.7221
Number of samples:5
Depth:9
Leu,NNNNC
Val,XNNCN
Ser,NCCNN
Ile,NNDDN
Gly,CNNNN
Phe,NCNNN
Ala,XXNNN
Met,XXCCC
Thr,XNNNN
His,XXXXX
Arg,XXXXX
Codes calculated:177950061


Elapsed time:  0 days 00:26:22
iteration: 5100000; iterations/min: 193403.4
curr best price: 7526.26085
Current state price: 2452.44419
Number of samples:5
Depth:9
Leu,NNNNC
Val,XNNCN
Ser,NXCNN
Ile,DDDND
Gly,CNNNN
Phe,NCNNN
Ala,NNNCN
Met,XXCCC
Thr,NXNNN
His,XXXXX
Arg,XXXXX
Codes calculated:181261310


Evaluation Finished!
Final clock time:                04-09-2018 14:08:15

Final evaluation time DDHHMMSS:    0 days 00:26:45
Final evaluation time (seconds): 1605.4545290470123
Final number of samples:         5
Final number of iterations:      5170655
Final number of codes evaluated: 183767613
