
Search for Nav2D_NCD2_3 solution started
Host name is                      zion.localdomain
Start clock time:                 04-09-2018 20:08:25

Search in 1 samples

Max depth reached: 0
Search in 2 samples

Max depth reached: 0
Search in 3 samples

Max depth reached: 0
Search in 4 samples

Max depth reached: 2
Search in 5 samples


Elapsed time:  0 days 00:00:00
Solutions found: 1
Best price: 11484.12
Iterations: 90

Elapsed time:  0 days 00:00:00
Solutions found: 2
Best price: 11298.64
Iterations: 114

Elapsed time:  0 days 00:00:00
Solutions found: 3
Best price: 11205.89
Iterations: 115

Elapsed time:  0 days 00:00:00
Solutions found: 4
Best price: 11177.93
Iterations: 318

Elapsed time:  0 days 00:00:00
Solutions found: 5
Best price: 10992.44
Iterations: 342

Elapsed time:  0 days 00:00:00
Solutions found: 6
Best price: 10899.70
Iterations: 343

Elapsed time:  0 days 00:00:00
Solutions found: 7
Best price: 10849.95
Iterations: 1039

Elapsed time:  0 days 00:00:00
Solutions found: 8
Best price: 10757.21
Iterations: 1040

Elapsed time:  0 days 00:00:00
Solutions found: 9
Best price: 10727.07
Iterations: 4274

Elapsed time:  0 days 00:00:00
Solutions found: 10
Best price: 10634.33
Iterations: 4288

Elapsed time:  0 days 00:00:00
Solutions found: 11
Best price: 10634.30
Iterations: 4919

Elapsed time:  0 days 00:00:00
Solutions found: 12
Best price: 10541.56
Iterations: 4920

Elapsed time:  0 days 00:00:00
Solutions found: 13
Best price: 10491.84
Iterations: 5045

Elapsed time:  0 days 00:00:00
Solutions found: 14
Best price: 9432.65
Iterations: 5523

Elapsed time:  0 days 00:00:00
Solutions found: 15
Best price: 9247.17
Iterations: 5534

Elapsed time:  0 days 00:00:00
Solutions found: 16
Best price: 9154.43
Iterations: 5548

Elapsed time:  0 days 00:00:00
Solutions found: 17
Best price: 9154.40
Iterations: 5893

Elapsed time:  0 days 00:00:00
Solutions found: 18
Best price: 9061.66
Iterations: 5894

Elapsed time:  0 days 00:00:00
Solutions found: 19
Best price: 9011.94
Iterations: 6018

Elapsed time:  0 days 00:00:00
Solutions found: 20
Best price: 8975.35
Iterations: 6849

Elapsed time:  0 days 00:00:00
Solutions found: 21
Best price: 8924.46
Iterations: 7479

Elapsed time:  0 days 00:00:00
Solutions found: 22
Best price: 8831.72
Iterations: 7493

Elapsed time:  0 days 00:00:00
Solutions found: 23
Best price: 8803.75
Iterations: 7696

Elapsed time:  0 days 00:00:00
Solutions found: 24
Best price: 8618.26
Iterations: 7707

Elapsed time:  0 days 00:00:00
Solutions found: 25
Best price: 8525.52
Iterations: 7721

Elapsed time:  0 days 00:00:00
Solutions found: 26
Best price: 8525.50
Iterations: 8528

Elapsed time:  0 days 00:00:00
Solutions found: 27
Best price: 8432.75
Iterations: 8529

Elapsed time:  0 days 00:00:00
Solutions found: 28
Best price: 8383.04
Iterations: 8882

Elapsed time:  0 days 00:00:00
Solutions found: 29
Best price: 8309.87
Iterations: 10291

Elapsed time:  0 days 00:00:00
Solutions found: 30
Best price: 8260.15
Iterations: 10407

Elapsed time:  0 days 00:00:01
Solutions found: 31
Best price: 8246.64
Iterations: 15336

Elapsed time:  0 days 00:00:01
Solutions found: 32
Best price: 8196.92
Iterations: 15689

Elapsed time:  0 days 00:00:01
Solutions found: 33
Best price: 8123.76
Iterations: 16410

Elapsed time:  0 days 00:00:01
Solutions found: 34
Best price: 8074.04
Iterations: 16526

Elapsed time:  0 days 00:00:01
Solutions found: 35
Best price: 8024.29
Iterations: 16872

Elapsed time:  0 days 00:00:01
Solutions found: 36
Best price: 7931.55
Iterations: 16886

Elapsed time:  0 days 00:00:01
Solutions found: 37
Best price: 7886.24
Iterations: 19209

Elapsed time:  0 days 00:00:02
Solutions found: 38
Best price: 7840.93
Iterations: 26115

Elapsed time:  0 days 00:00:03
Solutions found: 39
Best price: 7798.76
Iterations: 32581

Elapsed time:  0 days 00:00:03
Solutions found: 40
Best price: 7770.79
Iterations: 32778

Elapsed time:  0 days 00:00:03
Solutions found: 41
Best price: 7585.31
Iterations: 32787

Elapsed time:  0 days 00:00:03
Solutions found: 42
Best price: 7492.57
Iterations: 32803

Elapsed time:  0 days 00:00:03
Solutions found: 43
Best price: 7442.85
Iterations: 33036

Elapsed time:  0 days 00:00:04
Solutions found: 44
Best price: 7319.94
Iterations: 37252

Elapsed time:  0 days 00:00:04
Solutions found: 45
Best price: 7227.20
Iterations: 37268

Elapsed time:  0 days 00:00:04
Solutions found: 46
Best price: 7177.48
Iterations: 37383

Elapsed time:  0 days 00:00:05
Solutions found: 47
Best price: 7132.17
Iterations: 63891

Elapsed time:  0 days 00:00:14
Solutions found: 48
Best price: 7037.98
Iterations: 87434

Elapsed time:  0 days 00:00:14
Solutions found: 49
Best price: 6945.23
Iterations: 87446

Elapsed time:  0 days 00:00:14
Solutions found: 50
Best price: 6908.64
Iterations: 88179

Elapsed time:  0 days 00:00:16
Solutions found: 51
Best price: 6852.46
Iterations: 94247

Elapsed time:  0 days 00:00:16
Solutions found: 52
Best price: 6802.75
Iterations: 94289

Elapsed time:  0 days 00:00:16
Solutions found: 53
Best price: 6766.16
Iterations: 95139

Elapsed time:  0 days 00:00:17
Solutions found: 54
Best price: 6757.44
Iterations: 98040

Elapsed time:  0 days 00:00:18
Solutions found: 55
Best price: 6720.85
Iterations: 98770

Elapsed time:  0 days 00:00:18
iteration: 100000; iterations/min: 317617.9
curr best price: 6720.846379999999
Current state price: 2691.0002
Number of samples:5
Depth:10
Leu,NNNNC
Val,NNNCN
Ser,NNCNN
Ile,NNDDD
Gly,CCNNN
Phe,NCNNN
Ala,CNNXN
Met,XCXCC
Thr,XNXNN
Glu,NCCNN
His,XXXXX
Arg,XXXXX
Codes calculated:2170231


Elapsed time:  0 days 00:00:57
Solutions found: 56
Best price: 6720.78
Iterations: 175068

Elapsed time:  0 days 00:00:57
Solutions found: 57
Best price: 6712.06
Iterations: 176175

Elapsed time:  0 days 00:00:57
Solutions found: 58
Best price: 6675.47
Iterations: 176476

Elapsed time:  0 days 00:00:57
Solutions found: 59
Best price: 6666.75
Iterations: 178003

Elapsed time:  0 days 00:00:58
Solutions found: 60
Best price: 6630.16
Iterations: 178306

Elapsed time:  0 days 00:00:58
Solutions found: 61
Best price: 6586.77
Iterations: 178944

Elapsed time:  0 days 00:00:58
Solutions found: 62
Best price: 6550.18
Iterations: 179292

Elapsed time:  0 days 00:00:58
Solutions found: 63
Best price: 6541.46
Iterations: 179956

Elapsed time:  0 days 00:00:59
Solutions found: 64
Best price: 6504.87
Iterations: 180273

Elapsed time:  0 days 00:01:08
iteration: 200000; iterations/min: 175087.3
curr best price: 6504.8671699999995
Current state price: 2661.94373
Number of samples:5
Depth:10
Leu,NNNNC
Val,NNNCN
Ser,NNCNN
Ile,NDDDN
Gly,NCNNN
Phe,XCNNN
Ala,CNNXN
Met,XCCXC
Thr,XNXNN
Glu,CNNCN
His,XXXXX
Arg,XXXXX
Codes calculated:8623309


Elapsed time:  0 days 00:02:01
iteration: 300000; iterations/min: 148374.2
curr best price: 6504.8671699999995
Current state price: 2934.48643
Number of samples:5
Depth:10
Leu,NNNNC
Val,NNNCN
Ser,NNCNN
Ile,XDDND
Gly,CCNNN
Phe,NCNNN
Ala,CNNCN
Met,CCXCC
Thr,NNNNN
Glu,CNXNN
His,XXXXX
Arg,XXXXX
Codes calculated:15185991


Elapsed time:  0 days 00:02:01
Solutions found: 65
Best price: 6472.88
Iterations: 300205

Elapsed time:  0 days 00:02:02
Solutions found: 66
Best price: 6464.17
Iterations: 300998

Elapsed time:  0 days 00:02:02
Solutions found: 67
Best price: 6427.58
Iterations: 301315

Elapsed time:  0 days 00:02:59
iteration: 400000; iterations/min: 133828.9
curr best price: 6427.57526
Current state price: 2761.53306
Number of samples:5
Depth:10
Leu,NNNNC
Val,NNNCN
Ser,NNCNN
Ile,DDDND
Gly,CCNNN
Phe,NCNNN
Ala,XNNCN
Met,XCCCX
Thr,XNNNN
Glu,XCNNN
His,XXXXX
Arg,XXXXX
Codes calculated:22801892


Elapsed time:  0 days 00:03:58
iteration: 500000; iterations/min: 125806.7
curr best price: 6427.57526
Current state price: 2448.75893
Number of samples:5
Depth:9
Leu,NNNNC
Val,NNNCN
Ser,NNCCN
Ile,NDNDD
Gly,CNNNN
Phe,NCNNN
Ala,CCNNN
Met,CXCCC
Thr,XNNXN
His,XXXXX
Arg,XXXXX
Codes calculated:30553922


Elapsed time:  0 days 00:04:40
Solutions found: 68
Best price: 6414.80
Iterations: 566868

Elapsed time:  0 days 00:04:49
iteration: 600000; iterations/min: 124430.2
curr best price: 6414.798379999999
Current state price: 10763.078300000001
Number of samples:5
Depth:13
Leu,NNNNC
Val,NNNCN
Ser,NNCCN
Ile,NDNDD
Gly,CCNNN
Phe,NCNNN
Ala,CNNCN
Met,CXCCC
Thr,XNNNN
Glu,NXCNN
Asn,NNXNN
Asp,CXNNX
Trp,DNNCD
His,XXXXX
Arg,XXXXX
Codes calculated:37360716


Elapsed time:  0 days 00:04:50
Solutions found: 69
Best price: 6406.08
Iterations: 602772

Elapsed time:  0 days 00:04:50
Solutions found: 70
Best price: 6369.49
Iterations: 603341

Elapsed time:  0 days 00:05:01
Solutions found: 71
Best price: 6360.77
Iterations: 643021

Elapsed time:  0 days 00:05:01
Solutions found: 72
Best price: 6324.18
Iterations: 643622

Elapsed time:  0 days 00:05:04
Solutions found: 73
Best price: 6295.95
Iterations: 647225

Elapsed time:  0 days 00:05:05
Solutions found: 74
Best price: 6287.23
Iterations: 649964

Elapsed time:  0 days 00:05:35
iteration: 700000; iterations/min: 125342.7
curr best price: 6287.22726
Current state price: 2395.94931
Number of samples:5
Depth:9
Leu,NNNNC
Val,NNNCN
Ser,NNCCN
Ile,NDNDD
Gly,CXNNN
Phe,CNNNN
Ala,CNNCN
Met,XCCXC
Thr,NXNXN
His,XXXXX
Arg,XXXXX
Codes calculated:43618670


Elapsed time:  0 days 00:06:43
iteration: 800000; iterations/min: 118872.7
curr best price: 6287.22726
Current state price: 9501.9023
Number of samples:5
Depth:13
Leu,NNNNC
Val,NNNCN
Ser,NNCCN
Ile,NDXDD
Gly,CCNNN
Phe,NCNNN
Ala,NCCNN
Met,CXCCC
Thr,XNNNN
Glu,CNNNX
Asn,NNNNN
Asp,XCNNX
Trp,DXXDN
His,XXXXX
Arg,XXXXX
Codes calculated:52839604


Elapsed time:  0 days 00:06:49
Solutions found: 75
Best price: 6276.69
Iterations: 811846

Elapsed time:  0 days 00:06:54
Solutions found: 76
Best price: 6267.97
Iterations: 828159

Elapsed time:  0 days 00:06:55
Solutions found: 77
Best price: 6231.38
Iterations: 830420

Elapsed time:  0 days 00:07:03
Solutions found: 78
Best price: 6209.94
Iterations: 854127

Elapsed time:  0 days 00:07:34
iteration: 900000; iterations/min: 118784.3
curr best price: 6209.93535
Current state price: 3403.34023
Number of samples:5
Depth:11
Leu,NNNNC
Val,NNNCN
Ser,NNCCN
Ile,NDDND
Gly,NCNNN
Phe,CNNNN
Ala,CNCNN
Met,CCXXX
Thr,NNXNN
Glu,NNCNX
Asn,NNNNN
His,XXXXX
Arg,XXXXX
Codes calculated:59609619


Elapsed time:  0 days 00:08:42
iteration: 1000000; iterations/min: 114858.2
curr best price: 6209.93535
Current state price: 3206.30101
Number of samples:5
Depth:11
Leu,NNNNC
Val,NNNCN
Ser,NNCCN
Ile,NDDDD
Gly,NCNNN
Phe,CNNNN
Ala,NCNCN
Met,CCXXX
Thr,NNXNN
Glu,XNCNN
Asn,XNNNX
His,XXXXX
Arg,XXXXX
Codes calculated:68833283


Elapsed time:  0 days 00:09:56
iteration: 1100000; iterations/min: 110696.6
curr best price: 6209.93535
Current state price: 2397.64547
Number of samples:5
Depth:9
Leu,NNNNC
Val,NNNCN
Ser,NNCCN
Ile,XDNDD
Gly,NCNNN
Phe,CCNNN
Ala,CNNCN
Met,XCCCC
Thr,NXNNX
His,XXXXX
Arg,XXXXX
Codes calculated:78447131


Elapsed time:  0 days 00:10:58
iteration: 1200000; iterations/min: 109291.5
curr best price: 6209.93535
Current state price: 10432.84161
Number of samples:5
Depth:13
Leu,NNNNC
Val,NNNCN
Ser,NNCCN
Ile,XDXDD
Gly,CCNNN
Phe,NCNNN
Ala,NCCNN
Met,CXCXC
Thr,NNXNN
Glu,CNNNN
Asn,NNNNN
Asp,XCXNN
Trp,NCXDD
His,XXXXX
Arg,XXXXX
Codes calculated:86774437


Elapsed time:  0 days 00:11:12
Solutions found: 79
Best price: 6199.39
Iterations: 1226873

Elapsed time:  0 days 00:11:27
Solutions found: 80
Best price: 6190.68
Iterations: 1280411

Elapsed time:  0 days 00:11:28
Solutions found: 81
Best price: 6154.09
Iterations: 1281152

Elapsed time:  0 days 00:11:33
iteration: 1300000; iterations/min: 112521.2
curr best price: 6154.08562
Current state price: 11454.02761
Number of samples:5
Depth:13
Leu,NNNNC
Val,NNNCN
Ser,NNCCN
Ile,XDXDD
Gly,CCNNN
Phe,NCNNN
Ala,CNNCN
Met,CXCXC
Thr,XNNNN
Glu,NXCNN
Asn,NNNNN
Asp,XCXNN
Trp,CDNCD
His,XXXXX
Arg,XXXXX
Codes calculated:90929550


Elapsed time:  0 days 00:12:19
iteration: 1400000; iterations/min: 113520.3
curr best price: 6154.08562
Current state price: 2753.01882
Number of samples:5
Depth:10
Leu,NNNNC
Val,NNNCN
Ser,NNCCN
Ile,XDXDD
Gly,XCNNN
Phe,CNNNN
Ala,NXCNN
Met,CCCCC
Thr,NXNNN
Glu,NXCNN
His,XXXXX
Arg,XXXXX
Codes calculated:97318414


Elapsed time:  0 days 00:13:26
iteration: 1500000; iterations/min: 111524.6
curr best price: 6154.08562
Current state price: 3028.27937
Number of samples:5
Depth:11
Leu,NNNNC
Val,NNNCN
Ser,NNCCN
Ile,XDDXD
Gly,CCNNN
Phe,NCNNN
Ala,CNCNN
Met,XCCXX
Thr,XNNNN
Glu,NNCNN
Asn,XNXNN
His,XXXXX
Arg,XXXXX
Codes calculated:106384182


Elapsed time:  0 days 00:14:26
iteration: 1600000; iterations/min: 110738.7
curr best price: 6154.08562
Current state price: 3145.7457700000004
Number of samples:5
Depth:11
Leu,NNNNC
Val,NNNCN
Ser,NNCCN
Ile,XDDDD
Gly,CCNNN
Phe,NCNNN
Ala,NCXNN
Met,CXXCC
Thr,NNXNN
Glu,XNCNN
Asn,NNXNX
His,XXXXX
Arg,XXXXX
Codes calculated:114583132


Elapsed time:  0 days 00:15:32
iteration: 1700000; iterations/min: 109409.4
curr best price: 6154.08562
Current state price: 2421.1169
Number of samples:5
Depth:9
Leu,NNNNC
Val,NNNCN
Ser,NNCCN
Ile,DDXDD
Gly,NCNNN
Phe,CCNNN
Ala,CNNNN
Met,XCCCC
Thr,XNXNN
His,XXXXX
Arg,XXXXX
Codes calculated:122717121


Elapsed time:  0 days 00:16:42
iteration: 1800000; iterations/min: 107715.2
curr best price: 6154.08562
Current state price: 3096.57265
Number of samples:5
Depth:10
Leu,NNNNC
Val,NNNCN
Ser,NNCCN
Ile,DDDDN
Gly,NCNNN
Phe,CNNNN
Ala,NXNCN
Met,CCXCC
Thr,NNXNN
Glu,NCNCN
His,XXXXX
Arg,XXXXX
Codes calculated:131725997


Elapsed time:  0 days 00:17:44
iteration: 1900000; iterations/min: 107077.0
curr best price: 6154.08562
Current state price: 2451.76804
Number of samples:5
Depth:9
Leu,NNNNC
Val,NNNCN
Ser,NNCXN
Ile,NDDDN
Gly,CNNNN
Phe,NCNNN
Ala,CCNNN
Met,XCCXC
Thr,NNNNX
His,XXXXX
Arg,XXXXX
Codes calculated:138984570


Elapsed time:  0 days 00:18:49
iteration: 2000000; iterations/min: 106215.2
curr best price: 6154.08562
Current state price: 3014.78901
Number of samples:5
Depth:10
Leu,NNNNC
Val,NNNCN
Ser,NNCXN
Ile,XDDDD
Gly,XCNNN
Phe,NCNNN
Ala,NXNCN
Met,CXCXC
Thr,NNNNN
Glu,NCCNN
His,XXXXX
Arg,XXXXX
Codes calculated:146937515


Elapsed time:  0 days 00:19:49
iteration: 2100000; iterations/min: 105918.4
curr best price: 6154.08562
Current state price: 2366.32622
Number of samples:5
Depth:9
Leu,NNNNC
Val,NNNCN
Ser,NCCNN
Ile,NNDDD
Gly,CNXNN
Phe,NNCNN
Ala,XCNNN
Met,CCXCX
Thr,XNXNN
His,XXXXX
Arg,XXXXX
Codes calculated:153755516


Elapsed time:  0 days 00:20:47
iteration: 2200000; iterations/min: 105794.7
curr best price: 6154.08562
Current state price: 2373.82706
Number of samples:5
Depth:9
Leu,NNNNC
Val,NNNCN
Ser,NCCNN
Ile,DNDDN
Gly,CNNNN
Phe,NCNNN
Ala,CXNNN
Met,CXCXC
Thr,XNNNX
His,XXXXX
Arg,XXXXX
Codes calculated:159644568


Elapsed time:  0 days 00:21:49
iteration: 2300000; iterations/min: 105386.2
curr best price: 6154.08562
Current state price: 2744.1792600000003
Number of samples:5
Depth:9
Leu,NNNNC
Val,NNNCN
Ser,NCCNN
Ile,DXDDN
Gly,CNNNN
Phe,NNCNN
Ala,XNNXN
Met,CXCCC
Thr,NNNNN
His,XXXXX
Arg,XXXXX
Codes calculated:166129138


Elapsed time:  0 days 00:22:49
iteration: 2400000; iterations/min: 105138.8
curr best price: 6154.08562
Current state price: 2888.2455299999997
Number of samples:5
Depth:10
Leu,NNNNC
Val,NNNCN
Ser,XNCNN
Ile,NDDDN
Gly,NCNNN
Phe,CNNNN
Ala,CXNNN
Met,XCCCC
Thr,NNXNN
Glu,NCNCN
His,XXXXX
Arg,XXXXX
Codes calculated:172393010


Elapsed time:  0 days 00:23:46
iteration: 2500000; iterations/min: 105154.2
curr best price: 6154.08562
Current state price: 2276.45463
Number of samples:5
Depth:9
Leu,NNNNC
Val,NNNCN
Ser,XNCNN
Ile,DDDND
Gly,NCNNN
Phe,CNNNN
Ala,CNNCN
Met,XCCCX
Thr,NXNNX
His,XXXXX
Arg,XXXXX
Codes calculated:178669057


Elapsed time:  0 days 00:24:54
iteration: 2600000; iterations/min: 104386.5
curr best price: 6154.08562
Current state price: 2487.91107
Number of samples:5
Depth:10
Leu,NNNNC
Val,NNCCN
Ser,NCNNN
Ile,DNXDD
Gly,CNXNN
Phe,CNNNN
Ala,NNNCN
Met,CCCCX
Thr,NXNXN
Glu,NXNCN
His,XXXXX
Arg,XXXXX
Codes calculated:186541307


Elapsed time:  0 days 00:26:05
iteration: 2700000; iterations/min: 103451.7
curr best price: 6154.08562
Current state price: 2782.41007
Number of samples:5
Depth:10
Leu,NNNNC
Val,NNCCN
Ser,NCNNN
Ile,DDDDD
Gly,NNNCN
Phe,CNNNN
Ala,XNNCN
Met,XCXCC
Thr,NXXNN
Glu,NCCNN
His,XXXXX
Arg,XXXXX
Codes calculated:195435333


Elapsed time:  0 days 00:27:31
iteration: 2800000; iterations/min: 101749.9
curr best price: 6154.08562
Current state price: 2918.7318899999996
Number of samples:5
Depth:10
Leu,NNNNC
Val,NNCCN
Ser,NCNCN
Ile,NDDND
Gly,CNXNN
Phe,CNNNN
Ala,CXNNN
Met,CCCCC
Thr,NXNNN
Glu,NNCXN
His,XXXXX
Arg,XXXXX
Codes calculated:207268375


Elapsed time:  0 days 00:28:51
iteration: 2900000; iterations/min: 100477.0
curr best price: 6154.08562
Current state price: 2850.55842
Number of samples:5
Depth:10
Leu,NNNNC
Val,NNCCN
Ser,NCNCN
Ile,NDDXD
Gly,CNNNN
Phe,CXNNN
Ala,CNCNN
Met,CCCCC
Thr,NXNNN
Glu,NCNNX
His,XXXXX
Arg,XXXXX
Codes calculated:218723595


Elapsed time:  0 days 00:30:08
iteration: 3000000; iterations/min: 99519.5
curr best price: 6154.08562
Current state price: 2270.54047
Number of samples:5
Depth:9
Leu,NNNNC
Val,NNCCN
Ser,NCNCN
Ile,NDDXD
Gly,CXNNN
Phe,CNNNN
Ala,XNNXN
Met,CCCXX
Thr,XNNNX
His,XXXXX
Arg,XXXXX
Codes calculated:229836346


Elapsed time:  0 days 00:31:34
iteration: 3100000; iterations/min: 98175.8
curr best price: 6154.08562
Current state price: 2372.92141
Number of samples:5
Depth:9
Leu,NNNNC
Val,NNCCN
Ser,NCNCN
Ile,NDDDD
Gly,CNNXN
Phe,CXNNN
Ala,NXNNN
Met,CCCXX
Thr,NNXXN
His,XXXXX
Arg,XXXXX
Codes calculated:240622053


Elapsed time:  0 days 00:33:08
iteration: 3200000; iterations/min: 96554.7
curr best price: 6154.08562
Current state price: 3115.21476
Number of samples:5
Depth:10
Leu,NNNNC
Val,NNCCN
Ser,NCNCN
Ile,XDDND
Gly,NNCNN
Phe,CXNNN
Ala,NXNNN
Met,CCXCX
Thr,NNNNN
Glu,NCNNC
His,XXXXX
Arg,XXXXX
Codes calculated:254324046


Elapsed time:  0 days 00:34:09
iteration: 3300000; iterations/min: 96628.1
curr best price: 6154.08562
Current state price: 2719.63852
Number of samples:5
Depth:10
Leu,NNNNC
Val,NNCCN
Ser,NCNCN
Ile,XDDXD
Gly,NNCNN
Phe,CNCNN
Ala,NCNNN
Met,CXCXC
Thr,NNNXN
Glu,NCXNN
His,XXXXX
Arg,XXXXX
Codes calculated:262543809


Elapsed time:  0 days 00:35:00
Solutions found: 82
Best price: 6148.02
Iterations: 3392769

Elapsed time:  0 days 00:35:02
iteration: 3400000; iterations/min: 97031.6
curr best price: 6148.0205
Current state price: 8665.3274
Number of samples:5
Depth:13
Leu,NNNNC
Val,NNCCN
Ser,NCNCN
Ile,XDDXD
Gly,CNCNN
Phe,CNNNN
Ala,NNNCN
Met,CXXCC
Thr,NXNNN
Glu,XCNNN
Asn,NNNNN
Asp,XXCNN
Trp,NDCXC
His,XXXXX
Arg,XXXXX
Codes calculated:269734046


Elapsed time:  0 days 00:35:22
Solutions found: 83
Best price: 6136.98
Iterations: 3451296

Elapsed time:  0 days 00:35:27
Solutions found: 84
Best price: 6128.94
Iterations: 3466145

Elapsed time:  0 days 00:35:37
Solutions found: 85
Best price: 6128.26
Iterations: 3495707

Elapsed time:  0 days 00:35:37
Solutions found: 86
Best price: 6091.67
Iterations: 3497317

Elapsed time:  0 days 00:35:38
iteration: 3500000; iterations/min: 98192.4
curr best price: 6091.6711399999995
Current state price: 5516.83166
Number of samples:5
Depth:15
Leu,NNNNC
Val,NNCCN
Ser,NCNCN
Ile,XDDXD
Gly,CNCNN
Phe,CNNNN
Ala,CCNNN
Met,CCXCC
Thr,NXNNN
Glu,NCNNX
Asn,NNNXN
Asp,CXXNN
Trp,XNCNX
Lys,NNNXX
Tyr,NXXCN
His,XXXXX
Arg,XXXXX
Codes calculated:273804602


Elapsed time:  0 days 00:35:52
Solutions found: 87
Best price: 6082.95
Iterations: 3541206

Elapsed time:  0 days 00:35:52
Solutions found: 88
Best price: 6046.36
Iterations: 3542212

Elapsed time:  0 days 00:36:38
iteration: 3600000; iterations/min: 98243.1
curr best price: 6046.36236
Current state price: 2826.21849
Number of samples:5
Depth:10
Leu,NNNNC
Val,NNCCN
Ser,NCNCN
Ile,XDDDD
Gly,CCNNN
Phe,CNCNN
Ala,CNNXN
Met,CXCXC
Thr,NNXNN
Glu,NNCXN
His,XXXXX
Arg,XXXXX
Codes calculated:280986004


Elapsed time:  0 days 00:37:53
iteration: 3700000; iterations/min: 97666.9
curr best price: 6046.36236
Current state price: 2778.93683
Number of samples:5
Depth:10
Leu,NNNNC
Val,NNCCN
Ser,NCNCN
Ile,DNXDD
Gly,CXNNN
Phe,CNNNN
Ala,NXNNN
Met,XCCCC
Thr,NNNXN
Glu,NNXCN
His,XXXXX
Arg,XXXXX
Codes calculated:289625892


Elapsed time:  0 days 00:39:04
iteration: 3800000; iterations/min: 97237.6
curr best price: 6046.36236
Current state price: 2456.72844
Number of samples:5
Depth:9
Leu,NNNNC
Val,NNCCN
Ser,NCNCN
Ile,DNDDD
Gly,CNNXN
Phe,CNCNN
Ala,NNCNN
Met,CCXXC
Thr,NNXNX
His,XXXXX
Arg,XXXXX
Codes calculated:296752024


Elapsed time:  0 days 00:40:21
iteration: 3900000; iterations/min: 96624.9
curr best price: 6046.36236
Current state price: 2750.93134
Number of samples:5
Depth:10
Leu,NNNNC
Val,NNCCN
Ser,NCNCN
Ile,DXNDD
Gly,CXNNN
Phe,CNXNN
Ala,XNNNN
Met,CCCXC
Thr,NNNXN
Glu,NCXNN
His,XXXXX
Arg,XXXXX
Codes calculated:305560828


Elapsed time:  0 days 00:41:18
iteration: 4000000; iterations/min: 96840.5
curr best price: 6046.36236
Current state price: 2623.45608
Number of samples:5
Depth:10
Leu,NNNNC
Val,NNCCN
Ser,NCNCN
Ile,DXXDD
Gly,CNXNN
Phe,CNNNN
Ala,NNNNN
Met,XCXXC
Thr,NNNXN
Glu,XNNCN
His,XXXXX
Arg,XXXXX
Codes calculated:313005748


Elapsed time:  0 days 00:42:17
iteration: 4100000; iterations/min: 96932.5
curr best price: 6046.36236
Current state price: 2545.87478
Number of samples:5
Depth:9
Leu,NNNNC
Val,NNCCN
Ser,NCNCN
Ile,DXDND
Gly,CNNXN
Phe,CXNNN
Ala,NNCNN
Met,CCCXC
Thr,NNNNX
His,XXXXX
Arg,XXXXX
Codes calculated:320764182


Elapsed time:  0 days 00:43:37
iteration: 4200000; iterations/min: 96275.2
curr best price: 6046.36236
Current state price: 2578.2213699999998
Number of samples:5
Depth:9
Leu,NNNNC
Val,NNCCN
Ser,NCNCN
Ile,DXDDD
Gly,XNCNN
Phe,CCNNN
Ala,NNNNN
Met,CCXXC
Thr,NXNNN
His,XXXXX
Arg,XXXXX
Codes calculated:329741021


Elapsed time:  0 days 00:44:49
iteration: 4300000; iterations/min: 95912.0
curr best price: 6046.36236
Current state price: 2659.95559
Number of samples:5
Depth:9
Leu,NNNNC
Val,NNCCN
Ser,NCNCN
Ile,DDNDD
Gly,CNNCN
Phe,CXNNN
Ala,NXCNN
Met,CCCCX
Thr,NXNNN
His,XXXXX
Arg,XXXXX
Codes calculated:337431723


Elapsed time:  0 days 00:46:06
iteration: 4400000; iterations/min: 95414.1
curr best price: 6046.36236
Current state price: 2977.70929
Number of samples:5
Depth:10
Leu,NNNNC
Val,NNCCN
Ser,NCNCN
Ile,DDXDD
Gly,CXNNN
Phe,CNXNN
Ala,NXNNN
Met,CXCCC
Thr,NNNXN
Glu,NNCNC
His,XXXXX
Arg,XXXXX
Codes calculated:345939182


Elapsed time:  0 days 00:47:17
iteration: 4500000; iterations/min: 95165.2
curr best price: 6046.36236
Current state price: 2620.11095
Number of samples:5
Depth:9
Leu,NNNNC
Val,NNCCN
Ser,NCNCN
Ile,DDDXD
Gly,NNCNN
Phe,CCNNN
Ala,CNCNN
Met,CXXCC
Thr,NNNNX
His,XXXXX
Arg,XXXXX
Codes calculated:352593777


Elapsed time:  0 days 00:48:31
iteration: 4600000; iterations/min: 94809.5
curr best price: 6046.36236
Current state price: 2862.74
Number of samples:5
Depth:9
Leu,NNNNC
Val,NNCCN
Ser,NCNCN
Ile,DDDDD
Gly,XNCNN
Phe,CXNNN
Ala,CNNXN
Met,CCCXX
Thr,NNNNN
His,XXXXX
Arg,XXXXX
Codes calculated:360021786


Elapsed time:  0 days 00:49:44
iteration: 4700000; iterations/min: 94490.1
curr best price: 6046.36236
Current state price: 2595.5898199999997
Number of samples:5
Depth:10
Leu,NNNNC
Val,NNCCN
Ser,NCXNN
Ile,DDNXD
Gly,CNXNN
Phe,CNNNN
Ala,NNCNN
Met,XCXCC
Thr,NXNNN
Glu,NXCNN
His,XXXXX
Arg,XXXXX
Codes calculated:369251824


Elapsed time:  0 days 00:50:56
iteration: 4800000; iterations/min: 94234.1
curr best price: 6046.36236
Current state price: 2617.6721900000002
Number of samples:5
Depth:9
Leu,NNNNC
Val,NNCCN
Ser,CCNNN
Ile,NDNDD
Gly,NCCNN
Phe,NCNNN
Ala,XNNXN
Met,CCCXC
Thr,NNNXN
His,XXXXX
Arg,XXXXX
Codes calculated:377929522


Elapsed time:  0 days 00:52:11
iteration: 4900000; iterations/min: 93886.5
curr best price: 6046.36236
Current state price: 2501.6049599999997
Number of samples:5
Depth:9
Leu,NNNNC
Val,NNCCN
Ser,CCNNN
Ile,DDNDD
Gly,NCNCN
Phe,NCNNN
Ala,CNCNN
Met,CXCCC
Thr,NXXNN
His,XXXXX
Arg,XXXXX
Codes calculated:385805615


Elapsed time:  0 days 00:53:25
iteration: 5000000; iterations/min: 93592.7
curr best price: 6046.36236
Current state price: 2706.867
Number of samples:5
Depth:10
Leu,NNNNC
Val,NNCCN
Ser,XCNNN
Ile,DDNDD
Gly,NNNCN
Phe,CNNNN
Ala,NNXNN
Met,XCCCC
Thr,NXNXN
Glu,NCCNN
His,XXXXX
Arg,XXXXX
Codes calculated:394467698


Elapsed time:  0 days 00:54:26
iteration: 5100000; iterations/min: 93679.6
curr best price: 6046.36236
Current state price: 2279.5271
Number of samples:5
Depth:9
Leu,NNNNC
Val,XNNCN
Ser,NNCNN
Ile,DDDDN
Gly,XCNNN
Phe,NCNNN
Ala,NCNXN
Met,XCCXC
Thr,NNXXN
His,XXXXX
Arg,XXXXX
Codes calculated:401335271


Elapsed time:  0 days 00:55:28
iteration: 5200000; iterations/min: 93744.3
curr best price: 6046.36236
Current state price: 2374.50321
Number of samples:5
Depth:9
Leu,NNNNC
Val,XNNCN
Ser,NNCCN
Ile,NDDDD
Gly,CNNNN
Phe,NCNNN
Ala,NNNXN
Met,XCXCC
Thr,NXNNX
His,XXXXX
Arg,XXXXX
Codes calculated:408271405


Elapsed time:  0 days 00:56:31
iteration: 5300000; iterations/min: 93759.6
curr best price: 6046.36236
Current state price: 2790.81239
Number of samples:5
Depth:10
Leu,NNNNC
Val,XNNCN
Ser,NNCCN
Ile,DNDXD
Gly,XCNNN
Phe,NCNNN
Ala,NNCNN
Met,CCXCC
Thr,XNNNN
Glu,CNNNN
His,XXXXX
Arg,XXXXX
Codes calculated:415873369


Elapsed time:  0 days 00:57:34
iteration: 5400000; iterations/min: 93782.2
curr best price: 6046.36236
Current state price: 2469.49933
Number of samples:5
Depth:9
Leu,NNNNC
Val,XNNCN
Ser,NNCCN
Ile,DDXDD
Gly,CNNNN
Phe,XCNNN
Ala,NNNCN
Met,XXCXC
Thr,NXNNN
His,XXXXX
Arg,XXXXX
Codes calculated:422867094


Elapsed time:  0 days 00:58:38
iteration: 5500000; iterations/min: 93792.1
curr best price: 6046.36236
Current state price: 2153.74737
Number of samples:5
Depth:9
Leu,NNNNC
Val,XNNCN
Ser,NNCXN
Ile,NDDND
Gly,CNNNN
Phe,NCNNN
Ala,XXNNN
Met,XCXCC
Thr,XNNNX
His,XXXXX
Arg,XXXXX
Codes calculated:429890167


Elapsed time:  0 days 00:59:33
iteration: 5600000; iterations/min: 94025.5
curr best price: 6046.36236
Current state price: 2538.41877
Number of samples:5
Depth:9
Leu,NNNNC
Val,XNNCN
Ser,NNCXN
Ile,DDDDD
Gly,CNNNN
Phe,NCNNN
Ala,NNNCN
Met,CCXCC
Thr,NNXNN
His,XXXXX
Arg,XXXXX
Codes calculated:435812561


Elapsed time:  0 days 01:00:37
iteration: 5700000; iterations/min: 94032.3
curr best price: 6046.36236
Current state price: 2369.72658
Number of samples:5
Depth:9
Leu,NNNNC
Val,XNNCN
Ser,NXCNN
Ile,DDNND
Gly,CNNNN
Phe,NCNNN
Ala,NXNXN
Met,CXCXC
Thr,NNNXN
His,XXXXX
Arg,XXXXX
Codes calculated:442470502


Evaluation Finished!
Final clock time:                04-09-2018 21:09:52

Final evaluation time DDHHMMSS:    0 days 01:01:27
Final evaluation time (seconds): 3687.604546070099
Final number of samples:         5
Final number of iterations:      5776511
Final number of codes evaluated: 447632545
