
Search for Nav2D_NCD2 solution started
Host name is                      zion.localdomain
Start clock time:                 04-09-2018 12:11:33

Search in 1 samples

Max depth reached: 0
Search in 2 samples

Max depth reached: 0
Search in 3 samples

Max depth reached: 0
Search in 4 samples

Max depth reached: 2
Search in 5 samples


Elapsed time:  0 days 00:00:02
Solutions found: 1
Best price: 11885.17
Iterations: 39987

Elapsed time:  0 days 00:00:02
Solutions found: 2
Best price: 11705.49
Iterations: 39988

Elapsed time:  0 days 00:00:02
Solutions found: 3
Best price: 11525.82
Iterations: 39994

Elapsed time:  0 days 00:00:02
Solutions found: 4
Best price: 11433.08
Iterations: 40017

Elapsed time:  0 days 00:00:02
Solutions found: 5
Best price: 11340.34
Iterations: 40042

Elapsed time:  0 days 00:00:02
Solutions found: 6
Best price: 11247.60
Iterations: 40095

Elapsed time:  0 days 00:00:02
Solutions found: 7
Best price: 11219.63
Iterations: 40282

Elapsed time:  0 days 00:00:02
Solutions found: 8
Best price: 11126.89
Iterations: 40305

Elapsed time:  0 days 00:00:02
Solutions found: 9
Best price: 11034.15
Iterations: 40330

Elapsed time:  0 days 00:00:02
Solutions found: 10
Best price: 10941.41
Iterations: 40383

Elapsed time:  0 days 00:00:02
Solutions found: 11
Best price: 10858.83
Iterations: 40676

Elapsed time:  0 days 00:00:02
Solutions found: 12
Best price: 10820.69
Iterations: 40746

Elapsed time:  0 days 00:00:02
Solutions found: 13
Best price: 10727.95
Iterations: 40771

Elapsed time:  0 days 00:00:02
Solutions found: 14
Best price: 10635.21
Iterations: 40824

Elapsed time:  0 days 00:00:02
Solutions found: 15
Best price: 10552.64
Iterations: 40904

Elapsed time:  0 days 00:00:02
Solutions found: 16
Best price: 9367.90
Iterations: 41028

Elapsed time:  0 days 00:00:02
Solutions found: 17
Best price: 9188.23
Iterations: 41029

Elapsed time:  0 days 00:00:02
Solutions found: 18
Best price: 9008.56
Iterations: 41033

Elapsed time:  0 days 00:00:02
Solutions found: 19
Best price: 9002.75
Iterations: 41061

Elapsed time:  0 days 00:00:02
Solutions found: 20
Best price: 8823.08
Iterations: 41065

Elapsed time:  0 days 00:00:02
Solutions found: 21
Best price: 8730.34
Iterations: 41086

Elapsed time:  0 days 00:00:02
Solutions found: 22
Best price: 8702.37
Iterations: 41213

Elapsed time:  0 days 00:00:02
Solutions found: 23
Best price: 8696.56
Iterations: 41241

Elapsed time:  0 days 00:00:02
Solutions found: 24
Best price: 8516.88
Iterations: 41245

Elapsed time:  0 days 00:00:02
Solutions found: 25
Best price: 8424.14
Iterations: 41266

Elapsed time:  0 days 00:00:02
Solutions found: 26
Best price: 8341.57
Iterations: 41475

Elapsed time:  0 days 00:00:02
Solutions found: 27
Best price: 8210.69
Iterations: 41662

Elapsed time:  0 days 00:00:02
Solutions found: 28
Best price: 8117.95
Iterations: 41683

Elapsed time:  0 days 00:00:02
Solutions found: 29
Best price: 8035.38
Iterations: 41739

Elapsed time:  0 days 00:00:02
Solutions found: 30
Best price: 7945.32
Iterations: 41884

Elapsed time:  0 days 00:00:02
Solutions found: 31
Best price: 7852.58
Iterations: 41913

Elapsed time:  0 days 00:00:02
Solutions found: 32
Best price: 7770.00
Iterations: 41969

Elapsed time:  0 days 00:00:03
Solutions found: 33
Best price: 7724.69
Iterations: 42953

Elapsed time:  0 days 00:00:03
Solutions found: 34
Best price: 7724.69
Iterations: 43096

Elapsed time:  0 days 00:00:03
Solutions found: 35
Best price: 7679.39
Iterations: 43569

Elapsed time:  0 days 00:00:03
Solutions found: 36
Best price: 7679.39
Iterations: 43701

Elapsed time:  0 days 00:00:04
Solutions found: 37
Best price: 7666.96
Iterations: 45711

Elapsed time:  0 days 00:00:04
Solutions found: 38
Best price: 7666.96
Iterations: 45843

Elapsed time:  0 days 00:00:07
Solutions found: 39
Best price: 7663.84
Iterations: 61409

Elapsed time:  0 days 00:00:08
Solutions found: 40
Best price: 7571.10
Iterations: 61417

Elapsed time:  0 days 00:00:08
Solutions found: 41
Best price: 7478.36
Iterations: 61431

Elapsed time:  0 days 00:00:08
Solutions found: 42
Best price: 7385.62
Iterations: 61458

Elapsed time:  0 days 00:00:08
Solutions found: 43
Best price: 7335.90
Iterations: 61941

Elapsed time:  0 days 00:00:08
Solutions found: 44
Best price: 7305.72
Iterations: 66868

Elapsed time:  0 days 00:00:08
Solutions found: 45
Best price: 7212.98
Iterations: 66882

Elapsed time:  0 days 00:00:08
Solutions found: 46
Best price: 7120.24
Iterations: 66916

Elapsed time:  0 days 00:00:08
Solutions found: 47
Best price: 7070.52
Iterations: 67070

Elapsed time:  0 days 00:00:08
Solutions found: 48
Best price: 7025.21
Iterations: 68507

Elapsed time:  0 days 00:00:09
Solutions found: 49
Best price: 6979.91
Iterations: 72226

Elapsed time:  0 days 00:00:10
Solutions found: 50
Best price: 6928.03
Iterations: 78517

Elapsed time:  0 days 00:00:10
Solutions found: 51
Best price: 6882.73
Iterations: 80008

Elapsed time:  0 days 00:00:10
Solutions found: 52
Best price: 6837.42
Iterations: 83187

Elapsed time:  0 days 00:00:17
iteration: 100000; iterations/min: 347048.9
curr best price: 6837.41698
Current state price: 3045.4379799999997
Number of samples:5
Depth:11
Leu,NNNNC
Ser,NNNCN
Ile,NNDDD
Gly,NNCNN
Val,NCCNN
Phe,CNCNN
Ala,NCNNN
Thr,NXNXN
Glu,CNNNN
Met,CCXXC
Asn,NNXNN
His,XXXXX
Arg,XXXXX
Codes calculated:2101645


Elapsed time:  0 days 00:00:41
Solutions found: 53
Best price: 6798.88
Iterations: 136552

Elapsed time:  0 days 00:00:41
Solutions found: 54
Best price: 6753.57
Iterations: 139170

Elapsed time:  0 days 00:00:42
Solutions found: 55
Best price: 6721.89
Iterations: 145348

Elapsed time:  0 days 00:00:43
Solutions found: 56
Best price: 6676.58
Iterations: 147887

Elapsed time:  0 days 00:01:00
iteration: 200000; iterations/min: 198891.8
curr best price: 6676.577269999999
Current state price: 12715.58947
Number of samples:5
Depth:12
Leu,NNNNC
Ser,NNNCN
Ile,NNDDD
Gly,NNCNN
Val,CCNNN
Phe,NCCNN
Ala,CNCNN
Thr,XNNNN
Glu,NCNNC
Met,XCCCX
Asn,NXNXN
Trp,DDXCD
His,XXXXX
Arg,XXXXX
Codes calculated:8460491


Elapsed time:  0 days 00:01:26
Solutions found: 57
Best price: 6639.30
Iterations: 275563

Elapsed time:  0 days 00:01:27
Solutions found: 58
Best price: 6593.99
Iterations: 279535

Elapsed time:  0 days 00:01:28
Solutions found: 59
Best price: 6562.30
Iterations: 285874

Elapsed time:  0 days 00:01:29
Solutions found: 60
Best price: 6516.99
Iterations: 288221

Elapsed time:  0 days 00:01:31
iteration: 300000; iterations/min: 196632.9
curr best price: 6516.994359999999
Current state price: 5812.48925
Number of samples:5
Depth:12
Leu,NNNNC
Ser,NNNCN
Ile,NNDDD
Gly,NCNNN
Val,NCCNN
Phe,CNNNN
Ala,CCNNN
Thr,NXNXN
Glu,CNNCN
Met,CXCXC
Asn,NNXNN
Trp,NNCCX
His,XXXXX
Arg,XXXXX
Codes calculated:12269960


Elapsed time:  0 days 00:02:19
iteration: 400000; iterations/min: 172059.8
curr best price: 6516.994359999999
Current state price: 9576.1718
Number of samples:5
Depth:12
Leu,NNNNC
Ser,NNNCN
Ile,NNDDD
Gly,NCNNN
Val,CNCNN
Phe,CCNNN
Ala,NCCNN
Thr,NXNXN
Glu,CNNNX
Met,CCXCC
Asn,XNNXN
Trp,XXDDC
His,XXXXX
Arg,XXXXX
Codes calculated:18778825


Elapsed time:  0 days 00:03:00
Solutions found: 61
Best price: 6505.91
Iterations: 482848

Elapsed time:  0 days 00:03:09
iteration: 500000; iterations/min: 158545.2
curr best price: 6505.906839999999
Current state price: 1433.60813
Number of samples:5
Depth:7
Leu,NNNNC
Ser,NNNCN
Ile,NNDDD
Gly,NCNNN
Val,CXNNN
Phe,NXCNN
Ala,XCNNN
His,XXXXX
Arg,XXXXX
Codes calculated:25665239


Elapsed time:  0 days 00:03:11
Solutions found: 62
Best price: 6477.00
Iterations: 504149

Elapsed time:  0 days 00:03:11
Solutions found: 63
Best price: 6431.69
Iterations: 504635

Elapsed time:  0 days 00:03:24
Solutions found: 64
Best price: 6425.62
Iterations: 537499

Elapsed time:  0 days 00:03:50
iteration: 600000; iterations/min: 155991.9
curr best price: 6425.621709999999
Current state price: 7586.92673
Number of samples:5
Depth:12
Leu,NNNNC
Ser,NNNCN
Ile,NNDDD
Gly,CCNNN
Val,NCCNN
Phe,CNNNN
Ala,NCNNN
Thr,NXNXN
Glu,CNNCN
Met,CCXCC
Asn,NNXNN
Trp,XCNND
His,XXXXX
Arg,XXXXX
Codes calculated:31544243


Elapsed time:  0 days 00:03:54
Solutions found: 65
Best price: 6420.87
Iterations: 610533

Elapsed time:  0 days 00:04:41
iteration: 700000; iterations/min: 149067.7
curr best price: 6420.86522
Current state price: 2132.86888
Number of samples:5
Depth:8
Leu,NNNNC
Ser,NNNCN
Ile,NDDDN
Gly,NNCNN
Val,CNNNN
Phe,NCNNN
Ala,XNCNN
Thr,XNXNN
His,XXXXX
Arg,XXXXX
Codes calculated:38514078


Elapsed time:  0 days 00:05:38
iteration: 800000; iterations/min: 141744.1
curr best price: 6420.86522
Current state price: 7909.10952
Number of samples:5
Depth:12
Leu,NNNNC
Ser,NNNCN
Ile,NDDDD
Gly,NNCNN
Val,CNCNN
Phe,NCNNN
Ala,NCCNN
Thr,NNXXN
Glu,NCNCN
Met,CCCXC
Asn,XNNNN
Trp,NNCDN
His,XXXXX
Arg,XXXXX
Codes calculated:46622550


Elapsed time:  0 days 00:06:27
Solutions found: 66
Best price: 6416.22
Iterations: 893742

Elapsed time:  0 days 00:06:28
iteration: 900000; iterations/min: 138902.4
curr best price: 6416.222239999999
Current state price: 5814.61497
Number of samples:5
Depth:12
Leu,NNNNC
Ser,NNNCN
Ile,NDDDD
Gly,NCCNN
Val,CNCNN
Phe,NCNNN
Ala,CCNNN
Thr,NNXXN
Glu,CNNNX
Met,CXXCC
Asn,XNNXN
Trp,NCNNC
His,XXXXX
Arg,XXXXX
Codes calculated:53333004


Elapsed time:  0 days 00:07:23
iteration: 1000000; iterations/min: 135365.7
curr best price: 6416.222239999999
Current state price: 7383.742880000001
Number of samples:5
Depth:12
Leu,NNNNC
Ser,NNNCN
Ile,NDDDD
Gly,CNCNN
Val,NCCNN
Phe,CNNNN
Ala,CXNNN
Thr,NNXXN
Glu,NCNNX
Met,CXXCC
Asn,NXNNN
Trp,NDNCX
His,XXXXX
Arg,XXXXX
Codes calculated:60966499


Elapsed time:  0 days 00:08:09
iteration: 1100000; iterations/min: 134823.5
curr best price: 6416.222239999999
Current state price: 9755.71524
Number of samples:5
Depth:12
Leu,NNNNC
Ser,NNNCN
Ile,XNDDD
Gly,NNCNN
Val,CNCNN
Phe,NCNNN
Ala,NCCNN
Thr,XNNXN
Glu,CNNNX
Met,CCCCC
Asn,NNNNN
Trp,XCDXD
His,XXXXX
Arg,XXXXX
Codes calculated:67395318


Elapsed time:  0 days 00:08:52
iteration: 1200000; iterations/min: 135158.4
curr best price: 6416.222239999999
Current state price: 10222.02333
Number of samples:5
Depth:12
Leu,NNNNC
Ser,NNNCN
Ile,XNDDD
Gly,NCNNN
Val,NCCNN
Phe,CCNNN
Ala,CNCNN
Thr,XNNXN
Glu,NNCNX
Met,CCXXC
Asn,NNNNN
Trp,CNDDN
His,XXXXX
Arg,XXXXX
Codes calculated:73354975


Elapsed time:  0 days 00:09:18
Solutions found: 67
Best price: 6416.07
Iterations: 1258253

Elapsed time:  0 days 00:09:30
iteration: 1300000; iterations/min: 136620.0
curr best price: 6416.06606
Current state price: 8371.31134
Number of samples:5
Depth:12
Leu,NNNNC
Ser,NNNCN
Ile,XNDDD
Gly,NCNNN
Val,CCNNN
Phe,NNCNN
Ala,CNCNN
Thr,XNNXN
Glu,NNCNC
Met,XCXCC
Asn,NNNNN
Trp,CCDXN
His,XXXXX
Arg,XXXXX
Codes calculated:78041564


Elapsed time:  0 days 00:10:11
iteration: 1400000; iterations/min: 137295.1
curr best price: 6416.06606
Current state price: 3358.8000199999997
Number of samples:5
Depth:11
Leu,NNNNC
Ser,NNNCN
Ile,XNDDD
Gly,NCCNN
Val,CCNNN
Phe,NNCNN
Ala,NCNNN
Thr,NNNNN
Glu,NNCNX
Met,CXXCC
Asn,XNNNN
His,XXXXX
Arg,XXXXX
Codes calculated:83639440


Elapsed time:  0 days 00:10:13
Solutions found: 68
Best price: 6399.92
Iterations: 1403665

Elapsed time:  0 days 00:10:13
Solutions found: 69
Best price: 6393.64
Iterations: 1405660

Elapsed time:  0 days 00:10:13
Solutions found: 70
Best price: 6348.33
Iterations: 1406618

Elapsed time:  0 days 00:10:51
iteration: 1500000; iterations/min: 138170.5
curr best price: 6348.3297999999995
Current state price: 9463.17535
Number of samples:5
Depth:12
Leu,NNNNC
Ser,NNNCN
Ile,XNDDD
Gly,CNCNN
Val,CCNNN
Phe,NNCNN
Ala,NCCNN
Thr,NNNNN
Glu,NNCNX
Met,CCXCC
Asn,XNNXN
Trp,CCDNC
His,XXXXX
Arg,XXXXX
Codes calculated:89192573


Elapsed time:  0 days 00:11:16
Solutions found: 71
Best price: 6332.47
Iterations: 1565052

Elapsed time:  0 days 00:11:16
Solutions found: 72
Best price: 6282.75
Iterations: 1565453

Elapsed time:  0 days 00:11:29
iteration: 1600000; iterations/min: 139194.7
curr best price: 6282.753149999999
Current state price: 10938.27468
Number of samples:5
Depth:12
Leu,NNNNC
Ser,NNNCN
Ile,XXDDD
Gly,NNCNN
Val,NCCNN
Phe,CNNNN
Ala,CNCNN
Thr,NNNNN
Glu,NCNXN
Met,CCXXC
Asn,NXNNN
Trp,XDDCC
His,XXXXX
Arg,XXXXX
Codes calculated:94345333


Elapsed time:  0 days 00:12:20
iteration: 1700000; iterations/min: 137697.4
curr best price: 6282.753149999999
Current state price: 14499.04426
Number of samples:5
Depth:12
Leu,NNNNC
Ser,NNNCN
Ile,XDDDD
Gly,NNCNN
Val,CNCNN
Phe,NCNNN
Ala,NCCNN
Thr,NNXXN
Glu,NCNXN
Met,CXXCC
Asn,NNNNN
Trp,DDDND
His,XXXXX
Arg,XXXXX
Codes calculated:101629878


Elapsed time:  0 days 00:12:40
Solutions found: 73
Best price: 6278.11
Iterations: 1734653

Elapsed time:  0 days 00:13:17
iteration: 1800000; iterations/min: 135477.8
curr best price: 6278.110169999999
Current state price: 1545.1880299999998
Number of samples:5
Depth:7
Leu,NNNNC
Ser,NNNCN
Ile,DDDND
Gly,NNCNN
Val,CCNNN
Phe,NCCNN
Ala,NNNXN
His,XXXXX
Arg,XXXXX
Codes calculated:109479520


Elapsed time:  0 days 00:14:21
iteration: 1900000; iterations/min: 132290.5
curr best price: 6278.110169999999
Current state price: 9893.74522
Number of samples:5
Depth:12
Leu,NNNNC
Ser,NNNCN
Ile,DDDDD
Gly,NNCNN
Val,CCNNN
Phe,NCCNN
Ala,CNCNN
Thr,NNXXN
Glu,NCNNN
Met,CXXCC
Asn,NXNXN
Trp,XNDDC
His,XXXXX
Arg,XXXXX
Codes calculated:118844215


Elapsed time:  0 days 00:15:14
iteration: 2000000; iterations/min: 131289.5
curr best price: 6278.110169999999
Current state price: 9482.87891
Number of samples:5
Depth:12
Leu,NNNNC
Ser,NNCCN
Ile,NDNDD
Gly,NCNNN
Val,NCCNN
Phe,CNNNN
Ala,CNNCN
Thr,NNNXN
Glu,NNNCX
Met,CXCCC
Asn,NNXNN
Trp,NDXDN
His,XXXXX
Arg,XXXXX
Codes calculated:125853403


Elapsed time:  0 days 00:16:09
iteration: 2100000; iterations/min: 129991.7
curr best price: 6278.110169999999
Current state price: 11318.409759999999
Number of samples:5
Depth:12
Leu,NNNNC
Ser,NNCCN
Ile,NDNDD
Gly,NCNNN
Val,NCCNN
Phe,CCNNN
Ala,CNCNN
Thr,NNXNN
Glu,NNCNX
Met,CXCCC
Asn,NNNXN
Trp,CDDCN
His,XXXXX
Arg,XXXXX
Codes calculated:133255060


Elapsed time:  0 days 00:17:03
iteration: 2200000; iterations/min: 128955.1
curr best price: 6278.110169999999
Current state price: 11954.940540000003
Number of samples:5
Depth:12
Leu,NNNNC
Ser,NNCCN
Ile,NDNDD
Gly,NCNNN
Val,CNNCN
Phe,XCNNN
Ala,NNNCN
Thr,XNNNN
Glu,NNCNX
Met,CCCXC
Asn,NNXNN
Trp,DNDDX
His,XXXXX
Arg,XXXXX
Codes calculated:140470522


Elapsed time:  0 days 00:17:48
iteration: 2300000; iterations/min: 129159.8
curr best price: 6278.110169999999
Current state price: 10446.927640000002
Number of samples:5
Depth:12
Leu,NNNNC
Ser,NNCCN
Ile,NDNDD
Gly,NCNNN
Val,CNCNN
Phe,XCNNN
Ala,NCCNN
Thr,XNNNN
Glu,XNNCN
Met,CCXCX
Asn,NNNXN
Trp,NCDND
His,XXXXX
Arg,XXXXX
Codes calculated:145840063


Elapsed time:  0 days 00:18:42
iteration: 2400000; iterations/min: 128254.0
curr best price: 6278.110169999999
Current state price: 10192.93829
Number of samples:5
Depth:12
Leu,NNNNC
Ser,NNCCN
Ile,NDNDD
Gly,NCNNN
Val,XNCNN
Phe,XCNNN
Ala,NCCNN
Thr,XNNNN
Glu,XNNCN
Met,CXCCC
Asn,NNNXN
Trp,CNDXD
His,XXXXX
Arg,XXXXX
Codes calculated:152884672


Elapsed time:  0 days 00:19:02
Solutions found: 74
Best price: 6222.79
Iterations: 2440483

Elapsed time:  0 days 00:19:02
Solutions found: 75
Best price: 6210.34
Iterations: 2441556

Elapsed time:  0 days 00:19:02
Solutions found: 76
Best price: 6173.07
Iterations: 2442473

Elapsed time:  0 days 00:19:30
iteration: 2500000; iterations/min: 128204.3
curr best price: 6173.0746199999985
Current state price: 9071.69829
Number of samples:5
Depth:12
Leu,NNNNC
Ser,NNCCN
Ile,NDNDD
Gly,NCCNN
Val,CNNCN
Phe,XCNNN
Ala,CNCNN
Thr,NNNXN
Glu,NCNNX
Met,CXCCC
Asn,NXNXN
Trp,DXXND
His,XXXXX
Arg,XXXXX
Codes calculated:159527053


Elapsed time:  0 days 00:20:44
iteration: 2600000; iterations/min: 125394.5
curr best price: 6173.0746199999985
Current state price: 12752.99947
Number of samples:5
Depth:12
Leu,NNNNC
Ser,NNCCN
Ile,NDNDD
Gly,CNNNN
Val,NCCNN
Phe,CCNNN
Ala,CNCNN
Thr,NNXNN
Glu,NNCNX
Met,CCXCX
Asn,NNNXN
Trp,DDCDX
His,XXXXX
Arg,XXXXX
Codes calculated:170465303


Elapsed time:  0 days 00:21:52
iteration: 2700000; iterations/min: 123409.7
curr best price: 6173.0746199999985
Current state price: 7472.233219999999
Number of samples:5
Depth:12
Leu,NNNNC
Ser,NNCCN
Ile,NDNDD
Gly,CNNNN
Val,CNCNN
Phe,NCNNN
Ala,CNNCN
Thr,NNNXN
Glu,NXNCN
Met,CXCCC
Asn,NNXNN
Trp,XCDNX
His,XXXXX
Arg,XXXXX
Codes calculated:179526793


Elapsed time:  0 days 00:22:58
iteration: 2800000; iterations/min: 121866.9
curr best price: 6173.0746199999985
Current state price: 7709.034709999999
Number of samples:5
Depth:12
Leu,NNNNC
Ser,NNCCN
Ile,NDNDD
Gly,CNNCN
Val,NCCNN
Phe,CNNNN
Ala,XNCNN
Thr,NXNNN
Glu,NNNCX
Met,CXCCC
Asn,NNNXN
Trp,DXCNN
His,XXXXX
Arg,XXXXX
Codes calculated:188642556


Elapsed time:  0 days 00:24:06
iteration: 2900000; iterations/min: 120294.4
curr best price: 6173.0746199999985
Current state price: 3197.37803
Number of samples:5
Depth:11
Leu,NNNNC
Ser,NNCCN
Ile,NDNDD
Gly,CNXNN
Val,NCCNN
Phe,CNNNN
Ala,NNCNN
Thr,NNNXN
Glu,XNNCN
Met,CXXCC
Asn,NNXXN
His,XXXXX
Arg,XXXXX
Codes calculated:198588509


Elapsed time:  0 days 00:25:08
Solutions found: 77
Best price: 6127.77
Iterations: 2997779

Elapsed time:  0 days 00:25:09
iteration: 3000000; iterations/min: 119216.9
curr best price: 6127.765839999999
Current state price: 7693.349020000001
Number of samples:5
Depth:12
Leu,NNNNC
Ser,NNCCN
Ile,NDNDD
Gly,CCNNN
Val,NCCNN
Phe,CNNNN
Ala,CNNCN
Thr,NNNXN
Glu,CNNNX
Met,CXCXC
Asn,NNXNN
Trp,XDNCN
His,XXXXX
Arg,XXXXX
Codes calculated:207780432


Elapsed time:  0 days 00:26:18
iteration: 3100000; iterations/min: 117805.0
curr best price: 6127.765839999999
Current state price: 2279.34184
Number of samples:5
Depth:8
Leu,NNNNC
Ser,NNCCN
Ile,NDNDD
Gly,CCNNN
Val,CNCNN
Phe,NCNNN
Ala,CNNCN
Thr,NNXNX
His,XXXXX
Arg,XXXXX
Codes calculated:218192097


Elapsed time:  0 days 00:26:32
Solutions found: 78
Best price: 6093.84
Iterations: 3125279

Elapsed time:  0 days 00:27:45
iteration: 3200000; iterations/min: 115292.4
curr best price: 6093.841309999999
Current state price: 3190.09011
Number of samples:5
Depth:11
Leu,NNNNC
Ser,NNCCN
Ile,NDXDD
Gly,NCNNN
Val,NCCNN
Phe,CNNNN
Ala,CCNNN
Thr,NNNXN
Glu,XNNCN
Met,CXCCC
Asn,XNNNX
His,XXXXX
Arg,XXXXX
Codes calculated:231316774


Elapsed time:  0 days 00:29:00
iteration: 3300000; iterations/min: 113772.6
curr best price: 6093.841309999999
Current state price: 3191.14109
Number of samples:5
Depth:11
Leu,NNNNC
Ser,NNCCN
Ile,NDXDD
Gly,NCCNN
Val,CNCNN
Phe,NCNNN
Ala,CCNNN
Thr,XNNNN
Glu,NNCNX
Met,CXCCC
Asn,NNXXN
His,XXXXX
Arg,XXXXX
Codes calculated:242405272


Elapsed time:  0 days 00:30:29
iteration: 3400000; iterations/min: 111475.9
curr best price: 6093.841309999999
Current state price: 4821.10222
Number of samples:5
Depth:12
Leu,NNNNC
Ser,NNCCN
Ile,NDXDD
Gly,CNNCN
Val,NCCNN
Phe,CXNNN
Ala,XNCNN
Thr,NXNNN
Glu,CNNNX
Met,CXCCC
Asn,NNNXN
Trp,XCXNN
His,XXXXX
Arg,XXXXX
Codes calculated:255625559


Elapsed time:  0 days 00:31:42
Solutions found: 79
Best price: 6050.47
Iterations: 3480765

Elapsed time:  0 days 00:31:57
Solutions found: 80
Best price: 6016.55
Iterations: 3497723

Elapsed time:  0 days 00:32:00
iteration: 3500000; iterations/min: 109350.0
curr best price: 6016.549399999999
Current state price: 3127.5934700000003
Number of samples:5
Depth:11
Leu,NNNNC
Ser,NNCCN
Ile,NDXDD
Gly,CCNNN
Val,XNCNN
Phe,NCNNN
Ala,CNNXN
Thr,NNNXN
Glu,NCNNX
Met,CCCXC
Asn,NXNXN
His,XXXXX
Arg,XXXXX
Codes calculated:269554744


Elapsed time:  0 days 00:33:33
iteration: 3600000; iterations/min: 107257.2
curr best price: 6016.549399999999
Current state price: 3214.4858600000002
Number of samples:5
Depth:11
Leu,NNNNC
Ser,NNCCN
Ile,NDDDD
Gly,CXNNN
Val,NNNCN
Phe,NCNNN
Ala,NCNXN
Thr,XNNNN
Glu,NNCNX
Met,CXXCC
Asn,NNNXX
His,XXXXX
Arg,XXXXX
Codes calculated:281497758


Elapsed time:  0 days 00:35:16
iteration: 3700000; iterations/min: 104909.4
curr best price: 6016.549399999999
Current state price: 2410.98339
Number of samples:5
Depth:9
Leu,NNNNC
Ser,NNCCN
Ile,XDNDD
Gly,XCNNN
Val,CNNCN
Phe,NCNNN
Ala,NNCNN
Thr,XNXNN
Glu,NNCXN
His,XXXXX
Arg,XXXXX
Codes calculated:296389579


Elapsed time:  0 days 00:36:45
iteration: 3800000; iterations/min: 103368.2
curr best price: 6016.549399999999
Current state price: 3038.9173100000003
Number of samples:5
Depth:11
Leu,NNNNC
Ser,NNCCN
Ile,XDXDD
Gly,NCCNN
Val,CNNCN
Phe,NCNNN
Ala,CXNNN
Thr,NNNXN
Glu,NCNNX
Met,CCCXX
Asn,NNNXX
His,XXXXX
Arg,XXXXX
Codes calculated:309815857


Elapsed time:  0 days 00:37:58
iteration: 3900000; iterations/min: 102717.4
curr best price: 6016.549399999999
Current state price: 9818.767499999998
Number of samples:5
Depth:12
Leu,NNNNC
Ser,NNCCN
Ile,XDXDD
Gly,CCNNN
Val,NCCNN
Phe,CNNNN
Ala,NNCNN
Thr,NXNNN
Glu,XNNCN
Met,CXCCC
Asn,NNNXN
Trp,DXCXD
His,XXXXX
Arg,XXXXX
Codes calculated:320743602


Elapsed time:  0 days 00:38:01
Solutions found: 81
Best price: 5973.18
Iterations: 3907515

Elapsed time:  0 days 00:39:09
iteration: 4000000; iterations/min: 102154.9
curr best price: 5973.182019999999
Current state price: 3059.98858
Number of samples:5
Depth:11
Leu,NNNNC
Ser,NNCCN
Ile,XDXDD
Gly,XCNNN
Val,CNNCN
Phe,NCNNN
Ala,NCCNN
Thr,NNXNN
Glu,NNCNX
Met,CCCXX
Asn,NNXNX
His,XXXXX
Arg,XXXXX
Codes calculated:331482029


Elapsed time:  0 days 00:40:28
iteration: 4100000; iterations/min: 101279.3
curr best price: 5973.182019999999
Current state price: 2290.38455
Number of samples:5
Depth:8
Leu,NNNNC
Ser,NNCCN
Ile,DDNDD
Gly,NCNCN
Val,CNNCN
Phe,NCNNN
Ala,NCXNN
Thr,NXNNX
His,XXXXX
Arg,XXXXX
Codes calculated:340519044


Elapsed time:  0 days 00:41:50
iteration: 4200000; iterations/min: 100377.0
curr best price: 5973.182019999999
Current state price: 2411.87748
Number of samples:5
Depth:8
Leu,NNNNC
Ser,NNCCN
Ile,DDXDD
Gly,NCNCN
Val,CNCNN
Phe,NCNNN
Ala,NNNXN
Thr,NNNNX
His,XXXXX
Arg,XXXXX
Codes calculated:349439026


Elapsed time:  0 days 00:43:16
iteration: 4300000; iterations/min: 99362.1
curr best price: 5973.182019999999
Current state price: 2532.7162900000003
Number of samples:5
Depth:9
Leu,NNNNC
Ser,XNNCN
Ile,NNDDD
Gly,CNCNN
Val,CCNNN
Phe,NNCNN
Ala,NXCNN
Thr,NNNXN
Glu,NCXNN
His,XXXXX
Arg,XXXXX
Codes calculated:359713099


Elapsed time:  0 days 00:44:26
iteration: 4400000; iterations/min: 99014.9
curr best price: 5973.182019999999
Current state price: 828.51252
Number of samples:5
Depth:3
Leu,NNNNC
Ser,XNNCN
Ile,DNDXX
His,XXXXX
Arg,XXXXX
Codes calculated:368637859


Evaluation Finished!
Final clock time:                04-09-2018 12:56:56

Final evaluation time DDHHMMSS:    0 days 00:45:23
Final evaluation time (seconds): 2723.0367498397827
Final number of samples:         5
Final number of iterations:      4479922
Final number of codes evaluated: 375532162
