
Search for Nav2D_NCD2_MW solution started
Host name is                      zion.localdomain
Start clock time:                 05-09-2018 10:16:02

Search in 1 samples

Max depth reached: 0
Search in 2 samples

Max depth reached: 0
Search in 3 samples

Max depth reached: 0
Search in 4 samples

Max depth reached: 2
Search in 5 samples


Elapsed time:  0 days 00:00:01
Solutions found: 1
Best price: 13574.38
Iterations: 2187

Elapsed time:  0 days 00:00:01
Solutions found: 2
Best price: 13047.77
Iterations: 2188

Elapsed time:  0 days 00:00:01
Solutions found: 3
Best price: 12521.16
Iterations: 2191

Elapsed time:  0 days 00:00:01
Solutions found: 4
Best price: 11994.55
Iterations: 2192

Elapsed time:  0 days 00:00:02
Solutions found: 5
Best price: 11994.55
Iterations: 2330

Elapsed time:  0 days 00:00:02
Solutions found: 6
Best price: 11852.06
Iterations: 2390

Elapsed time:  0 days 00:00:02
Solutions found: 7
Best price: 11688.36
Iterations: 2530

Elapsed time:  0 days 00:00:02
Solutions found: 8
Best price: 11545.87
Iterations: 2671

Elapsed time:  0 days 00:00:02
Solutions found: 9
Best price: 11382.17
Iterations: 2889

Elapsed time:  0 days 00:00:02
Solutions found: 10
Best price: 11239.68
Iterations: 3169

Elapsed time:  0 days 00:00:02
Solutions found: 11
Best price: 11116.79
Iterations: 3256

Elapsed time:  0 days 00:00:02
Solutions found: 12
Best price: 11080.20
Iterations: 3555

Elapsed time:  0 days 00:00:02
Solutions found: 13
Best price: 11075.98
Iterations: 3828

Elapsed time:  0 days 00:00:02
Solutions found: 14
Best price: 10933.49
Iterations: 3890

Elapsed time:  0 days 00:00:02
Solutions found: 15
Best price: 10896.90
Iterations: 4131

Elapsed time:  0 days 00:00:03
Solutions found: 16
Best price: 10894.09
Iterations: 10492

Elapsed time:  0 days 00:00:03
Solutions found: 17
Best price: 10889.86
Iterations: 10821

Elapsed time:  0 days 00:00:03
Solutions found: 18
Best price: 10853.27
Iterations: 11085

Elapsed time:  0 days 00:00:04
Solutions found: 19
Best price: 10794.08
Iterations: 17916

Elapsed time:  0 days 00:00:04
Solutions found: 20
Best price: 10744.33
Iterations: 17984

Elapsed time:  0 days 00:00:04
Solutions found: 21
Best price: 10651.59
Iterations: 17997

Elapsed time:  0 days 00:00:04
Solutions found: 22
Best price: 10580.63
Iterations: 18395

Elapsed time:  0 days 00:00:04
Solutions found: 23
Best price: 10487.89
Iterations: 18408

Elapsed time:  0 days 00:00:04
Solutions found: 24
Best price: 10438.14
Iterations: 18476

Elapsed time:  0 days 00:00:04
Solutions found: 25
Best price: 10345.40
Iterations: 18489

Elapsed time:  0 days 00:00:04
Solutions found: 26
Best price: 10274.44
Iterations: 19308

Elapsed time:  0 days 00:00:04
Solutions found: 27
Best price: 10181.69
Iterations: 19322

Elapsed time:  0 days 00:00:05
Solutions found: 28
Best price: 10131.95
Iterations: 19516

Elapsed time:  0 days 00:00:05
Solutions found: 29
Best price: 10039.21
Iterations: 19530

Elapsed time:  0 days 00:00:05
Solutions found: 30
Best price: 10028.11
Iterations: 20183

Elapsed time:  0 days 00:00:05
Solutions found: 31
Best price: 9978.39
Iterations: 20295

Elapsed time:  0 days 00:00:06
Solutions found: 32
Best price: 9911.96
Iterations: 28211

Elapsed time:  0 days 00:00:06
Solutions found: 33
Best price: 9769.48
Iterations: 28283

Elapsed time:  0 days 00:00:07
Solutions found: 34
Best price: 9695.98
Iterations: 31359

Elapsed time:  0 days 00:00:07
Solutions found: 35
Best price: 9553.50
Iterations: 31443

Elapsed time:  0 days 00:00:12
Solutions found: 36
Best price: 9502.32
Iterations: 51602

Elapsed time:  0 days 00:00:19
Solutions found: 37
Best price: 9441.91
Iterations: 72578

Elapsed time:  0 days 00:00:19
Solutions found: 38
Best price: 9392.19
Iterations: 72629

Elapsed time:  0 days 00:00:29
iteration: 100000; iterations/min: 200859.6
curr best price: 9392.19026
Current state price: 1608.71444
Number of samples:5
Depth:5
Leu,NNNNC
Val,NNNCN
Ser,NNCCN
Ile,CDCNN
Phe,CCNNN
His,XXXXX
Codes calculated:3786968


Elapsed time:  0 days 00:00:34
Solutions found: 39
Best price: 9314.90
Iterations: 113507

Elapsed time:  0 days 00:00:38
Solutions found: 40
Best price: 9265.31
Iterations: 125168

Elapsed time:  0 days 00:01:22
Solutions found: 41
Best price: 9251.12
Iterations: 169595

Evaluation Finished!
Final clock time:                05-09-2018 10:17:52

Final evaluation time DDHHMMSS:    0 days 00:01:50
Final evaluation time (seconds): 110.27245497703552
Final number of samples:         5
Final number of iterations:      191167
Final number of codes evaluated: 15577999
