2019-04-19 20:50:03,439:Reading NCS
2019-04-19 20:50:03,440:NCS: NCD2
2019-04-19 20:50:03,440:Reading sequence: 'nav3.aa'
2019-04-19 20:50:03,440:Sequence length - 153 residues
2019-04-19 20:50:03,440:Reading stock: '../../stocks/LabelStock_5_W.txt'
2019-04-19 20:50:03,440:Stock - OK
2019-04-19 20:50:03,440:Reading prices: '../../prices/BEST_PRICE_1H.csv'
2019-04-19 20:50:03,441:Prices - OK
2019-04-19 20:50:03,441:Search for Nav2D_newCL_W solution started
Host name is:		zion
Start clock time: 		19-04-2019 16:50:03
2019-04-19 20:50:03,441:
Search in 1 sample(s)
2019-04-19 20:50:03,441:Precalculating NMR codes...
2019-04-19 20:50:03,442:NMR codes calculated
2019-04-19 20:50:03,442:Search in 1 sample(s) finished. Max depth reached: 0. Iterations used: 1
2019-04-19 20:50:03,442:
Search in 2 sample(s)
2019-04-19 20:50:03,442:Precalculating NMR codes...
2019-04-19 20:50:03,443:NMR codes calculated
2019-04-19 20:50:03,445:Search in 2 sample(s) finished. Max depth reached: 0. Iterations used: 2
2019-04-19 20:50:03,445:
Search in 3 sample(s)
2019-04-19 20:50:03,446:Precalculating NMR codes...
2019-04-19 20:50:03,451:NMR codes calculated
2019-04-19 20:50:03,452:Search in 3 sample(s) finished. Max depth reached: 0. Iterations used: 3
2019-04-19 20:50:03,452:
Search in 4 sample(s)
2019-04-19 20:50:03,456:Precalculating NMR codes...
2019-04-19 20:50:03,619:NMR codes calculated
2019-04-19 20:50:03,621:New max depth (1) reached at 4 samples
2019-04-19 20:50:03,622:Search in 4 sample(s) finished. Max depth reached: 1. Iterations used: 7
2019-04-19 20:50:03,622:
Search in 5 sample(s)
2019-04-19 20:50:03,655:Precalculating NMR codes...
2019-04-19 20:50:08,773:NMR codes calculated
2019-04-19 20:50:08,793:New max depth (2) reached at 5 samples
2019-04-19 20:50:08,794:New max depth (3) reached at 5 samples
2019-04-19 20:50:08,795:New max depth (4) reached at 5 samples
2019-04-19 20:50:08,795:New max depth (5) reached at 5 samples
2019-04-19 20:50:08,796:New max depth (6) reached at 5 samples
2019-04-19 20:50:08,796:New max depth (7) reached at 5 samples
2019-04-19 20:50:10,158:New max depth (8) reached at 5 samples
2019-04-19 20:50:10,158:New max depth (9) reached at 5 samples
2019-04-19 20:50:10,158:New max depth (10) reached at 5 samples
2019-04-19 20:50:10,159:New max depth (11) reached at 5 samples
2019-04-19 20:50:10,159:New max depth (12) reached at 5 samples
2019-04-19 20:50:10,159:New max depth (13) reached at 5 samples
2019-04-19 20:50:10,160:New max depth (14) reached at 5 samples
2019-04-19 20:50:10,160:New max depth (15) reached at 5 samples
2019-04-19 20:50:10,160:New max depth (16) reached at 5 samples
2019-04-19 20:50:10,160:New max depth (17) reached at 5 samples
2019-04-19 20:50:10,160:New solution found! (#1). Calculation time: 00:00:06. New best price = 12161.93
2019-04-19 20:50:10,222:[solution]
% Solution number = 1
% Solution price  = 12161.93
Res, S_1, S_2, S_3, S_4, S_5
Leu,   N,   N,   N,   N,   C
Ser,   N,   N,   C,   C,   N
Val,   N,   N,   N,   C,   N
Ile,   N,   C,   N,   D,   C
Phe,   N,   C,   N,   N,   N
Gly,   C,   N,   N,   N,   N
Lys,   N,   C,   C,   N,   N
Ala,   C,   N,   N,   C,   N
Glu,   N,   N,   C,   N,   N
Met,   C,   C,   C,   C,   C
Thr,   N,   N,   N,   N,   N
Asp,   C,   N,   N,   C,   C
Asn,   X,   N,   X,   N,   N
Trp,   N,   C,   N,   C,   N
Gln,   N,   N,   D,   X,   X
Tyr,   C,   N,   N,   N,   C
Pro,   C,   C,   C,   C,   X
Arg,   C,   C,   C,   X,   X
His,   X,   X,   X,   X,   X


2019-04-19 20:50:10,229:New solution found! (#2). Calculation time: 00:00:06. New best price = 11635.32
2019-04-19 20:50:10,229:[solution]
% Solution number = 2
% Solution price  = 11635.32
Res, S_1, S_2, S_3, S_4, S_5
Leu,   N,   N,   N,   N,   C
Ser,   N,   N,   C,   C,   N
Val,   N,   N,   N,   C,   N
Ile,   N,   C,   N,   D,   C
Phe,   N,   C,   N,   N,   N
Gly,   C,   N,   N,   N,   N
Lys,   N,   C,   C,   N,   N
Ala,   C,   N,   N,   C,   N
Glu,   N,   N,   C,   N,   N
Met,   C,   C,   C,   C,   C
Thr,   N,   N,   N,   N,   N
Asp,   C,   N,   N,   C,   C
Asn,   X,   N,   X,   N,   N
Trp,   N,   C,   N,   C,   N
Gln,   N,   N,   D,   X,   X
Tyr,   C,   N,   N,   N,   C
Pro,   C,   C,   C,   C,   X
Arg,   C,   C,   X,   X,   X
His,   X,   X,   X,   X,   X


2019-04-19 20:50:10,234:New solution found! (#3). Calculation time: 00:00:06. New best price = 11329.13
2019-04-19 20:50:10,235:[solution]
% Solution number = 3
% Solution price  = 11329.13
Res, S_1, S_2, S_3, S_4, S_5
Leu,   N,   N,   N,   N,   C
Ser,   N,   N,   C,   C,   N
Val,   N,   N,   N,   C,   N
Ile,   N,   C,   N,   D,   C
Phe,   N,   C,   N,   N,   N
Gly,   C,   N,   N,   N,   N
Lys,   N,   C,   C,   N,   N
Ala,   C,   N,   N,   C,   N
Glu,   N,   N,   C,   N,   N
Met,   C,   C,   C,   C,   C
Thr,   N,   N,   N,   N,   N
Asp,   C,   N,   N,   C,   C
Asn,   X,   N,   X,   N,   N
Trp,   N,   C,   N,   C,   N
Gln,   N,   N,   D,   X,   X
Tyr,   C,   N,   N,   N,   C
Pro,   C,   C,   C,   X,   X
Arg,   C,   C,   X,   X,   X
His,   X,   X,   X,   X,   X


2019-04-19 20:50:10,241:New solution found! (#4). Calculation time: 00:00:06. New best price = 11186.64
2019-04-19 20:50:10,241:[solution]
% Solution number = 4
% Solution price  = 11186.64
Res, S_1, S_2, S_3, S_4, S_5
Leu,   N,   N,   N,   N,   C
Ser,   N,   N,   C,   C,   N
Val,   N,   N,   N,   C,   N
Ile,   N,   C,   N,   D,   C
Phe,   N,   C,   N,   N,   N
Gly,   C,   N,   N,   N,   N
Lys,   N,   C,   C,   N,   N
Ala,   C,   N,   N,   C,   N
Glu,   N,   N,   C,   N,   N
Met,   C,   C,   C,   C,   C
Thr,   N,   N,   N,   N,   N
Asp,   C,   N,   N,   C,   C
Asn,   X,   N,   X,   N,   N
Trp,   N,   C,   N,   C,   N
Gln,   N,   N,   D,   X,   X
Tyr,   C,   N,   N,   N,   X
Pro,   C,   C,   C,   X,   X
Arg,   C,   C,   X,   X,   X
His,   X,   X,   X,   X,   X


2019-04-19 20:50:10,247:New solution found! (#5). Calculation time: 00:00:06. New best price = 11022.94
2019-04-19 20:50:10,247:[solution]
% Solution number = 5
% Solution price  = 11022.94
Res, S_1, S_2, S_3, S_4, S_5
Leu,   N,   N,   N,   N,   C
Ser,   N,   N,   C,   C,   N
Val,   N,   N,   N,   C,   N
Ile,   N,   C,   N,   D,   C
Phe,   N,   C,   N,   N,   N
Gly,   C,   N,   N,   N,   N
Lys,   N,   C,   C,   N,   N
Ala,   C,   N,   N,   C,   N
Glu,   N,   N,   C,   N,   N
Met,   C,   C,   C,   C,   C
Thr,   N,   N,   N,   N,   N
Asp,   C,   N,   N,   C,   C
Asn,   X,   N,   X,   N,   N
Trp,   N,   C,   N,   C,   N
Gln,   N,   N,   D,   X,   X
Tyr,   C,   C,   N,   N,   N
Pro,   C,   X,   X,   X,   C
Arg,   C,   C,   X,   X,   X
His,   X,   X,   X,   X,   X


2019-04-19 20:50:10,253:New solution found! (#6). Calculation time: 00:00:06. New best price = 10973.22
2019-04-19 20:50:10,254:[solution]
% Solution number = 6
% Solution price  = 10973.22
Res, S_1, S_2, S_3, S_4, S_5
Leu,   N,   N,   N,   N,   C
Ser,   N,   N,   C,   C,   N
Val,   N,   N,   N,   C,   N
Ile,   N,   C,   N,   D,   C
Phe,   N,   C,   N,   N,   N
Gly,   C,   N,   N,   N,   N
Lys,   N,   C,   C,   N,   N
Ala,   C,   N,   N,   C,   N
Glu,   N,   N,   C,   N,   N
Met,   C,   C,   C,   C,   C
Thr,   N,   N,   N,   N,   N
Asp,   C,   N,   N,   C,   C
Asn,   X,   N,   X,   N,   N
Trp,   N,   C,   N,   C,   N
Gln,   N,   N,   D,   X,   X
Tyr,   C,   C,   N,   X,   N
Pro,   C,   X,   X,   X,   C
Arg,   C,   C,   X,   X,   X
His,   X,   X,   X,   X,   X


2019-04-19 20:50:10,260:New solution found! (#7). Calculation time: 00:00:06. New best price = 10880.45
2019-04-19 20:50:10,260:[solution]
% Solution number = 7
% Solution price  = 10880.45
Res, S_1, S_2, S_3, S_4, S_5
Leu,   N,   N,   N,   N,   C
Ser,   N,   N,   C,   C,   N
Val,   N,   N,   N,   C,   N
Ile,   N,   C,   N,   D,   C
Phe,   N,   C,   N,   N,   N
Gly,   C,   N,   N,   N,   N
Lys,   N,   C,   C,   N,   N
Ala,   C,   N,   N,   C,   N
Glu,   N,   N,   C,   N,   N
Met,   C,   C,   C,   C,   C
Thr,   N,   N,   N,   N,   N
Asp,   C,   N,   N,   C,   C
Asn,   X,   N,   X,   N,   N
Trp,   N,   C,   N,   C,   N
Gln,   N,   N,   D,   X,   X
Tyr,   C,   X,   N,   N,   N
Pro,   C,   X,   X,   X,   C
Arg,   C,   C,   X,   X,   X
His,   X,   X,   X,   X,   X


2019-04-19 20:50:10,266:New solution found! (#8). Calculation time: 00:00:06. New best price = 10830.73
2019-04-19 20:50:10,266:[solution]
% Solution number = 8
% Solution price  = 10830.73
Res, S_1, S_2, S_3, S_4, S_5
Leu,   N,   N,   N,   N,   C
Ser,   N,   N,   C,   C,   N
Val,   N,   N,   N,   C,   N
Ile,   N,   C,   N,   D,   C
Phe,   N,   C,   N,   N,   N
Gly,   C,   N,   N,   N,   N
Lys,   N,   C,   C,   N,   N
Ala,   C,   N,   N,   C,   N
Glu,   N,   N,   C,   N,   N
Met,   C,   C,   C,   C,   C
Thr,   N,   N,   N,   N,   N
Asp,   C,   N,   N,   C,   C
Asn,   X,   N,   X,   N,   N
Trp,   N,   C,   N,   C,   N
Gln,   N,   N,   D,   X,   X
Tyr,   C,   X,   N,   X,   N
Pro,   C,   X,   X,   X,   C
Arg,   C,   C,   X,   X,   X
His,   X,   X,   X,   X,   X


2019-04-19 20:50:10,275:New solution found! (#9). Calculation time: 00:00:06. New best price = 10820.56
2019-04-19 20:50:10,275:[solution]
% Solution number = 9
% Solution price  = 10820.56
Res, S_1, S_2, S_3, S_4, S_5
Leu,   N,   N,   N,   N,   C
Ser,   N,   N,   C,   C,   N
Val,   N,   N,   N,   C,   N
Ile,   N,   C,   N,   D,   C
Phe,   N,   C,   N,   N,   N
Gly,   C,   N,   N,   N,   N
Lys,   N,   C,   C,   N,   N
Ala,   C,   N,   N,   C,   N
Glu,   N,   N,   C,   N,   N
Met,   C,   C,   C,   C,   C
Thr,   N,   N,   N,   N,   N
Asp,   C,   N,   N,   C,   C
Asn,   X,   N,   X,   N,   N
Trp,   N,   C,   N,   C,   N
Gln,   X,   X,   X,   D,   D
Tyr,   C,   X,   N,   X,   N
Pro,   C,   X,   X,   X,   C
Arg,   C,   C,   X,   X,   X
His,   X,   X,   X,   X,   X


2019-04-19 20:50:10,281:New solution found! (#10). Calculation time: 00:00:06. New best price = 10787.71
2019-04-19 20:50:10,282:[solution]
% Solution number = 10
% Solution price  = 10787.71
Res, S_1, S_2, S_3, S_4, S_5
Leu,   N,   N,   N,   N,   C
Ser,   N,   N,   C,   C,   N
Val,   N,   N,   N,   C,   N
Ile,   N,   C,   N,   D,   C
Phe,   N,   C,   N,   N,   N
Gly,   C,   N,   N,   N,   N
Lys,   N,   C,   C,   N,   N
Ala,   C,   N,   N,   C,   N
Glu,   N,   N,   C,   N,   N
Met,   C,   C,   C,   C,   C
Thr,   N,   N,   N,   N,   N
Asp,   C,   N,   N,   C,   C
Asn,   X,   N,   X,   N,   N
Trp,   N,   C,   N,   C,   N
Gln,   X,   X,   D,   N,   X
Tyr,   C,   X,   N,   N,   N
Pro,   C,   X,   X,   X,   C
Arg,   C,   C,   X,   X,   X
His,   X,   X,   X,   X,   X


2019-04-19 20:50:10,288:New solution found! (#11). Calculation time: 00:00:06. New best price = 10737.99
2019-04-19 20:50:10,288:[solution]
% Solution number = 11
% Solution price  = 10737.99
Res, S_1, S_2, S_3, S_4, S_5
Leu,   N,   N,   N,   N,   C
Ser,   N,   N,   C,   C,   N
Val,   N,   N,   N,   C,   N
Ile,   N,   C,   N,   D,   C
Phe,   N,   C,   N,   N,   N
Gly,   C,   N,   N,   N,   N
Lys,   N,   C,   C,   N,   N
Ala,   C,   N,   N,   C,   N
Glu,   N,   N,   C,   N,   N
Met,   C,   C,   C,   C,   C
Thr,   N,   N,   N,   N,   N
Asp,   C,   N,   N,   C,   C
Asn,   X,   N,   X,   N,   N
Trp,   N,   C,   N,   C,   N
Gln,   X,   X,   D,   N,   X
Tyr,   C,   X,   N,   X,   N
Pro,   C,   X,   X,   X,   C
Arg,   C,   C,   X,   X,   X
His,   X,   X,   X,   X,   X


2019-04-19 20:50:10,327:New solution found! (#12). Calculation time: 00:00:06. New best price = 10707.85
2019-04-19 20:50:10,327:[solution]
% Solution number = 12
% Solution price  = 10707.85
Res, S_1, S_2, S_3, S_4, S_5
Leu,   N,   N,   N,   N,   C
Ser,   N,   N,   C,   C,   N
Val,   N,   N,   N,   C,   N
Ile,   N,   C,   N,   D,   C
Phe,   N,   C,   N,   N,   N
Gly,   C,   N,   N,   N,   N
Lys,   N,   C,   C,   N,   N
Ala,   C,   N,   N,   C,   N
Glu,   N,   N,   C,   N,   N
Met,   C,   C,   C,   C,   C
Thr,   N,   N,   N,   N,   N
Asp,   C,   N,   N,   C,   C
Asn,   X,   N,   X,   N,   N
Trp,   N,   C,   X,   C,   N
Gln,   N,   N,   D,   X,   X
Tyr,   C,   C,   N,   X,   N
Pro,   C,   X,   X,   X,   C
Arg,   C,   C,   X,   X,   X
His,   X,   X,   X,   X,   X


2019-04-19 20:50:10,333:New solution found! (#13). Calculation time: 00:00:06. New best price = 10615.08
2019-04-19 20:50:10,333:[solution]
% Solution number = 13
% Solution price  = 10615.08
Res, S_1, S_2, S_3, S_4, S_5
Leu,   N,   N,   N,   N,   C
Ser,   N,   N,   C,   C,   N
Val,   N,   N,   N,   C,   N
Ile,   N,   C,   N,   D,   C
Phe,   N,   C,   N,   N,   N
Gly,   C,   N,   N,   N,   N
Lys,   N,   C,   C,   N,   N
Ala,   C,   N,   N,   C,   N
Glu,   N,   N,   C,   N,   N
Met,   C,   C,   C,   C,   C
Thr,   N,   N,   N,   N,   N
Asp,   C,   N,   N,   C,   C
Asn,   X,   N,   X,   N,   N
Trp,   N,   C,   X,   C,   N
Gln,   N,   N,   D,   X,   X
Tyr,   C,   X,   N,   N,   N
Pro,   C,   X,   X,   X,   C
Arg,   C,   C,   X,   X,   X
His,   X,   X,   X,   X,   X


2019-04-19 20:50:10,339:New solution found! (#14). Calculation time: 00:00:06. New best price = 10565.36
2019-04-19 20:50:10,339:[solution]
% Solution number = 14
% Solution price  = 10565.36
Res, S_1, S_2, S_3, S_4, S_5
Leu,   N,   N,   N,   N,   C
Ser,   N,   N,   C,   C,   N
Val,   N,   N,   N,   C,   N
Ile,   N,   C,   N,   D,   C
Phe,   N,   C,   N,   N,   N
Gly,   C,   N,   N,   N,   N
Lys,   N,   C,   C,   N,   N
Ala,   C,   N,   N,   C,   N
Glu,   N,   N,   C,   N,   N
Met,   C,   C,   C,   C,   C
Thr,   N,   N,   N,   N,   N
Asp,   C,   N,   N,   C,   C
Asn,   X,   N,   X,   N,   N
Trp,   N,   C,   X,   C,   N
Gln,   N,   N,   D,   X,   X
Tyr,   C,   X,   N,   X,   N
Pro,   C,   X,   X,   X,   C
Arg,   C,   C,   X,   X,   X
His,   X,   X,   X,   X,   X


2019-04-19 20:50:10,347:New solution found! (#15). Calculation time: 00:00:06. New best price = 10555.19
2019-04-19 20:50:10,347:[solution]
% Solution number = 15
% Solution price  = 10555.19
Res, S_1, S_2, S_3, S_4, S_5
Leu,   N,   N,   N,   N,   C
Ser,   N,   N,   C,   C,   N
Val,   N,   N,   N,   C,   N
Ile,   N,   C,   N,   D,   C
Phe,   N,   C,   N,   N,   N
Gly,   C,   N,   N,   N,   N
Lys,   N,   C,   C,   N,   N
Ala,   C,   N,   N,   C,   N
Glu,   N,   N,   C,   N,   N
Met,   C,   C,   C,   C,   C
Thr,   N,   N,   N,   N,   N
Asp,   C,   N,   N,   C,   C
Asn,   X,   N,   X,   N,   N
Trp,   N,   C,   X,   C,   N
Gln,   X,   X,   X,   D,   D
Tyr,   C,   X,   N,   X,   N
Pro,   C,   X,   X,   X,   C
Arg,   C,   C,   X,   X,   X
His,   X,   X,   X,   X,   X


2019-04-19 20:50:10,353:New solution found! (#16). Calculation time: 00:00:06. New best price = 10522.34
2019-04-19 20:50:10,353:[solution]
% Solution number = 16
% Solution price  = 10522.34
Res, S_1, S_2, S_3, S_4, S_5
Leu,   N,   N,   N,   N,   C
Ser,   N,   N,   C,   C,   N
Val,   N,   N,   N,   C,   N
Ile,   N,   C,   N,   D,   C
Phe,   N,   C,   N,   N,   N
Gly,   C,   N,   N,   N,   N
Lys,   N,   C,   C,   N,   N
Ala,   C,   N,   N,   C,   N
Glu,   N,   N,   C,   N,   N
Met,   C,   C,   C,   C,   C
Thr,   N,   N,   N,   N,   N
Asp,   C,   N,   N,   C,   C
Asn,   X,   N,   X,   N,   N
Trp,   N,   C,   X,   C,   N
Gln,   X,   X,   D,   N,   X
Tyr,   C,   X,   N,   N,   N
Pro,   C,   X,   X,   X,   C
Arg,   C,   C,   X,   X,   X
His,   X,   X,   X,   X,   X


2019-04-19 20:50:10,359:New solution found! (#17). Calculation time: 00:00:06. New best price = 10472.62
2019-04-19 20:50:10,360:[solution]
% Solution number = 17
% Solution price  = 10472.62
Res, S_1, S_2, S_3, S_4, S_5
Leu,   N,   N,   N,   N,   C
Ser,   N,   N,   C,   C,   N
Val,   N,   N,   N,   C,   N
Ile,   N,   C,   N,   D,   C
Phe,   N,   C,   N,   N,   N
Gly,   C,   N,   N,   N,   N
Lys,   N,   C,   C,   N,   N
Ala,   C,   N,   N,   C,   N
Glu,   N,   N,   C,   N,   N
Met,   C,   C,   C,   C,   C
Thr,   N,   N,   N,   N,   N
Asp,   C,   N,   N,   C,   C
Asn,   X,   N,   X,   N,   N
Trp,   N,   C,   X,   C,   N
Gln,   X,   X,   D,   N,   X
Tyr,   C,   X,   N,   X,   N
Pro,   C,   X,   X,   X,   C
Arg,   C,   C,   X,   X,   X
His,   X,   X,   X,   X,   X


2019-04-19 20:50:10,391:New solution found! (#18). Calculation time: 00:00:06. New best price = 10427.31
2019-04-19 20:50:10,391:[solution]
% Solution number = 18
% Solution price  = 10427.31
Res, S_1, S_2, S_3, S_4, S_5
Leu,   N,   N,   N,   N,   C
Ser,   N,   N,   C,   C,   N
Val,   N,   N,   N,   C,   N
Ile,   N,   C,   N,   D,   C
Phe,   N,   C,   N,   N,   N
Gly,   C,   N,   N,   N,   N
Lys,   N,   C,   C,   N,   N
Ala,   C,   N,   N,   C,   N
Glu,   N,   N,   C,   N,   N
Met,   C,   C,   C,   C,   X
Thr,   N,   N,   N,   N,   N
Asp,   C,   N,   N,   C,   C
Asn,   X,   N,   X,   N,   N
Trp,   N,   C,   X,   C,   N
Gln,   X,   X,   D,   N,   X
Tyr,   C,   X,   N,   X,   N
Pro,   C,   X,   X,   X,   C
Arg,   C,   C,   X,   X,   X
His,   X,   X,   X,   X,   X


2019-04-19 20:50:10,413:New solution found! (#19). Calculation time: 00:00:06. New best price = 10358.4
2019-04-19 20:50:10,414:[solution]
% Solution number = 19
% Solution price  = 10358.4
Res, S_1, S_2, S_3, S_4, S_5
Leu,   N,   N,   N,   N,   C
Ser,   N,   N,   C,   C,   N
Val,   N,   N,   N,   C,   N
Ile,   N,   C,   N,   D,   C
Phe,   N,   C,   N,   N,   N
Gly,   C,   N,   N,   N,   N
Lys,   N,   C,   C,   N,   N
Ala,   C,   N,   N,   C,   N
Glu,   N,   N,   C,   N,   N
Met,   C,   C,   C,   C,   X
Thr,   X,   N,   X,   N,   N
Asp,   C,   N,   N,   C,   C
Asn,   N,   N,   N,   N,   N
Trp,   N,   C,   N,   X,   N
Gln,   N,   N,   D,   X,   X
Tyr,   C,   N,   N,   N,   C
Pro,   C,   C,   C,   X,   C
Arg,   C,   C,   X,   X,   X
His,   X,   X,   X,   X,   X


2019-04-19 20:50:10,420:New solution found! (#20). Calculation time: 00:00:06. New best price = 10052.21
2019-04-19 20:50:10,420:[solution]
% Solution number = 20
% Solution price  = 10052.21
Res, S_1, S_2, S_3, S_4, S_5
Leu,   N,   N,   N,   N,   C
Ser,   N,   N,   C,   C,   N
Val,   N,   N,   N,   C,   N
Ile,   N,   C,   N,   D,   C
Phe,   N,   C,   N,   N,   N
Gly,   C,   N,   N,   N,   N
Lys,   N,   C,   C,   N,   N
Ala,   C,   N,   N,   C,   N
Glu,   N,   N,   C,   N,   N
Met,   C,   C,   C,   C,   X
Thr,   X,   N,   X,   N,   N
Asp,   C,   N,   N,   C,   C
Asn,   N,   N,   N,   N,   N
Trp,   N,   C,   N,   X,   N
Gln,   N,   N,   D,   X,   X
Tyr,   C,   N,   N,   N,   C
Pro,   C,   X,   X,   C,   C
Arg,   C,   C,   X,   X,   X
His,   X,   X,   X,   X,   X


2019-04-19 20:50:10,426:New solution found! (#21). Calculation time: 00:00:06. New best price = 9909.72
2019-04-19 20:50:10,426:[solution]
% Solution number = 21
% Solution price  = 9909.72
Res, S_1, S_2, S_3, S_4, S_5
Leu,   N,   N,   N,   N,   C
Ser,   N,   N,   C,   C,   N
Val,   N,   N,   N,   C,   N
Ile,   N,   C,   N,   D,   C
Phe,   N,   C,   N,   N,   N
Gly,   C,   N,   N,   N,   N
Lys,   N,   C,   C,   N,   N
Ala,   C,   N,   N,   C,   N
Glu,   N,   N,   C,   N,   N
Met,   C,   C,   C,   C,   X
Thr,   X,   N,   X,   N,   N
Asp,   C,   N,   N,   C,   C
Asn,   N,   N,   N,   N,   N
Trp,   N,   C,   N,   X,   N
Gln,   N,   N,   D,   X,   X
Tyr,   C,   N,   N,   N,   X
Pro,   C,   C,   X,   X,   C
Arg,   C,   C,   X,   X,   X
His,   X,   X,   X,   X,   X


2019-04-19 20:50:10,434:New solution found! (#22). Calculation time: 00:00:06. New best price = 9860.0
2019-04-19 20:50:10,435:[solution]
% Solution number = 22
% Solution price  = 9860.0
Res, S_1, S_2, S_3, S_4, S_5
Leu,   N,   N,   N,   N,   C
Ser,   N,   N,   C,   C,   N
Val,   N,   N,   N,   C,   N
Ile,   N,   C,   N,   D,   C
Phe,   N,   C,   N,   N,   N
Gly,   C,   N,   N,   N,   N
Lys,   N,   C,   C,   N,   N
Ala,   C,   N,   N,   C,   N
Glu,   N,   N,   C,   N,   N
Met,   C,   C,   C,   C,   X
Thr,   X,   N,   X,   N,   N
Asp,   C,   N,   N,   C,   C
Asn,   N,   N,   N,   N,   N
Trp,   N,   C,   N,   X,   N
Gln,   N,   N,   D,   X,   X
Tyr,   C,   X,   N,   N,   X
Pro,   C,   X,   X,   C,   C
Arg,   C,   C,   X,   X,   X
His,   X,   X,   X,   X,   X


2019-04-19 20:50:10,442:New solution found! (#23). Calculation time: 00:00:07. New best price = 9849.83
2019-04-19 20:50:10,442:[solution]
% Solution number = 23
% Solution price  = 9849.83
Res, S_1, S_2, S_3, S_4, S_5
Leu,   N,   N,   N,   N,   C
Ser,   N,   N,   C,   C,   N
Val,   N,   N,   N,   C,   N
Ile,   N,   C,   N,   D,   C
Phe,   N,   C,   N,   N,   N
Gly,   C,   N,   N,   N,   N
Lys,   N,   C,   C,   N,   N
Ala,   C,   N,   N,   C,   N
Glu,   N,   N,   C,   N,   N
Met,   C,   C,   C,   C,   X
Thr,   X,   N,   X,   N,   N
Asp,   C,   N,   N,   C,   C
Asn,   N,   N,   N,   N,   N
Trp,   N,   C,   N,   X,   N
Gln,   X,   X,   X,   D,   D
Tyr,   C,   X,   N,   N,   X
Pro,   C,   X,   X,   C,   C
Arg,   C,   C,   X,   X,   X
His,   X,   X,   X,   X,   X


2019-04-19 20:50:10,448:New solution found! (#24). Calculation time: 00:00:07. New best price = 9816.98
2019-04-19 20:50:10,449:[solution]
% Solution number = 24
% Solution price  = 9816.98
Res, S_1, S_2, S_3, S_4, S_5
Leu,   N,   N,   N,   N,   C
Ser,   N,   N,   C,   C,   N
Val,   N,   N,   N,   C,   N
Ile,   N,   C,   N,   D,   C
Phe,   N,   C,   N,   N,   N
Gly,   C,   N,   N,   N,   N
Lys,   N,   C,   C,   N,   N
Ala,   C,   N,   N,   C,   N
Glu,   N,   N,   C,   N,   N
Met,   C,   C,   C,   C,   X
Thr,   X,   N,   X,   N,   N
Asp,   C,   N,   N,   C,   C
Asn,   N,   N,   N,   N,   N
Trp,   N,   C,   N,   X,   N
Gln,   X,   X,   D,   N,   X
Tyr,   C,   N,   N,   N,   X
Pro,   C,   C,   X,   X,   C
Arg,   C,   C,   X,   X,   X
His,   X,   X,   X,   X,   X


2019-04-19 20:50:10,455:New solution found! (#25). Calculation time: 00:00:07. New best price = 9767.26
2019-04-19 20:50:10,455:[solution]
% Solution number = 25
% Solution price  = 9767.26
Res, S_1, S_2, S_3, S_4, S_5
Leu,   N,   N,   N,   N,   C
Ser,   N,   N,   C,   C,   N
Val,   N,   N,   N,   C,   N
Ile,   N,   C,   N,   D,   C
Phe,   N,   C,   N,   N,   N
Gly,   C,   N,   N,   N,   N
Lys,   N,   C,   C,   N,   N
Ala,   C,   N,   N,   C,   N
Glu,   N,   N,   C,   N,   N
Met,   C,   C,   C,   C,   X
Thr,   X,   N,   X,   N,   N
Asp,   C,   N,   N,   C,   C
Asn,   N,   N,   N,   N,   N
Trp,   N,   C,   N,   X,   N
Gln,   X,   X,   D,   N,   X
Tyr,   C,   X,   N,   X,   N
Pro,   C,   C,   X,   X,   C
Arg,   C,   C,   X,   X,   X
His,   X,   X,   X,   X,   X


2019-04-19 20:50:10,464:New solution found! (#26). Calculation time: 00:00:07. New best price = 9644.34
2019-04-19 20:50:10,464:[solution]
% Solution number = 26
% Solution price  = 9644.34
Res, S_1, S_2, S_3, S_4, S_5
Leu,   N,   N,   N,   N,   C
Ser,   N,   N,   C,   C,   N
Val,   N,   N,   N,   C,   N
Ile,   N,   C,   N,   D,   C
Phe,   N,   C,   N,   N,   N
Gly,   C,   N,   N,   N,   N
Lys,   N,   C,   C,   N,   N
Ala,   C,   N,   N,   C,   N
Glu,   N,   N,   C,   N,   N
Met,   C,   C,   C,   C,   X
Thr,   X,   N,   X,   N,   N
Asp,   C,   N,   N,   C,   C
Asn,   N,   N,   N,   N,   N
Trp,   N,   C,   X,   X,   N
Gln,   N,   N,   D,   X,   X
Tyr,   C,   N,   N,   N,   X
Pro,   C,   C,   X,   X,   C
Arg,   C,   C,   X,   X,   X
His,   X,   X,   X,   X,   X


2019-04-19 20:50:10,470:New solution found! (#27). Calculation time: 00:00:07. New best price = 9594.62
2019-04-19 20:50:10,470:[solution]
% Solution number = 27
% Solution price  = 9594.62
Res, S_1, S_2, S_3, S_4, S_5
Leu,   N,   N,   N,   N,   C
Ser,   N,   N,   C,   C,   N
Val,   N,   N,   N,   C,   N
Ile,   N,   C,   N,   D,   C
Phe,   N,   C,   N,   N,   N
Gly,   C,   N,   N,   N,   N
Lys,   N,   C,   C,   N,   N
Ala,   C,   N,   N,   C,   N
Glu,   N,   N,   C,   N,   N
Met,   C,   C,   C,   C,   X
Thr,   X,   N,   X,   N,   N
Asp,   C,   N,   N,   C,   C
Asn,   N,   N,   N,   N,   N
Trp,   N,   C,   X,   X,   N
Gln,   N,   N,   D,   X,   X
Tyr,   C,   X,   N,   N,   X
Pro,   C,   X,   X,   C,   C
Arg,   C,   C,   X,   X,   X
His,   X,   X,   X,   X,   X


2019-04-19 20:50:10,478:New solution found! (#28). Calculation time: 00:00:07. New best price = 9584.46
2019-04-19 20:50:10,478:[solution]
% Solution number = 28
% Solution price  = 9584.46
Res, S_1, S_2, S_3, S_4, S_5
Leu,   N,   N,   N,   N,   C
Ser,   N,   N,   C,   C,   N
Val,   N,   N,   N,   C,   N
Ile,   N,   C,   N,   D,   C
Phe,   N,   C,   N,   N,   N
Gly,   C,   N,   N,   N,   N
Lys,   N,   C,   C,   N,   N
Ala,   C,   N,   N,   C,   N
Glu,   N,   N,   C,   N,   N
Met,   C,   C,   C,   C,   X
Thr,   X,   N,   X,   N,   N
Asp,   C,   N,   N,   C,   C
Asn,   N,   N,   N,   N,   N
Trp,   N,   C,   X,   X,   N
Gln,   X,   X,   X,   D,   D
Tyr,   C,   X,   N,   N,   X
Pro,   C,   X,   X,   C,   C
Arg,   C,   C,   X,   X,   X
His,   X,   X,   X,   X,   X


2019-04-19 20:50:10,484:New solution found! (#29). Calculation time: 00:00:07. New best price = 9551.6
2019-04-19 20:50:10,484:[solution]
% Solution number = 29
% Solution price  = 9551.6
Res, S_1, S_2, S_3, S_4, S_5
Leu,   N,   N,   N,   N,   C
Ser,   N,   N,   C,   C,   N
Val,   N,   N,   N,   C,   N
Ile,   N,   C,   N,   D,   C
Phe,   N,   C,   N,   N,   N
Gly,   C,   N,   N,   N,   N
Lys,   N,   C,   C,   N,   N
Ala,   C,   N,   N,   C,   N
Glu,   N,   N,   C,   N,   N
Met,   C,   C,   C,   C,   X
Thr,   X,   N,   X,   N,   N
Asp,   C,   N,   N,   C,   C
Asn,   N,   N,   N,   N,   N
Trp,   N,   C,   X,   X,   N
Gln,   X,   X,   D,   N,   X
Tyr,   C,   N,   N,   N,   X
Pro,   C,   C,   X,   X,   C
Arg,   C,   C,   X,   X,   X
His,   X,   X,   X,   X,   X


2019-04-19 20:50:10,490:New solution found! (#30). Calculation time: 00:00:07. New best price = 9501.88
2019-04-19 20:50:10,491:[solution]
% Solution number = 30
% Solution price  = 9501.88
Res, S_1, S_2, S_3, S_4, S_5
Leu,   N,   N,   N,   N,   C
Ser,   N,   N,   C,   C,   N
Val,   N,   N,   N,   C,   N
Ile,   N,   C,   N,   D,   C
Phe,   N,   C,   N,   N,   N
Gly,   C,   N,   N,   N,   N
Lys,   N,   C,   C,   N,   N
Ala,   C,   N,   N,   C,   N
Glu,   N,   N,   C,   N,   N
Met,   C,   C,   C,   C,   X
Thr,   X,   N,   X,   N,   N
Asp,   C,   N,   N,   C,   C
Asn,   N,   N,   N,   N,   N
Trp,   N,   C,   X,   X,   N
Gln,   X,   X,   D,   N,   X
Tyr,   C,   X,   N,   X,   N
Pro,   C,   C,   X,   X,   C
Arg,   C,   C,   X,   X,   X
His,   X,   X,   X,   X,   X


2019-04-19 20:50:10,728:New solution found! (#31). Calculation time: 00:00:07. New best price = 9490.52
2019-04-19 20:50:10,729:[solution]
% Solution number = 31
% Solution price  = 9490.52
Res, S_1, S_2, S_3, S_4, S_5
Leu,   N,   N,   N,   N,   C
Ser,   N,   N,   C,   C,   N
Val,   N,   N,   N,   C,   N
Ile,   N,   C,   N,   D,   C
Phe,   N,   C,   N,   N,   N
Gly,   C,   N,   N,   N,   N
Lys,   N,   C,   C,   N,   N
Ala,   C,   N,   N,   C,   N
Glu,   N,   N,   C,   N,   X
Met,   C,   C,   C,   C,   C
Thr,   N,   N,   X,   N,   N
Asp,   C,   N,   N,   C,   C
Asn,   N,   N,   N,   N,   N
Trp,   N,   C,   X,   X,   N
Gln,   X,   X,   D,   N,   X
Tyr,   C,   X,   N,   N,   N
Pro,   C,   X,   X,   X,   C
Arg,   C,   C,   X,   X,   X
His,   X,   X,   X,   X,   X


2019-04-19 20:50:10,735:New solution found! (#32). Calculation time: 00:00:07. New best price = 9440.8
2019-04-19 20:50:10,735:[solution]
% Solution number = 32
% Solution price  = 9440.8
Res, S_1, S_2, S_3, S_4, S_5
Leu,   N,   N,   N,   N,   C
Ser,   N,   N,   C,   C,   N
Val,   N,   N,   N,   C,   N
Ile,   N,   C,   N,   D,   C
Phe,   N,   C,   N,   N,   N
Gly,   C,   N,   N,   N,   N
Lys,   N,   C,   C,   N,   N
Ala,   C,   N,   N,   C,   N
Glu,   N,   N,   C,   N,   X
Met,   C,   C,   C,   C,   C
Thr,   N,   N,   X,   N,   N
Asp,   C,   N,   N,   C,   C
Asn,   N,   N,   N,   N,   N
Trp,   N,   C,   X,   X,   N
Gln,   X,   X,   D,   N,   X
Tyr,   C,   X,   N,   X,   N
Pro,   C,   X,   X,   X,   C
Arg,   C,   C,   X,   X,   X
His,   X,   X,   X,   X,   X


2019-04-19 20:50:10,811:New solution found! (#33). Calculation time: 00:00:07. New best price = 9395.49
2019-04-19 20:50:10,811:[solution]
% Solution number = 33
% Solution price  = 9395.49
Res, S_1, S_2, S_3, S_4, S_5
Leu,   N,   N,   N,   N,   C
Ser,   N,   N,   C,   C,   N
Val,   N,   N,   N,   C,   N
Ile,   N,   C,   N,   D,   C
Phe,   N,   C,   N,   N,   N
Gly,   C,   N,   N,   N,   N
Lys,   N,   C,   C,   N,   N
Ala,   C,   N,   N,   C,   N
Glu,   N,   N,   C,   N,   X
Met,   C,   C,   C,   C,   X
Thr,   N,   N,   X,   N,   N
Asp,   C,   N,   N,   C,   C
Asn,   N,   N,   N,   N,   N
Trp,   N,   C,   X,   X,   N
Gln,   X,   X,   D,   N,   X
Tyr,   C,   X,   N,   X,   N
Pro,   C,   X,   X,   X,   C
Arg,   C,   C,   X,   X,   X
His,   X,   X,   X,   X,   X


2019-04-19 20:50:10,897:New solution found! (#34). Calculation time: 00:00:07. New best price = 9350.18
2019-04-19 20:50:10,897:[solution]
% Solution number = 34
% Solution price  = 9350.18
Res, S_1, S_2, S_3, S_4, S_5
Leu,   N,   N,   N,   N,   C
Ser,   N,   N,   C,   C,   N
Val,   N,   N,   N,   C,   N
Ile,   N,   C,   N,   D,   C
Phe,   N,   C,   N,   N,   N
Gly,   C,   N,   N,   N,   N
Lys,   N,   C,   C,   N,   N
Ala,   C,   N,   N,   C,   N
Glu,   N,   N,   C,   N,   X
Met,   C,   C,   C,   X,   X
Thr,   N,   N,   X,   N,   N
Asp,   C,   N,   N,   C,   C
Asn,   N,   N,   N,   N,   N
Trp,   N,   C,   X,   X,   N
Gln,   X,   X,   D,   N,   X
Tyr,   C,   X,   N,   X,   N
Pro,   C,   X,   X,   X,   C
Arg,   C,   C,   X,   X,   X
His,   X,   X,   X,   X,   X


2019-04-19 20:50:10,984:New solution found! (#35). Calculation time: 00:00:07. New best price = 9293.22
2019-04-19 20:50:10,985:[solution]
% Solution number = 35
% Solution price  = 9293.22
Res, S_1, S_2, S_3, S_4, S_5
Leu,   N,   N,   N,   N,   C
Ser,   N,   N,   C,   C,   N
Val,   N,   N,   N,   C,   N
Ile,   N,   C,   N,   D,   C
Phe,   N,   C,   N,   N,   N
Gly,   C,   C,   N,   N,   N
Lys,   N,   C,   C,   N,   N
Ala,   C,   N,   N,   C,   N
Glu,   N,   N,   C,   N,   N
Met,   C,   C,   C,   C,   C
Thr,   N,   N,   N,   N,   N
Asp,   C,   N,   C,   N,   N
Asn,   N,   N,   N,   X,   X
Trp,   N,   C,   X,   X,   N
Gln,   X,   N,   D,   X,   X
Tyr,   C,   X,   N,   X,   N
Pro,   C,   X,   X,   X,   C
Arg,   C,   X,   X,   X,   C
His,   X,   X,   X,   X,   X


2019-04-19 20:50:11,020:New solution found! (#36). Calculation time: 00:00:07. New best price = 9267.81
2019-04-19 20:50:11,020:[solution]
% Solution number = 36
% Solution price  = 9267.81
Res, S_1, S_2, S_3, S_4, S_5
Leu,   N,   N,   N,   N,   C
Ser,   N,   N,   C,   C,   N
Val,   N,   N,   N,   C,   N
Ile,   N,   C,   N,   D,   C
Phe,   N,   C,   N,   N,   N
Gly,   C,   C,   N,   N,   N
Lys,   N,   C,   C,   N,   N
Ala,   C,   N,   N,   C,   N
Glu,   N,   N,   C,   N,   N
Met,   C,   C,   C,   C,   C
Thr,   N,   N,   N,   N,   N
Asp,   C,   N,   C,   N,   C
Asn,   N,   N,   N,   X,   X
Trp,   N,   C,   N,   X,   N
Gln,   X,   N,   D,   N,   X
Tyr,   C,   X,   N,   X,   N
Pro,   C,   X,   X,   X,   C
Arg,   C,   X,   X,   X,   X
His,   X,   X,   X,   X,   X


2019-04-19 20:50:11,027:New solution found! (#37). Calculation time: 00:00:07. New best price = 9175.07
2019-04-19 20:50:11,027:[solution]
% Solution number = 37
% Solution price  = 9175.07
Res, S_1, S_2, S_3, S_4, S_5
Leu,   N,   N,   N,   N,   C
Ser,   N,   N,   C,   C,   N
Val,   N,   N,   N,   C,   N
Ile,   N,   C,   N,   D,   C
Phe,   N,   C,   N,   N,   N
Gly,   C,   C,   N,   N,   N
Lys,   N,   C,   C,   N,   N
Ala,   C,   N,   N,   C,   N
Glu,   N,   N,   C,   N,   N
Met,   C,   C,   C,   C,   C
Thr,   N,   N,   N,   N,   N
Asp,   C,   N,   C,   N,   C
Asn,   N,   N,   N,   X,   X
Trp,   N,   C,   N,   X,   N
Gln,   X,   N,   D,   X,   X
Tyr,   C,   X,   N,   X,   N
Pro,   C,   X,   X,   X,   C
Arg,   C,   X,   X,   X,   X
His,   X,   X,   X,   X,   X


2019-04-19 20:50:11,041:New solution found! (#38). Calculation time: 00:00:07. New best price = 9095.18
2019-04-19 20:50:11,041:[solution]
% Solution number = 38
% Solution price  = 9095.18
Res, S_1, S_2, S_3, S_4, S_5
Leu,   N,   N,   N,   N,   C
Ser,   N,   N,   C,   C,   N
Val,   N,   N,   N,   C,   N
Ile,   N,   C,   N,   D,   C
Phe,   N,   C,   N,   N,   N
Gly,   C,   C,   N,   N,   N
Lys,   N,   C,   C,   N,   N
Ala,   C,   N,   N,   C,   N
Glu,   N,   N,   C,   N,   N
Met,   C,   C,   C,   C,   C
Thr,   N,   N,   N,   N,   N
Asp,   C,   N,   C,   N,   C
Asn,   N,   N,   N,   X,   X
Trp,   N,   C,   X,   X,   N
Gln,   X,   N,   D,   N,   N
Tyr,   C,   X,   N,   X,   N
Pro,   C,   X,   X,   X,   C
Arg,   C,   X,   X,   X,   X
His,   X,   X,   X,   X,   X


2019-04-19 20:50:11,047:New solution found! (#39). Calculation time: 00:00:07. New best price = 9002.44
2019-04-19 20:50:11,048:[solution]
% Solution number = 39
% Solution price  = 9002.44
Res, S_1, S_2, S_3, S_4, S_5
Leu,   N,   N,   N,   N,   C
Ser,   N,   N,   C,   C,   N
Val,   N,   N,   N,   C,   N
Ile,   N,   C,   N,   D,   C
Phe,   N,   C,   N,   N,   N
Gly,   C,   C,   N,   N,   N
Lys,   N,   C,   C,   N,   N
Ala,   C,   N,   N,   C,   N
Glu,   N,   N,   C,   N,   N
Met,   C,   C,   C,   C,   C
Thr,   N,   N,   N,   N,   N
Asp,   C,   N,   C,   N,   C
Asn,   N,   N,   N,   X,   X
Trp,   N,   C,   X,   X,   N
Gln,   X,   N,   D,   N,   X
Tyr,   C,   X,   N,   X,   N
Pro,   C,   X,   X,   X,   C
Arg,   C,   X,   X,   X,   X
His,   X,   X,   X,   X,   X


2019-04-19 20:50:11,054:New solution found! (#40). Calculation time: 00:00:07. New best price = 8909.7
2019-04-19 20:50:11,054:[solution]
% Solution number = 40
% Solution price  = 8909.7
Res, S_1, S_2, S_3, S_4, S_5
Leu,   N,   N,   N,   N,   C
Ser,   N,   N,   C,   C,   N
Val,   N,   N,   N,   C,   N
Ile,   N,   C,   N,   D,   C
Phe,   N,   C,   N,   N,   N
Gly,   C,   C,   N,   N,   N
Lys,   N,   C,   C,   N,   N
Ala,   C,   N,   N,   C,   N
Glu,   N,   N,   C,   N,   N
Met,   C,   C,   C,   C,   C
Thr,   N,   N,   N,   N,   N
Asp,   C,   N,   C,   N,   C
Asn,   N,   N,   N,   X,   X
Trp,   N,   C,   X,   X,   N
Gln,   X,   N,   D,   X,   X
Tyr,   C,   X,   N,   X,   N
Pro,   C,   X,   X,   X,   C
Arg,   C,   X,   X,   X,   X
His,   X,   X,   X,   X,   X


2019-04-19 20:50:11,099:New solution found! (#41). Calculation time: 00:00:07. New best price = 8786.46
2019-04-19 20:50:11,099:[solution]
% Solution number = 41
% Solution price  = 8786.46
Res, S_1, S_2, S_3, S_4, S_5
Leu,   N,   N,   N,   N,   C
Ser,   N,   N,   C,   C,   N
Val,   N,   N,   N,   C,   N
Ile,   N,   C,   N,   D,   C
Phe,   N,   C,   N,   N,   N
Gly,   C,   C,   N,   N,   N
Lys,   N,   C,   C,   N,   N
Ala,   C,   N,   N,   C,   N
Glu,   N,   N,   C,   N,   N
Met,   C,   C,   C,   C,   C
Thr,   X,   N,   N,   N,   N
Asp,   C,   N,   C,   N,   C
Asn,   N,   N,   N,   X,   X
Trp,   X,   C,   N,   N,   X
Gln,   X,   N,   D,   N,   X
Tyr,   C,   X,   N,   X,   N
Pro,   X,   X,   C,   X,   C
Arg,   C,   X,   X,   X,   X
His,   X,   X,   X,   X,   X


2019-04-19 20:50:11,106:New solution found! (#42). Calculation time: 00:00:07. New best price = 8693.72
2019-04-19 20:50:11,106:[solution]
% Solution number = 42
% Solution price  = 8693.72
Res, S_1, S_2, S_3, S_4, S_5
Leu,   N,   N,   N,   N,   C
Ser,   N,   N,   C,   C,   N
Val,   N,   N,   N,   C,   N
Ile,   N,   C,   N,   D,   C
Phe,   N,   C,   N,   N,   N
Gly,   C,   C,   N,   N,   N
Lys,   N,   C,   C,   N,   N
Ala,   C,   N,   N,   C,   N
Glu,   N,   N,   C,   N,   N
Met,   C,   C,   C,   C,   C
Thr,   X,   N,   N,   N,   N
Asp,   C,   N,   C,   N,   C
Asn,   N,   N,   N,   X,   X
Trp,   X,   C,   N,   N,   X
Gln,   X,   N,   D,   X,   X
Tyr,   C,   X,   N,   X,   N
Pro,   X,   X,   C,   X,   C
Arg,   C,   X,   X,   X,   X
His,   X,   X,   X,   X,   X


2019-04-19 20:50:11,252:New solution found! (#43). Calculation time: 00:00:07. New best price = 8648.41
2019-04-19 20:50:11,252:[solution]
% Solution number = 43
% Solution price  = 8648.41
Res, S_1, S_2, S_3, S_4, S_5
Leu,   N,   N,   N,   N,   C
Ser,   N,   N,   C,   C,   N
Val,   N,   N,   N,   C,   N
Ile,   N,   C,   N,   D,   C
Phe,   N,   C,   N,   N,   N
Gly,   C,   C,   N,   N,   N
Lys,   N,   C,   C,   N,   N
Ala,   C,   N,   N,   C,   N
Glu,   N,   N,   C,   N,   N
Met,   X,   C,   C,   C,   C
Thr,   X,   N,   N,   N,   N
Asp,   C,   N,   C,   N,   C
Asn,   N,   N,   N,   X,   X
Trp,   X,   C,   N,   N,   X
Gln,   X,   N,   D,   X,   X
Tyr,   C,   X,   N,   X,   N
Pro,   X,   X,   C,   X,   C
Arg,   C,   X,   X,   X,   X
His,   X,   X,   X,   X,   X


2019-04-19 20:50:11,566:New solution found! (#44). Calculation time: 00:00:08. New best price = 8632.23
2019-04-19 20:50:11,567:[solution]
% Solution number = 44
% Solution price  = 8632.23
Res, S_1, S_2, S_3, S_4, S_5
Leu,   N,   N,   N,   N,   C
Ser,   N,   N,   C,   C,   N
Val,   N,   N,   N,   C,   N
Ile,   N,   C,   N,   D,   C
Phe,   N,   C,   N,   N,   N
Gly,   C,   C,   N,   N,   N
Lys,   N,   C,   C,   N,   N
Ala,   C,   N,   N,   C,   N
Glu,   N,   N,   C,   N,   X
Met,   X,   C,   C,   C,   C
Thr,   X,   N,   N,   N,   N
Asp,   C,   N,   C,   N,   C
Asn,   N,   N,   N,   X,   X
Trp,   X,   C,   N,   N,   X
Gln,   X,   N,   D,   X,   X
Tyr,   C,   X,   N,   X,   N
Pro,   X,   X,   C,   X,   C
Arg,   C,   X,   X,   X,   X
His,   X,   X,   X,   X,   X


2019-04-19 20:50:25,380:New solution found! (#45). Calculation time: 00:00:21. New best price = 8587.38
2019-04-19 20:50:25,380:[solution]
% Solution number = 45
% Solution price  = 8587.38
Res, S_1, S_2, S_3, S_4, S_5
Leu,   N,   N,   N,   N,   C
Ser,   N,   N,   C,   C,   N
Val,   N,   N,   N,   C,   N
Ile,   N,   D,   N,   C,   C
Phe,   N,   C,   N,   N,   N
Gly,   C,   C,   N,   N,   N
Lys,   N,   C,   C,   N,   N
Ala,   C,   N,   N,   C,   N
Glu,   N,   C,   N,   N,   X
Met,   C,   C,   C,   X,   C
Thr,   N,   N,   X,   N,   N
Asp,   C,   N,   N,   C,   C
Asn,   X,   N,   N,   N,   N
Trp,   X,   N,   C,   N,   X
Gln,   X,   X,   D,   N,   X
Tyr,   N,   N,   C,   X,   C
Pro,   C,   X,   X,   X,   X
Arg,   C,   X,   X,   X,   X
His,   X,   X,   X,   X,   X


2019-04-19 20:50:25,575:New solution found! (#46). Calculation time: 00:00:22. New best price = 8542.07
2019-04-19 20:50:25,575:[solution]
% Solution number = 46
% Solution price  = 8542.07
Res, S_1, S_2, S_3, S_4, S_5
Leu,   N,   N,   N,   N,   C
Ser,   N,   N,   C,   C,   N
Val,   N,   N,   N,   C,   N
Ile,   N,   D,   N,   C,   C
Phe,   N,   C,   N,   N,   N
Gly,   C,   C,   N,   N,   N
Lys,   N,   C,   C,   N,   N
Ala,   C,   N,   N,   C,   N
Glu,   N,   C,   N,   N,   X
Met,   C,   X,   C,   X,   C
Thr,   N,   N,   X,   N,   N
Asp,   C,   N,   N,   C,   C
Asn,   X,   N,   N,   N,   N
Trp,   X,   N,   C,   N,   X
Gln,   X,   X,   D,   N,   X
Tyr,   N,   N,   C,   X,   C
Pro,   C,   X,   X,   X,   X
Arg,   C,   X,   X,   X,   X
His,   X,   X,   X,   X,   X


2019-04-19 20:50:27,367:New solution found! (#47). Calculation time: 00:00:23. New best price = 8533.06
2019-04-19 20:50:27,367:[solution]
% Solution number = 47
% Solution price  = 8533.06
Res, S_1, S_2, S_3, S_4, S_5
Leu,   N,   N,   N,   N,   C
Ser,   N,   N,   C,   C,   N
Val,   N,   N,   N,   C,   N
Ile,   N,   D,   N,   D,   D
Phe,   N,   C,   N,   N,   N
Gly,   C,   C,   N,   N,   N
Lys,   N,   C,   C,   N,   N
Ala,   C,   N,   N,   C,   N
Glu,   N,   N,   C,   N,   X
Met,   X,   C,   C,   C,   C
Thr,   X,   N,   N,   N,   N
Asp,   C,   N,   C,   N,   C
Asn,   N,   N,   N,   X,   X
Trp,   X,   C,   N,   N,   X
Gln,   X,   N,   D,   X,   X
Tyr,   C,   X,   N,   X,   N
Pro,   X,   X,   C,   X,   C
Arg,   C,   X,   X,   X,   X
His,   X,   X,   X,   X,   X


2019-04-19 20:50:27,579:New solution found! (#48). Calculation time: 00:00:24. New best price = 8464.38
2019-04-19 20:50:27,580:[solution]
% Solution number = 48
% Solution price  = 8464.38
Res, S_1, S_2, S_3, S_4, S_5
Leu,   N,   N,   N,   N,   C
Ser,   N,   N,   C,   C,   N
Val,   N,   N,   N,   C,   N
Ile,   N,   D,   N,   D,   D
Phe,   N,   C,   N,   N,   N
Gly,   C,   C,   N,   N,   N
Lys,   N,   C,   C,   N,   N
Ala,   C,   N,   N,   C,   N
Glu,   N,   C,   N,   N,   X
Met,   C,   C,   C,   C,   C
Thr,   N,   N,   X,   N,   N
Asp,   C,   N,   C,   N,   C
Asn,   N,   N,   N,   X,   X
Trp,   N,   N,   C,   X,   X
Gln,   X,   N,   D,   X,   X
Tyr,   N,   N,   C,   N,   C
Pro,   C,   X,   X,   X,   X
Arg,   C,   X,   X,   X,   X
His,   X,   X,   X,   X,   X


2019-04-19 20:50:27,714:New solution found! (#49). Calculation time: 00:00:24. New best price = 8442.9
2019-04-19 20:50:27,714:[solution]
% Solution number = 49
% Solution price  = 8442.9
Res, S_1, S_2, S_3, S_4, S_5
Leu,   N,   N,   N,   N,   C
Ser,   N,   N,   C,   C,   N
Val,   N,   N,   N,   C,   N
Ile,   N,   D,   N,   D,   D
Phe,   N,   C,   N,   N,   N
Gly,   C,   C,   N,   N,   N
Lys,   N,   C,   C,   N,   N
Ala,   C,   N,   N,   C,   N
Glu,   N,   C,   N,   N,   X
Met,   C,   X,   C,   X,   C
Thr,   N,   N,   X,   N,   N
Asp,   C,   N,   N,   C,   C
Asn,   X,   N,   N,   N,   N
Trp,   X,   N,   C,   N,   X
Gln,   X,   X,   D,   N,   X
Tyr,   N,   N,   C,   X,   C
Pro,   C,   X,   X,   X,   X
Arg,   C,   X,   X,   X,   X
His,   X,   X,   X,   X,   X


2019-04-19 20:50:30,062:New solution found! (#50). Calculation time: 00:00:26. New best price = 8415.19
2019-04-19 20:50:30,062:[solution]
% Solution number = 50
% Solution price  = 8415.19
Res, S_1, S_2, S_3, S_4, S_5
Leu,   N,   N,   N,   N,   C
Ser,   N,   N,   C,   C,   N
Val,   N,   N,   N,   C,   N
Ile,   N,   D,   X,   D,   C
Phe,   N,   C,   N,   N,   N
Gly,   C,   C,   N,   N,   N
Lys,   N,   C,   C,   N,   N
Ala,   C,   N,   N,   C,   N
Glu,   N,   C,   N,   N,   X
Met,   C,   X,   C,   X,   C
Thr,   N,   N,   X,   N,   N
Asp,   C,   N,   N,   C,   C
Asn,   X,   N,   N,   N,   N
Trp,   X,   N,   C,   N,   X
Gln,   X,   X,   D,   N,   X
Tyr,   N,   N,   C,   X,   C
Pro,   C,   X,   X,   X,   X
Arg,   C,   X,   X,   X,   X
His,   X,   X,   X,   X,   X


2019-04-19 20:50:39,575:New solution found! (#51). Calculation time: 00:00:36. New best price = 8411.61
2019-04-19 20:50:39,575:[solution]
% Solution number = 51
% Solution price  = 8411.61
Res, S_1, S_2, S_3, S_4, S_5
Leu,   N,   N,   N,   N,   C
Ser,   N,   N,   C,   C,   N
Val,   N,   N,   N,   C,   N
Ile,   C,   D,   D,   N,   C
Phe,   C,   N,   N,   N,   N
Gly,   C,   C,   N,   N,   N
Lys,   C,   N,   C,   N,   N
Ala,   N,   C,   N,   C,   N
Glu,   N,   N,   C,   N,   X
Met,   C,   X,   X,   C,   C
Thr,   N,   X,   X,   N,   N
Asp,   N,   C,   C,   N,   C
Asn,   N,   N,   N,   X,   X
Trp,   C,   N,   N,   X,   X
Gln,   N,   X,   D,   X,   X
Tyr,   X,   C,   N,   N,   X
Pro,   X,   X,   X,   C,   C
Arg,   X,   C,   X,   X,   X
His,   X,   X,   X,   X,   X


2019-04-19 20:50:40,250:New solution found! (#52). Calculation time: 00:00:36. New best price = 8378.2
2019-04-19 20:50:40,250:[solution]
% Solution number = 52
% Solution price  = 8378.2
Res, S_1, S_2, S_3, S_4, S_5
Leu,   N,   N,   N,   N,   C
Ser,   N,   N,   C,   C,   N
Val,   N,   N,   N,   C,   N
Ile,   C,   D,   D,   N,   D
Phe,   N,   C,   N,   N,   N
Gly,   C,   C,   N,   N,   N
Lys,   N,   C,   C,   N,   N
Ala,   C,   N,   N,   C,   N
Glu,   N,   N,   C,   N,   N
Met,   X,   C,   X,   C,   C
Thr,   X,   N,   X,   N,   N
Asp,   C,   N,   C,   N,   C
Asn,   N,   N,   N,   X,   X
Trp,   N,   C,   N,   X,   X
Gln,   X,   N,   D,   X,   X
Tyr,   C,   X,   N,   N,   X
Pro,   X,   X,   X,   C,   C
Arg,   C,   X,   X,   X,   X
His,   X,   X,   X,   X,   X


2019-04-19 20:50:40,405:New solution found! (#53). Calculation time: 00:00:36. New best price = 8362.02
2019-04-19 20:50:40,405:[solution]
% Solution number = 53
% Solution price  = 8362.02
Res, S_1, S_2, S_3, S_4, S_5
Leu,   N,   N,   N,   N,   C
Ser,   N,   N,   C,   C,   N
Val,   N,   N,   N,   C,   N
Ile,   C,   D,   D,   N,   D
Phe,   N,   C,   N,   N,   N
Gly,   C,   C,   N,   N,   N
Lys,   N,   C,   C,   N,   N
Ala,   C,   N,   N,   C,   N
Glu,   N,   N,   C,   N,   X
Met,   X,   C,   X,   C,   C
Thr,   X,   N,   X,   N,   N
Asp,   C,   N,   C,   N,   C
Asn,   N,   N,   N,   X,   X
Trp,   N,   C,   N,   X,   X
Gln,   X,   N,   D,   X,   X
Tyr,   C,   X,   N,   N,   X
Pro,   X,   X,   X,   C,   C
Arg,   C,   X,   X,   X,   X
His,   X,   X,   X,   X,   X


2019-04-19 20:50:49,675:New solution found! (#54). Calculation time: 00:00:46. New best price = 8328.61
2019-04-19 20:50:49,675:[solution]
% Solution number = 54
% Solution price  = 8328.61
Res, S_1, S_2, S_3, S_4, S_5
Leu,   N,   N,   N,   N,   C
Ser,   N,   N,   C,   C,   N
Val,   N,   N,   N,   C,   N
Ile,   D,   D,   D,   N,   D
Phe,   N,   C,   N,   N,   N
Gly,   C,   C,   N,   N,   N
Lys,   N,   C,   C,   N,   N
Ala,   C,   N,   N,   C,   N
Glu,   N,   N,   C,   N,   N
Met,   X,   C,   X,   C,   C
Thr,   X,   N,   X,   N,   N
Asp,   C,   N,   C,   N,   C
Asn,   N,   N,   N,   X,   X
Trp,   N,   C,   N,   X,   X
Gln,   X,   N,   D,   X,   X
Tyr,   C,   X,   N,   N,   X
Pro,   X,   X,   X,   C,   C
Arg,   C,   X,   X,   X,   X
His,   X,   X,   X,   X,   X


2019-04-19 20:50:49,883:New solution found! (#55). Calculation time: 00:00:46. New best price = 8312.44
2019-04-19 20:50:49,883:[solution]
% Solution number = 55
% Solution price  = 8312.44
Res, S_1, S_2, S_3, S_4, S_5
Leu,   N,   N,   N,   N,   C
Ser,   N,   N,   C,   C,   N
Val,   N,   N,   N,   C,   N
Ile,   D,   D,   D,   N,   D
Phe,   N,   C,   N,   N,   N
Gly,   C,   C,   N,   N,   N
Lys,   N,   C,   C,   N,   N
Ala,   C,   N,   N,   C,   N
Glu,   N,   N,   C,   N,   X
Met,   X,   C,   X,   C,   C
Thr,   X,   N,   X,   N,   N
Asp,   C,   N,   C,   N,   C
Asn,   N,   N,   N,   X,   X
Trp,   N,   C,   N,   X,   X
Gln,   X,   N,   D,   X,   X
Tyr,   C,   X,   N,   N,   X
Pro,   X,   X,   X,   C,   C
Arg,   C,   X,   X,   X,   X
His,   X,   X,   X,   X,   X


2019-04-19 20:50:55,838:UPDATE: search in 5 samples; iteration   1000000; time:     52 sec; max depth=18; solutions found= 55    ; best price=8312.43656
2019-04-19 20:51:02,660:Search in 5 sample(s) finished successfully!
2019-04-19 20:51:02,660:Search for solution finished successfully!
Calculation time: 		00:00:59
Total iterations: 1088116
