[2018-06-28_15:57:49]

#############################################################################
#                                                                           #
#        UCSL (Version 1.0.0)- Calculation of Universal                     #
#        Combinatorial Labeling Schemes for Fast NMR Protein                #
#        Assignment.                                                        #
#                                                                           #
#        In case of using for scientific purpose, please cite our article:  #
#                                                                           #
#                                                                           #
#                                                                           #
#                                                                           #
#############################################################################
[2018-06-28_15:57:49]
[NCS = NC2][2018-06-28_15:57:49]
Searching for elementary blocks(ELB)[2018-06-28_15:57:49]
BlockFinder.find() started at 28-06-2018 12:57:49
BlockFinder: samples=1 min_depth=2
[2018-06-28_15:57:49]
BlockFinder.find() started at 28-06-2018 12:57:49
BlockFinder: samples=2 min_depth=2
[2018-06-28_15:57:49]

[ELB samples = 2 patterns = 2]
NC
CN[2018-06-28_15:57:49]
BlockFinder.find() started at 28-06-2018 12:57:49
BlockFinder: samples=3 min_depth=3
[2018-06-28_15:57:49]

[ELB samples = 3 patterns = 3]
NNC
NCN
CNN[2018-06-28_15:57:49]
BlockFinder.find() started at 28-06-2018 12:57:49
BlockFinder: samples=4 min_depth=4
[2018-06-28_15:57:50]

[ELB samples = 4 patterns = 4]
NNNC
NNCN
NCNN
CNNN[2018-06-28_15:57:50]

[ELB samples = 4 patterns = 4]
NNCC
NCNC
CNCN
CCNN[2018-06-28_15:57:50]
BlockFinder.find() started at 28-06-2018 12:57:50
BlockFinder: samples=5 min_depth=5
[2018-06-28_15:57:50]

[ELB samples = 5 patterns = 5]
XNNNC
NNCCN
NCNCN
CNCNN
CCNNN[2018-06-28_15:57:52]

[ELB samples = 5 patterns = 5]
NNNNC
NNNCN
NNCNN
NCNNN
CNNNN[2018-06-28_15:57:52]

[ELB samples = 5 patterns = 5]
NNNNC
NNCCN
NCNCN
CNCNN
CCNNN[2018-06-28_15:57:53]

[ELB samples = 5 patterns = 5]
NNNCC
NNCNC
NCNNC
CNNCN
CNCNN[2018-06-28_15:57:53]

[ELB samples = 5 patterns = 6]
NNNCC
NNCNC
NCNNC
CNNCN
CNCNN
CCNNN[2018-06-28_15:57:54]
BlockFinder.find() started at 28-06-2018 12:57:54
BlockFinder: samples=6 min_depth=7
[2018-06-28_15:59:38]

[ELB samples = 6 patterns = 7]
XNNNNC
NNNCCN
NNCNCN
NCNNCN
CNNCNN
CNCNNN
CCNNNN[2018-06-28_16:00:39]

[ELB samples = 6 patterns = 7]
XNNNCC
XNCCNN
NCNCNC
NCCNCN
CNNCCN
CNCNNC
CCXNNN[2018-06-28_16:00:39]

[ELB samples = 6 patterns = 7]
XNNNCC
XNCCNN
NCNCNC
NCCNCN
CNNCCN
CNCNNC
CCNNNN[2018-06-28_16:00:53]

[ELB samples = 6 patterns = 7]
XNNNCC
NNCCNN
NCNCNC
NCCNCN
CNNCCN
CNCNNC
CCNNNN[2018-06-28_16:00:55]

[ELB samples = 6 patterns = 7]
XNNNCC
NNCCNC
NCNCCN
NCCCNN
CNCNNC
CCNNCN
CCCNNN[2018-06-28_16:13:55]

[ELB samples = 6 patterns = 7]
NNNNNC
NNNCCN
NNCNCN
NCNNCN
CNNCNN
CNCNNN
CCNNNN[2018-06-28_16:14:27]

[ELB samples = 6 patterns = 7]
NNNNCC
NNNCNC
NNCNNC
NCNNNC
CNNNCN
CNNCNN
CNCNNN[2018-06-28_16:14:27]

[ELB samples = 6 patterns = 8]
NNNNCC
NNNCNC
NNCNNC
NCNNNC
CNNNCN
CNNCNN
CNCNNN
CCNNNN[2018-06-28_16:14:27]

[ELB samples = 6 patterns = 9]
NNNNCC
NNNCNC
NNCNNC
NCNNCN
NCNCNN
NCCNNN
CNNNCN
CNNCNN
CNCNNN[2018-06-28_16:14:55]

[ELB samples = 6 patterns = 7]
NNNNCC
NNCCNN
NCNCNC
NCCNCN
CNNCCN
CNCNNC
CCNNNN[2018-06-28_16:14:59]

[ELB samples = 6 patterns = 7]
NNNNCC
NNCCNC
NCNCNC
CNCNCN
CNCCNN
CCNNCN
CCNCNN[2018-06-28_16:18:49]

[ELB samples = 6 patterns = 7]
NNNCCC
NNCNCC
NCNCNC
NCCNNC
CNNCCN
CNCNCN
CCNCNN[2018-06-28_16:18:49]

[ELB samples = 6 patterns = 8]
NNNCCC
NNCNCC
NCNCNC
NCCNNC
CNNCCN
CNCNCN
CCNCNN
CCCNNN[2018-06-28_16:24:52]
BlockFinder.find() started at 28-06-2018 13:24:52
BlockFinder: samples=7 min_depth=10
[2018-06-28_19:14:42]

[ELB samples = 7 patterns = 10]
XNNNNNC
NNNNCCN
NNNCNCN
NNCNNCN
NCNNCNN
NCNCNNN
NCCNNNN
CNNNCNN
CNNCNNN
CNCNNNN[2018-06-28_19:53:13]

[ELB samples = 7 patterns = 10]
XNNNNCC
XNNNCNC
XNCCNNN
NCNCNNC
NCCNNCN
NCCNCNN
CNNCNCN
CNNCCNN
CNCNNNC
CCXNNNN[2018-06-28_19:53:13]

[ELB samples = 7 patterns = 10]
XNNNNCC
XNNNCNC
XNCCNNN
NCNCNNC
NCCNNCN
NCCNCNN
CNNCNCN
CNNCCNN
CNCNNNC
CCNNNNN[2018-06-28_19:57:06]

[ELB samples = 7 patterns = 10]
XNNNNCC
XNNNCNC
NNCCNNN
NCNCNNC
NCCNNCN
NCCNCNN
CNNCNCN
CNNCCNN
CNCNNNC
CCNNNNN[2018-06-28_19:57:25]

[ELB samples = 7 patterns = 10]
XNNNNCC
XNNNCNC
NNCCNNC
NCNCNCN
NCNCCNN
NCCCNNN
CNCNNNC
CCNNNCN
CCNNCNN
CCCNNNN[2018-06-28_23:46:05]

[ELB samples = 7 patterns = 10]
XNNNNCC
NNNNCNC
NNCCNNN
NCNCNNC
NCCNNCN
NCCNCNN
CNNCNCN
CNNCCNN
CNCNNNC
CCNNNNN[2018-06-28_23:46:22]

[ELB samples = 7 patterns = 10]
XNNNNCC
NNNNCNC
NNCCNNC
NCNCNCN
NCNCCNN
NCCCNNN
CNCNNNC
CCNNNCN
CCNNCNN
CCCNNNN[2018-06-29_00:22:32]

[ELB samples = 7 patterns = 10]
XNNNNCC
NNNCCNC
NNCNCNC
NCNNCCN
NCNCCNN
NCCNCNN
CNNCNNC
CNCNNNC
CCNNNCN
CCNCNNN[2018-06-29_00:22:32]

[ELB samples = 7 patterns = 11]
XNNNNCC
NNNCCNC
NNCNCNC
NCNNCCN
NCNCCNN
NCCNCNN
CNNCNNC
CNCNNNC
CCNNNCN
CCNCNNN
CCCNNNN