2018-08-27 12:26:11,336:Searching for products in max_samples=1
2018-08-27 12:26:11,336:Searching for products in max_samples=2
2018-08-27 12:26:11,336:Searching for products in max_samples=3
2018-08-27 12:26:11,336:Searching for products in max_samples=4
2018-08-27 12:26:11,336:Searching for products in max_samples=5
2018-08-27 12:26:11,336:Searching for products in max_samples=6
2018-08-27 12:26:11,336:Searching for products in max_samples=7
2018-08-27 12:26:11,336:Searching for products in max_samples=8
2018-08-27 12:26:11,337:Searching for products in max_samples=9
2018-08-27 12:26:11,428:Blocks used:
 2 X   2 - 1 block(s)
 3 X   3 - 1 block(s)
 4 X   4 - 1 block(s)
 5 X   5 - 3 block(s)
 6 X   7 - 8 block(s)
 7 X  10 - 8 block(s)
 7 X  11 - 2 block(s)
-----------
 2 X  . - 1 block(s)
 3 X  . - 1 block(s)
 4 X  . - 1 block(s)
 5 X  . - 3 block(s)
 6 X  . - 8 block(s)
 7 X  . - 10 block(s)
 TOTAL - 24 blocks
-----------

-----------------------
Products calculated for 9 samples:
[(2, 2), (2, 2), (2, 2), (3, 3)]: 1 scheme(s)
[(2, 2), (2, 2), (5, 5)]: 3 scheme(s)
[(2, 2), (3, 3), (4, 4)]: 1 scheme(s)
[(2, 2), (7, 10)]: 8 scheme(s)
[(2, 2), (7, 11)]: 2 scheme(s)
[(3, 3), (3, 3), (3, 3)]: 1 scheme(s)
[(3, 3), (6, 7)]: 8 scheme(s)
[(4, 4), (5, 5)]: 3 scheme(s)
8 product types calculated
27 total labeling schemes to check

2018-08-27 12:26:11,428:Schemes optimization in max_samples=9
2018-08-27 12:26:11,428:------------
Checking schemes for product [(2, 2), (2, 2), (2, 2), (3, 3)]. Total 1 schemes
------------
2018-08-27 12:26:11,446:Checking scheme 1/27 - New best price: 33307.366649999996
2018-08-27 12:26:11,446:NCNCNCNNC
NCNCNCNCN
NCNCNCCNN
NCNCCNNNC
NCNCCNNCN
NCNCCNCNN
NCCNNCNNC
NCCNNCNCN
NCCNNCCNN
NCCNCNNNC
NCCNCNNCN
NCCNCNCNN
CNNCNCNNC
CNNCNCNCN
CNNCNCCNN
CNNCCNNNC
CNNCCNNCN
CNNCCNCNN
CNCNNCNNC
CNCNNCNCN
CNCNNCCNN
CNCNCNNNC
CNCNCNNCN
CNCNCNCNN

Scheme consists of following blocks:
NC
CN
NC
CN
NC
CN
NNC
NCN
CNN
---------
2018-08-27 12:26:11,446:------------
Checking schemes for product [(2, 2), (2, 2), (5, 5)]. Total 3 schemes
------------
2018-08-27 12:26:11,482:Checking scheme 2/27 - New best price: 30292.711419999996
2018-08-27 12:26:11,482:NCNCXNNNC
NCNCNNCCN
NCNCNCNCN
NCNCCNCNN
NCNCCCNNN
NCCNXNNNC
NCCNNNCCN
NCCNNCNCN
NCCNCNCNN
NCCNCCNNN
CNNCXNNNC
CNNCNNCCN
CNNCNCNCN
CNNCCNCNN
CNNCCCNNN
CNCNXNNNC
CNCNNNCCN
CNCNNCNCN
CNCNCNCNN
CNCNCCNNN

Scheme consists of following blocks:
NC
CN
NC
CN
XNNNC
NNCCN
NCNCN
CNCNN
CCNNN
---------
2018-08-27 12:26:11,500:Checking scheme 3/27 - New best price: 29888.197740000003
2018-08-27 12:26:11,500:NCNCNNNNC
NCNCNNNCN
NCNCNNCNN
NCNCNCNNN
NCNCCNNNN
NCCNNNNNC
NCCNNNNCN
NCCNNNCNN
NCCNNCNNN
NCCNCNNNN
CNNCNNNNC
CNNCNNNCN
CNNCNNCNN
CNNCNCNNN
CNNCCNNNN
CNCNNNNNC
CNCNNNNCN
CNCNNNCNN
CNCNNCNNN
CNCNCNNNN

Scheme consists of following blocks:
NC
CN
NC
CN
NNNNC
NNNCN
NNCNN
NCNNN
CNNNN
---------
2018-08-27 12:26:11,537:Checking scheme 4/27 - Price: 31169.131659999992
2018-08-27 12:26:11,537:NCNCNNNNC
NCNCNNCCN
NCNCNCNCN
NCNCCNCNN
NCNCCCNNN
NCCNNNNNC
NCCNNNCCN
NCCNNCNCN
NCCNCNCNN
NCCNCCNNN
CNNCNNNNC
CNNCNNCCN
CNNCNCNCN
CNNCCNCNN
CNNCCCNNN
CNCNNNNNC
CNCNNNCCN
CNCNNCNCN
CNCNCNCNN
CNCNCCNNN

Scheme consists of following blocks:
NC
CN
NC
CN
NNNNC
NNCCN
NCNCN
CNCNN
CCNNN
---------
2018-08-27 12:26:11,537:------------
Checking schemes for product [(2, 2), (3, 3), (4, 4)]. Total 1 schemes
------------
2018-08-27 12:26:11,557:Checking scheme 5/27 - Price: 29888.197740000003
2018-08-27 12:26:11,557:NCNNCNNNC
NCNNCNNCN
NCNNCNCNN
NCNNCCNNN
NCNCNNNNC
NCNCNNNCN
NCNCNNCNN
NCNCNCNNN
NCCNNNNNC
NCCNNNNCN
NCCNNNCNN
NCCNNCNNN
CNNNCNNNC
CNNNCNNCN
CNNNCNCNN
CNNNCCNNN
CNNCNNNNC
CNNCNNNCN
CNNCNNCNN
CNNCNCNNN
CNCNNNNNC
CNCNNNNCN
CNCNNNCNN
CNCNNCNNN

Scheme consists of following blocks:
NC
CN
NNC
NCN
CNN
NNNC
NNCN
NCNN
CNNN
---------
2018-08-27 12:26:11,557:------------
Checking schemes for product [(2, 2), (7, 10)]. Total 8 schemes
------------
2018-08-27 12:26:11,594:Checking scheme 6/27 - New best price: 28012.366439999998
2018-08-27 12:26:11,594:NCXNNNNNC
NCNNNNCCN
NCNNNCNCN
NCNNCNNCN
NCNCNNCNN
NCNCNCNNN
NCNCCNNNN
NCCNNNCNN
NCCNNCNNN
NCCNCNNNN
CNXNNNNNC
CNNNNNCCN
CNNNNCNCN
CNNNCNNCN
CNNCNNCNN
CNNCNCNNN
CNNCCNNNN
CNCNNNCNN
CNCNNCNNN
CNCNCNNNN

Scheme consists of following blocks:
NC
CN
XNNNNNC
NNNNCCN
NNNCNCN
NNCNNCN
NCNNCNN
NCNCNNN
NCCNNNN
CNNNCNN
CNNCNNN
CNCNNNN
---------
2018-08-27 12:26:11,631:Checking scheme 7/27 - Price: 28935.89119999999
2018-08-27 12:26:11,631:NCXNNNNCC
NCXNNNCNC
NCXNCCNNN
NCNCNCNNC
NCNCCNNCN
NCNCCNCNN
NCCNNCNCN
NCCNNCCNN
NCCNCNNNC
NCCCXNNNN
CNXNNNNCC
CNXNNNCNC
CNXNCCNNN
CNNCNCNNC
CNNCCNNCN
CNNCCNCNN
CNCNNCNCN
CNCNNCCNN
CNCNCNNNC
CNCCXNNNN

Scheme consists of following blocks:
NC
CN
XNNNNCC
XNNNCNC
XNCCNNN
NCNCNNC
NCCNNCN
NCCNCNN
CNNCNCN
CNNCCNN
CNCNNNC
CCXNNNN
---------
2018-08-27 12:26:11,676:Checking scheme 8/27 - Price: 28982.7822
2018-08-27 12:26:11,676:NCXNNNNCC
NCXNNNCNC
NCXNCCNNN
NCNCNCNNC
NCNCCNNCN
NCNCCNCNN
NCCNNCNCN
NCCNNCCNN
NCCNCNNNC
NCCCNNNNN
CNXNNNNCC
CNXNNNCNC
CNXNCCNNN
CNNCNCNNC
CNNCCNNCN
CNNCCNCNN
CNCNNCNCN
CNCNNCCNN
CNCNCNNNC
CNCCNNNNN

Scheme consists of following blocks:
NC
CN
XNNNNCC
XNNNCNC
XNCCNNN
NCNCNNC
NCCNNCN
NCCNCNN
CNNCNCN
CNNCCNN
CNCNNNC
CCNNNNN
---------
2018-08-27 12:26:11,730:Checking scheme 9/27 - Price: 29174.278800000004
2018-08-27 12:26:11,730:NCXNNNNCC
NCXNNNCNC
NCNNCCNNN
NCNCNCNNC
NCNCCNNCN
NCNCCNCNN
NCCNNCNCN
NCCNNCCNN
NCCNCNNNC
NCCCNNNNN
CNXNNNNCC
CNXNNNCNC
CNNNCCNNN
CNNCNCNNC
CNNCCNNCN
CNNCCNCNN
CNCNNCNCN
CNCNNCCNN
CNCNCNNNC
CNCCNNNNN

Scheme consists of following blocks:
NC
CN
XNNNNCC
XNNNCNC
NNCCNNN
NCNCNNC
NCCNNCN
NCCNCNN
CNNCNCN
CNNCCNN
CNCNNNC
CCNNNNN
---------
2018-08-27 12:26:11,783:Checking scheme 10/27 - Price: 29621.942290000003
2018-08-27 12:26:11,783:NCXNNNNCC
NCNNNNCNC
NCNNCCNNN
NCNCNCNNC
NCNCCNNCN
NCNCCNCNN
NCCNNCNCN
NCCNNCCNN
NCCNCNNNC
NCCCNNNNN
CNXNNNNCC
CNNNNNCNC
CNNNCCNNN
CNNCNCNNC
CNNCCNNCN
CNNCCNCNN
CNCNNCNCN
CNCNNCCNN
CNCNCNNNC
CNCCNNNNN

Scheme consists of following blocks:
NC
CN
XNNNNCC
NNNNCNC
NNCCNNN
NCNCNNC
NCCNNCN
NCCNCNN
CNNCNCN
CNNCCNN
CNCNNNC
CCNNNNN
---------
2018-08-27 12:26:11,838:Checking scheme 11/27 - Price: 30585.771759999996
2018-08-27 12:26:11,838:NCXNNNNCC
NCNNNNCNC
NCNNCCNNC
NCNCNCNCN
NCNCNCCNN
NCNCCCNNN
NCCNCNNNC
NCCCNNNCN
NCCCNNCNN
NCCCCNNNN
CNXNNNNCC
CNNNNNCNC
CNNNCCNNC
CNNCNCNCN
CNNCNCCNN
CNNCCCNNN
CNCNCNNNC
CNCCNNNCN
CNCCNNCNN
CNCCCNNNN

Scheme consists of following blocks:
NC
CN
XNNNNCC
NNNNCNC
NNCCNNC
NCNCNCN
NCNCCNN
NCCCNNN
CNCNNNC
CCNNNCN
CCNNCNN
CCCNNNN
---------
2018-08-27 12:26:11,878:Checking scheme 12/27 - Price: 28576.636779999997
2018-08-27 12:26:11,878:NCNNNNNNC
NCNNNNCCN
NCNNNCNCN
NCNNCNNCN
NCNCNNCNN
NCNCNCNNN
NCNCCNNNN
NCCNNNCNN
NCCNNCNNN
NCCNCNNNN
CNNNNNNNC
CNNNNNCCN
CNNNNCNCN
CNNNCNNCN
CNNCNNCNN
CNNCNCNNN
CNNCCNNNN
CNCNNNCNN
CNCNNCNNN
CNCNCNNNN

Scheme consists of following blocks:
NC
CN
NNNNNNC
NNNNCCN
NNNCNCN
NNCNNCN
NCNNCNN
NCNCNNN
NCCNNNN
CNNNCNN
CNNCNNN
CNCNNNN
---------
2018-08-27 12:26:11,918:Checking scheme 13/27 - Price: 30205.302190000006
2018-08-27 12:26:11,918:NCNNNNNCC
NCNNNNCNC
NCNNCCNNN
NCNCNCNNC
NCNCCNNCN
NCNCCNCNN
NCCNNCNCN
NCCNNCCNN
NCCNCNNNC
NCCCNNNNN
CNNNNNNCC
CNNNNNCNC
CNNNCCNNN
CNNCNCNNC
CNNCCNNCN
CNNCCNCNN
CNCNNCNCN
CNCNNCCNN
CNCNCNNNC
CNCCNNNNN

Scheme consists of following blocks:
NC
CN
NNNNNCC
NNNNCNC
NNCCNNN
NCNCNNC
NCCNNCN
NCCNCNN
CNNCNCN
CNNCCNN
CNCNNNC
CCNNNNN
---------
2018-08-27 12:26:11,918:------------
Checking schemes for product [(2, 2), (7, 11)]. Total 2 schemes
------------
2018-08-27 12:26:11,960:Checking scheme 14/27 - Price: 31431.535350000002
2018-08-27 12:26:11,960:NCXNNNNCC
NCNNNCCNC
NCNNCNCNC
NCNCNNCCN
NCNCNCCNN
NCNCCNCNN
NCCNNCNNC
NCCNCNNNC
NCCCNNNCN
NCCCNCNNN
NCCCCNNNN
CNXNNNNCC
CNNNNCCNC
CNNNCNCNC
CNNCNNCCN
CNNCNCCNN
CNNCCNCNN
CNCNNCNNC
CNCNCNNNC
CNCCNNNCN
CNCCNCNNN
CNCCCNNNN

Scheme consists of following blocks:
NC
CN
XNNNNCC
NNNCCNC
NNCNCNC
NCNNCCN
NCNCCNN
NCCNCNN
CNNCNNC
CNCNNNC
CCNNNCN
CCNCNNN
CCCNNNN
---------
2018-08-27 12:26:12,003:Checking scheme 15/27 - Price: 31995.80569
2018-08-27 12:26:12,003:NCNNNNNCC
NCNNNCCNC
NCNNCNCNC
NCNCNNCCN
NCNCNCCNN
NCNCCNCNN
NCCNNCNNC
NCCNCNNNC
NCCCNNNCN
NCCCNCNNN
NCCCCNNNN
CNNNNNNCC
CNNNNCCNC
CNNNCNCNC
CNNCNNCCN
CNNCNCCNN
CNNCCNCNN
CNCNNCNNC
CNCNCNNNC
CNCCNNNCN
CNCCNCNNN
CNCCCNNNN

Scheme consists of following blocks:
NC
CN
NNNNNCC
NNNCCNC
NNCNCNC
NCNNCCN
NCNCCNN
NCCNCNN
CNNCNNC
CNCNNNC
CCNNNCN
CCNCNNN
CCCNNNN
---------
2018-08-27 12:26:12,003:------------
Checking schemes for product [(3, 3), (3, 3), (3, 3)]. Total 1 schemes
------------
2018-08-27 12:26:12,033:Checking scheme 16/27 - Price: 29888.197740000003
2018-08-27 12:26:12,033:NNCNNCNNC
NNCNNCNCN
NNCNNCCNN
NNCNCNNNC
NNCNCNNCN
NNCNCNCNN
NNCCNNNNC
NNCCNNNCN
NNCCNNCNN
NCNNNCNNC
NCNNNCNCN
NCNNNCCNN
NCNNCNNNC
NCNNCNNCN
NCNNCNCNN
NCNCNNNNC
NCNCNNNCN
NCNCNNCNN
CNNNNCNNC
CNNNNCNCN
CNNNNCCNN
CNNNCNNNC
CNNNCNNCN
CNNNCNCNN
CNNCNNNNC
CNNCNNNCN
CNNCNNCNN

Scheme consists of following blocks:
NNC
NCN
CNN
NNC
NCN
CNN
NNC
NCN
CNN
---------
2018-08-27 12:26:12,033:------------
Checking schemes for product [(3, 3), (6, 7)]. Total 8 schemes
------------
2018-08-27 12:26:12,071:Checking scheme 17/27 - New best price: 27400.15079
2018-08-27 12:26:12,071:NNCXNNNNC
NNCNNNCCN
NNCNNCNCN
NNCNCNNCN
NNCCNNCNN
NNCCNCNNN
NNCCCNNNN
NCNXNNNNC
NCNNNNCCN
NCNNNCNCN
NCNNCNNCN
NCNCNNCNN
NCNCNCNNN
NCNCCNNNN
CNNXNNNNC
CNNNNNCCN
CNNNNCNCN
CNNNCNNCN
CNNCNNCNN
CNNCNCNNN
CNNCCNNNN

Scheme consists of following blocks:
NNC
NCN
CNN
XNNNNC
NNNCCN
NNCNCN
NCNNCN
CNNCNN
CNCNNN
CCNNNN
---------
2018-08-27 12:26:12,108:Checking scheme 18/27 - Price: 28741.868449999998
2018-08-27 12:26:12,109:NNCXNNNCC
NNCXNCCNN
NNCNCNCNC
NNCNCCNCN
NNCCNNCCN
NNCCNCNNC
NNCCCXNNN
NCNXNNNCC
NCNXNCCNN
NCNNCNCNC
NCNNCCNCN
NCNCNNCCN
NCNCNCNNC
NCNCCXNNN
CNNXNNNCC
CNNXNCCNN
CNNNCNCNC
CNNNCCNCN
CNNCNNCCN
CNNCNCNNC
CNNCCXNNN

Scheme consists of following blocks:
NNC
NCN
CNN
XNNNCC
XNCCNN
NCNCNC
NCCNCN
CNNCCN
CNCNNC
CCXNNN
---------
2018-08-27 12:26:12,154:Checking scheme 19/27 - Price: 28838.600140000002
2018-08-27 12:26:12,154:NNCXNNNCC
NNCXNCCNN
NNCNCNCNC
NNCNCCNCN
NNCCNNCCN
NNCCNCNNC
NNCCCNNNN
NCNXNNNCC
NCNXNCCNN
NCNNCNCNC
NCNNCCNCN
NCNCNNCCN
NCNCNCNNC
NCNCCNNNN
CNNXNNNCC
CNNXNCCNN
CNNNCNCNC
CNNNCCNCN
CNNCNNCCN
CNNCNCNNC
CNNCCNNNN

Scheme consists of following blocks:
NNC
NCN
CNN
XNNNCC
XNCCNN
NCNCNC
NCCNCN
CNNCCN
CNCNNC
CCNNNN
---------
2018-08-27 12:26:12,208:Checking scheme 20/27 - Price: 29247.175509999997
2018-08-27 12:26:12,208:NNCXNNNCC
NNCNNCCNN
NNCNCNCNC
NNCNCCNCN
NNCCNNCCN
NNCCNCNNC
NNCCCNNNN
NCNXNNNCC
NCNNNCCNN
NCNNCNCNC
NCNNCCNCN
NCNCNNCCN
NCNCNCNNC
NCNCCNNNN
CNNXNNNCC
CNNNNCCNN
CNNNCNCNC
CNNNCCNCN
CNNCNNCCN
CNNCNCNNC
CNNCCNNNN

Scheme consists of following blocks:
NNC
NCN
CNN
XNNNCC
NNCCNN
NCNCNC
NCCNCN
CNNCCN
CNCNNC
CCNNNN
---------
2018-08-27 12:26:12,247:Checking scheme 21/27 - Price: 30819.3197
2018-08-27 12:26:12,247:NNCXNNNCC
NNCNNCCNC
NNCNCNCCN
NNCNCCCNN
NNCCNCNNC
NNCCCNNCN
NNCCCCNNN
NCNXNNNCC
NCNNNCCNC
NCNNCNCCN
NCNNCCCNN
NCNCNCNNC
NCNCCNNCN
NCNCCCNNN
CNNXNNNCC
CNNNNCCNC
CNNNCNCCN
CNNNCCCNN
CNNCNCNNC
CNNCCNNCN
CNNCCCNNN

Scheme consists of following blocks:
NNC
NCN
CNN
XNNNCC
NNCCNC
NCNCCN
NCCCNN
CNCNNC
CCNNCN
CCCNNN
---------
2018-08-27 12:26:12,287:Checking scheme 22/27 - Price: 28056.154780000004
2018-08-27 12:26:12,287:NNCNNNNNC
NNCNNNCCN
NNCNNCNCN
NNCNCNNCN
NNCCNNCNN
NNCCNCNNN
NNCCCNNNN
NCNNNNNNC
NCNNNNCCN
NCNNNCNCN
NCNNCNNCN
NCNCNNCNN
NCNCNCNNN
NCNCCNNNN
CNNNNNNNC
CNNNNNCCN
CNNNNCNCN
CNNNCNNCN
CNNCNNCNN
CNNCNCNNN
CNNCCNNNN

Scheme consists of following blocks:
NNC
NCN
CNN
NNNNNC
NNNCCN
NNCNCN
NCNNCN
CNNCNN
CNCNNN
CCNNNN
---------
2018-08-27 12:26:12,327:Checking scheme 23/27 - Price: 30062.21969
2018-08-27 12:26:12,327:NNCNNNNCC
NNCNNCCNN
NNCNCNCNC
NNCNCCNCN
NNCCNNCCN
NNCCNCNNC
NNCCCNNNN
NCNNNNNCC
NCNNNCCNN
NCNNCNCNC
NCNNCCNCN
NCNCNNCCN
NCNCNCNNC
NCNCCNNNN
CNNNNNNCC
CNNNNCCNN
CNNNCNCNC
CNNNCCNCN
CNNCNNCCN
CNNCNCNNC
CNNCCNNNN

Scheme consists of following blocks:
NNC
NCN
CNN
NNNNCC
NNCCNN
NCNCNC
NCCNCN
CNNCCN
CNCNNC
CCNNNN
---------
2018-08-27 12:26:12,368:Checking scheme 24/27 - Price: 31475.323689999997
2018-08-27 12:26:12,368:NNCNNNNCC
NNCNNCCNC
NNCNCNCNC
NNCCNCNCN
NNCCNCCNN
NNCCCNNCN
NNCCCNCNN
NCNNNNNCC
NCNNNCCNC
NCNNCNCNC
NCNCNCNCN
NCNCNCCNN
NCNCCNNCN
NCNCCNCNN
CNNNNNNCC
CNNNNCCNC
CNNNCNCNC
CNNCNCNCN
CNNCNCCNN
CNNCCNNCN
CNNCCNCNN

Scheme consists of following blocks:
NNC
NCN
CNN
NNNNCC
NNCCNC
NCNCNC
CNCNCN
CNCCNN
CCNNCN
CCNCNN
---------
2018-08-27 12:26:12,368:------------
Checking schemes for product [(4, 4), (5, 5)]. Total 3 schemes
------------
2018-08-27 12:26:12,409:Checking scheme 25/27 - New best price: 26873.54251
2018-08-27 12:26:12,409:NNNCXNNNC
NNNCNNCCN
NNNCNCNCN
NNNCCNCNN
NNNCCCNNN
NNCNXNNNC
NNCNNNCCN
NNCNNCNCN
NNCNCNCNN
NNCNCCNNN
NCNNXNNNC
NCNNNNCCN
NCNNNCNCN
NCNNCNCNN
NCNNCCNNN
CNNNXNNNC
CNNNNNCCN
CNNNNCNCN
CNNNCNCNN
CNNNCCNNN

Scheme consists of following blocks:
NNNC
NNCN
NCNN
CNNN
XNNNC
NNCCN
NCNCN
CNCNN
CCNNN
---------
2018-08-27 12:26:12,436:Checking scheme 26/27 - New best price: 26469.02883
2018-08-27 12:26:12,437:NNNCNNNNC
NNNCNNNCN
NNNCNNCNN
NNNCNCNNN
NNNCCNNNN
NNCNNNNNC
NNCNNNNCN
NNCNNNCNN
NNCNNCNNN
NNCNCNNNN
NCNNNNNNC
NCNNNNNCN
NCNNNNCNN
NCNNNCNNN
NCNNCNNNN
CNNNNNNNC
CNNNNNNCN
CNNNNNCNN
CNNNNCNNN
CNNNCNNNN

Scheme consists of following blocks:
NNNC
NNCN
NCNN
CNNN
NNNNC
NNNCN
NNCNN
NCNNN
CNNNN
---------
2018-08-27 12:26:12,479:Checking scheme 27/27 - Price: 27749.96275
2018-08-27 12:26:12,479:NNNCNNNNC
NNNCNNCCN
NNNCNCNCN
NNNCCNCNN
NNNCCCNNN
NNCNNNNNC
NNCNNNCCN
NNCNNCNCN
NNCNCNCNN
NNCNCCNNN
NCNNNNNNC
NCNNNNCCN
NCNNNCNCN
NCNNCNCNN
NCNNCCNNN
CNNNNNNNC
CNNNNNCCN
CNNNNCNCN
CNNNCNCNN
CNNNCCNNN

Scheme consists of following blocks:
NNNC
NNCN
NCNN
CNNN
NNNNC
NNCCN
NCNCN
CNCNN
CCNNN
---------
2018-08-27 12:26:12,570:________________________
Best scheme
[NCS = NC2]
[solution]
Res,S1,S2,S3,S4,S5,S6,S7,S8,S9
Ala, N, N, N, C, N, N, N, N, C
Arg, N, N, N, C, N, N, N, C, N
Asn, N, N, N, C, N, N, C, N, N
Asp, N, N, N, C, N, C, N, N, N
Cys, N, N, N, C, C, N, N, N, N
Gln, N, N, C, N, N, N, N, N, C
Glu, N, N, C, N, N, N, N, C, N
Gly, N, N, C, N, N, N, C, N, N
His, N, N, C, N, N, C, N, N, N
Ile, N, N, C, N, C, N, N, N, N
Leu, N, C, N, N, N, N, N, N, C
Lys, N, C, N, N, N, N, N, C, N
Met, N, C, N, N, N, N, C, N, N
Phe, N, C, N, N, N, C, N, N, N
Pro, X, C, X, X, C, X, X, X, X
Ser, C, N, N, N, N, N, N, N, C
Thr, C, N, N, N, N, N, N, C, N
Trp, C, N, N, N, N, N, C, N, N
Tyr, C, N, N, N, N, C, N, N, N
Val, C, N, N, N, C, N, N, N, N
[price]
26469.02883

Blocks used for this scheme:
[ELB samples = 4 patterns = 4]
NNNC
NNCN
NCNN
CNNN
[ELB samples = 5 patterns = 5]
NNNNC
NNNCN
NNCNN
NCNNN
CNNNN

2018-08-27 12:26:12,612:-------------
Products in 9 samples:
[(2, 2), (2, 2), (2, 2), (3, 3)]
   0 scheme(s): cannot be optimized
   0 scheme(s): equivalent
   1 scheme(s): price calculated
[(2, 2), (2, 2), (5, 5)]
   0 scheme(s): cannot be optimized
   0 scheme(s): equivalent
   3 scheme(s): price calculated
[(2, 2), (3, 3), (4, 4)]
   0 scheme(s): cannot be optimized
   0 scheme(s): equivalent
   1 scheme(s): price calculated
[(2, 2), (7, 10)]
   0 scheme(s): cannot be optimized
   0 scheme(s): equivalent
   8 scheme(s): price calculated
[(2, 2), (7, 11)]
   0 scheme(s): cannot be optimized
   0 scheme(s): equivalent
   2 scheme(s): price calculated
[(3, 3), (3, 3), (3, 3)]
   0 scheme(s): cannot be optimized
   0 scheme(s): equivalent
   1 scheme(s): price calculated
[(3, 3), (6, 7)]
   0 scheme(s): cannot be optimized
   0 scheme(s): equivalent
   8 scheme(s): price calculated
[(4, 4), (5, 5)]
   0 scheme(s): cannot be optimized
   0 scheme(s): equivalent
   3 scheme(s): price calculated

