[2018-06-27_14:36:14]

#############################################################################
#                                                                           #
#        UCSL (Versioon 1.0.0)- Calculation of Universal                       #
#        Combinatorial Labeling Schemes for Fast NMR Protein                #
#        Assignment.                                                        #
#                                                                           #
#        In case of using for scientific purpose, please cite our article^  #
#                                                                           #
#                                                                           #
#                                                                           #
#                                                                           #
#############################################################################
[2018-06-27_14:36:14]
[NCS = NC2][2018-06-27_14:36:14]
BlockFinder.find() started at 27-06-2018 11:36:14
BlockFinder: samples=2 min_depth=2
[2018-06-27_14:36:14]

[ELB samples = 2 patterns = 2]
NC
CN[2018-06-27_14:36:14]
BlockFinder.find() started at 27-06-2018 11:36:14
BlockFinder: samples=3 min_depth=3
[2018-06-27_14:36:14]

[ELB samples = 3 patterns = 3]
NNC
NCN
CNN[2018-06-27_14:36:14]
BlockFinder.find() started at 27-06-2018 11:36:14
BlockFinder: samples=4 min_depth=4
[2018-06-27_14:36:14]

[ELB samples = 4 patterns = 4]
NNNC
NNCN
NCNN
CNNN[2018-06-27_14:36:14]

[ELB samples = 4 patterns = 4]
NNCC
NCNC
CNCN
CCNN[2018-06-27_14:36:14]
BlockFinder.find() started at 27-06-2018 11:36:14
BlockFinder: samples=5 min_depth=5
[2018-06-27_14:36:14]

[ELB samples = 5 patterns = 5]
XNNNC
NNCCN
NCNCN
CNCNN
CCNNN[2018-06-27_14:36:15]

[ELB samples = 5 patterns = 5]
NNNNC
NNNCN
NNCNN
NCNNN
CNNNN[2018-06-27_14:36:15]

[ELB samples = 5 patterns = 5]
NNNNC
NNCCN
NCNCN
CNCNN
CCNNN[2018-06-27_14:36:16]

[ELB samples = 5 patterns = 5]
NNNCC
NNCNC
NCNNC
CNNCN
CNCNN[2018-06-27_14:36:16]

[ELB samples = 5 patterns = 6]
NNNCC
NNCNC
NCNNC
CNNCN
CNCNN
CCNNN