[2018-06-27_18:23:08]

#############################################################################
#                                                                           #
#        UCSL (Version 1.0.0)- Calculation of Universal                     #
#        Combinatorial Labeling Schemes for Fast NMR Protein                #
#        Assignment.                                                        #
#                                                                           #
#        In case of using for scientific purpose, please cite our article:  #
#                                                                           #
#                                                                           #
#                                                                           #
#                                                                           #
#############################################################################
[2018-06-27_18:23:08]
Clearing redundant blocks(ELB)[2018-06-27_18:23:08]
Searching for products in max_samples=1[2018-06-27_18:23:08]
Searching for products in max_samples=2[2018-06-27_18:23:08]
Searching for products in max_samples=3[2018-06-27_18:23:08]
Blocks used:
1x3 - 2 block(s)
Total blocks number: 2
-----------------------
Products calculated:
[(1, 3), (1, 3), (1, 3)]: 8 scheme(s)
1 product types calculated
8 total labeling schemes to check
[2018-06-27_18:23:08]
Schemes optimization in max_samples=3[2018-06-27_18:23:08]
------------
Checking schemes for product [(1, 3), (1, 3), (1, 3)]. Total 8 schemes[2018-06-27_18:23:08]
---------
Checking scheme 1/8[2018-06-27_18:23:08]

NNN
NND
NNT
NDN
NDD
NDT
NTN
NTD
NTT
DNN
DND
DNT
DDN
DDD
DDT
DTN
DTD
DTT
TNN
TND
TNT
TDN
TDD
TDT
TTN
TTD
TTT
Scheme consists of following blocks:

N
D
T

N
D
T

N
D
T[2018-06-27_18:23:08]
Scheme can not be optimized[2018-06-27_18:23:08]
---------
Checking scheme 2/8[2018-06-27_18:23:08]

DNN
DND
DNT
DDN
DDD
DDT
DTN
DTD
DTT
TNN
TND
TNT
TDN
TDD
TDT
TTN
TTD
TTT
SNN
SND
SNT
SDN
SDD
SDT
STN
STD
STT
Scheme consists of following blocks:

D
T
S

N
D
T

N
D
T[2018-06-27_18:23:08]
Scheme can not be optimized[2018-06-27_18:23:08]
---------
Checking scheme 3/8[2018-06-27_18:23:08]

NDN
NDD
NDT
NTN
NTD
NTT
NSN
NSD
NST
DDN
DDD
DDT
DTN
DTD
DTT
DSN
DSD
DST
TDN
TDD
TDT
TTN
TTD
TTT
TSN
TSD
TST
Scheme consists of following blocks:

N
D
T

D
T
S

N
D
T[2018-06-27_18:23:08]
Equivalent scheme was already checked[2018-06-27_18:23:08]
---------
Checking scheme 4/8[2018-06-27_18:23:08]

DDN
DDD
DDT
DTN
DTD
DTT
DSN
DSD
DST
TDN
TDD
TDT
TTN
TTD
TTT
TSN
TSD
TST
SDN
SDD
SDT
STN
STD
STT
SSN
SSD
SST
Scheme consists of following blocks:

D
T
S

D
T
S

N
D
T[2018-06-27_18:23:08]
Scheme can not be optimized[2018-06-27_18:23:08]
---------
Checking scheme 5/8[2018-06-27_18:23:08]

NND
NNT
NNS
NDD
NDT
NDS
NTD
NTT
NTS
DND
DNT
DNS
DDD
DDT
DDS
DTD
DTT
DTS
TND
TNT
TNS
TDD
TDT
TDS
TTD
TTT
TTS
Scheme consists of following blocks:

N
D
T

N
D
T

D
T
S[2018-06-27_18:23:08]
Equivalent scheme was already checked[2018-06-27_18:23:08]
---------
Checking scheme 6/8[2018-06-27_18:23:08]

DND
DNT
DNS
DDD
DDT
DDS
DTD
DTT
DTS
TND
TNT
TNS
TDD
TDT
TDS
TTD
TTT
TTS
SND
SNT
SNS
SDD
SDT
SDS
STD
STT
STS
Scheme consists of following blocks:

D
T
S

N
D
T

D
T
S[2018-06-27_18:23:08]
Equivalent scheme was already checked[2018-06-27_18:23:08]
---------
Checking scheme 7/8[2018-06-27_18:23:08]

NDD
NDT
NDS
NTD
NTT
NTS
NSD
NST
NSS
DDD
DDT
DDS
DTD
DTT
DTS
DSD
DST
DSS
TDD
TDT
TDS
TTD
TTT
TTS
TSD
TST
TSS
Scheme consists of following blocks:

N
D
T

D
T
S

D
T
S[2018-06-27_18:23:08]
Equivalent scheme was already checked[2018-06-27_18:23:08]
---------
Checking scheme 8/8[2018-06-27_18:23:08]

DDD
DDT
DDS
DTD
DTT
DTS
DSD
DST
DSS
TDD
TDT
TDS
TTD
TTT
TTS
TSD
TST
TSS
SDD
SDT
SDS
STD
STT
STS
SSD
SST
SSS
Scheme consists of following blocks:

D
T
S

D
T
S

D
T
S[2018-06-27_18:23:08]
Scheme can not be optimized[2018-06-27_18:23:08]
Searching for products in max_samples=4[2018-06-27_18:23:08]
Blocks used:
1x3 - 2 block(s)
Total blocks number: 2
-----------------------
Products calculated:
[(1, 3), (1, 3), (1, 3), (1, 3)]: 16 scheme(s)
1 product types calculated
16 total labeling schemes to check
[2018-06-27_18:23:08]
Schemes optimization in max_samples=4[2018-06-27_18:23:08]
------------
Checking schemes for product [(1, 3), (1, 3), (1, 3), (1, 3)]. Total 16 schemes[2018-06-27_18:23:08]
---------
Checking scheme 1/16[2018-06-27_18:23:08]

NNNN
NNND
NNNT
NNDN
NNDD
NNDT
NNTN
NNTD
NNTT
NDNN
NDND
NDNT
NDDN
NDDD
NDDT
NDTN
NDTD
NDTT
NTNN
NTND
NTNT
NTDN
NTDD
NTDT
NTTN
NTTD
NTTT
DNNN
DNND
DNNT
DNDN
DNDD
DNDT
DNTN
DNTD
DNTT
DDNN
DDND
DDNT
DDDN
DDDD
DDDT
DDTN
DDTD
DDTT
DTNN
DTND
DTNT
DTDN
DTDD
DTDT
DTTN
DTTD
DTTT
TNNN
TNND
TNNT
TNDN
TNDD
TNDT
TNTN
TNTD
TNTT
TDNN
TDND
TDNT
TDDN
TDDD
TDDT
TDTN
TDTD
TDTT
TTNN
TTND
TTNT
TTDN
TTDD
TTDT
TTTN
TTTD
TTTT
Scheme consists of following blocks:

N
D
T

N
D
T

N
D
T

N
D
T[2018-06-27_18:23:09]
New best price: 11818.50794[2018-06-27_18:23:09]
---------
Checking scheme 2/16[2018-06-27_18:23:09]

DNNN
DNND
DNNT
DNDN
DNDD
DNDT
DNTN
DNTD
DNTT
DDNN
DDND
DDNT
DDDN
DDDD
DDDT
DDTN
DDTD
DDTT
DTNN
DTND
DTNT
DTDN
DTDD
DTDT
DTTN
DTTD
DTTT
TNNN
TNND
TNNT
TNDN
TNDD
TNDT
TNTN
TNTD
TNTT
TDNN
TDND
TDNT
TDDN
TDDD
TDDT
TDTN
TDTD
TDTT
TTNN
TTND
TTNT
TTDN
TTDD
TTDT
TTTN
TTTD
TTTT
SNNN
SNND
SNNT
SNDN
SNDD
SNDT
SNTN
SNTD
SNTT
SDNN
SDND
SDNT
SDDN
SDDD
SDDT
SDTN
SDTD
SDTT
STNN
STND
STNT
STDN
STDD
STDT
STTN
STTD
STTT
Scheme consists of following blocks:

D
T
S

N
D
T

N
D
T

N
D
T[2018-06-27_18:23:09]
Price: 17647.417289999998[2018-06-27_18:23:09]
---------
Checking scheme 3/16[2018-06-27_18:23:09]

NDNN
NDND
NDNT
NDDN
NDDD
NDDT
NDTN
NDTD
NDTT
NTNN
NTND
NTNT
NTDN
NTDD
NTDT
NTTN
NTTD
NTTT
NSNN
NSND
NSNT
NSDN
NSDD
NSDT
NSTN
NSTD
NSTT
DDNN
DDND
DDNT
DDDN
DDDD
DDDT
DDTN
DDTD
DDTT
DTNN
DTND
DTNT
DTDN
DTDD
DTDT
DTTN
DTTD
DTTT
DSNN
DSND
DSNT
DSDN
DSDD
DSDT
DSTN
DSTD
DSTT
TDNN
TDND
TDNT
TDDN
TDDD
TDDT
TDTN
TDTD
TDTT
TTNN
TTND
TTNT
TTDN
TTDD
TTDT
TTTN
TTTD
TTTT
TSNN
TSND
TSNT
TSDN
TSDD
TSDT
TSTN
TSTD
TSTT
Scheme consists of following blocks:

N
D
T

D
T
S

N
D
T

N
D
T[2018-06-27_18:23:09]
Equivalent scheme was already checked[2018-06-27_18:23:09]
---------
Checking scheme 4/16[2018-06-27_18:23:09]

DDNN
DDND
DDNT
DDDN
DDDD
DDDT
DDTN
DDTD
DDTT
DTNN
DTND
DTNT
DTDN
DTDD
DTDT
DTTN
DTTD
DTTT
DSNN
DSND
DSNT
DSDN
DSDD
DSDT
DSTN
DSTD
DSTT
TDNN
TDND
TDNT
TDDN
TDDD
TDDT
TDTN
TDTD
TDTT
TTNN
TTND
TTNT
TTDN
TTDD
TTDT
TTTN
TTTD
TTTT
TSNN
TSND
TSNT
TSDN
TSDD
TSDT
TSTN
TSTD
TSTT
SDNN
SDND
SDNT
SDDN
SDDD
SDDT
SDTN
SDTD
SDTT
STNN
STND
STNT
STDN
STDD
STDT
STTN
STTD
STTT
SSNN
SSND
SSNT
SSDN
SSDD
SSDT
SSTN
SSTD
SSTT
Scheme consists of following blocks:

D
T
S

D
T
S

N
D
T

N
D
T[2018-06-27_18:23:09]
Scheme can not be optimized[2018-06-27_18:23:09]
---------
Checking scheme 5/16[2018-06-27_18:23:09]

NNDN
NNDD
NNDT
NNTN
NNTD
NNTT
NNSN
NNSD
NNST
NDDN
NDDD
NDDT
NDTN
NDTD
NDTT
NDSN
NDSD
NDST
NTDN
NTDD
NTDT
NTTN
NTTD
NTTT
NTSN
NTSD
NTST
DNDN
DNDD
DNDT
DNTN
DNTD
DNTT
DNSN
DNSD
DNST
DDDN
DDDD
DDDT
DDTN
DDTD
DDTT
DDSN
DDSD
DDST
DTDN
DTDD
DTDT
DTTN
DTTD
DTTT
DTSN
DTSD
DTST
TNDN
TNDD
TNDT
TNTN
TNTD
TNTT
TNSN
TNSD
TNST
TDDN
TDDD
TDDT
TDTN
TDTD
TDTT
TDSN
TDSD
TDST
TTDN
TTDD
TTDT
TTTN
TTTD
TTTT
TTSN
TTSD
TTST
Scheme consists of following blocks:

N
D
T

N
D
T

D
T
S

N
D
T[2018-06-27_18:23:09]
Equivalent scheme was already checked[2018-06-27_18:23:09]
---------
Checking scheme 6/16[2018-06-27_18:23:09]

DNDN
DNDD
DNDT
DNTN
DNTD
DNTT
DNSN
DNSD
DNST
DDDN
DDDD
DDDT
DDTN
DDTD
DDTT
DDSN
DDSD
DDST
DTDN
DTDD
DTDT
DTTN
DTTD
DTTT
DTSN
DTSD
DTST
TNDN
TNDD
TNDT
TNTN
TNTD
TNTT
TNSN
TNSD
TNST
TDDN
TDDD
TDDT
TDTN
TDTD
TDTT
TDSN
TDSD
TDST
TTDN
TTDD
TTDT
TTTN
TTTD
TTTT
TTSN
TTSD
TTST
SNDN
SNDD
SNDT
SNTN
SNTD
SNTT
SNSN
SNSD
SNST
SDDN
SDDD
SDDT
SDTN
SDTD
SDTT
SDSN
SDSD
SDST
STDN
STDD
STDT
STTN
STTD
STTT
STSN
STSD
STST
Scheme consists of following blocks:

D
T
S

N
D
T

D
T
S

N
D
T[2018-06-27_18:23:09]
Equivalent scheme was already checked[2018-06-27_18:23:09]
---------
Checking scheme 7/16[2018-06-27_18:23:09]

NDDN
NDDD
NDDT
NDTN
NDTD
NDTT
NDSN
NDSD
NDST
NTDN
NTDD
NTDT
NTTN
NTTD
NTTT
NTSN
NTSD
NTST
NSDN
NSDD
NSDT
NSTN
NSTD
NSTT
NSSN
NSSD
NSST
DDDN
DDDD
DDDT
DDTN
DDTD
DDTT
DDSN
DDSD
DDST
DTDN
DTDD
DTDT
DTTN
DTTD
DTTT
DTSN
DTSD
DTST
DSDN
DSDD
DSDT
DSTN
DSTD
DSTT
DSSN
DSSD
DSST
TDDN
TDDD
TDDT
TDTN
TDTD
TDTT
TDSN
TDSD
TDST
TTDN
TTDD
TTDT
TTTN
TTTD
TTTT
TTSN
TTSD
TTST
TSDN
TSDD
TSDT
TSTN
TSTD
TSTT
TSSN
TSSD
TSST
Scheme consists of following blocks:

N
D
T

D
T
S

D
T
S

N
D
T[2018-06-27_18:23:09]
Equivalent scheme was already checked[2018-06-27_18:23:09]
---------
Checking scheme 8/16[2018-06-27_18:23:09]

DDDN
DDDD
DDDT
DDTN
DDTD
DDTT
DDSN
DDSD
DDST
DTDN
DTDD
DTDT
DTTN
DTTD
DTTT
DTSN
DTSD
DTST
DSDN
DSDD
DSDT
DSTN
DSTD
DSTT
DSSN
DSSD
DSST
TDDN
TDDD
TDDT
TDTN
TDTD
TDTT
TDSN
TDSD
TDST
TTDN
TTDD
TTDT
TTTN
TTTD
TTTT
TTSN
TTSD
TTST
TSDN
TSDD
TSDT
TSTN
TSTD
TSTT
TSSN
TSSD
TSST
SDDN
SDDD
SDDT
SDTN
SDTD
SDTT
SDSN
SDSD
SDST
STDN
STDD
STDT
STTN
STTD
STTT
STSN
STSD
STST
SSDN
SSDD
SSDT
SSTN
SSTD
SSTT
SSSN
SSSD
SSST
Scheme consists of following blocks:

D
T
S

D
T
S

D
T
S

N
D
T[2018-06-27_18:23:09]
Scheme can not be optimized[2018-06-27_18:23:10]
---------
Checking scheme 9/16[2018-06-27_18:23:10]

NNND
NNNT
NNNS
NNDD
NNDT
NNDS
NNTD
NNTT
NNTS
NDND
NDNT
NDNS
NDDD
NDDT
NDDS
NDTD
NDTT
NDTS
NTND
NTNT
NTNS
NTDD
NTDT
NTDS
NTTD
NTTT
NTTS
DNND
DNNT
DNNS
DNDD
DNDT
DNDS
DNTD
DNTT
DNTS
DDND
DDNT
DDNS
DDDD
DDDT
DDDS
DDTD
DDTT
DDTS
DTND
DTNT
DTNS
DTDD
DTDT
DTDS
DTTD
DTTT
DTTS
TNND
TNNT
TNNS
TNDD
TNDT
TNDS
TNTD
TNTT
TNTS
TDND
TDNT
TDNS
TDDD
TDDT
TDDS
TDTD
TDTT
TDTS
TTND
TTNT
TTNS
TTDD
TTDT
TTDS
TTTD
TTTT
TTTS
Scheme consists of following blocks:

N
D
T

N
D
T

N
D
T

D
T
S[2018-06-27_18:23:10]
Equivalent scheme was already checked[2018-06-27_18:23:10]
---------
Checking scheme 10/16[2018-06-27_18:23:10]

DNND
DNNT
DNNS
DNDD
DNDT
DNDS
DNTD
DNTT
DNTS
DDND
DDNT
DDNS
DDDD
DDDT
DDDS
DDTD
DDTT
DDTS
DTND
DTNT
DTNS
DTDD
DTDT
DTDS
DTTD
DTTT
DTTS
TNND
TNNT
TNNS
TNDD
TNDT
TNDS
TNTD
TNTT
TNTS
TDND
TDNT
TDNS
TDDD
TDDT
TDDS
TDTD
TDTT
TDTS
TTND
TTNT
TTNS
TTDD
TTDT
TTDS
TTTD
TTTT
TTTS
SNND
SNNT
SNNS
SNDD
SNDT
SNDS
SNTD
SNTT
SNTS
SDND
SDNT
SDNS
SDDD
SDDT
SDDS
SDTD
SDTT
SDTS
STND
STNT
STNS
STDD
STDT
STDS
STTD
STTT
STTS
Scheme consists of following blocks:

D
T
S

N
D
T

N
D
T

D
T
S[2018-06-27_18:23:10]
Equivalent scheme was already checked[2018-06-27_18:23:10]
---------
Checking scheme 11/16[2018-06-27_18:23:10]

NDND
NDNT
NDNS
NDDD
NDDT
NDDS
NDTD
NDTT
NDTS
NTND
NTNT
NTNS
NTDD
NTDT
NTDS
NTTD
NTTT
NTTS
NSND
NSNT
NSNS
NSDD
NSDT
NSDS
NSTD
NSTT
NSTS
DDND
DDNT
DDNS
DDDD
DDDT
DDDS
DDTD
DDTT
DDTS
DTND
DTNT
DTNS
DTDD
DTDT
DTDS
DTTD
DTTT
DTTS
DSND
DSNT
DSNS
DSDD
DSDT
DSDS
DSTD
DSTT
DSTS
TDND
TDNT
TDNS
TDDD
TDDT
TDDS
TDTD
TDTT
TDTS
TTND
TTNT
TTNS
TTDD
TTDT
TTDS
TTTD
TTTT
TTTS
TSND
TSNT
TSNS
TSDD
TSDT
TSDS
TSTD
TSTT
TSTS
Scheme consists of following blocks:

N
D
T

D
T
S

N
D
T

D
T
S[2018-06-27_18:23:10]
Equivalent scheme was already checked[2018-06-27_18:23:10]
---------
Checking scheme 12/16[2018-06-27_18:23:10]

DDND
DDNT
DDNS
DDDD
DDDT
DDDS
DDTD
DDTT
DDTS
DTND
DTNT
DTNS
DTDD
DTDT
DTDS
DTTD
DTTT
DTTS
DSND
DSNT
DSNS
DSDD
DSDT
DSDS
DSTD
DSTT
DSTS
TDND
TDNT
TDNS
TDDD
TDDT
TDDS
TDTD
TDTT
TDTS
TTND
TTNT
TTNS
TTDD
TTDT
TTDS
TTTD
TTTT
TTTS
TSND
TSNT
TSNS
TSDD
TSDT
TSDS
TSTD
TSTT
TSTS
SDND
SDNT
SDNS
SDDD
SDDT
SDDS
SDTD
SDTT
SDTS
STND
STNT
STNS
STDD
STDT
STDS
STTD
STTT
STTS
SSND
SSNT
SSNS
SSDD
SSDT
SSDS
SSTD
SSTT
SSTS
Scheme consists of following blocks:

D
T
S

D
T
S

N
D
T

D
T
S[2018-06-27_18:23:10]
Equivalent scheme was already checked[2018-06-27_18:23:10]
---------
Checking scheme 13/16[2018-06-27_18:23:10]

NNDD
NNDT
NNDS
NNTD
NNTT
NNTS
NNSD
NNST
NNSS
NDDD
NDDT
NDDS
NDTD
NDTT
NDTS
NDSD
NDST
NDSS
NTDD
NTDT
NTDS
NTTD
NTTT
NTTS
NTSD
NTST
NTSS
DNDD
DNDT
DNDS
DNTD
DNTT
DNTS
DNSD
DNST
DNSS
DDDD
DDDT
DDDS
DDTD
DDTT
DDTS
DDSD
DDST
DDSS
DTDD
DTDT
DTDS
DTTD
DTTT
DTTS
DTSD
DTST
DTSS
TNDD
TNDT
TNDS
TNTD
TNTT
TNTS
TNSD
TNST
TNSS
TDDD
TDDT
TDDS
TDTD
TDTT
TDTS
TDSD
TDST
TDSS
TTDD
TTDT
TTDS
TTTD
TTTT
TTTS
TTSD
TTST
TTSS
Scheme consists of following blocks:

N
D
T

N
D
T

D
T
S

D
T
S[2018-06-27_18:23:10]
Equivalent scheme was already checked[2018-06-27_18:23:10]
---------
Checking scheme 14/16[2018-06-27_18:23:10]

DNDD
DNDT
DNDS
DNTD
DNTT
DNTS
DNSD
DNST
DNSS
DDDD
DDDT
DDDS
DDTD
DDTT
DDTS
DDSD
DDST
DDSS
DTDD
DTDT
DTDS
DTTD
DTTT
DTTS
DTSD
DTST
DTSS
TNDD
TNDT
TNDS
TNTD
TNTT
TNTS
TNSD
TNST
TNSS
TDDD
TDDT
TDDS
TDTD
TDTT
TDTS
TDSD
TDST
TDSS
TTDD
TTDT
TTDS
TTTD
TTTT
TTTS
TTSD
TTST
TTSS
SNDD
SNDT
SNDS
SNTD
SNTT
SNTS
SNSD
SNST
SNSS
SDDD
SDDT
SDDS
SDTD
SDTT
SDTS
SDSD
SDST
SDSS
STDD
STDT
STDS
STTD
STTT
STTS
STSD
STST
STSS
Scheme consists of following blocks:

D
T
S

N
D
T

D
T
S

D
T
S[2018-06-27_18:23:10]
Equivalent scheme was already checked[2018-06-27_18:23:10]
---------
Checking scheme 15/16[2018-06-27_18:23:10]

NDDD
NDDT
NDDS
NDTD
NDTT
NDTS
NDSD
NDST
NDSS
NTDD
NTDT
NTDS
NTTD
NTTT
NTTS
NTSD
NTST
NTSS
NSDD
NSDT
NSDS
NSTD
NSTT
NSTS
NSSD
NSST
NSSS
DDDD
DDDT
DDDS
DDTD
DDTT
DDTS
DDSD
DDST
DDSS
DTDD
DTDT
DTDS
DTTD
DTTT
DTTS
DTSD
DTST
DTSS
DSDD
DSDT
DSDS
DSTD
DSTT
DSTS
DSSD
DSST
DSSS
TDDD
TDDT
TDDS
TDTD
TDTT
TDTS
TDSD
TDST
TDSS
TTDD
TTDT
TTDS
TTTD
TTTT
TTTS
TTSD
TTST
TTSS
TSDD
TSDT
TSDS
TSTD
TSTT
TSTS
TSSD
TSST
TSSS
Scheme consists of following blocks:

N
D
T

D
T
S

D
T
S

D
T
S[2018-06-27_18:23:10]
Equivalent scheme was already checked[2018-06-27_18:23:10]
---------
Checking scheme 16/16[2018-06-27_18:23:10]

DDDD
DDDT
DDDS
DDTD
DDTT
DDTS
DDSD
DDST
DDSS
DTDD
DTDT
DTDS
DTTD
DTTT
DTTS
DTSD
DTST
DTSS
DSDD
DSDT
DSDS
DSTD
DSTT
DSTS
DSSD
DSST
DSSS
TDDD
TDDT
TDDS
TDTD
TDTT
TDTS
TDSD
TDST
TDSS
TTDD
TTDT
TTDS
TTTD
TTTT
TTTS
TTSD
TTST
TTSS
TSDD
TSDT
TSDS
TSTD
TSTT
TSTS
TSSD
TSST
TSSS
SDDD
SDDT
SDDS
SDTD
SDTT
SDTS
SDSD
SDST
SDSS
STDD
STDT
STDS
STTD
STTT
STTS
STSD
STST
STSS
SSDD
SSDT
SSDS
SSTD
SSTT
SSTS
SSSD
SSST
SSSS
Scheme consists of following blocks:

D
T
S

D
T
S

D
T
S

D
T
S[2018-06-27_18:23:10]
Scheme can not be optimized[2018-06-27_18:23:10]
________________________
Best scheme:
[solution]
Res,S1,S2,S3,S4
Ala, N, N, N, T
Arg, N, D, D, D
Asn, D, N, D, D
Asp, N, N, T, N
Cys, N, N, N, D
Gln, N, N, D, D
Glu, N, D, N, D
Gly, N, T, N, N
His, N, D, D, N
Ile, D, D, N, D
Leu, T, N, N, N
Lys, D, N, N, D
Met, N, N, D, N
Phe, D, N, D, N
Pro, X, F, X, X
Ser, D, D, D, N
Thr, D, D, D, D
Trp, N, N, N, N
Tyr, D, N, N, N
Val, D, D, N, N

Blocks used for this scheme:
N
D
T

N
D
T

N
D
T

N
D
T

Price: 11818.50794[2018-06-27_18:23:10]
-----
Calculation finished at 2018-06-27 18:23:10!