[2018-06-27_18:22:13]

#############################################################################
#                                                                           #
#        UCSL (Version 1.0.0)- Calculation of Universal                     #
#        Combinatorial Labeling Schemes for Fast NMR Protein                #
#        Assignment.                                                        #
#                                                                           #
#        In case of using for scientific purpose, please cite our article:  #
#                                                                           #
#                                                                           #
#                                                                           #
#                                                                           #
#############################################################################
[2018-06-27_18:22:13]
[NCS = TSF12][2018-06-27_18:22:13]
Searching for elementary blocks(ELB)[2018-06-27_18:22:13]
BlockFinder.find() started at 27-06-2018 15:22:13
BlockFinder: samples=1 min_depth=2
[2018-06-27_18:22:13]

[ELB samples = 1 patterns = 2]
N
D[2018-06-27_18:22:13]

[ELB samples = 1 patterns = 3]
N
D
T[2018-06-27_18:22:13]

[ELB samples = 1 patterns = 2]
N
T[2018-06-27_18:22:13]

[ELB samples = 1 patterns = 2]
D
T[2018-06-27_18:22:13]

[ELB samples = 1 patterns = 3]
D
T
S[2018-06-27_18:22:13]

[ELB samples = 1 patterns = 2]
D
S[2018-06-27_18:22:13]

[ELB samples = 1 patterns = 2]
T
S