
[Date,Time = 2018-08-31_18:41:14]

#############################################################################
#                                                                           #
#        UCSL (Version 1.0.1)- Calculation of Universal                     #
#        Combinatorial Labeling Schemes for Fast NMR Protein                #
#        Assignment.                                                        #
#                                                                           #
#        In case of using for scientific purpose, please cite our article:  #
#                                                                           #
#                                                                           #
#                                                                           #
#                                                                           #
#############################################################################

[Date,Time = 2018-08-31_18:41:14]
[NCS = NCDA8]

[Date,Time = 2018-08-31_18:41:14]
Searching for elementary blocks(ELB)
[Date,Time = 2018-08-31_18:41:14]
[NCS = NCDA8]
block_finder_mode = False
[BlockFinder1] started new search in 1 samples with min_depth=2

[Date,Time = 2018-08-31_18:41:14]
[BlockFinder1] finished search in 1 samples after 0.000642 sec and 6 iterations, 1 ELB schemes found

[Date,Time = 2018-08-31_18:41:14]
[NCS = NCDA8]
block_finder_mode = False
[BlockFinder2] started new search in 2 samples with min_depth=3

[Date,Time = 2018-08-31_18:41:14]
[BlockFinder2] finished search in 2 samples after 0.030565 sec and 144 iterations, 32 ELB schemes found

[Date,Time = 2018-08-31_18:41:14]
[NCS = NCDA8]
block_finder_mode = False
[BlockFinder3] started new search in 3 samples with min_depth=5

[BlockFinder3]     10000      8 sec max_P=10 ELB_found= 499       1/40    0/28    4/17 
[BlockFinder3]     20000     17 sec max_P=10 ELB_found= 1709      1/40   13/28    9/13 
[BlockFinder3]     30000     27 sec max_P=10 ELB_found= 1709      2/40   12/27    2/13    1/4  
[BlockFinder3]     40000     39 sec max_P=10 ELB_found= 2713      3/40    8/27    2/18    4/13    1/6     0/4  
[BlockFinder3]     50000     50 sec max_P=10 ELB_found= 2791      4/40    7/26    3/12    3/6     0/3  