
[Date,Time = 2018-07-11_14:08:13]

#############################################################################
#                                                                           #
#        UCSL (Version 1.0.1)- Calculation of Universal                     #
#        Combinatorial Labeling Schemes for Fast NMR Protein                #
#        Assignment.                                                        #
#                                                                           #
#        In case of using for scientific purpose, please cite our article:  #
#                                                                           #
#                                                                           #
#                                                                           #
#                                                                           #
#############################################################################

[Date,Time = 2018-07-11_14:08:13]
Blocks used:
 1 X  2 - 1 block(s)
 2 X  3 - 28 block(s)
 2 X  4 - 4 block(s)
 3 X  5 - 1395 block(s)
 3 X  6 - 1693 block(s)
 3 X  7 - 1446 block(s)
 3 X  8 - 926 block(s)
 3 X  9 - 327 block(s)
 3 X 10 - 95 block(s)
 3 X 11 - 18 block(s)
 3 X 12 - 4 block(s)
-----------
 1 X . - 1 block(s)
 2 X . - 32 block(s)
 3 X . - 5904 block(s)
 TOTAL - 5937 blocks
-----------

[Date,Time = 2018-07-11_14:08:13]
Clearing redundant blocks(ELB)
[Date,Time = 2018-07-11_14:08:13]
Blocks used:
 1 X  2 - 1 block(s)
 2 X  3 - 17 block(s)
 2 X  4 - 4 block(s)
 3 X  5 - 84 block(s)
 3 X  6 - 133 block(s)
 3 X  8 - 269 block(s)
 3 X  9 - 53 block(s)
 3 X 10 - 45 block(s)
 3 X 12 - 4 block(s)
-----------
 1 X . - 1 block(s)
 2 X . - 21 block(s)
 3 X . - 588 block(s)
 TOTAL - 610 blocks
-----------

[Date,Time = 2018-07-11_14:08:13]
Clearing product blocks(ELB)
[Date,Time = 2018-07-11_14:08:15]
Blocks used:
 1 X  2 - 1 block(s)
 2 X  3 - 17 block(s)
 2 X  4 - 3 block(s)
 3 X  5 - 84 block(s)
 3 X  6 - 124 block(s)
 3 X  8 - 268 block(s)
 3 X  9 - 53 block(s)
 3 X 10 - 45 block(s)
 3 X 12 - 4 block(s)
-----------
 1 X . - 1 block(s)
 2 X . - 20 block(s)
 3 X . - 578 block(s)
 TOTAL - 599 blocks
-----------

[Date,Time = 2018-07-11_14:08:15]
Searching for products in max_samples=1
[Date,Time = 2018-07-11_14:08:15]
Searching for products in max_samples=2
[Date,Time = 2018-07-11_14:08:15]
Searching for products in max_samples=3
[Date,Time = 2018-07-11_14:08:15]
Searching for products in max_samples=4
[Date,Time = 2018-07-11_14:08:15]
[NCS = NCDA8]
Blocks used:
 1 X  2 - 1 block(s)
 2 X  3 - 17 block(s)
 2 X  4 - 3 block(s)
 3 X  5 - 84 block(s)
 3 X  6 - 124 block(s)
 3 X  8 - 268 block(s)
 3 X  9 - 53 block(s)
 3 X 10 - 45 block(s)
 3 X 12 - 4 block(s)
-----------
 1 X . - 1 block(s)
 2 X . - 20 block(s)
 3 X . - 578 block(s)
 TOTAL - 599 blocks
-----------

-----------------------
Products calculated for 4 samples:
[(1, 2), (3, 10)]: 45 scheme(s)
[(1, 2), (3, 12)]: 4 scheme(s)
2 product types calculated
49 total labeling schemes to check

[Date,Time = 2018-07-11_14:08:15]
Schemes optimization in max_samples=4
[Date,Time = 2018-07-11_14:08:15]
------------
Checking schemes for product [(1, 2), (3, 10)]. Total 45 schemes
------------
[Date,Time = 2018-07-11_14:08:15]
Checking scheme 1/49 - New best price: 17099.342510000002
[Date,Time = 2018-07-11_14:08:15]
NXNN
NNCD
NNDC
NCND
NCDN
NDNC
NDCN
NDDA
NDAD
NADD
DXNN
DNCD
DNDC
DCND
DCDN
DDNC
DDCN
DDDA
DDAD
DADD
Scheme consists of following blocks:
N
D

XNN
NCD
NDC
CND
CDN
DNC
DCN
DDA
DAD
ADD

---------
[Date,Time = 2018-07-11_14:08:15]
Checking scheme 2/49 - Price: 17133.629200000003
[Date,Time = 2018-07-11_14:08:15]
NXNN
NNCD
NNDC
NCDD
NDNC
NDCN
NDDA
NDAD
NAND
NADN
DXNN
DNCD
DNDC
DCDD
DDNC
DDCN
DDDA
DDAD
DAND
DADN
Scheme consists of following blocks:
N
D

XNN
NCD
NDC
CDD
DNC
DCN
DDA
DAD
AND
ADN

---------
[Date,Time = 2018-07-11_14:08:15]
Checking scheme 3/49 - Price: 18186.689139999988
[Date,Time = 2018-07-11_14:08:15]
NXNN
NNCD
NNDA
NCDD
NDNA
NDCN
NDDC
NDAD
NAND
NADN
DXNN
DNCD
DNDA
DCDD
DDNA
DDCN
DDDC
DDAD
DAND
DADN
Scheme consists of following blocks:
N
D

XNN
NCD
NDA
CDD
DNA
DCN
DDC
DAD
AND
ADN

---------
[Date,Time = 2018-07-11_14:08:15]
Checking scheme 4/49 - Price: 24219.262419999995
[Date,Time = 2018-07-11_14:08:15]
NXNN
NNDA
NNAD
NCDD
NDNA
NDCD
NDDC
NDAN
NAND
NADN
DXNN
DNDA
DNAD
DCDD
DDNA
DDCD
DDDC
DDAN
DAND
DADN
Scheme consists of following blocks:
N
D

XNN
NDA
NAD
CDD
DNA
DCD
DDC
DAN
AND
ADN

---------
[Date,Time = 2018-07-11_14:08:16]
Checking scheme 5/49 - New best price: 13290.412600000005
[Date,Time = 2018-07-11_14:08:16]
NXND
NNCN
NNDC
NCNN
NCDD
NDNC
NDCD
NDDA
NDAN
NADN
DXND
DNCN
DNDC
DCNN
DCDD
DDNC
DDCD
DDDA
DDAN
DADN
Scheme consists of following blocks:
N
D

XND
NCN
NDC
CNN
CDD
DNC
DCD
DDA
DAN
ADN

---------
[Date,Time = 2018-07-11_14:08:16]
Checking scheme 6/49 - Price: 13649.12687000001
[Date,Time = 2018-07-11_14:08:16]
NXND
NNCN
NNDC
NCDN
NDNC
NDCD
NDDA
NDAN
NANN
NADD
DXND
DNCN
DNDC
DCDN
DDNC
DDCD
DDDA
DDAN
DANN
DADD
Scheme consists of following blocks:
N
D

XND
NCN
NDC
CDN
DNC
DCD
DDA
DAN
ANN
ADD

---------
[Date,Time = 2018-07-11_14:08:16]
Checking scheme 7/49 - Price: 14359.863149999996
[Date,Time = 2018-07-11_14:08:16]
NXND
NNCN
NNDA
NCNN
NCDD
NDNA
NDCD
NDDC
NDAN
NADN
DXND
DNCN
DNDA
DCNN
DCDD
DDNA
DDCD
DDDC
DDAN
DADN
Scheme consists of following blocks:
N
D

XND
NCN
NDA
CNN
CDD
DNA
DCD
DDC
DAN
ADN

---------
[Date,Time = 2018-07-11_14:08:16]
Checking scheme 8/49 - Price: 14679.085409999998
[Date,Time = 2018-07-11_14:08:16]
NXND
NNCN
NNDA
NCDN
NDNA
NDCD
NDDC
NDAN
NANN
NADD
DXND
DNCN
DNDA
DCDN
DDNA
DDCD
DDDC
DDAN
DANN
DADD
Scheme consists of following blocks:
N
D

XND
NCN
NDA
CDN
DNA
DCD
DDC
DAN
ANN
ADD

---------
[Date,Time = 2018-07-11_14:08:16]
Checking scheme 9/49 - Price: 15755.857200000006
[Date,Time = 2018-07-11_14:08:16]
NXND
NNDC
NNAN
NCDN
NDNC
NDCN
NDDA
NDAD
NANN
NADD
DXND
DNDC
DNAN
DCDN
DDNC
DDCN
DDDA
DDAD
DANN
DADD
Scheme consists of following blocks:
N
D

XND
NDC
NAN
CDN
DNC
DCN
DDA
DAD
ANN
ADD

---------
[Date,Time = 2018-07-11_14:08:16]
Checking scheme 10/49 - Price: 20552.123689999993
[Date,Time = 2018-07-11_14:08:16]
NXND
NNDA
NNAN
NCDN
NDNA
NDCN
NDDC
NDAD
NANN
NADD
DXND
DNDA
DNAN
DCDN
DDNA
DDCN
DDDC
DDAD
DANN
DADD
Scheme consists of following blocks:
N
D

XND
NDA
NAN
CDN
DNA
DCN
DDC
DAD
ANN
ADD

---------
[Date,Time = 2018-07-11_14:08:16]
Checking scheme 11/49 - Price: 13941.119050000003
[Date,Time = 2018-07-11_14:08:16]
NXDD
NNNC
NNCN
NCNN
NDNA
NDCD
NDDC
NDAN
NAND
NADN
DXDD
DNNC
DNCN
DCNN
DDNA
DDCD
DDDC
DDAN
DAND
DADN
Scheme consists of following blocks:
N
D

XDD
NNC
NCN
CNN
DNA
DCD
DDC
DAN
AND
ADN

---------
[Date,Time = 2018-07-11_14:08:16]
Checking scheme 12/49 - New best price: 12201.004120000001
[Date,Time = 2018-07-11_14:08:16]
NXDD
NNNC
NNCN
NCND
NCDN
NDNA
NDCD
NDDC
NDAN
NANN
DXDD
DNNC
DNCN
DCND
DCDN
DDNA
DDCD
DDDC
DDAN
DANN
Scheme consists of following blocks:
N
D

XDD
NNC
NCN
CND
CDN
DNA
DCD
DDC
DAN
ANN

---------
[Date,Time = 2018-07-11_14:08:17]
Checking scheme 13/49 - Price: 14378.95131
[Date,Time = 2018-07-11_14:08:17]
NXDD
NNNC
NNAN
NCNN
NDNA
NDCN
NDDC
NDAD
NAND
NADN
DXDD
DNNC
DNAN
DCNN
DDNA
DDCN
DDDC
DDAD
DAND
DADN
Scheme consists of following blocks:
N
D

XDD
NNC
NAN
CNN
DNA
DCN
DDC
DAD
AND
ADN

---------
[Date,Time = 2018-07-11_14:08:17]
Checking scheme 14/49 - Price: 13456.068299999995
[Date,Time = 2018-07-11_14:08:17]
NXDD
NNNC
NNAN
NCND
NCDN
NDNA
NDCN
NDDC
NDAD
NANN
DXDD
DNNC
DNAN
DCND
DCDN
DDNA
DDCN
DDDC
DDAD
DANN
Scheme consists of following blocks:
N
D

XDD
NNC
NAN
CND
CDN
DNA
DCN
DDC
DAD
ANN

---------
[Date,Time = 2018-07-11_14:08:17]
Checking scheme 15/49 - Price: 19723.865450000005
[Date,Time = 2018-07-11_14:08:17]
NXDD
NNNA
NNAN
NCNN
NDNC
NDCN
NDDA
NDAD
NAND
NADN
DXDD
DNNA
DNAN
DCNN
DDNC
DDCN
DDDA
DDAD
DAND
DADN
Scheme consists of following blocks:
N
D

XDD
NNA
NAN
CNN
DNC
DCN
DDA
DAD
AND
ADN

---------
[Date,Time = 2018-07-11_14:08:17]
Checking scheme 16/49 - Price: 15603.109179999998
[Date,Time = 2018-07-11_14:08:17]
NXDD
NNNA
NNAN
NCND
NCDN
NDNC
NDCN
NDDA
NDAD
NANN
DXDD
DNNA
DNAN
DCND
DCDN
DDNC
DDCN
DDDA
DDAD
DANN
Scheme consists of following blocks:
N
D

XDD
NNA
NAN
CND
CDN
DNC
DCN
DDA
DAD
ANN

---------
[Date,Time = 2018-07-11_14:08:17]
Checking scheme 17/49 - Price: 17536.181320000003
[Date,Time = 2018-07-11_14:08:17]
NNNN
NNCD
NNDC
NCND
NCDN
NDNC
NDCN
NDDA
NDAD
NADD
DNNN
DNCD
DNDC
DCND
DCDN
DDNC
DDCN
DDDA
DDAD
DADD
Scheme consists of following blocks:
N
D

NNN
NCD
NDC
CND
CDN
DNC
DCN
DDA
DAD
ADD

---------
[Date,Time = 2018-07-11_14:08:17]
Checking scheme 18/49 - Price: 17570.468010000008
[Date,Time = 2018-07-11_14:08:17]
NNNN
NNCD
NNDC
NCDD
NDNC
NDCN
NDDA
NDAD
NAND
NADN
DNNN
DNCD
DNDC
DCDD
DDNC
DDCN
DDDA
DDAD
DAND
DADN
Scheme consists of following blocks:
N
D

NNN
NCD
NDC
CDD
DNC
DCN
DDA
DAD
AND
ADN

---------
[Date,Time = 2018-07-11_14:08:17]
Checking scheme 19/49 - Price: 18623.527950000003
[Date,Time = 2018-07-11_14:08:17]
NNNN
NNCD
NNDA
NCDD
NDNA
NDCN
NDDC
NDAD
NAND
NADN
DNNN
DNCD
DNDA
DCDD
DDNA
DDCN
DDDC
DDAD
DAND
DADN
Scheme consists of following blocks:
N
D

NNN
NCD
NDA
CDD
DNA
DCN
DDC
DAD
AND
ADN

---------
[Date,Time = 2018-07-11_14:08:17]
Checking scheme 20/49 - Price: 24656.10123
[Date,Time = 2018-07-11_14:08:17]
NNNN
NNDA
NNAD
NCDD
NDNA
NDCD
NDDC
NDAN
NAND
NADN
DNNN
DNDA
DNAD
DCDD
DDNA
DDCD
DDDC
DDAN
DAND
DADN
Scheme consists of following blocks:
N
D

NNN
NDA
NAD
CDD
DNA
DCD
DDC
DAN
AND
ADN

---------
[Date,Time = 2018-07-11_14:08:17]
Checking scheme 21/49 - Price: 14377.957860000002
[Date,Time = 2018-07-11_14:08:17]
NNNC
NNCN
NNDD
NCNN
NDNA
NDCD
NDDC
NDAN
NAND
NADN
DNNC
DNCN
DNDD
DCNN
DDNA
DDCD
DDDC
DDAN
DAND
DADN
Scheme consists of following blocks:
N
D

NNC
NCN
NDD
CNN
DNA
DCD
DDC
DAN
AND
ADN

---------
[Date,Time = 2018-07-11_14:08:18]
Checking scheme 22/49 - Price: 12637.842929999999
[Date,Time = 2018-07-11_14:08:18]
NNNC
NNCN
NNDD
NCND
NCDN
NDNA
NDCD
NDDC
NDAN
NANN
DNNC
DNCN
DNDD
DCND
DCDN
DDNA
DDCD
DDDC
DDAN
DANN
Scheme consists of following blocks:
N
D

NNC
NCN
NDD
CND
CDN
DNA
DCD
DDC
DAN
ANN

---------
[Date,Time = 2018-07-11_14:08:18]
Checking scheme 23/49 - Scheme can not be optimized
[Date,Time = 2018-07-11_14:08:18]
NNNC
NNCN
NNDA
NNAD
NCNN
NDNA
NDCD
NDDC
NDAN
NADD
DNNC
DNCN
DNDA
DNAD
DCNN
DDNA
DDCD
DDDC
DDAN
DADD
Scheme consists of following blocks:
N
D

NNC
NCN
NDA
NAD
CNN
DNA
DCD
DDC
DAN
ADD

---------
[Date,Time = 2018-07-11_14:08:18]
Checking scheme 24/49 - Price: 22616.293950000003
[Date,Time = 2018-07-11_14:08:18]
NNNC
NNCN
NNDA
NNAD
NCNN
NDNA
NDDD
NDAN
NAND
NADN
DNNC
DNCN
DNDA
DNAD
DCNN
DDNA
DDDD
DDAN
DAND
DADN
Scheme consists of following blocks:
N
D

NNC
NCN
NDA
NAD
CNN
DNA
DDD
DAN
AND
ADN

---------
[Date,Time = 2018-07-11_14:08:18]
Checking scheme 25/49 - Price: 13727.251410000003
[Date,Time = 2018-07-11_14:08:18]
NNNC
NNCN
NNDA
NNAD
NCND
NCDN
NDNN
NDCD
NDDC
NADD
DNNC
DNCN
DNDA
DNAD
DCND
DCDN
DDNN
DDCD
DDDC
DADD
Scheme consists of following blocks:
N
D

NNC
NCN
NDA
NAD
CND
CDN
DNN
DCD
DDC
ADD

---------
[Date,Time = 2018-07-11_14:08:18]
Checking scheme 26/49 - Price: 14933.643399999997
[Date,Time = 2018-07-11_14:08:18]
NNNC
NNCN
NNDA
NNAD
NCND
NCDN
NDNA
NDDD
NDAN
NANN
DNNC
DNCN
DNDA
DNAD
DCND
DCDN
DDNA
DDDD
DDAN
DANN
Scheme consists of following blocks:
N
D

NNC
NCN
NDA
NAD
CND
CDN
DNA
DDD
DAN
ANN

---------
[Date,Time = 2018-07-11_14:08:18]
Checking scheme 27/49 - Price: 14815.79012
[Date,Time = 2018-07-11_14:08:18]
NNNC
NNCN
NNDA
NNAD
NCND
NDNA
NDCD
NDDN
NANN
NADD
DNNC
DNCN
DNDA
DNAD
DCND
DDNA
DDCD
DDDN
DANN
DADD
Scheme consists of following blocks:
N
D

NNC
NCN
NDA
NAD
CND
DNA
DCD
DDN
ANN
ADD

---------
[Date,Time = 2018-07-11_14:08:18]
Checking scheme 28/49 - Scheme can not be optimized
[Date,Time = 2018-07-11_14:08:18]
NNNC
NNCN
NNDA
NNAD
NCND
NDNA
NDCD
NDDC
NDAN
NADN
DNNC
DNCN
DNDA
DNAD
DCND
DDNA
DDCD
DDDC
DDAN
DADN
Scheme consists of following blocks:
N
D

NNC
NCN
NDA
NAD
CND
DNA
DCD
DDC
DAN
ADN

---------
[Date,Time = 2018-07-11_14:08:18]
Checking scheme 29/49 - Price: 14796.701959999999
[Date,Time = 2018-07-11_14:08:18]
NNNC
NNCN
NNDA
NNAD
NCDD
NDNN
NDCD
NDDC
NAND
NADN
DNNC
DNCN
DNDA
DNAD
DCDD
DDNN
DDCD
DDDC
DAND
DADN
Scheme consists of following blocks:
N
D

NNC
NCN
NDA
NAD
CDD
DNN
DCD
DDC
AND
ADN

---------
[Date,Time = 2018-07-11_14:08:18]
Checking scheme 30/49 - Scheme can not be optimized
[Date,Time = 2018-07-11_14:08:18]
NNNC
NNCN
NNDA
NNAD
NCDD
NDNA
NDCD
NDDC
NDAN
NANN
DNNC
DNCN
DNDA
DNAD
DCDD
DDNA
DDCD
DDDC
DDAN
DANN
Scheme consists of following blocks:
N
D

NNC
NCN
NDA
NAD
CDD
DNA
DCD
DDC
DAN
ANN

---------
[Date,Time = 2018-07-11_14:08:18]
Checking scheme 31/49 - Scheme can not be optimized
[Date,Time = 2018-07-11_14:08:18]
NNNC
NNCN
NNDA
NCND
NCDN
NDNA
NDDC
NDAD
NANN
NADD
DNNC
DNCN
DNDA
DCND
DCDN
DDNA
DDDC
DDAD
DANN
DADD
Scheme consists of following blocks:
N
D

NNC
NCN
NDA
CND
CDN
DNA
DDC
DAD
ANN
ADD

---------
[Date,Time = 2018-07-11_14:08:18]
Checking scheme 32/49 - Price: 14085.965680000001
[Date,Time = 2018-07-11_14:08:18]
NNNC
NNCD
NNDN
NCND
NDNA
NDCN
NDDC
NDAD
NANN
NADD
DNNC
DNCD
DNDN
DCND
DDNA
DDCN
DDDC
DDAD
DANN
DADD
Scheme consists of following blocks:
N
D

NNC
NCD
NDN
CND
DNA
DCN
DDC
DAD
ANN
ADD

---------
[Date,Time = 2018-07-11_14:08:19]
Checking scheme 33/49 - Price: 14008.217539999996
[Date,Time = 2018-07-11_14:08:19]
NNNC
NNCD
NNDA
NNAN
NCND
NCDN
NDNA
NDCN
NDDD
NANN
DNNC
DNCD
DNDA
DNAN
DCND
DCDN
DDNA
DDCN
DDDD
DANN
Scheme consists of following blocks:
N
D

NNC
NCD
NDA
NAN
CND
CDN
DNA
DCN
DDD
ANN

---------
[Date,Time = 2018-07-11_14:08:19]
Checking scheme 34/49 - Scheme can not be optimized
[Date,Time = 2018-07-11_14:08:19]
NNNC
NNCD
NNDA
NNAN
NCND
NDNA
NDCN
NDDC
NDAD
NADN
DNNC
DNCD
DNDA
DNAN
DCND
DDNA
DDCN
DDDC
DDAD
DADN
Scheme consists of following blocks:
N
D

NNC
NCD
NDA
NAN
CND
DNA
DCN
DDC
DAD
ADN

---------
[Date,Time = 2018-07-11_14:08:19]
Checking scheme 35/49 - Price: 20160.70426
[Date,Time = 2018-07-11_14:08:19]
NNNC
NNCD
NNDA
NNAN
NCND
NDNA
NDDN
NDAD
NANN
NADD
DNNC
DNCD
DNDA
DNAN
DCND
DDNA
DDDN
DDAD
DANN
DADD
Scheme consists of following blocks:
N
D

NNC
NCD
NDA
NAN
CND
DNA
DDN
DAD
ANN
ADD

---------
[Date,Time = 2018-07-11_14:08:19]
Checking scheme 36/49 - Price: 13892.90711
[Date,Time = 2018-07-11_14:08:19]
NNNC
NNCD
NNDA
NNAN
NCDN
NDND
NDCN
NDDC
NANN
NADD
DNNC
DNCD
DNDA
DNAN
DCDN
DDND
DDCN
DDDC
DANN
DADD
Scheme consists of following blocks:
N
D

NNC
NCD
NDA
NAN
CDN
DND
DCN
DDC
ANN
ADD

---------
[Date,Time = 2018-07-11_14:08:19]
Checking scheme 37/49 - Price: 15115.92422
[Date,Time = 2018-07-11_14:08:19]
NNNC
NNCD
NNDA
NNAN
NCDD
NDNN
NDDC
NDAD
NAND
NADN
DNNC
DNCD
DNDA
DNAN
DCDD
DDNN
DDDC
DDAD
DAND
DADN
Scheme consists of following blocks:
N
D

NNC
NCD
NDA
NAN
CDD
DNN
DDC
DAD
AND
ADN

---------
[Date,Time = 2018-07-11_14:08:19]
Checking scheme 38/49 - Scheme can not be optimized
[Date,Time = 2018-07-11_14:08:19]
NNNC
NNCD
NNDA
NNAN
NCDD
NDNA
NDCN
NDDC
NDAD
NANN
DNNC
DNCD
DNDA
DNAN
DCDD
DDNA
DDCN
DDDC
DDAD
DANN
Scheme consists of following blocks:
N
D

NNC
NCD
NDA
NAN
CDD
DNA
DCN
DDC
DAD
ANN

---------
[Date,Time = 2018-07-11_14:08:19]
Checking scheme 39/49 - Scheme can not be optimized
[Date,Time = 2018-07-11_14:08:19]
NNNC
NNCD
NNAN
NCND
NCDN
NDCN
NDDA
NDAD
NANN
NADD
DNNC
DNCD
DNAN
DCND
DCDN
DDCN
DDDA
DDAD
DANN
DADD
Scheme consists of following blocks:
N
D

NNC
NCD
NAN
CND
CDN
DCN
DDA
DAD
ANN
ADD

---------
[Date,Time = 2018-07-11_14:08:19]
Checking scheme 40/49 - Price: 16192.696010000007
[Date,Time = 2018-07-11_14:08:19]
NNND
NNDC
NNAN
NCDN
NDNC
NDCN
NDDA
NDAD
NANN
NADD
DNND
DNDC
DNAN
DCDN
DDNC
DDCN
DDDA
DDAD
DANN
DADD
Scheme consists of following blocks:
N
D

NND
NDC
NAN
CDN
DNC
DCN
DDA
DAD
ANN
ADD

---------
[Date,Time = 2018-07-11_14:08:19]
Checking scheme 41/49 - Price: 20988.9625
[Date,Time = 2018-07-11_14:08:19]
NNND
NNDA
NNAN
NCDN
NDNA
NDCN
NDDC
NDAD
NANN
NADD
DNND
DNDA
DNAN
DCDN
DDNA
DDCN
DDDC
DDAD
DANN
DADD
Scheme consists of following blocks:
N
D

NND
NDA
NAN
CDN
DNA
DCN
DDC
DAD
ANN
ADD

---------
[Date,Time = 2018-07-11_14:08:20]
Checking scheme 42/49 - Price: 13932.769050000004
[Date,Time = 2018-07-11_14:08:20]
NNNA
NNCD
NNDC
NNAN
NCND
NCDN
NDNC
NDCN
NDDD
NANN
DNNA
DNCD
DNDC
DNAN
DCND
DCDN
DDNC
DDCN
DDDD
DANN
Scheme consists of following blocks:
N
D

NNA
NCD
NDC
NAN
CND
CDN
DNC
DCN
DDD
ANN

---------
[Date,Time = 2018-07-11_14:08:20]
Checking scheme 43/49 - Scheme can not be optimized
[Date,Time = 2018-07-11_14:08:20]
NNNA
NNCD
NNDC
NNAN
NCND
NDNC
NDCN
NDDA
NDAD
NADN
DNNA
DNCD
DNDC
DNAN
DCND
DDNC
DDCN
DDDA
DDAD
DADN
Scheme consists of following blocks:
N
D

NNA
NCD
NDC
NAN
CND
DNC
DCN
DDA
DAD
ADN

---------
[Date,Time = 2018-07-11_14:08:20]
Checking scheme 44/49 - Price: 16039.947990000002
[Date,Time = 2018-07-11_14:08:20]
NNNA
NNCD
NNDC
NNAN
NCND
NDNC
NDDN
NDAD
NANN
NADD
DNNA
DNCD
DNDC
DNAN
DCND
DDNC
DDDN
DDAD
DANN
DADD
Scheme consists of following blocks:
N
D

NNA
NCD
NDC
NAN
CND
DNC
DDN
DAD
ANN
ADD

---------
[Date,Time = 2018-07-11_14:08:20]
Checking scheme 45/49 - Scheme can not be optimized
[Date,Time = 2018-07-11_14:08:20]
NNNA
NNCD
NNDC
NNAN
NCDD
NDNC
NDCN
NDDA
NDAD
NANN
DNNA
DNCD
DNDC
DNAN
DCDD
DDNC
DDCN
DDDA
DDAD
DANN
Scheme consists of following blocks:
N
D

NNA
NCD
NDC
NAN
CDD
DNC
DCN
DDA
DAD
ANN

---------
[Date,Time = 2018-07-11_14:08:20]
------------
Checking schemes for product [(1, 2), (3, 12)]. Total 4 schemes
------------
[Date,Time = 2018-07-11_14:08:20]
Checking scheme 46/49 - Scheme can not be optimized
[Date,Time = 2018-07-11_14:08:20]
NNNC
NNCN
NNDA
NNAD
NCNN
NCDD
NDNA
NDCD
NDDC
NDAN
NAND
NADN
DNNC
DNCN
DNDA
DNAD
DCNN
DCDD
DDNA
DDCD
DDDC
DDAN
DAND
DADN
Scheme consists of following blocks:
N
D

NNC
NCN
NDA
NAD
CNN
CDD
DNA
DCD
DDC
DAN
AND
ADN

---------
[Date,Time = 2018-07-11_14:08:20]
Checking scheme 47/49 - Scheme can not be optimized
[Date,Time = 2018-07-11_14:08:20]
NNNC
NNCN
NNDA
NNAD
NCND
NCDN
NDNA
NDCD
NDDC
NDAN
NANN
NADD
DNNC
DNCN
DNDA
DNAD
DCND
DCDN
DDNA
DDCD
DDDC
DDAN
DANN
DADD
Scheme consists of following blocks:
N
D

NNC
NCN
NDA
NAD
CND
CDN
DNA
DCD
DDC
DAN
ANN
ADD

---------
[Date,Time = 2018-07-11_14:08:20]
Checking scheme 48/49 - Scheme can not be optimized
[Date,Time = 2018-07-11_14:08:20]
NNNC
NNCD
NNDA
NNAN
NCND
NCDN
NDNA
NDCN
NDDC
NDAD
NANN
NADD
DNNC
DNCD
DNDA
DNAN
DCND
DCDN
DDNA
DDCN
DDDC
DDAD
DANN
DADD
Scheme consists of following blocks:
N
D

NNC
NCD
NDA
NAN
CND
CDN
DNA
DCN
DDC
DAD
ANN
ADD

---------
[Date,Time = 2018-07-11_14:08:20]
Checking scheme 49/49 - Scheme can not be optimized
[Date,Time = 2018-07-11_14:08:20]
NNNA
NNCD
NNDC
NNAN
NCND
NCDN
NDNC
NDCN
NDDA
NDAD
NANN
NADD
DNNA
DNCD
DNDC
DNAN
DCND
DCDN
DDNC
DDCN
DDDA
DDAD
DANN
DADD
Scheme consists of following blocks:
N
D

NNA
NCD
NDC
NAN
CND
CDN
DNC
DCN
DDA
DAD
ANN
ADD

---------
[Date,Time = 2018-07-11_14:08:20]
________________________
Best scheme
[NCS = NCDA8]
[solution]
Res,S1,S2,S3,S4
Ala, D, D, N, A
Arg, D, D, C, D
Asn, D, X, D, D
Asp, N, D, C, D
Cys, N, N, N, C
Gln, N, D, N, A
Glu, N, C, N, D
Gly, D, D, A, N
His, N, X, D, D
Ile, N, D, D, C
Leu, N, D, A, N
Lys, N, C, D, N
Met, N, N, C, N
Phe, D, N, N, C
Pro, F, X, C, X
Ser, D, C, N, D
Thr, D, D, D, C
Trp, N, A, N, N
Tyr, D, A, N, N
Val, D, C, D, N
[price]
12201.004120000001

Blocks used for this scheme:
[ELB samples = 1 patterns = 2]
N
D
[ELB samples = 3 patterns = 10]
XDD
NNC
NCN
CND
CDN
DNA
DCD
DDC
DAN
ANN

[Date,Time = 2018-07-11_14:08:20]
-------------
Products in 4 samples:
[(1, 2), (3, 10)]
   9 scheme(s): cannot be optimized
   0 scheme(s): equivalent
  36 scheme(s): price calculated
[(1, 2), (3, 12)]
   4 scheme(s): cannot be optimized
   0 scheme(s): equivalent
   0 scheme(s): price calculated

[Date,Time = 2018-07-11_14:08:20]
-----
Calculation finished at 2018-07-11 14:08:20!