2019-04-22 20:36:01,758:Reading NCS
2019-04-22 20:36:01,759:NCS: NC2
2019-04-22 20:36:01,759:Reading sequence: 'HIGD1B.seq'
2019-04-22 20:36:01,759:Sequence length - 99 residues
2019-04-22 20:36:01,759:Reading stock: '../../stocks/LabelStock_Klammt.txt'
2019-04-22 20:36:01,760:Stock - OK
2019-04-22 20:36:01,760:Reading prices: '../../prices/BEST_PRICE_1H.csv'
2019-04-22 20:36:01,760:Prices - OK
2019-04-22 20:36:01,761:Search for HIGD1B_NC2 solution started
Host name is:		zion
Start clock time: 		22-04-2019 20:36:01
2019-04-22 20:36:01,761:
Search in 1 sample(s)
2019-04-22 20:36:01,761:Precalculating NMR codes...
2019-04-22 20:36:01,762:NMR codes calculated
2019-04-22 20:36:01,762:Search in 1 sample(s) finished. Max depth reached: 0. Iterations used: 1
2019-04-22 20:36:01,762:
Search in 2 sample(s)
2019-04-22 20:36:01,762:Precalculating NMR codes...
2019-04-22 20:36:01,763:NMR codes calculated
2019-04-22 20:36:01,763:Search in 2 sample(s) finished. Max depth reached: 0. Iterations used: 2
2019-04-22 20:36:01,763:
Search in 3 sample(s)
2019-04-22 20:36:01,764:Precalculating NMR codes...
2019-04-22 20:36:01,767:NMR codes calculated
2019-04-22 20:36:01,767:New max depth (2) reached at 3 samples
2019-04-22 20:36:01,767:Search in 3 sample(s) finished. Max depth reached: 1. Iterations used: 5
2019-04-22 20:36:01,767:
Search in 4 sample(s)
2019-04-22 20:36:01,780:Precalculating NMR codes...
2019-04-22 20:36:01,826:NMR codes calculated
2019-04-22 20:36:01,828:New max depth (3) reached at 4 samples
2019-04-22 20:36:01,828:New max depth (4) reached at 4 samples
2019-04-22 20:36:01,829:New max depth (5) reached at 4 samples
2019-04-22 20:36:01,829:Search in 4 sample(s) finished. Max depth reached: 4. Iterations used: 25
2019-04-22 20:36:01,829:
Search in 5 sample(s)
2019-04-22 20:36:01,852:Precalculating NMR codes...
2019-04-22 20:36:02,218:NMR codes calculated
2019-04-22 20:36:02,225:New max depth (6) reached at 5 samples
2019-04-22 20:36:02,225:New max depth (7) reached at 5 samples
2019-04-22 20:36:02,225:New max depth (8) reached at 5 samples
2019-04-22 20:36:02,226:New max depth (9) reached at 5 samples
2019-04-22 20:36:02,226:New max depth (10) reached at 5 samples
2019-04-22 20:36:02,227:New max depth (11) reached at 5 samples
2019-04-22 20:36:02,227:New max depth (12) reached at 5 samples
2019-04-22 20:36:02,227:New max depth (13) reached at 5 samples
2019-04-22 20:36:02,228:New max depth (14) reached at 5 samples
2019-04-22 20:36:02,228:New max depth (15) reached at 5 samples
2019-04-22 20:36:02,228:New max depth (16) reached at 5 samples
2019-04-22 20:36:02,237:New max depth (17) reached at 5 samples
2019-04-22 20:36:02,237:New max depth (18) reached at 5 samples
2019-04-22 20:36:02,237:New solution found! (#1). Calculation time: 00:00:00. New best price = 13501.01
2019-04-22 20:36:02,283:[solution]
% Solution number = 1
% Solution price  = 13501.01
Res, S_1, S_2, S_3, S_4, S_5
Ala,   N,   N,   N,   N,   C
Ser,   N,   N,   N,   C,   N
Val,   N,   N,   C,   N,   N
Gly,   N,   C,   N,   N,   N
Leu,   N,   N,   N,   C,   C
Asp,   N,   C,   C,   N,   N
Tyr,   C,   N,   N,   N,   N
Ile,   C,   N,   X,   N,   N
Glu,   C,   N,   N,   N,   C
Lys,   C,   C,   N,   N,   N
Met,   N,   N,   C,   C,   C
Cys,   C,   N,   N,   C,   N
Arg,   N,   N,   N,   N,   N
Thr,   N,   N,   X,   N,   X
Pro,   C,   C,   C,   C,   C
Gln,   N,   C,   N,   C,   C
Trp,   N,   N,   C,   C,   N
Asn,   N,   N,   N,   N,   N
His,   X,   X,   X,   X,   X


2019-04-22 20:36:02,288:New solution found! (#2). Calculation time: 00:00:00. New best price = 13382.16
2019-04-22 20:36:02,288:[solution]
% Solution number = 2
% Solution price  = 13382.16
Res, S_1, S_2, S_3, S_4, S_5
Ala,   N,   N,   N,   N,   C
Ser,   N,   N,   N,   C,   N
Val,   N,   N,   C,   N,   N
Gly,   N,   C,   N,   N,   N
Leu,   N,   N,   N,   C,   C
Asp,   N,   C,   C,   N,   N
Tyr,   C,   N,   N,   N,   N
Ile,   C,   N,   X,   N,   N
Glu,   C,   N,   N,   N,   C
Lys,   C,   C,   N,   N,   N
Met,   N,   N,   C,   C,   C
Cys,   C,   N,   N,   C,   N
Arg,   N,   N,   N,   N,   N
Thr,   N,   N,   X,   N,   X
Pro,   C,   C,   C,   C,   C
Gln,   N,   C,   N,   C,   C
Trp,   N,   N,   C,   C,   N
Asn,   N,   N,   N,   X,   N
His,   X,   X,   X,   X,   X


2019-04-22 20:36:02,292:New solution found! (#3). Calculation time: 00:00:00. New best price = 13263.31
2019-04-22 20:36:02,292:[solution]
% Solution number = 3
% Solution price  = 13263.31
Res, S_1, S_2, S_3, S_4, S_5
Ala,   N,   N,   N,   N,   C
Ser,   N,   N,   N,   C,   N
Val,   N,   N,   C,   N,   N
Gly,   N,   C,   N,   N,   N
Leu,   N,   N,   N,   C,   C
Asp,   N,   C,   C,   N,   N
Tyr,   C,   N,   N,   N,   N
Ile,   C,   N,   X,   N,   N
Glu,   C,   N,   N,   N,   C
Lys,   C,   C,   N,   N,   N
Met,   N,   N,   C,   C,   C
Cys,   C,   N,   N,   C,   N
Arg,   N,   N,   N,   N,   N
Thr,   N,   N,   X,   N,   X
Pro,   C,   C,   C,   C,   C
Gln,   N,   C,   N,   C,   C
Trp,   N,   N,   C,   C,   N
Asn,   N,   N,   X,   X,   N
His,   X,   X,   X,   X,   X


2019-04-22 20:36:02,296:New solution found! (#4). Calculation time: 00:00:00. New best price = 13144.45
2019-04-22 20:36:02,297:[solution]
% Solution number = 4
% Solution price  = 13144.45
Res, S_1, S_2, S_3, S_4, S_5
Ala,   N,   N,   N,   N,   C
Ser,   N,   N,   N,   C,   N
Val,   N,   N,   C,   N,   N
Gly,   N,   C,   N,   N,   N
Leu,   N,   N,   N,   C,   C
Asp,   N,   C,   C,   N,   N
Tyr,   C,   N,   N,   N,   N
Ile,   C,   N,   X,   N,   N
Glu,   C,   N,   N,   N,   C
Lys,   C,   C,   N,   N,   N
Met,   N,   N,   C,   C,   C
Cys,   C,   N,   N,   C,   N
Arg,   N,   N,   N,   N,   N
Thr,   N,   N,   X,   N,   X
Pro,   C,   C,   C,   C,   C
Gln,   N,   C,   N,   C,   C
Trp,   N,   N,   C,   C,   N
Asn,   N,   X,   X,   N,   X
His,   X,   X,   X,   X,   X


2019-04-22 20:36:02,308:New solution found! (#5). Calculation time: 00:00:00. New best price = 13025.6
2019-04-22 20:36:02,309:[solution]
% Solution number = 5
% Solution price  = 13025.6
Res, S_1, S_2, S_3, S_4, S_5
Ala,   N,   N,   N,   N,   C
Ser,   N,   N,   N,   C,   N
Val,   N,   N,   C,   N,   N
Gly,   N,   C,   N,   N,   N
Leu,   N,   N,   N,   C,   C
Asp,   N,   C,   C,   N,   N
Tyr,   C,   N,   N,   N,   N
Ile,   C,   N,   X,   N,   N
Glu,   C,   N,   N,   N,   C
Lys,   C,   C,   N,   N,   N
Met,   N,   N,   C,   C,   C
Cys,   C,   N,   N,   C,   N
Arg,   N,   N,   N,   N,   N
Thr,   N,   N,   X,   N,   X
Pro,   C,   C,   C,   C,   C
Gln,   N,   C,   N,   C,   C
Trp,   N,   N,   C,   C,   N
Asn,   N,   X,   X,   X,   X
His,   X,   X,   X,   X,   X


2019-04-22 20:36:02,313:New solution found! (#6). Calculation time: 00:00:00. New best price = 12463.65
2019-04-22 20:36:02,313:[solution]
% Solution number = 6
% Solution price  = 12463.65
Res, S_1, S_2, S_3, S_4, S_5
Ala,   N,   N,   N,   N,   C
Ser,   N,   N,   N,   C,   N
Val,   N,   N,   C,   N,   N
Gly,   N,   C,   N,   N,   N
Leu,   N,   N,   N,   C,   C
Asp,   N,   C,   C,   N,   N
Tyr,   C,   N,   N,   N,   N
Ile,   C,   N,   X,   N,   N
Glu,   C,   N,   N,   N,   C
Lys,   C,   C,   N,   N,   N
Met,   N,   N,   C,   C,   C
Cys,   C,   N,   N,   C,   N
Arg,   N,   N,   N,   N,   N
Thr,   N,   N,   X,   N,   X
Pro,   C,   C,   C,   C,   C
Gln,   N,   C,   N,   C,   C
Trp,   N,   N,   X,   C,   N
Asn,   N,   N,   N,   N,   N
His,   X,   X,   X,   X,   X


2019-04-22 20:36:02,321:New solution found! (#7). Calculation time: 00:00:00. New best price = 12344.8
2019-04-22 20:36:02,323:[solution]
% Solution number = 7
% Solution price  = 12344.8
Res, S_1, S_2, S_3, S_4, S_5
Ala,   N,   N,   N,   N,   C
Ser,   N,   N,   N,   C,   N
Val,   N,   N,   C,   N,   N
Gly,   N,   C,   N,   N,   N
Leu,   N,   N,   N,   C,   C
Asp,   N,   C,   C,   N,   N
Tyr,   C,   N,   N,   N,   N
Ile,   C,   N,   X,   N,   N
Glu,   C,   N,   N,   N,   C
Lys,   C,   C,   N,   N,   N
Met,   N,   N,   C,   C,   C
Cys,   C,   N,   N,   C,   N
Arg,   N,   N,   N,   N,   N
Thr,   N,   N,   X,   N,   X
Pro,   C,   C,   C,   C,   C
Gln,   N,   C,   N,   C,   C
Trp,   N,   N,   X,   C,   N
Asn,   N,   N,   N,   X,   N
His,   X,   X,   X,   X,   X


2019-04-22 20:36:02,327:New solution found! (#8). Calculation time: 00:00:00. New best price = 12225.94
2019-04-22 20:36:02,335:[solution]
% Solution number = 8
% Solution price  = 12225.94
Res, S_1, S_2, S_3, S_4, S_5
Ala,   N,   N,   N,   N,   C
Ser,   N,   N,   N,   C,   N
Val,   N,   N,   C,   N,   N
Gly,   N,   C,   N,   N,   N
Leu,   N,   N,   N,   C,   C
Asp,   N,   C,   C,   N,   N
Tyr,   C,   N,   N,   N,   N
Ile,   C,   N,   X,   N,   N
Glu,   C,   N,   N,   N,   C
Lys,   C,   C,   N,   N,   N
Met,   N,   N,   C,   C,   C
Cys,   C,   N,   N,   C,   N
Arg,   N,   N,   N,   N,   N
Thr,   N,   N,   X,   N,   X
Pro,   C,   C,   C,   C,   C
Gln,   N,   C,   N,   C,   C
Trp,   N,   N,   X,   C,   N
Asn,   N,   N,   X,   X,   N
His,   X,   X,   X,   X,   X


2019-04-22 20:36:02,339:New solution found! (#9). Calculation time: 00:00:00. New best price = 12107.09
2019-04-22 20:36:02,340:[solution]
% Solution number = 9
% Solution price  = 12107.09
Res, S_1, S_2, S_3, S_4, S_5
Ala,   N,   N,   N,   N,   C
Ser,   N,   N,   N,   C,   N
Val,   N,   N,   C,   N,   N
Gly,   N,   C,   N,   N,   N
Leu,   N,   N,   N,   C,   C
Asp,   N,   C,   C,   N,   N
Tyr,   C,   N,   N,   N,   N
Ile,   C,   N,   X,   N,   N
Glu,   C,   N,   N,   N,   C
Lys,   C,   C,   N,   N,   N
Met,   N,   N,   C,   C,   C
Cys,   C,   N,   N,   C,   N
Arg,   N,   N,   N,   N,   N
Thr,   N,   N,   X,   N,   X
Pro,   C,   C,   C,   C,   C
Gln,   N,   C,   N,   C,   C
Trp,   N,   N,   X,   C,   N
Asn,   N,   X,   X,   N,   X
His,   X,   X,   X,   X,   X


2019-04-22 20:36:02,343:New solution found! (#10). Calculation time: 00:00:00. New best price = 11988.24
2019-04-22 20:36:02,344:[solution]
% Solution number = 10
% Solution price  = 11988.24
Res, S_1, S_2, S_3, S_4, S_5
Ala,   N,   N,   N,   N,   C
Ser,   N,   N,   N,   C,   N
Val,   N,   N,   C,   N,   N
Gly,   N,   C,   N,   N,   N
Leu,   N,   N,   N,   C,   C
Asp,   N,   C,   C,   N,   N
Tyr,   C,   N,   N,   N,   N
Ile,   C,   N,   X,   N,   N
Glu,   C,   N,   N,   N,   C
Lys,   C,   C,   N,   N,   N
Met,   N,   N,   C,   C,   C
Cys,   C,   N,   N,   C,   N
Arg,   N,   N,   N,   N,   N
Thr,   N,   N,   X,   N,   X
Pro,   C,   C,   C,   C,   C
Gln,   N,   C,   N,   C,   C
Trp,   N,   N,   X,   C,   N
Asn,   N,   X,   X,   X,   X
His,   X,   X,   X,   X,   X


2019-04-22 20:36:02,353:New solution found! (#11). Calculation time: 00:00:00. New best price = 11960.57
2019-04-22 20:36:02,354:[solution]
% Solution number = 11
% Solution price  = 11960.57
Res, S_1, S_2, S_3, S_4, S_5
Ala,   N,   N,   N,   N,   C
Ser,   N,   N,   N,   C,   N
Val,   N,   N,   C,   N,   N
Gly,   N,   C,   N,   N,   N
Leu,   N,   N,   N,   C,   C
Asp,   N,   C,   C,   N,   N
Tyr,   C,   N,   N,   N,   N
Ile,   C,   N,   X,   N,   N
Glu,   C,   N,   N,   N,   C
Lys,   C,   C,   N,   N,   N
Met,   N,   N,   C,   C,   C
Cys,   C,   N,   N,   C,   N
Arg,   N,   N,   N,   N,   N
Thr,   N,   N,   X,   N,   X
Pro,   C,   C,   C,   C,   C
Gln,   N,   C,   N,   C,   C
Trp,   N,   C,   X,   N,   X
Asn,   N,   N,   X,   X,   N
His,   X,   X,   X,   X,   X


2019-04-22 20:36:02,366:New solution found! (#12). Calculation time: 00:00:00. New best price = 11841.72
2019-04-22 20:36:02,367:[solution]
% Solution number = 12
% Solution price  = 11841.72
Res, S_1, S_2, S_3, S_4, S_5
Ala,   N,   N,   N,   N,   C
Ser,   N,   N,   N,   C,   N
Val,   N,   N,   C,   N,   N
Gly,   N,   C,   N,   N,   N
Leu,   N,   N,   N,   C,   C
Asp,   N,   C,   C,   N,   N
Tyr,   C,   N,   N,   N,   N
Ile,   C,   N,   X,   N,   N
Glu,   C,   N,   N,   N,   C
Lys,   C,   C,   N,   N,   N
Met,   N,   N,   C,   C,   C
Cys,   C,   N,   N,   C,   N
Arg,   N,   N,   N,   N,   N
Thr,   N,   N,   X,   N,   X
Pro,   C,   C,   C,   C,   C
Gln,   N,   C,   N,   C,   C
Trp,   N,   C,   X,   N,   X
Asn,   N,   X,   X,   X,   N
His,   X,   X,   X,   X,   X


2019-04-22 20:36:02,371:New solution found! (#13). Calculation time: 00:00:00. New best price = 11722.87
2019-04-22 20:36:02,372:[solution]
% Solution number = 13
% Solution price  = 11722.87
Res, S_1, S_2, S_3, S_4, S_5
Ala,   N,   N,   N,   N,   C
Ser,   N,   N,   N,   C,   N
Val,   N,   N,   C,   N,   N
Gly,   N,   C,   N,   N,   N
Leu,   N,   N,   N,   C,   C
Asp,   N,   C,   C,   N,   N
Tyr,   C,   N,   N,   N,   N
Ile,   C,   N,   X,   N,   N
Glu,   C,   N,   N,   N,   C
Lys,   C,   C,   N,   N,   N
Met,   N,   N,   C,   C,   C
Cys,   C,   N,   N,   C,   N
Arg,   N,   N,   N,   N,   N
Thr,   N,   N,   X,   N,   X
Pro,   C,   C,   C,   C,   C
Gln,   N,   C,   N,   C,   C
Trp,   N,   C,   X,   N,   X
Asn,   N,   X,   X,   X,   X
His,   X,   X,   X,   X,   X


2019-04-22 20:36:02,377:New solution found! (#14). Calculation time: 00:00:00. New best price = 11695.2
2019-04-22 20:36:02,377:[solution]
% Solution number = 14
% Solution price  = 11695.2
Res, S_1, S_2, S_3, S_4, S_5
Ala,   N,   N,   N,   N,   C
Ser,   N,   N,   N,   C,   N
Val,   N,   N,   C,   N,   N
Gly,   N,   C,   N,   N,   N
Leu,   N,   N,   N,   C,   C
Asp,   N,   C,   C,   N,   N
Tyr,   C,   N,   N,   N,   N
Ile,   C,   N,   X,   N,   N
Glu,   C,   N,   N,   N,   C
Lys,   C,   C,   N,   N,   N
Met,   N,   N,   C,   C,   C
Cys,   C,   N,   N,   C,   N
Arg,   N,   N,   N,   N,   N
Thr,   N,   N,   X,   N,   X
Pro,   C,   C,   C,   C,   C
Gln,   N,   C,   N,   C,   C
Trp,   N,   C,   X,   X,   X
Asn,   N,   N,   X,   X,   N
His,   X,   X,   X,   X,   X


2019-04-22 20:36:02,381:New solution found! (#15). Calculation time: 00:00:00. New best price = 11576.34
2019-04-22 20:36:02,389:[solution]
% Solution number = 15
% Solution price  = 11576.34
Res, S_1, S_2, S_3, S_4, S_5
Ala,   N,   N,   N,   N,   C
Ser,   N,   N,   N,   C,   N
Val,   N,   N,   C,   N,   N
Gly,   N,   C,   N,   N,   N
Leu,   N,   N,   N,   C,   C
Asp,   N,   C,   C,   N,   N
Tyr,   C,   N,   N,   N,   N
Ile,   C,   N,   X,   N,   N
Glu,   C,   N,   N,   N,   C
Lys,   C,   C,   N,   N,   N
Met,   N,   N,   C,   C,   C
Cys,   C,   N,   N,   C,   N
Arg,   N,   N,   N,   N,   N
Thr,   N,   N,   X,   N,   X
Pro,   C,   C,   C,   C,   C
Gln,   N,   C,   N,   C,   C
Trp,   N,   C,   X,   X,   X
Asn,   N,   X,   X,   N,   X
His,   X,   X,   X,   X,   X


2019-04-22 20:36:02,393:New solution found! (#16). Calculation time: 00:00:00. New best price = 11457.49
2019-04-22 20:36:02,399:[solution]
% Solution number = 16
% Solution price  = 11457.49
Res, S_1, S_2, S_3, S_4, S_5
Ala,   N,   N,   N,   N,   C
Ser,   N,   N,   N,   C,   N
Val,   N,   N,   C,   N,   N
Gly,   N,   C,   N,   N,   N
Leu,   N,   N,   N,   C,   C
Asp,   N,   C,   C,   N,   N
Tyr,   C,   N,   N,   N,   N
Ile,   C,   N,   X,   N,   N
Glu,   C,   N,   N,   N,   C
Lys,   C,   C,   N,   N,   N
Met,   N,   N,   C,   C,   C
Cys,   C,   N,   N,   C,   N
Arg,   N,   N,   N,   N,   N
Thr,   N,   N,   X,   N,   X
Pro,   C,   C,   C,   C,   C
Gln,   N,   C,   N,   C,   C
Trp,   N,   C,   X,   X,   X
Asn,   X,   N,   X,   X,   X
His,   X,   X,   X,   X,   X


2019-04-22 20:36:02,407:New solution found! (#17). Calculation time: 00:00:00. New best price = 11364.75
2019-04-22 20:36:02,407:[solution]
% Solution number = 17
% Solution price  = 11364.75
Res, S_1, S_2, S_3, S_4, S_5
Ala,   N,   N,   N,   N,   C
Ser,   N,   N,   N,   C,   N
Val,   N,   N,   C,   N,   N
Gly,   N,   C,   N,   N,   N
Leu,   N,   N,   N,   C,   C
Asp,   N,   C,   C,   N,   N
Tyr,   C,   N,   N,   N,   N
Ile,   C,   N,   X,   N,   N
Glu,   C,   N,   N,   N,   C
Lys,   C,   C,   N,   N,   N
Met,   N,   N,   C,   C,   C
Cys,   C,   N,   N,   C,   N
Arg,   N,   N,   N,   N,   N
Thr,   N,   N,   X,   N,   X
Pro,   C,   C,   C,   C,   C
Gln,   N,   C,   X,   C,   C
Trp,   X,   N,   X,   C,   X
Asn,   X,   X,   N,   X,   X
His,   X,   X,   X,   X,   X


2019-04-22 20:36:02,412:New solution found! (#18). Calculation time: 00:00:00. New best price = 11334.82
2019-04-22 20:36:02,412:[solution]
% Solution number = 18
% Solution price  = 11334.82
Res, S_1, S_2, S_3, S_4, S_5
Ala,   N,   N,   N,   N,   C
Ser,   N,   N,   N,   C,   N
Val,   N,   N,   C,   N,   N
Gly,   N,   C,   N,   N,   N
Leu,   N,   N,   N,   C,   C
Asp,   N,   C,   C,   N,   N
Tyr,   C,   N,   N,   N,   N
Ile,   C,   N,   X,   N,   N
Glu,   C,   N,   N,   N,   C
Lys,   C,   C,   N,   N,   N
Met,   N,   N,   C,   C,   C
Cys,   C,   N,   N,   C,   N
Arg,   N,   N,   N,   N,   N
Thr,   N,   N,   X,   N,   X
Pro,   C,   C,   C,   C,   C
Gln,   C,   N,   N,   X,   X
Trp,   N,   C,   N,   X,   X
Asn,   N,   X,   X,   X,   X
His,   X,   X,   X,   X,   X


2019-04-22 20:36:02,429:New solution found! (#19). Calculation time: 00:00:00. New best price = 11307.15
2019-04-22 20:36:02,429:[solution]
% Solution number = 19
% Solution price  = 11307.15
Res, S_1, S_2, S_3, S_4, S_5
Ala,   N,   N,   N,   N,   C
Ser,   N,   N,   N,   C,   N
Val,   N,   N,   C,   N,   N
Gly,   N,   C,   N,   N,   N
Leu,   N,   N,   N,   C,   C
Asp,   N,   C,   C,   N,   N
Tyr,   C,   N,   N,   N,   N
Ile,   C,   N,   X,   N,   N
Glu,   C,   N,   N,   N,   C
Lys,   C,   C,   N,   N,   N
Met,   N,   N,   C,   C,   C
Cys,   C,   N,   N,   C,   N
Arg,   N,   N,   N,   N,   N
Thr,   N,   N,   X,   N,   X
Pro,   C,   C,   C,   C,   C
Gln,   C,   N,   N,   X,   X
Trp,   N,   C,   X,   X,   X
Asn,   N,   N,   X,   X,   N
His,   X,   X,   X,   X,   X


2019-04-22 20:36:02,433:New solution found! (#20). Calculation time: 00:00:00. New best price = 11188.3
2019-04-22 20:36:02,433:[solution]
% Solution number = 20
% Solution price  = 11188.3
Res, S_1, S_2, S_3, S_4, S_5
Ala,   N,   N,   N,   N,   C
Ser,   N,   N,   N,   C,   N
Val,   N,   N,   C,   N,   N
Gly,   N,   C,   N,   N,   N
Leu,   N,   N,   N,   C,   C
Asp,   N,   C,   C,   N,   N
Tyr,   C,   N,   N,   N,   N
Ile,   C,   N,   X,   N,   N
Glu,   C,   N,   N,   N,   C
Lys,   C,   C,   N,   N,   N
Met,   N,   N,   C,   C,   C
Cys,   C,   N,   N,   C,   N
Arg,   N,   N,   N,   N,   N
Thr,   N,   N,   X,   N,   X
Pro,   C,   C,   C,   C,   C
Gln,   C,   N,   N,   X,   X
Trp,   N,   C,   X,   X,   X
Asn,   N,   X,   N,   X,   X
His,   X,   X,   X,   X,   X


2019-04-22 20:36:02,437:New solution found! (#21). Calculation time: 00:00:00. New best price = 11069.45
2019-04-22 20:36:02,444:[solution]
% Solution number = 21
% Solution price  = 11069.45
Res, S_1, S_2, S_3, S_4, S_5
Ala,   N,   N,   N,   N,   C
Ser,   N,   N,   N,   C,   N
Val,   N,   N,   C,   N,   N
Gly,   N,   C,   N,   N,   N
Leu,   N,   N,   N,   C,   C
Asp,   N,   C,   C,   N,   N
Tyr,   C,   N,   N,   N,   N
Ile,   C,   N,   X,   N,   N
Glu,   C,   N,   N,   N,   C
Lys,   C,   C,   N,   N,   N
Met,   N,   N,   C,   C,   C
Cys,   C,   N,   N,   C,   N
Arg,   N,   N,   N,   N,   N
Thr,   N,   N,   X,   N,   X
Pro,   C,   C,   C,   C,   C
Gln,   C,   N,   N,   X,   X
Trp,   N,   C,   X,   X,   X
Asn,   X,   N,   X,   X,   X
His,   X,   X,   X,   X,   X


2019-04-22 20:36:02,457:New solution found! (#22). Calculation time: 00:00:00. New best price = 10976.71
2019-04-22 20:36:02,462:[solution]
% Solution number = 22
% Solution price  = 10976.71
Res, S_1, S_2, S_3, S_4, S_5
Ala,   N,   N,   N,   N,   C
Ser,   N,   N,   N,   C,   N
Val,   N,   N,   C,   N,   N
Gly,   N,   C,   N,   N,   N
Leu,   N,   N,   N,   C,   C
Asp,   N,   C,   C,   N,   N
Tyr,   C,   N,   N,   N,   N
Ile,   C,   N,   X,   N,   N
Glu,   C,   N,   N,   N,   C
Lys,   C,   C,   N,   N,   N
Met,   N,   N,   C,   C,   C
Cys,   C,   N,   N,   C,   N
Arg,   N,   N,   N,   N,   N
Thr,   N,   N,   X,   N,   X
Pro,   C,   C,   C,   C,   C
Gln,   C,   N,   X,   X,   X
Trp,   N,   C,   X,   X,   X
Asn,   X,   X,   N,   X,   X
His,   X,   X,   X,   X,   X


2019-04-22 20:36:02,475:New solution found! (#23). Calculation time: 00:00:00. New best price = 10882.11
2019-04-22 20:36:02,476:[solution]
% Solution number = 23
% Solution price  = 10882.11
Res, S_1, S_2, S_3, S_4, S_5
Ala,   N,   N,   N,   N,   C
Ser,   N,   N,   N,   C,   N
Val,   N,   N,   C,   N,   N
Gly,   N,   C,   N,   N,   N
Leu,   N,   N,   N,   C,   C
Asp,   N,   C,   C,   N,   N
Tyr,   C,   N,   N,   N,   N
Ile,   C,   N,   X,   N,   N
Glu,   C,   N,   N,   N,   C
Lys,   C,   C,   N,   N,   N
Met,   N,   N,   C,   C,   C
Cys,   C,   N,   N,   C,   N
Arg,   N,   N,   N,   N,   N
Thr,   N,   N,   X,   N,   X
Pro,   C,   C,   C,   C,   X
Gln,   C,   N,   N,   X,   X
Trp,   N,   C,   X,   X,   X
Asn,   N,   X,   N,   X,   X
His,   X,   X,   X,   X,   X


2019-04-22 20:36:02,480:New solution found! (#24). Calculation time: 00:00:00. New best price = 10763.25
2019-04-22 20:36:02,480:[solution]
% Solution number = 24
% Solution price  = 10763.25
Res, S_1, S_2, S_3, S_4, S_5
Ala,   N,   N,   N,   N,   C
Ser,   N,   N,   N,   C,   N
Val,   N,   N,   C,   N,   N
Gly,   N,   C,   N,   N,   N
Leu,   N,   N,   N,   C,   C
Asp,   N,   C,   C,   N,   N
Tyr,   C,   N,   N,   N,   N
Ile,   C,   N,   X,   N,   N
Glu,   C,   N,   N,   N,   C
Lys,   C,   C,   N,   N,   N
Met,   N,   N,   C,   C,   C
Cys,   C,   N,   N,   C,   N
Arg,   N,   N,   N,   N,   N
Thr,   N,   N,   X,   N,   X
Pro,   C,   C,   C,   C,   X
Gln,   C,   N,   N,   X,   X
Trp,   N,   C,   X,   X,   X
Asn,   X,   N,   X,   X,   X
His,   X,   X,   X,   X,   X


2019-04-22 20:36:02,501:New solution found! (#25). Calculation time: 00:00:00. New best price = 10670.51
2019-04-22 20:36:02,501:[solution]
% Solution number = 25
% Solution price  = 10670.51
Res, S_1, S_2, S_3, S_4, S_5
Ala,   N,   N,   N,   N,   C
Ser,   N,   N,   N,   C,   N
Val,   N,   N,   C,   N,   N
Gly,   N,   C,   N,   N,   N
Leu,   N,   N,   N,   C,   C
Asp,   N,   C,   C,   N,   N
Tyr,   C,   N,   N,   N,   N
Ile,   C,   N,   X,   N,   N
Glu,   C,   N,   N,   N,   C
Lys,   C,   C,   N,   N,   N
Met,   N,   N,   C,   C,   C
Cys,   C,   N,   N,   C,   N
Arg,   N,   N,   N,   N,   N
Thr,   N,   N,   X,   N,   X
Pro,   C,   C,   C,   C,   X
Gln,   C,   N,   X,   X,   X
Trp,   N,   C,   X,   X,   X
Asn,   X,   X,   N,   X,   X
His,   X,   X,   X,   X,   X


2019-04-22 20:36:02,509:New solution found! (#26). Calculation time: 00:00:00. New best price = 10575.91
2019-04-22 20:36:02,509:[solution]
% Solution number = 26
% Solution price  = 10575.91
Res, S_1, S_2, S_3, S_4, S_5
Ala,   N,   N,   N,   N,   C
Ser,   N,   N,   N,   C,   N
Val,   N,   N,   C,   N,   N
Gly,   N,   C,   N,   N,   N
Leu,   N,   N,   N,   C,   C
Asp,   N,   C,   C,   N,   N
Tyr,   C,   N,   N,   N,   N
Ile,   C,   N,   X,   N,   N
Glu,   C,   N,   N,   N,   C
Lys,   C,   C,   N,   N,   N
Met,   N,   N,   C,   C,   C
Cys,   C,   N,   N,   C,   N
Arg,   N,   N,   N,   N,   N
Thr,   N,   N,   X,   N,   X
Pro,   X,   C,   C,   X,   C
Gln,   C,   N,   N,   X,   X
Trp,   N,   C,   X,   X,   X
Asn,   N,   X,   N,   X,   X
His,   X,   X,   X,   X,   X


2019-04-22 20:36:02,525:New solution found! (#27). Calculation time: 00:00:00. New best price = 10457.06
2019-04-22 20:36:02,525:[solution]
% Solution number = 27
% Solution price  = 10457.06
Res, S_1, S_2, S_3, S_4, S_5
Ala,   N,   N,   N,   N,   C
Ser,   N,   N,   N,   C,   N
Val,   N,   N,   C,   N,   N
Gly,   N,   C,   N,   N,   N
Leu,   N,   N,   N,   C,   C
Asp,   N,   C,   C,   N,   N
Tyr,   C,   N,   N,   N,   N
Ile,   C,   N,   X,   N,   N
Glu,   C,   N,   N,   N,   C
Lys,   C,   C,   N,   N,   N
Met,   N,   N,   C,   C,   C
Cys,   C,   N,   N,   C,   N
Arg,   N,   N,   N,   N,   N
Thr,   N,   N,   X,   N,   X
Pro,   X,   C,   C,   X,   C
Gln,   C,   N,   N,   X,   X
Trp,   N,   C,   X,   X,   X
Asn,   X,   N,   X,   X,   X
His,   X,   X,   X,   X,   X


2019-04-22 20:36:02,560:New solution found! (#28). Calculation time: 00:00:00. New best price = 10364.32
2019-04-22 20:36:02,561:[solution]
% Solution number = 28
% Solution price  = 10364.32
Res, S_1, S_2, S_3, S_4, S_5
Ala,   N,   N,   N,   N,   C
Ser,   N,   N,   N,   C,   N
Val,   N,   N,   C,   N,   N
Gly,   N,   C,   N,   N,   N
Leu,   N,   N,   N,   C,   C
Asp,   N,   C,   C,   N,   N
Tyr,   C,   N,   N,   N,   N
Ile,   C,   N,   X,   N,   N
Glu,   C,   N,   N,   N,   C
Lys,   C,   C,   N,   N,   N
Met,   N,   N,   C,   C,   C
Cys,   C,   N,   N,   C,   N
Arg,   N,   N,   N,   N,   N
Thr,   N,   N,   X,   N,   X
Pro,   X,   C,   C,   X,   C
Gln,   C,   N,   X,   X,   X
Trp,   N,   C,   X,   X,   X
Asn,   X,   X,   N,   X,   X
His,   X,   X,   X,   X,   X


2019-04-22 20:36:02,589:New solution found! (#29). Calculation time: 00:00:00. New best price = 10320.83
2019-04-22 20:36:02,594:[solution]
% Solution number = 29
% Solution price  = 10320.83
Res, S_1, S_2, S_3, S_4, S_5
Ala,   N,   N,   N,   N,   C
Ser,   N,   N,   N,   C,   N
Val,   N,   N,   C,   N,   N
Gly,   N,   C,   N,   N,   N
Leu,   N,   N,   N,   C,   C
Asp,   N,   C,   C,   N,   N
Tyr,   C,   N,   N,   N,   N
Ile,   C,   N,   X,   N,   N
Glu,   C,   N,   N,   N,   C
Lys,   C,   C,   N,   N,   N
Met,   N,   N,   C,   C,   C
Cys,   C,   N,   N,   C,   C
Arg,   N,   N,   N,   N,   N
Thr,   N,   N,   X,   N,   X
Pro,   X,   C,   C,   X,   C
Gln,   C,   N,   N,   X,   N
Trp,   N,   C,   X,   X,   X
Asn,   X,   N,   X,   X,   X
His,   X,   X,   X,   X,   X


2019-04-22 20:36:02,616:New solution found! (#30). Calculation time: 00:00:00. New best price = 10228.09
2019-04-22 20:36:02,617:[solution]
% Solution number = 30
% Solution price  = 10228.09
Res, S_1, S_2, S_3, S_4, S_5
Ala,   N,   N,   N,   N,   C
Ser,   N,   N,   N,   C,   N
Val,   N,   N,   C,   N,   N
Gly,   N,   C,   N,   N,   N
Leu,   N,   N,   N,   C,   C
Asp,   N,   C,   C,   N,   N
Tyr,   C,   N,   N,   N,   N
Ile,   C,   N,   X,   N,   N
Glu,   C,   N,   N,   N,   C
Lys,   C,   C,   N,   N,   N
Met,   N,   N,   C,   C,   C
Cys,   C,   N,   N,   C,   C
Arg,   N,   N,   N,   N,   N
Thr,   N,   N,   X,   N,   X
Pro,   X,   C,   C,   X,   C
Gln,   C,   N,   X,   N,   X
Trp,   N,   C,   X,   X,   X
Asn,   X,   N,   X,   X,   X
His,   X,   X,   X,   X,   X


2019-04-22 20:36:02,638:New solution found! (#31). Calculation time: 00:00:00. New best price = 10135.35
2019-04-22 20:36:02,638:[solution]
% Solution number = 31
% Solution price  = 10135.35
Res, S_1, S_2, S_3, S_4, S_5
Ala,   N,   N,   N,   N,   C
Ser,   N,   N,   N,   C,   N
Val,   N,   N,   C,   N,   N
Gly,   N,   C,   N,   N,   N
Leu,   N,   N,   N,   C,   C
Asp,   N,   C,   C,   N,   N
Tyr,   C,   N,   N,   N,   N
Ile,   C,   N,   X,   N,   N
Glu,   C,   N,   N,   N,   C
Lys,   C,   C,   N,   N,   N
Met,   N,   N,   C,   C,   C
Cys,   C,   N,   N,   C,   C
Arg,   N,   N,   N,   N,   N
Thr,   N,   N,   X,   N,   X
Pro,   X,   C,   C,   X,   C
Gln,   C,   N,   X,   X,   X
Trp,   N,   C,   X,   X,   X
Asn,   X,   X,   N,   X,   X
His,   X,   X,   X,   X,   X


2019-04-22 20:36:02,664:New solution found! (#32). Calculation time: 00:00:00. New best price = 10104.0
2019-04-22 20:36:02,665:[solution]
% Solution number = 32
% Solution price  = 10104.0
Res, S_1, S_2, S_3, S_4, S_5
Ala,   N,   N,   N,   N,   C
Ser,   N,   N,   N,   C,   N
Val,   N,   N,   C,   N,   N
Gly,   N,   C,   N,   N,   N
Leu,   N,   N,   N,   C,   C
Asp,   N,   C,   C,   N,   N
Tyr,   C,   N,   N,   N,   N
Ile,   C,   N,   X,   N,   N
Glu,   C,   N,   N,   N,   C
Lys,   C,   C,   N,   N,   N
Met,   N,   N,   C,   C,   C
Cys,   C,   N,   N,   C,   X
Arg,   N,   N,   N,   N,   N
Thr,   N,   N,   X,   N,   X
Pro,   X,   C,   C,   X,   C
Gln,   C,   N,   N,   X,   N
Trp,   N,   C,   X,   X,   X
Asn,   X,   N,   X,   X,   X
His,   X,   X,   X,   X,   X


2019-04-22 20:36:02,676:New solution found! (#33). Calculation time: 00:00:00. New best price = 10011.26
2019-04-22 20:36:02,676:[solution]
% Solution number = 33
% Solution price  = 10011.26
Res, S_1, S_2, S_3, S_4, S_5
Ala,   N,   N,   N,   N,   C
Ser,   N,   N,   N,   C,   N
Val,   N,   N,   C,   N,   N
Gly,   N,   C,   N,   N,   N
Leu,   N,   N,   N,   C,   C
Asp,   N,   C,   C,   N,   N
Tyr,   C,   N,   N,   N,   N
Ile,   C,   N,   X,   N,   N
Glu,   C,   N,   N,   N,   C
Lys,   C,   C,   N,   N,   N
Met,   N,   N,   C,   C,   C
Cys,   C,   N,   N,   C,   X
Arg,   N,   N,   N,   N,   N
Thr,   N,   N,   X,   N,   X
Pro,   X,   C,   C,   X,   C
Gln,   C,   N,   X,   N,   X
Trp,   N,   C,   X,   X,   X
Asn,   X,   N,   X,   X,   X
His,   X,   X,   X,   X,   X


2019-04-22 20:36:02,697:New solution found! (#34). Calculation time: 00:00:00. New best price = 9918.52
2019-04-22 20:36:02,697:[solution]
% Solution number = 34
% Solution price  = 9918.52
Res, S_1, S_2, S_3, S_4, S_5
Ala,   N,   N,   N,   N,   C
Ser,   N,   N,   N,   C,   N
Val,   N,   N,   C,   N,   N
Gly,   N,   C,   N,   N,   N
Leu,   N,   N,   N,   C,   C
Asp,   N,   C,   C,   N,   N
Tyr,   C,   N,   N,   N,   N
Ile,   C,   N,   X,   N,   N
Glu,   C,   N,   N,   N,   C
Lys,   C,   C,   N,   N,   N
Met,   N,   N,   C,   C,   C
Cys,   C,   N,   N,   C,   X
Arg,   N,   N,   N,   N,   N
Thr,   N,   N,   X,   N,   X
Pro,   X,   C,   C,   X,   C
Gln,   C,   N,   X,   X,   X
Trp,   N,   C,   X,   X,   X
Asn,   X,   X,   N,   X,   X
His,   X,   X,   X,   X,   X


2019-04-22 20:36:02,740:New solution found! (#35). Calculation time: 00:00:00. New best price = 9845.88
2019-04-22 20:36:02,742:[solution]
% Solution number = 35
% Solution price  = 9845.88
Res, S_1, S_2, S_3, S_4, S_5
Ala,   N,   N,   N,   N,   C
Ser,   N,   N,   N,   C,   N
Val,   N,   N,   C,   N,   N
Gly,   N,   C,   N,   N,   N
Leu,   N,   N,   N,   C,   C
Asp,   N,   C,   C,   N,   N
Tyr,   C,   N,   N,   N,   N
Ile,   C,   N,   X,   N,   N
Glu,   C,   N,   N,   N,   C
Lys,   C,   C,   N,   X,   N
Met,   N,   N,   C,   C,   C
Cys,   C,   N,   N,   C,   X
Arg,   N,   N,   N,   N,   N
Thr,   N,   N,   X,   N,   X
Pro,   X,   C,   C,   X,   C
Gln,   C,   N,   X,   X,   X
Trp,   N,   C,   X,   X,   X
Asn,   X,   X,   N,   X,   X
His,   X,   X,   X,   X,   X


2019-04-22 20:36:02,773:New solution found! (#36). Calculation time: 00:00:01. New best price = 9757.92
2019-04-22 20:36:02,773:[solution]
% Solution number = 36
% Solution price  = 9757.92
Res, S_1, S_2, S_3, S_4, S_5
Ala,   N,   N,   N,   N,   C
Ser,   N,   N,   N,   C,   N
Val,   N,   N,   C,   N,   N
Gly,   N,   C,   N,   N,   N
Leu,   N,   N,   N,   C,   C
Asp,   N,   C,   C,   N,   N
Tyr,   C,   N,   N,   N,   N
Ile,   C,   C,   N,   N,   N
Glu,   C,   N,   N,   N,   C
Lys,   C,   N,   N,   C,   N
Met,   N,   N,   C,   C,   C
Cys,   C,   C,   N,   X,   N
Arg,   N,   N,   N,   N,   N
Thr,   N,   X,   X,   N,   X
Pro,   C,   X,   C,   X,   X
Gln,   C,   N,   X,   C,   X
Trp,   N,   C,   X,   X,   X
Asn,   X,   X,   N,   X,   X
His,   X,   X,   X,   X,   X


2019-04-22 20:36:02,785:New solution found! (#37). Calculation time: 00:00:01. New best price = 9656.63
2019-04-22 20:36:02,786:[solution]
% Solution number = 37
% Solution price  = 9656.63
Res, S_1, S_2, S_3, S_4, S_5
Ala,   N,   N,   N,   N,   C
Ser,   N,   N,   N,   C,   N
Val,   N,   N,   C,   N,   N
Gly,   N,   C,   N,   N,   N
Leu,   N,   N,   N,   C,   C
Asp,   N,   C,   C,   N,   N
Tyr,   C,   N,   N,   N,   N
Ile,   C,   C,   N,   N,   N
Glu,   C,   N,   N,   N,   C
Lys,   C,   N,   N,   C,   N
Met,   C,   N,   C,   N,   C
Cys,   C,   C,   N,   X,   N
Arg,   N,   N,   N,   N,   N
Thr,   N,   X,   X,   N,   X
Pro,   X,   X,   C,   X,   C
Gln,   C,   N,   N,   X,   X
Trp,   N,   C,   X,   X,   X
Asn,   X,   N,   X,   X,   X
His,   X,   X,   X,   X,   X


2019-04-22 20:36:02,795:New solution found! (#38). Calculation time: 00:00:01. New best price = 9563.89
2019-04-22 20:36:02,796:[solution]
% Solution number = 38
% Solution price  = 9563.89
Res, S_1, S_2, S_3, S_4, S_5
Ala,   N,   N,   N,   N,   C
Ser,   N,   N,   N,   C,   N
Val,   N,   N,   C,   N,   N
Gly,   N,   C,   N,   N,   N
Leu,   N,   N,   N,   C,   C
Asp,   N,   C,   C,   N,   N
Tyr,   C,   N,   N,   N,   N
Ile,   C,   C,   N,   N,   N
Glu,   C,   N,   N,   N,   C
Lys,   C,   N,   N,   C,   N
Met,   C,   N,   C,   N,   C
Cys,   C,   C,   N,   X,   N
Arg,   N,   N,   N,   N,   N
Thr,   N,   X,   X,   N,   X
Pro,   X,   X,   C,   X,   C
Gln,   C,   N,   X,   X,   X
Trp,   N,   C,   X,   X,   X
Asn,   X,   X,   N,   X,   X
His,   X,   X,   X,   X,   X


2019-04-22 20:36:02,828:New solution found! (#39). Calculation time: 00:00:01. New best price = 9547.6
2019-04-22 20:36:02,829:[solution]
% Solution number = 39
% Solution price  = 9547.6
Res, S_1, S_2, S_3, S_4, S_5
Ala,   N,   N,   N,   N,   C
Ser,   N,   N,   N,   C,   N
Val,   N,   N,   C,   N,   N
Gly,   N,   C,   N,   N,   N
Leu,   N,   N,   N,   C,   C
Asp,   N,   C,   C,   N,   N
Tyr,   C,   N,   N,   N,   N
Ile,   C,   X,   N,   N,   N
Glu,   X,   N,   N,   N,   C
Lys,   C,   C,   N,   X,   N
Met,   N,   N,   C,   C,   C
Cys,   C,   N,   N,   C,   X
Arg,   N,   N,   N,   N,   N
Thr,   N,   N,   X,   N,   X
Pro,   C,   X,   C,   X,   X
Gln,   C,   N,   X,   X,   C
Trp,   N,   C,   X,   X,   X
Asn,   X,   X,   N,   X,   X
His,   X,   X,   X,   X,   X


2019-04-22 20:36:02,857:New solution found! (#40). Calculation time: 00:00:01. New best price = 9543.61
2019-04-22 20:36:02,860:[solution]
% Solution number = 40
% Solution price  = 9543.61
Res, S_1, S_2, S_3, S_4, S_5
Ala,   N,   N,   N,   N,   C
Ser,   N,   N,   N,   C,   N
Val,   N,   N,   C,   N,   N
Gly,   N,   C,   N,   N,   N
Leu,   N,   N,   N,   C,   C
Asp,   N,   C,   C,   N,   N
Tyr,   C,   N,   N,   C,   N
Ile,   C,   N,   N,   N,   N
Glu,   C,   N,   N,   N,   C
Lys,   C,   C,   N,   N,   N
Met,   N,   N,   C,   C,   C
Cys,   C,   N,   N,   X,   X
Arg,   N,   N,   N,   N,   N
Thr,   N,   X,   X,   N,   X
Pro,   C,   X,   C,   X,   X
Gln,   C,   N,   X,   C,   X
Trp,   N,   C,   X,   X,   X
Asn,   X,   X,   N,   X,   X
His,   X,   X,   X,   X,   X


2019-04-22 20:36:02,884:New solution found! (#41). Calculation time: 00:00:01. New best price = 9470.96
2019-04-22 20:36:02,885:[solution]
% Solution number = 41
% Solution price  = 9470.96
Res, S_1, S_2, S_3, S_4, S_5
Ala,   N,   N,   N,   N,   C
Ser,   N,   N,   N,   C,   N
Val,   N,   N,   C,   N,   N
Gly,   N,   C,   N,   N,   N
Leu,   N,   N,   N,   C,   C
Asp,   N,   C,   C,   N,   N
Tyr,   C,   N,   N,   C,   N
Ile,   C,   N,   N,   N,   N
Glu,   C,   N,   N,   N,   C
Lys,   C,   C,   N,   X,   N
Met,   N,   N,   C,   C,   C
Cys,   C,   N,   N,   X,   X
Arg,   N,   N,   N,   N,   N
Thr,   N,   X,   X,   N,   X
Pro,   C,   X,   C,   X,   X
Gln,   C,   N,   X,   C,   X
Trp,   N,   C,   X,   X,   X
Asn,   X,   X,   N,   X,   X
His,   X,   X,   X,   X,   X


2019-04-22 20:36:02,899:New solution found! (#42). Calculation time: 00:00:01. New best price = 9450.24
2019-04-22 20:36:02,900:[solution]
% Solution number = 42
% Solution price  = 9450.24
Res, S_1, S_2, S_3, S_4, S_5
Ala,   N,   N,   N,   N,   C
Ser,   N,   N,   N,   C,   N
Val,   N,   N,   C,   N,   N
Gly,   N,   C,   N,   N,   N
Leu,   N,   N,   N,   C,   C
Asp,   N,   C,   C,   N,   N
Tyr,   C,   N,   N,   C,   N
Ile,   C,   N,   N,   N,   N
Glu,   X,   N,   N,   N,   C
Lys,   C,   C,   N,   N,   N
Met,   N,   N,   C,   C,   C
Cys,   C,   N,   N,   X,   X
Arg,   N,   N,   N,   N,   N
Thr,   N,   X,   X,   N,   X
Pro,   C,   X,   C,   X,   X
Gln,   C,   N,   X,   C,   N
Trp,   N,   C,   X,   X,   X
Asn,   X,   N,   X,   X,   X
His,   X,   X,   X,   X,   X


2019-04-22 20:36:02,907:New solution found! (#43). Calculation time: 00:00:01. New best price = 9357.5
2019-04-22 20:36:02,907:[solution]
% Solution number = 43
% Solution price  = 9357.5
Res, S_1, S_2, S_3, S_4, S_5
Ala,   N,   N,   N,   N,   C
Ser,   N,   N,   N,   C,   N
Val,   N,   N,   C,   N,   N
Gly,   N,   C,   N,   N,   N
Leu,   N,   N,   N,   C,   C
Asp,   N,   C,   C,   N,   N
Tyr,   C,   N,   N,   C,   N
Ile,   C,   N,   N,   N,   N
Glu,   X,   N,   N,   N,   C
Lys,   C,   C,   N,   N,   N
Met,   N,   N,   C,   C,   C
Cys,   C,   N,   N,   X,   X
Arg,   N,   N,   N,   N,   N
Thr,   N,   X,   X,   N,   X
Pro,   C,   X,   C,   X,   X
Gln,   C,   N,   X,   C,   X
Trp,   N,   C,   X,   X,   X
Asn,   X,   X,   N,   X,   X
His,   X,   X,   X,   X,   X


2019-04-22 20:36:02,922:New solution found! (#44). Calculation time: 00:00:01. New best price = 9284.85
2019-04-22 20:36:02,923:[solution]
% Solution number = 44
% Solution price  = 9284.85
Res, S_1, S_2, S_3, S_4, S_5
Ala,   N,   N,   N,   N,   C
Ser,   N,   N,   N,   C,   N
Val,   N,   N,   C,   N,   N
Gly,   N,   C,   N,   N,   N
Leu,   N,   N,   N,   C,   C
Asp,   N,   C,   C,   N,   N
Tyr,   C,   N,   N,   C,   N
Ile,   C,   N,   N,   N,   N
Glu,   X,   N,   N,   N,   C
Lys,   C,   C,   N,   X,   N
Met,   N,   N,   C,   C,   C
Cys,   C,   N,   N,   X,   X
Arg,   N,   N,   N,   N,   N
Thr,   N,   X,   X,   N,   X
Pro,   C,   X,   C,   X,   X
Gln,   C,   N,   X,   C,   X
Trp,   N,   C,   X,   X,   X
Asn,   X,   X,   N,   X,   X
His,   X,   X,   X,   X,   X


2019-04-22 20:36:02,956:New solution found! (#45). Calculation time: 00:00:01. New best price = 9237.17
2019-04-22 20:36:02,957:[solution]
% Solution number = 45
% Solution price  = 9237.17
Res, S_1, S_2, S_3, S_4, S_5
Ala,   N,   N,   N,   N,   C
Ser,   N,   N,   N,   C,   N
Val,   N,   N,   C,   N,   N
Gly,   N,   C,   N,   N,   N
Leu,   N,   N,   N,   C,   C
Asp,   N,   C,   C,   N,   N
Tyr,   C,   N,   N,   C,   N
Ile,   C,   C,   N,   N,   N
Glu,   X,   N,   N,   N,   C
Lys,   C,   N,   N,   N,   N
Met,   N,   N,   C,   C,   C
Cys,   C,   C,   N,   X,   N
Arg,   N,   N,   N,   N,   N
Thr,   N,   X,   X,   N,   X
Pro,   C,   X,   C,   C,   X
Gln,   C,   N,   X,   X,   X
Trp,   N,   C,   X,   X,   X
Asn,   X,   X,   N,   X,   X
His,   X,   X,   X,   X,   X


2019-04-22 20:36:02,966:New solution found! (#46). Calculation time: 00:00:01. New best price = 9217.74
2019-04-22 20:36:02,967:[solution]
% Solution number = 46
% Solution price  = 9217.74
Res, S_1, S_2, S_3, S_4, S_5
Ala,   N,   N,   N,   N,   C
Ser,   N,   N,   N,   C,   N
Val,   N,   N,   C,   N,   N
Gly,   N,   C,   N,   N,   N
Leu,   N,   N,   N,   C,   C
Asp,   N,   C,   C,   N,   N
Tyr,   C,   N,   N,   C,   N
Ile,   C,   C,   N,   N,   N
Glu,   X,   N,   N,   N,   C
Lys,   C,   N,   N,   N,   N
Met,   N,   N,   C,   C,   C
Cys,   C,   C,   N,   X,   N
Arg,   N,   N,   N,   N,   N
Thr,   N,   X,   X,   N,   X
Pro,   C,   X,   C,   X,   X
Gln,   C,   N,   N,   C,   X
Trp,   N,   C,   X,   X,   X
Asn,   X,   N,   X,   X,   X
His,   X,   X,   X,   X,   X


2019-04-22 20:36:02,980:New solution found! (#47). Calculation time: 00:00:01. New best price = 9125.0
2019-04-22 20:36:02,980:[solution]
% Solution number = 47
% Solution price  = 9125.0
Res, S_1, S_2, S_3, S_4, S_5
Ala,   N,   N,   N,   N,   C
Ser,   N,   N,   N,   C,   N
Val,   N,   N,   C,   N,   N
Gly,   N,   C,   N,   N,   N
Leu,   N,   N,   N,   C,   C
Asp,   N,   C,   C,   N,   N
Tyr,   C,   N,   N,   C,   N
Ile,   C,   C,   N,   N,   N
Glu,   X,   N,   N,   N,   C
Lys,   C,   N,   N,   N,   N
Met,   N,   N,   C,   C,   C
Cys,   C,   C,   N,   X,   N
Arg,   N,   N,   N,   N,   N
Thr,   N,   X,   X,   N,   X
Pro,   C,   X,   C,   X,   X
Gln,   C,   N,   X,   C,   X
Trp,   N,   C,   X,   X,   X
Asn,   X,   X,   N,   X,   X
His,   X,   X,   X,   X,   X


2019-04-22 20:36:03,077:New solution found! (#48). Calculation time: 00:00:01. New best price = 9053.46
2019-04-22 20:36:03,077:[solution]
% Solution number = 48
% Solution price  = 9053.46
Res, S_1, S_2, S_3, S_4, S_5
Ala,   N,   N,   N,   N,   C
Ser,   N,   N,   N,   C,   N
Val,   N,   N,   C,   N,   N
Gly,   N,   C,   N,   N,   N
Leu,   N,   N,   N,   C,   C
Asp,   C,   N,   N,   N,   N
Tyr,   C,   N,   N,   C,   N
Ile,   C,   C,   N,   N,   N
Glu,   N,   N,   X,   N,   C
Lys,   C,   X,   N,   X,   N
Met,   N,   N,   C,   C,   C
Cys,   N,   C,   C,   C,   N
Arg,   N,   N,   N,   N,   N
Thr,   N,   X,   X,   N,   X
Pro,   C,   X,   C,   X,   X
Gln,   N,   C,   C,   X,   X
Trp,   C,   N,   X,   X,   X
Asn,   X,   X,   N,   X,   X
His,   X,   X,   X,   X,   X


2019-04-22 20:36:03,085:New solution found! (#49). Calculation time: 00:00:01. New best price = 8991.55
2019-04-22 20:36:03,086:[solution]
% Solution number = 49
% Solution price  = 8991.55
Res, S_1, S_2, S_3, S_4, S_5
Ala,   N,   N,   N,   N,   C
Ser,   N,   N,   N,   C,   N
Val,   N,   N,   C,   N,   N
Gly,   N,   C,   N,   N,   N
Leu,   N,   N,   N,   C,   C
Asp,   C,   N,   N,   N,   N
Tyr,   C,   N,   N,   C,   N
Ile,   C,   C,   N,   N,   N
Glu,   N,   N,   X,   N,   C
Lys,   C,   X,   N,   X,   N
Met,   N,   N,   C,   C,   C
Cys,   N,   C,   C,   C,   N
Arg,   N,   X,   X,   N,   N
Thr,   N,   X,   N,   N,   X
Pro,   C,   X,   C,   X,   X
Gln,   N,   C,   N,   C,   N
Trp,   N,   C,   X,   X,   X
Asn,   X,   N,   X,   X,   X
His,   X,   X,   X,   X,   X


2019-04-22 20:36:03,093:New solution found! (#50). Calculation time: 00:00:01. New best price = 8898.81
2019-04-22 20:36:03,094:[solution]
% Solution number = 50
% Solution price  = 8898.81
Res, S_1, S_2, S_3, S_4, S_5
Ala,   N,   N,   N,   N,   C
Ser,   N,   N,   N,   C,   N
Val,   N,   N,   C,   N,   N
Gly,   N,   C,   N,   N,   N
Leu,   N,   N,   N,   C,   C
Asp,   C,   N,   N,   N,   N
Tyr,   C,   N,   N,   C,   N
Ile,   C,   C,   N,   N,   N
Glu,   N,   N,   X,   N,   C
Lys,   C,   X,   N,   X,   N
Met,   N,   N,   C,   C,   C
Cys,   N,   C,   C,   C,   N
Arg,   N,   X,   X,   N,   N
Thr,   N,   X,   N,   N,   X
Pro,   C,   X,   C,   X,   X
Gln,   N,   C,   N,   C,   X
Trp,   N,   C,   X,   X,   X
Asn,   X,   N,   X,   X,   X
His,   X,   X,   X,   X,   X


2019-04-22 20:36:03,102:New solution found! (#51). Calculation time: 00:00:01. New best price = 8806.07
2019-04-22 20:36:03,102:[solution]
% Solution number = 51
% Solution price  = 8806.07
Res, S_1, S_2, S_3, S_4, S_5
Ala,   N,   N,   N,   N,   C
Ser,   N,   N,   N,   C,   N
Val,   N,   N,   C,   N,   N
Gly,   N,   C,   N,   N,   N
Leu,   N,   N,   N,   C,   C
Asp,   C,   N,   N,   N,   N
Tyr,   C,   N,   N,   C,   N
Ile,   C,   C,   N,   N,   N
Glu,   N,   N,   X,   N,   C
Lys,   C,   X,   N,   X,   N
Met,   N,   N,   C,   C,   C
Cys,   N,   C,   C,   C,   N
Arg,   N,   X,   X,   N,   N
Thr,   N,   X,   N,   N,   X
Pro,   C,   X,   C,   X,   X
Gln,   N,   C,   C,   X,   X
Trp,   C,   N,   X,   X,   X
Asn,   X,   X,   N,   X,   X
His,   X,   X,   X,   X,   X


2019-04-22 20:36:03,133:New solution found! (#52). Calculation time: 00:00:01. New best price = 8775.57
2019-04-22 20:36:03,134:[solution]
% Solution number = 52
% Solution price  = 8775.57
Res, S_1, S_2, S_3, S_4, S_5
Ala,   N,   N,   N,   N,   C
Ser,   N,   N,   N,   C,   N
Val,   N,   N,   C,   N,   N
Gly,   N,   C,   N,   N,   N
Leu,   N,   N,   N,   C,   C
Asp,   C,   N,   N,   N,   N
Tyr,   C,   N,   N,   C,   N
Ile,   C,   C,   N,   N,   N
Glu,   N,   N,   X,   N,   C
Lys,   C,   X,   N,   X,   N
Met,   N,   N,   C,   C,   C
Cys,   N,   C,   C,   C,   N
Arg,   N,   X,   X,   N,   N
Thr,   N,   X,   X,   N,   X
Pro,   C,   X,   C,   X,   X
Gln,   N,   C,   N,   C,   N
Trp,   N,   C,   X,   X,   X
Asn,   X,   N,   X,   X,   X
His,   X,   X,   X,   X,   X


2019-04-22 20:36:03,141:New solution found! (#53). Calculation time: 00:00:01. New best price = 8682.83
2019-04-22 20:36:03,141:[solution]
% Solution number = 53
% Solution price  = 8682.83
Res, S_1, S_2, S_3, S_4, S_5
Ala,   N,   N,   N,   N,   C
Ser,   N,   N,   N,   C,   N
Val,   N,   N,   C,   N,   N
Gly,   N,   C,   N,   N,   N
Leu,   N,   N,   N,   C,   C
Asp,   C,   N,   N,   N,   N
Tyr,   C,   N,   N,   C,   N
Ile,   C,   C,   N,   N,   N
Glu,   N,   N,   X,   N,   C
Lys,   C,   X,   N,   X,   N
Met,   N,   N,   C,   C,   C
Cys,   N,   C,   C,   C,   N
Arg,   N,   X,   X,   N,   N
Thr,   N,   X,   X,   N,   X
Pro,   C,   X,   C,   X,   X
Gln,   N,   C,   N,   C,   X
Trp,   N,   C,   X,   X,   X
Asn,   X,   N,   X,   X,   X
His,   X,   X,   X,   X,   X


2019-04-22 20:36:03,151:New solution found! (#54). Calculation time: 00:00:01. New best price = 8590.09
2019-04-22 20:36:03,152:[solution]
% Solution number = 54
% Solution price  = 8590.09
Res, S_1, S_2, S_3, S_4, S_5
Ala,   N,   N,   N,   N,   C
Ser,   N,   N,   N,   C,   N
Val,   N,   N,   C,   N,   N
Gly,   N,   C,   N,   N,   N
Leu,   N,   N,   N,   C,   C
Asp,   C,   N,   N,   N,   N
Tyr,   C,   N,   N,   C,   N
Ile,   C,   C,   N,   N,   N
Glu,   N,   N,   X,   N,   C
Lys,   C,   X,   N,   X,   N
Met,   N,   N,   C,   C,   C
Cys,   N,   C,   C,   C,   N
Arg,   N,   X,   X,   N,   N
Thr,   N,   X,   X,   N,   X
Pro,   C,   X,   C,   X,   X
Gln,   N,   C,   C,   X,   X
Trp,   C,   N,   X,   X,   X
Asn,   X,   X,   N,   X,   X
His,   X,   X,   X,   X,   X


2019-04-22 20:36:03,164:New solution found! (#55). Calculation time: 00:00:01. New best price = 8589.24
2019-04-22 20:36:03,164:[solution]
% Solution number = 55
% Solution price  = 8589.24
Res, S_1, S_2, S_3, S_4, S_5
Ala,   N,   N,   N,   N,   C
Ser,   N,   N,   N,   C,   N
Val,   N,   N,   C,   N,   N
Gly,   N,   C,   N,   N,   N
Leu,   N,   N,   N,   C,   C
Asp,   C,   N,   N,   N,   N
Tyr,   C,   N,   N,   C,   N
Ile,   C,   C,   N,   N,   N
Glu,   N,   N,   X,   N,   C
Lys,   C,   X,   N,   X,   N
Met,   N,   N,   C,   C,   C
Cys,   N,   C,   C,   X,   N
Arg,   N,   X,   X,   N,   N
Thr,   N,   X,   N,   N,   X
Pro,   C,   X,   C,   X,   X
Gln,   N,   C,   X,   C,   X
Trp,   C,   N,   X,   X,   X
Asn,   X,   X,   N,   X,   X
His,   X,   X,   X,   X,   X


2019-04-22 20:36:03,172:New solution found! (#56). Calculation time: 00:00:01. New best price = 8558.74
2019-04-22 20:36:03,173:[solution]
% Solution number = 56
% Solution price  = 8558.74
Res, S_1, S_2, S_3, S_4, S_5
Ala,   N,   N,   N,   N,   C
Ser,   N,   N,   N,   C,   N
Val,   N,   N,   C,   N,   N
Gly,   N,   C,   N,   N,   N
Leu,   N,   N,   N,   C,   C
Asp,   C,   N,   N,   N,   N
Tyr,   C,   N,   N,   C,   N
Ile,   C,   C,   N,   N,   N
Glu,   N,   N,   X,   N,   C
Lys,   C,   X,   N,   X,   N
Met,   N,   N,   C,   C,   C
Cys,   N,   C,   C,   X,   N
Arg,   N,   X,   X,   N,   N
Thr,   N,   X,   X,   N,   X
Pro,   C,   X,   C,   X,   X
Gln,   N,   C,   N,   C,   N
Trp,   N,   X,   X,   C,   X
Asn,   X,   N,   X,   X,   X
His,   X,   X,   X,   X,   X


2019-04-22 20:36:03,179:New solution found! (#57). Calculation time: 00:00:01. New best price = 8466.0
2019-04-22 20:36:03,179:[solution]
% Solution number = 57
% Solution price  = 8466.0
Res, S_1, S_2, S_3, S_4, S_5
Ala,   N,   N,   N,   N,   C
Ser,   N,   N,   N,   C,   N
Val,   N,   N,   C,   N,   N
Gly,   N,   C,   N,   N,   N
Leu,   N,   N,   N,   C,   C
Asp,   C,   N,   N,   N,   N
Tyr,   C,   N,   N,   C,   N
Ile,   C,   C,   N,   N,   N
Glu,   N,   N,   X,   N,   C
Lys,   C,   X,   N,   X,   N
Met,   N,   N,   C,   C,   C
Cys,   N,   C,   C,   X,   N
Arg,   N,   X,   X,   N,   N
Thr,   N,   X,   X,   N,   X
Pro,   C,   X,   C,   X,   X
Gln,   N,   C,   N,   C,   X
Trp,   N,   X,   X,   C,   X
Asn,   X,   N,   X,   X,   X
His,   X,   X,   X,   X,   X


2019-04-22 20:36:03,185:New solution found! (#58). Calculation time: 00:00:01. New best price = 8373.26
2019-04-22 20:36:03,186:[solution]
% Solution number = 58
% Solution price  = 8373.26
Res, S_1, S_2, S_3, S_4, S_5
Ala,   N,   N,   N,   N,   C
Ser,   N,   N,   N,   C,   N
Val,   N,   N,   C,   N,   N
Gly,   N,   C,   N,   N,   N
Leu,   N,   N,   N,   C,   C
Asp,   C,   N,   N,   N,   N
Tyr,   C,   N,   N,   C,   N
Ile,   C,   C,   N,   N,   N
Glu,   N,   N,   X,   N,   C
Lys,   C,   X,   N,   X,   N
Met,   N,   N,   C,   C,   C
Cys,   N,   C,   C,   X,   N
Arg,   N,   X,   X,   N,   N
Thr,   N,   X,   X,   N,   X
Pro,   C,   X,   C,   X,   X
Gln,   N,   C,   X,   C,   X
Trp,   C,   N,   X,   X,   X
Asn,   X,   X,   N,   X,   X
His,   X,   X,   X,   X,   X


2019-04-22 20:36:03,233:New solution found! (#59). Calculation time: 00:00:01. New best price = 8336.67
2019-04-22 20:36:03,234:[solution]
% Solution number = 59
% Solution price  = 8336.67
Res, S_1, S_2, S_3, S_4, S_5
Ala,   N,   N,   N,   N,   C
Ser,   N,   N,   N,   C,   N
Val,   N,   N,   C,   N,   N
Gly,   N,   C,   N,   N,   N
Leu,   N,   N,   N,   C,   C
Asp,   C,   N,   X,   N,   N
Tyr,   C,   N,   N,   C,   N
Ile,   C,   C,   N,   N,   N
Glu,   N,   N,   X,   N,   C
Lys,   C,   X,   N,   X,   N
Met,   N,   N,   C,   C,   C
Cys,   C,   N,   C,   X,   N
Arg,   N,   X,   X,   N,   N
Thr,   N,   X,   X,   N,   X
Pro,   X,   C,   C,   X,   X
Gln,   N,   C,   X,   C,   X
Trp,   X,   N,   X,   C,   X
Asn,   X,   X,   N,   X,   X
His,   X,   X,   X,   X,   X


2019-04-22 20:36:03,238:New solution found! (#60). Calculation time: 00:00:01. New best price = 8336.67
2019-04-22 20:36:03,238:[solution]
% Solution number = 60
% Solution price  = 8336.67
Res, S_1, S_2, S_3, S_4, S_5
Ala,   N,   N,   N,   N,   C
Ser,   N,   N,   N,   C,   N
Val,   N,   N,   C,   N,   N
Gly,   N,   C,   N,   N,   N
Leu,   N,   N,   N,   C,   C
Asp,   C,   N,   X,   N,   N
Tyr,   C,   N,   N,   C,   N
Ile,   C,   C,   N,   N,   N
Glu,   N,   N,   X,   N,   C
Lys,   C,   X,   N,   X,   N
Met,   N,   N,   C,   C,   C
Cys,   C,   N,   C,   X,   N
Arg,   N,   X,   X,   N,   N
Thr,   N,   X,   X,   N,   X
Pro,   X,   C,   C,   X,   X
Gln,   N,   C,   X,   C,   X
Trp,   X,   C,   N,   X,   X
Asn,   X,   N,   X,   X,   X
His,   X,   X,   X,   X,   X


2019-04-22 20:36:11,679:New solution found! (#61). Calculation time: 00:00:09. New best price = 8305.94
2019-04-22 20:36:11,679:[solution]
% Solution number = 61
% Solution price  = 8305.94
Res, S_1, S_2, S_3, S_4, S_5
Ala,   N,   N,   N,   N,   C
Ser,   N,   N,   N,   C,   C
Val,   N,   N,   C,   N,   N
Gly,   N,   C,   N,   N,   N
Leu,   N,   N,   N,   C,   N
Asp,   N,   C,   N,   C,   N
Tyr,   C,   N,   N,   C,   N
Ile,   C,   N,   N,   N,   N
Glu,   C,   N,   C,   N,   N
Lys,   N,   X,   N,   N,   C
Met,   N,   C,   C,   C,   N
Cys,   C,   N,   C,   N,   X
Arg,   N,   X,   X,   N,   N
Thr,   X,   X,   X,   N,   N
Pro,   X,   X,   C,   X,   X
Gln,   C,   N,   X,   X,   X
Trp,   N,   C,   X,   X,   X
Asn,   X,   X,   N,   X,   X
His,   X,   X,   X,   X,   X


2019-04-22 20:36:11,709:New solution found! (#62). Calculation time: 00:00:09. New best price = 8283.14
2019-04-22 20:36:11,709:[solution]
% Solution number = 62
% Solution price  = 8283.14
Res, S_1, S_2, S_3, S_4, S_5
Ala,   N,   N,   N,   N,   C
Ser,   N,   N,   N,   C,   C
Val,   N,   N,   C,   N,   N
Gly,   N,   C,   N,   N,   N
Leu,   N,   N,   N,   C,   N
Asp,   N,   C,   N,   C,   N
Tyr,   C,   N,   N,   C,   N
Ile,   C,   N,   N,   N,   N
Glu,   C,   N,   C,   N,   N
Lys,   N,   X,   N,   N,   C
Met,   N,   C,   C,   C,   N
Cys,   C,   N,   X,   N,   X
Arg,   N,   X,   X,   N,   N
Thr,   X,   X,   X,   N,   N
Pro,   X,   X,   C,   X,   X
Gln,   C,   N,   X,   C,   X
Trp,   N,   C,   X,   X,   X
Asn,   X,   X,   N,   X,   X
His,   X,   X,   X,   X,   X


2019-04-22 20:36:11,730:New solution found! (#63). Calculation time: 00:00:09. New best price = 8260.63
2019-04-22 20:36:11,735:[solution]
% Solution number = 63
% Solution price  = 8260.63
Res, S_1, S_2, S_3, S_4, S_5
Ala,   N,   N,   N,   N,   C
Ser,   N,   N,   N,   C,   C
Val,   N,   N,   C,   N,   N
Gly,   N,   C,   N,   N,   N
Leu,   N,   N,   N,   C,   N
Asp,   N,   C,   N,   C,   N
Tyr,   C,   N,   N,   C,   N
Ile,   C,   N,   N,   N,   N
Glu,   C,   N,   C,   N,   N
Lys,   N,   X,   N,   N,   C
Met,   N,   C,   C,   X,   N
Cys,   C,   N,   C,   N,   X
Arg,   N,   X,   X,   N,   N
Thr,   X,   X,   X,   N,   N
Pro,   X,   X,   C,   X,   X
Gln,   C,   N,   X,   X,   X
Trp,   N,   C,   X,   X,   X
Asn,   X,   X,   N,   X,   X
His,   X,   X,   X,   X,   X


2019-04-22 20:36:11,744:New solution found! (#64). Calculation time: 00:00:09. New best price = 8237.83
2019-04-22 20:36:11,745:[solution]
% Solution number = 64
% Solution price  = 8237.83
Res, S_1, S_2, S_3, S_4, S_5
Ala,   N,   N,   N,   N,   C
Ser,   N,   N,   N,   C,   C
Val,   N,   N,   C,   N,   N
Gly,   N,   C,   N,   N,   N
Leu,   N,   N,   N,   C,   N
Asp,   N,   C,   N,   C,   N
Tyr,   C,   N,   N,   C,   N
Ile,   C,   N,   N,   N,   N
Glu,   C,   N,   C,   N,   N
Lys,   N,   X,   N,   N,   C
Met,   N,   C,   C,   X,   N
Cys,   C,   N,   X,   N,   X
Arg,   N,   X,   X,   N,   N
Thr,   X,   X,   X,   N,   N
Pro,   X,   X,   C,   X,   X
Gln,   C,   N,   X,   C,   X
Trp,   N,   C,   X,   X,   X
Asn,   X,   X,   N,   X,   X
His,   X,   X,   X,   X,   X


2019-04-22 20:36:11,772:New solution found! (#65). Calculation time: 00:00:10. New best price = 8233.29
2019-04-22 20:36:11,772:[solution]
% Solution number = 65
% Solution price  = 8233.29
Res, S_1, S_2, S_3, S_4, S_5
Ala,   N,   N,   N,   N,   C
Ser,   N,   N,   N,   C,   C
Val,   N,   N,   C,   N,   N
Gly,   N,   C,   N,   N,   N
Leu,   N,   N,   N,   C,   N
Asp,   N,   C,   N,   C,   N
Tyr,   C,   N,   N,   C,   N
Ile,   C,   N,   N,   N,   N
Glu,   C,   N,   C,   N,   N
Lys,   N,   X,   N,   X,   C
Met,   N,   C,   C,   C,   N
Cys,   C,   N,   C,   N,   X
Arg,   N,   X,   X,   N,   N
Thr,   X,   X,   X,   N,   N
Pro,   X,   X,   C,   X,   X
Gln,   C,   N,   X,   X,   X
Trp,   N,   C,   X,   X,   X
Asn,   X,   X,   N,   X,   X
His,   X,   X,   X,   X,   X


2019-04-22 20:36:11,791:New solution found! (#66). Calculation time: 00:00:10. New best price = 8210.49
2019-04-22 20:36:11,793:[solution]
% Solution number = 66
% Solution price  = 8210.49
Res, S_1, S_2, S_3, S_4, S_5
Ala,   N,   N,   N,   N,   C
Ser,   N,   N,   N,   C,   C
Val,   N,   N,   C,   N,   N
Gly,   N,   C,   N,   N,   N
Leu,   N,   N,   N,   C,   N
Asp,   N,   C,   N,   C,   N
Tyr,   C,   N,   N,   C,   N
Ile,   C,   N,   N,   N,   N
Glu,   C,   N,   C,   N,   N
Lys,   N,   X,   N,   X,   C
Met,   N,   C,   C,   C,   N
Cys,   C,   N,   X,   N,   X
Arg,   N,   X,   X,   N,   N
Thr,   X,   X,   X,   N,   N
Pro,   X,   X,   C,   X,   X
Gln,   C,   N,   X,   C,   X
Trp,   N,   C,   X,   X,   X
Asn,   X,   X,   N,   X,   X
His,   X,   X,   X,   X,   X


2019-04-22 20:36:11,806:New solution found! (#67). Calculation time: 00:00:10. New best price = 8187.99
2019-04-22 20:36:11,806:[solution]
% Solution number = 67
% Solution price  = 8187.99
Res, S_1, S_2, S_3, S_4, S_5
Ala,   N,   N,   N,   N,   C
Ser,   N,   N,   N,   C,   C
Val,   N,   N,   C,   N,   N
Gly,   N,   C,   N,   N,   N
Leu,   N,   N,   N,   C,   N
Asp,   N,   C,   N,   C,   N
Tyr,   C,   N,   N,   C,   N
Ile,   C,   N,   N,   N,   N
Glu,   C,   N,   C,   N,   N
Lys,   N,   X,   N,   X,   C
Met,   N,   C,   C,   X,   N
Cys,   C,   N,   C,   N,   X
Arg,   N,   X,   X,   N,   N
Thr,   X,   X,   X,   N,   N
Pro,   X,   X,   C,   X,   X
Gln,   C,   N,   X,   X,   X
Trp,   N,   C,   X,   X,   X
Asn,   X,   X,   N,   X,   X
His,   X,   X,   X,   X,   X


2019-04-22 20:36:11,827:New solution found! (#68). Calculation time: 00:00:10. New best price = 8165.18
2019-04-22 20:36:11,827:[solution]
% Solution number = 68
% Solution price  = 8165.18
Res, S_1, S_2, S_3, S_4, S_5
Ala,   N,   N,   N,   N,   C
Ser,   N,   N,   N,   C,   C
Val,   N,   N,   C,   N,   N
Gly,   N,   C,   N,   N,   N
Leu,   N,   N,   N,   C,   N
Asp,   N,   C,   N,   C,   N
Tyr,   C,   N,   N,   C,   N
Ile,   C,   N,   N,   N,   N
Glu,   C,   N,   C,   N,   N
Lys,   N,   X,   N,   X,   C
Met,   N,   C,   C,   X,   N
Cys,   C,   N,   X,   N,   X
Arg,   N,   X,   X,   N,   N
Thr,   X,   X,   X,   N,   N
Pro,   X,   X,   C,   X,   X
Gln,   C,   N,   X,   C,   X
Trp,   N,   C,   X,   X,   X
Asn,   X,   X,   N,   X,   X
His,   X,   X,   X,   X,   X


2019-04-22 20:36:11,858:New solution found! (#69). Calculation time: 00:00:10. New best price = 8160.53
2019-04-22 20:36:11,858:[solution]
% Solution number = 69
% Solution price  = 8160.53
Res, S_1, S_2, S_3, S_4, S_5
Ala,   N,   N,   N,   N,   C
Ser,   N,   N,   N,   C,   C
Val,   N,   N,   C,   N,   N
Gly,   N,   C,   N,   N,   N
Leu,   N,   N,   N,   C,   N
Asp,   N,   C,   N,   C,   N
Tyr,   C,   N,   N,   C,   N
Ile,   C,   X,   N,   N,   N
Glu,   C,   N,   C,   N,   N
Lys,   N,   X,   N,   N,   C
Met,   N,   C,   C,   X,   N
Cys,   C,   N,   X,   N,   X
Arg,   N,   X,   X,   N,   N
Thr,   X,   X,   X,   N,   N
Pro,   X,   X,   C,   X,   X
Gln,   C,   N,   X,   C,   X
Trp,   N,   C,   X,   X,   X
Asn,   X,   X,   N,   X,   X
His,   X,   X,   X,   X,   X


2019-04-22 20:36:11,871:New solution found! (#70). Calculation time: 00:00:10. New best price = 8156.0
2019-04-22 20:36:11,871:[solution]
% Solution number = 70
% Solution price  = 8156.0
Res, S_1, S_2, S_3, S_4, S_5
Ala,   N,   N,   N,   N,   C
Ser,   N,   N,   N,   C,   C
Val,   N,   N,   C,   N,   N
Gly,   N,   C,   N,   N,   N
Leu,   N,   N,   N,   C,   N
Asp,   N,   C,   N,   C,   N
Tyr,   C,   N,   N,   C,   N
Ile,   C,   X,   N,   N,   N
Glu,   C,   N,   C,   N,   N
Lys,   N,   X,   N,   X,   C
Met,   N,   C,   C,   C,   N
Cys,   C,   N,   C,   N,   X
Arg,   N,   X,   X,   N,   N
Thr,   X,   X,   X,   N,   N
Pro,   X,   X,   C,   X,   X
Gln,   C,   N,   X,   X,   X
Trp,   N,   C,   X,   X,   X
Asn,   X,   X,   N,   X,   X
His,   X,   X,   X,   X,   X


2019-04-22 20:36:11,881:New solution found! (#71). Calculation time: 00:00:10. New best price = 8133.2
2019-04-22 20:36:11,882:[solution]
% Solution number = 71
% Solution price  = 8133.2
Res, S_1, S_2, S_3, S_4, S_5
Ala,   N,   N,   N,   N,   C
Ser,   N,   N,   N,   C,   C
Val,   N,   N,   C,   N,   N
Gly,   N,   C,   N,   N,   N
Leu,   N,   N,   N,   C,   N
Asp,   N,   C,   N,   C,   N
Tyr,   C,   N,   N,   C,   N
Ile,   C,   X,   N,   N,   N
Glu,   C,   N,   C,   N,   N
Lys,   N,   X,   N,   X,   C
Met,   N,   C,   C,   C,   N
Cys,   C,   N,   X,   N,   X
Arg,   N,   X,   X,   N,   N
Thr,   X,   X,   X,   N,   N
Pro,   X,   X,   C,   X,   X
Gln,   C,   N,   X,   C,   X
Trp,   N,   C,   X,   X,   X
Asn,   X,   X,   N,   X,   X
His,   X,   X,   X,   X,   X


2019-04-22 20:36:11,891:New solution found! (#72). Calculation time: 00:00:10. New best price = 8110.69
2019-04-22 20:36:11,891:[solution]
% Solution number = 72
% Solution price  = 8110.69
Res, S_1, S_2, S_3, S_4, S_5
Ala,   N,   N,   N,   N,   C
Ser,   N,   N,   N,   C,   C
Val,   N,   N,   C,   N,   N
Gly,   N,   C,   N,   N,   N
Leu,   N,   N,   N,   C,   N
Asp,   N,   C,   N,   C,   N
Tyr,   C,   N,   N,   C,   N
Ile,   C,   X,   N,   N,   N
Glu,   C,   N,   C,   N,   N
Lys,   N,   X,   N,   X,   C
Met,   N,   C,   C,   X,   N
Cys,   C,   N,   C,   N,   X
Arg,   N,   X,   X,   N,   N
Thr,   X,   X,   X,   N,   N
Pro,   X,   X,   C,   X,   X
Gln,   C,   N,   X,   X,   X
Trp,   N,   C,   X,   X,   X
Asn,   X,   X,   N,   X,   X
His,   X,   X,   X,   X,   X


2019-04-22 20:36:11,901:New solution found! (#73). Calculation time: 00:00:10. New best price = 8087.89
2019-04-22 20:36:11,901:[solution]
% Solution number = 73
% Solution price  = 8087.89
Res, S_1, S_2, S_3, S_4, S_5
Ala,   N,   N,   N,   N,   C
Ser,   N,   N,   N,   C,   C
Val,   N,   N,   C,   N,   N
Gly,   N,   C,   N,   N,   N
Leu,   N,   N,   N,   C,   N
Asp,   N,   C,   N,   C,   N
Tyr,   C,   N,   N,   C,   N
Ile,   C,   X,   N,   N,   N
Glu,   C,   N,   C,   N,   N
Lys,   N,   X,   N,   X,   C
Met,   N,   C,   C,   X,   N
Cys,   C,   N,   X,   N,   X
Arg,   N,   X,   X,   N,   N
Thr,   X,   X,   X,   N,   N
Pro,   X,   X,   C,   X,   X
Gln,   C,   N,   X,   C,   X
Trp,   N,   C,   X,   X,   X
Asn,   X,   X,   N,   X,   X
His,   X,   X,   X,   X,   X


2019-04-22 20:36:30,504:UPDATE: search in 5 samples; iteration 1000000; time: 00:00:28; max depth=18; solutions found=73; best price=8087.89
2019-04-22 20:36:44,740:Search in 5 sample(s) finished successfully!
2019-04-22 20:36:44,740:Search for solution finished successfully!
Calculation time: 		00:00:42
Total iterations: 1451051
