2019-04-13 12:39:44,793:Reading NCS
2019-04-13 12:39:44,793:NCS: NC2
2019-04-13 12:39:44,793:Reading sequence: 'HIGD1B.seq'
2019-04-13 12:39:44,794:Sequence length - 99 residues
2019-04-13 12:39:44,794:Reading stock: '../../stocks/LabelStock_Klammt.txt'
2019-04-13 12:39:44,794:Stock - OK
2019-04-13 12:39:44,794:Reading prices: '../../prices/BEST_PRICE_1H.csv'
2019-04-13 12:39:44,795:Prices - OK
2019-04-13 12:39:44,795:Search for HIGD1B_NC2 solution started
Host name is:		zion
Start clock time: 		13-04-2019 08:39:44
2019-04-13 12:39:44,796:
Search in 1 sample(s)
2019-04-13 12:39:44,796:Precalculating NMR codes...
2019-04-13 12:39:44,796:NMR codes calculated
2019-04-13 12:39:44,796:Search in 1 sample(s) finished. Max depth reached: 0. Iterations used: 1
2019-04-13 12:39:44,796:
Search in 2 sample(s)
2019-04-13 12:39:44,797:Precalculating NMR codes...
2019-04-13 12:39:44,797:NMR codes calculated
2019-04-13 12:39:44,798:Search in 2 sample(s) finished. Max depth reached: 0. Iterations used: 2
2019-04-13 12:39:44,798:
Search in 3 sample(s)
2019-04-13 12:39:44,799:Precalculating NMR codes...
2019-04-13 12:39:44,801:NMR codes calculated
2019-04-13 12:39:44,802:New max depth (1) reached at 3 samples
2019-04-13 12:39:44,802:Search in 3 sample(s) finished. Max depth reached: 1. Iterations used: 6
2019-04-13 12:39:44,802:
Search in 4 sample(s)
2019-04-13 12:39:44,805:Precalculating NMR codes...
2019-04-13 12:39:44,840:NMR codes calculated
2019-04-13 12:39:44,841:New max depth (2) reached at 4 samples
2019-04-13 12:39:44,841:New max depth (3) reached at 4 samples
2019-04-13 12:39:44,841:New max depth (4) reached at 4 samples
2019-04-13 12:39:44,841:New max depth (5) reached at 4 samples
2019-04-13 12:39:44,842:Search in 4 sample(s) finished. Max depth reached: 5. Iterations used: 26
2019-04-13 12:39:44,842:
Search in 5 sample(s)
2019-04-13 12:39:44,854:Precalculating NMR codes...
2019-04-13 12:39:45,203:NMR codes calculated
2019-04-13 12:39:45,209:New max depth (6) reached at 5 samples
2019-04-13 12:39:45,210:New max depth (7) reached at 5 samples
2019-04-13 12:39:45,210:New max depth (8) reached at 5 samples
2019-04-13 12:39:45,210:New max depth (9) reached at 5 samples
2019-04-13 12:39:45,210:New max depth (10) reached at 5 samples
2019-04-13 12:39:45,211:New max depth (11) reached at 5 samples
2019-04-13 12:39:45,211:New max depth (12) reached at 5 samples
2019-04-13 12:39:45,211:New max depth (13) reached at 5 samples
2019-04-13 12:39:45,327:New max depth (14) reached at 5 samples
2019-04-13 12:39:45,327:New max depth (15) reached at 5 samples
2019-04-13 12:39:45,328:New max depth (16) reached at 5 samples
2019-04-13 12:39:45,328:New max depth (17) reached at 5 samples
2019-04-13 12:39:45,329:New solution found! (#1). Calculation time: 00:00:00. New best price = 14240.09
2019-04-13 12:39:45,329:[solution]
% Solution number = 1
% Solution price  = 14240.09
Res, S_1, S_2, S_3, S_4, S_5
Arg,   N,   N,   N,   N,   N
Thr,   N,   N,   N,   N,   X
Tyr,   N,   N,   N,   C,   N
Ser,   N,   N,   C,   N,   N
Val,   N,   N,   C,   N,   C
Leu,   N,   C,   N,   N,   N
Ala,   N,   C,   N,   C,   N
Gly,   C,   N,   N,   N,   N
Asp,   N,   N,   N,   C,   C
Met,   C,   N,   C,   C,   N
Ile,   C,   N,   N,   N,   C
Cys,   C,   N,   C,   N,   C
Pro,   C,   C,   C,   C,   C
Gln,   C,   N,   N,   C,   C
Lys,   C,   C,   N,   C,   N
Glu,   N,   C,   N,   N,   C
Asn,   N,   N,   N,   N,   N
Trp,   C,   N,   N,   C,   N
His,   X,   X,   X,   X,   X


2019-04-13 12:39:45,333:New solution found! (#2). Calculation time: 00:00:00. New best price = 13974.72
2019-04-13 12:39:45,334:[solution]
% Solution number = 2
% Solution price  = 13974.72
Res, S_1, S_2, S_3, S_4, S_5
Arg,   N,   N,   N,   N,   N
Thr,   N,   N,   N,   N,   X
Tyr,   N,   N,   N,   C,   N
Ser,   N,   N,   C,   N,   N
Val,   N,   N,   C,   N,   C
Leu,   N,   C,   N,   N,   N
Ala,   N,   C,   N,   C,   N
Gly,   C,   N,   N,   N,   N
Asp,   N,   N,   N,   C,   C
Met,   C,   N,   C,   C,   N
Ile,   C,   N,   N,   N,   C
Cys,   C,   N,   C,   N,   C
Pro,   C,   C,   C,   C,   C
Gln,   C,   N,   N,   C,   C
Lys,   C,   C,   N,   C,   N
Glu,   N,   C,   N,   N,   C
Asn,   N,   N,   N,   N,   N
Trp,   C,   N,   N,   C,   X
His,   X,   X,   X,   X,   X


2019-04-13 12:39:45,337:New solution found! (#3). Calculation time: 00:00:00. New best price = 13709.34
2019-04-13 12:39:45,338:[solution]
% Solution number = 3
% Solution price  = 13709.34
Res, S_1, S_2, S_3, S_4, S_5
Arg,   N,   N,   N,   N,   N
Thr,   N,   N,   N,   N,   X
Tyr,   N,   N,   N,   C,   N
Ser,   N,   N,   C,   N,   N
Val,   N,   N,   C,   N,   C
Leu,   N,   C,   N,   N,   N
Ala,   N,   C,   N,   C,   N
Gly,   C,   N,   N,   N,   N
Asp,   N,   N,   N,   C,   C
Met,   C,   N,   C,   C,   N
Ile,   C,   N,   N,   N,   C
Cys,   C,   N,   C,   N,   C
Pro,   C,   C,   C,   C,   C
Gln,   C,   N,   N,   C,   C
Lys,   C,   C,   N,   C,   N
Glu,   N,   C,   N,   N,   C
Asn,   N,   N,   N,   N,   N
Trp,   C,   N,   X,   C,   X
His,   X,   X,   X,   X,   X


2019-04-13 12:39:45,352:New solution found! (#4). Calculation time: 00:00:00. New best price = 13590.49
2019-04-13 12:39:45,352:[solution]
% Solution number = 4
% Solution price  = 13590.49
Res, S_1, S_2, S_3, S_4, S_5
Arg,   N,   N,   N,   N,   N
Thr,   N,   N,   N,   N,   X
Tyr,   N,   N,   N,   C,   N
Ser,   N,   N,   C,   N,   N
Val,   N,   N,   C,   N,   C
Leu,   N,   C,   N,   N,   N
Ala,   N,   C,   N,   C,   N
Gly,   C,   N,   N,   N,   N
Asp,   N,   N,   N,   C,   C
Met,   C,   N,   C,   C,   N
Ile,   C,   N,   N,   N,   C
Cys,   C,   N,   C,   N,   C
Pro,   C,   C,   C,   C,   C
Gln,   C,   N,   N,   C,   C
Lys,   C,   C,   N,   C,   N
Glu,   N,   C,   N,   N,   C
Asn,   N,   N,   N,   N,   X
Trp,   C,   N,   X,   C,   X
His,   X,   X,   X,   X,   X


2019-04-13 12:39:45,364:New solution found! (#5). Calculation time: 00:00:00. New best price = 13471.64
2019-04-13 12:39:45,364:[solution]
% Solution number = 5
% Solution price  = 13471.64
Res, S_1, S_2, S_3, S_4, S_5
Arg,   N,   N,   N,   N,   N
Thr,   N,   N,   N,   N,   X
Tyr,   N,   N,   N,   C,   N
Ser,   N,   N,   C,   N,   N
Val,   N,   N,   C,   N,   C
Leu,   N,   C,   N,   N,   N
Ala,   N,   C,   N,   C,   N
Gly,   C,   N,   N,   N,   N
Asp,   N,   N,   N,   C,   C
Met,   C,   N,   C,   C,   N
Ile,   C,   N,   N,   N,   C
Cys,   C,   N,   C,   N,   C
Pro,   C,   C,   C,   C,   C
Gln,   C,   N,   N,   C,   C
Lys,   C,   C,   N,   C,   N
Glu,   N,   C,   N,   N,   C
Asn,   N,   N,   X,   X,   N
Trp,   C,   N,   X,   C,   X
His,   X,   X,   X,   X,   X


2019-04-13 12:39:45,368:New solution found! (#6). Calculation time: 00:00:00. New best price = 13352.79
2019-04-13 12:39:45,368:[solution]
% Solution number = 6
% Solution price  = 13352.79
Res, S_1, S_2, S_3, S_4, S_5
Arg,   N,   N,   N,   N,   N
Thr,   N,   N,   N,   N,   X
Tyr,   N,   N,   N,   C,   N
Ser,   N,   N,   C,   N,   N
Val,   N,   N,   C,   N,   C
Leu,   N,   C,   N,   N,   N
Ala,   N,   C,   N,   C,   N
Gly,   C,   N,   N,   N,   N
Asp,   N,   N,   N,   C,   C
Met,   C,   N,   C,   C,   N
Ile,   C,   N,   N,   N,   C
Cys,   C,   N,   C,   N,   C
Pro,   C,   C,   C,   C,   C
Gln,   C,   N,   N,   C,   C
Lys,   C,   C,   N,   C,   N
Glu,   N,   C,   N,   N,   C
Asn,   N,   N,   X,   X,   X
Trp,   C,   N,   X,   C,   X
His,   X,   X,   X,   X,   X


2019-04-13 12:39:45,375:New solution found! (#7). Calculation time: 00:00:00. New best price = 13233.93
2019-04-13 12:39:45,375:[solution]
% Solution number = 7
% Solution price  = 13233.93
Res, S_1, S_2, S_3, S_4, S_5
Arg,   N,   N,   N,   N,   N
Thr,   N,   N,   N,   N,   X
Tyr,   N,   N,   N,   C,   N
Ser,   N,   N,   C,   N,   N
Val,   N,   N,   C,   N,   C
Leu,   N,   C,   N,   N,   N
Ala,   N,   C,   N,   C,   N
Gly,   C,   N,   N,   N,   N
Asp,   N,   N,   N,   C,   C
Met,   C,   N,   C,   C,   N
Ile,   C,   N,   N,   N,   C
Cys,   C,   N,   C,   N,   C
Pro,   C,   C,   C,   C,   C
Gln,   C,   N,   N,   C,   C
Lys,   C,   C,   N,   C,   N
Glu,   N,   C,   N,   N,   C
Asn,   N,   X,   X,   X,   X
Trp,   C,   N,   X,   C,   X
His,   X,   X,   X,   X,   X


2019-04-13 12:39:45,381:New solution found! (#8). Calculation time: 00:00:00. New best price = 12978.27
2019-04-13 12:39:45,381:[solution]
% Solution number = 8
% Solution price  = 12978.27
Res, S_1, S_2, S_3, S_4, S_5
Arg,   N,   N,   N,   N,   N
Thr,   N,   N,   N,   N,   X
Tyr,   N,   N,   N,   C,   N
Ser,   N,   N,   C,   N,   N
Val,   N,   N,   C,   N,   C
Leu,   N,   C,   N,   N,   N
Ala,   N,   C,   N,   C,   N
Gly,   C,   N,   N,   N,   N
Asp,   N,   N,   N,   C,   C
Met,   C,   N,   C,   C,   N
Ile,   C,   N,   N,   N,   C
Cys,   C,   N,   C,   N,   C
Pro,   C,   C,   C,   C,   C
Gln,   C,   N,   N,   C,   C
Lys,   X,   C,   N,   C,   N
Glu,   N,   C,   N,   N,   C
Asn,   N,   N,   X,   N,   N
Trp,   C,   N,   X,   C,   X
His,   X,   X,   X,   X,   X


2019-04-13 12:39:45,394:New solution found! (#9). Calculation time: 00:00:00. New best price = 12859.42
2019-04-13 12:39:45,394:[solution]
% Solution number = 9
% Solution price  = 12859.42
Res, S_1, S_2, S_3, S_4, S_5
Arg,   N,   N,   N,   N,   N
Thr,   N,   N,   N,   N,   X
Tyr,   N,   N,   N,   C,   N
Ser,   N,   N,   C,   N,   N
Val,   N,   N,   C,   N,   C
Leu,   N,   C,   N,   N,   N
Ala,   N,   C,   N,   C,   N
Gly,   C,   N,   N,   N,   N
Asp,   N,   N,   N,   C,   C
Met,   C,   N,   C,   C,   N
Ile,   C,   N,   N,   N,   C
Cys,   C,   N,   C,   N,   C
Pro,   C,   C,   C,   C,   C
Gln,   C,   N,   N,   C,   C
Lys,   X,   C,   N,   C,   N
Glu,   N,   C,   N,   N,   C
Asn,   N,   N,   X,   X,   N
Trp,   C,   N,   X,   C,   X
His,   X,   X,   X,   X,   X


2019-04-13 12:39:45,400:New solution found! (#10). Calculation time: 00:00:00. New best price = 12740.57
2019-04-13 12:39:45,401:[solution]
% Solution number = 10
% Solution price  = 12740.57
Res, S_1, S_2, S_3, S_4, S_5
Arg,   N,   N,   N,   N,   N
Thr,   N,   N,   N,   N,   X
Tyr,   N,   N,   N,   C,   N
Ser,   N,   N,   C,   N,   N
Val,   N,   N,   C,   N,   C
Leu,   N,   C,   N,   N,   N
Ala,   N,   C,   N,   C,   N
Gly,   C,   N,   N,   N,   N
Asp,   N,   N,   N,   C,   C
Met,   C,   N,   C,   C,   N
Ile,   C,   N,   N,   N,   C
Cys,   C,   N,   C,   N,   C
Pro,   C,   C,   C,   C,   C
Gln,   C,   N,   N,   C,   C
Lys,   X,   C,   N,   C,   N
Glu,   N,   C,   N,   N,   C
Asn,   N,   N,   X,   X,   X
Trp,   C,   N,   X,   C,   X
His,   X,   X,   X,   X,   X


2019-04-13 12:39:45,405:New solution found! (#11). Calculation time: 00:00:00. New best price = 12621.72
2019-04-13 12:39:45,405:[solution]
% Solution number = 11
% Solution price  = 12621.72
Res, S_1, S_2, S_3, S_4, S_5
Arg,   N,   N,   N,   N,   N
Thr,   N,   N,   N,   N,   X
Tyr,   N,   N,   N,   C,   N
Ser,   N,   N,   C,   N,   N
Val,   N,   N,   C,   N,   C
Leu,   N,   C,   N,   N,   N
Ala,   N,   C,   N,   C,   N
Gly,   C,   N,   N,   N,   N
Asp,   N,   N,   N,   C,   C
Met,   C,   N,   C,   C,   N
Ile,   C,   N,   N,   N,   C
Cys,   C,   N,   C,   N,   C
Pro,   C,   C,   C,   C,   C
Gln,   C,   N,   N,   C,   C
Lys,   X,   C,   N,   C,   N
Glu,   N,   C,   N,   N,   C
Asn,   N,   X,   X,   X,   X
Trp,   C,   N,   X,   C,   X
His,   X,   X,   X,   X,   X


2019-04-13 12:39:45,411:New solution found! (#12). Calculation time: 00:00:00. New best price = 12546.55
2019-04-13 12:39:45,412:[solution]
% Solution number = 12
% Solution price  = 12546.55
Res, S_1, S_2, S_3, S_4, S_5
Arg,   N,   N,   N,   N,   N
Thr,   N,   N,   N,   N,   X
Tyr,   N,   N,   N,   C,   N
Ser,   N,   N,   C,   N,   N
Val,   N,   N,   C,   N,   C
Leu,   N,   C,   N,   N,   N
Ala,   N,   C,   N,   C,   N
Gly,   C,   N,   N,   N,   N
Asp,   N,   N,   N,   C,   C
Met,   C,   N,   C,   C,   N
Ile,   C,   N,   N,   N,   C
Cys,   C,   N,   C,   N,   C
Pro,   C,   C,   C,   C,   C
Gln,   C,   N,   N,   X,   C
Lys,   X,   C,   N,   C,   N
Glu,   N,   C,   N,   N,   C
Asn,   N,   N,   X,   X,   X
Trp,   C,   N,   X,   C,   X
His,   X,   X,   X,   X,   X


2019-04-13 12:39:45,423:New solution found! (#13). Calculation time: 00:00:00. New best price = 12427.69
2019-04-13 12:39:45,423:[solution]
% Solution number = 13
% Solution price  = 12427.69
Res, S_1, S_2, S_3, S_4, S_5
Arg,   N,   N,   N,   N,   N
Thr,   N,   N,   N,   N,   X
Tyr,   N,   N,   N,   C,   N
Ser,   N,   N,   C,   N,   N
Val,   N,   N,   C,   N,   C
Leu,   N,   C,   N,   N,   N
Ala,   N,   C,   N,   C,   N
Gly,   C,   N,   N,   N,   N
Asp,   N,   N,   N,   C,   C
Met,   C,   N,   C,   C,   N
Ile,   C,   N,   N,   N,   C
Cys,   C,   N,   C,   N,   C
Pro,   C,   C,   C,   C,   C
Gln,   C,   N,   N,   X,   C
Lys,   X,   C,   N,   C,   N
Glu,   N,   C,   N,   N,   C
Asn,   N,   X,   X,   X,   X
Trp,   C,   N,   X,   C,   X
His,   X,   X,   X,   X,   X


2019-04-13 12:39:45,440:New solution found! (#14). Calculation time: 00:00:00. New best price = 12334.95
2019-04-13 12:39:45,441:[solution]
% Solution number = 14
% Solution price  = 12334.95
Res, S_1, S_2, S_3, S_4, S_5
Arg,   N,   N,   N,   N,   N
Thr,   N,   N,   N,   N,   X
Tyr,   N,   N,   N,   C,   N
Ser,   N,   N,   C,   N,   N
Val,   N,   N,   C,   N,   C
Leu,   N,   C,   N,   N,   N
Ala,   N,   C,   N,   C,   N
Gly,   C,   N,   N,   N,   N
Asp,   N,   N,   N,   C,   C
Met,   C,   N,   C,   C,   N
Ile,   C,   N,   N,   N,   C
Cys,   C,   N,   C,   N,   C
Pro,   C,   C,   C,   C,   C
Gln,   C,   N,   X,   X,   C
Lys,   X,   C,   N,   C,   N
Glu,   N,   C,   N,   N,   C
Asn,   N,   X,   X,   X,   X
Trp,   C,   N,   X,   C,   X
His,   X,   X,   X,   X,   X


2019-04-13 12:39:45,459:New solution found! (#15). Calculation time: 00:00:00. New best price = 12247.04
2019-04-13 12:39:45,459:[solution]
% Solution number = 15
% Solution price  = 12247.04
Res, S_1, S_2, S_3, S_4, S_5
Arg,   N,   N,   N,   N,   N
Thr,   N,   N,   N,   N,   X
Tyr,   N,   N,   N,   C,   N
Ser,   N,   N,   C,   N,   N
Val,   N,   N,   C,   N,   C
Leu,   N,   C,   N,   N,   N
Ala,   N,   C,   N,   C,   N
Gly,   C,   N,   N,   N,   N
Asp,   N,   N,   N,   C,   C
Met,   C,   N,   C,   C,   N
Ile,   C,   N,   N,   N,   C
Cys,   C,   N,   C,   N,   C
Pro,   C,   C,   C,   X,   X
Gln,   C,   N,   N,   C,   C
Lys,   X,   C,   N,   C,   N
Glu,   N,   C,   N,   N,   C
Asn,   N,   N,   X,   X,   N
Trp,   C,   N,   X,   C,   X
His,   X,   X,   X,   X,   X


2019-04-13 12:39:45,464:New solution found! (#16). Calculation time: 00:00:00. New best price = 12128.19
2019-04-13 12:39:45,464:[solution]
% Solution number = 16
% Solution price  = 12128.19
Res, S_1, S_2, S_3, S_4, S_5
Arg,   N,   N,   N,   N,   N
Thr,   N,   N,   N,   N,   X
Tyr,   N,   N,   N,   C,   N
Ser,   N,   N,   C,   N,   N
Val,   N,   N,   C,   N,   C
Leu,   N,   C,   N,   N,   N
Ala,   N,   C,   N,   C,   N
Gly,   C,   N,   N,   N,   N
Asp,   N,   N,   N,   C,   C
Met,   C,   N,   C,   C,   N
Ile,   C,   N,   N,   N,   C
Cys,   C,   N,   C,   N,   C
Pro,   C,   C,   C,   X,   X
Gln,   C,   N,   N,   C,   C
Lys,   X,   C,   N,   C,   N
Glu,   N,   C,   N,   N,   C
Asn,   N,   N,   X,   X,   X
Trp,   C,   N,   X,   C,   X
His,   X,   X,   X,   X,   X


2019-04-13 12:39:45,469:New solution found! (#17). Calculation time: 00:00:00. New best price = 12009.33
2019-04-13 12:39:45,469:[solution]
% Solution number = 17
% Solution price  = 12009.33
Res, S_1, S_2, S_3, S_4, S_5
Arg,   N,   N,   N,   N,   N
Thr,   N,   N,   N,   N,   X
Tyr,   N,   N,   N,   C,   N
Ser,   N,   N,   C,   N,   N
Val,   N,   N,   C,   N,   C
Leu,   N,   C,   N,   N,   N
Ala,   N,   C,   N,   C,   N
Gly,   C,   N,   N,   N,   N
Asp,   N,   N,   N,   C,   C
Met,   C,   N,   C,   C,   N
Ile,   C,   N,   N,   N,   C
Cys,   C,   N,   C,   N,   C
Pro,   C,   C,   C,   X,   X
Gln,   C,   N,   N,   C,   C
Lys,   X,   C,   N,   C,   N
Glu,   N,   C,   N,   N,   C
Asn,   N,   X,   X,   X,   X
Trp,   C,   N,   X,   C,   X
His,   X,   X,   X,   X,   X


2019-04-13 12:39:45,475:New solution found! (#18). Calculation time: 00:00:00. New best price = 11934.16
2019-04-13 12:39:45,475:[solution]
% Solution number = 18
% Solution price  = 11934.16
Res, S_1, S_2, S_3, S_4, S_5
Arg,   N,   N,   N,   N,   N
Thr,   N,   N,   N,   N,   X
Tyr,   N,   N,   N,   C,   N
Ser,   N,   N,   C,   N,   N
Val,   N,   N,   C,   N,   C
Leu,   N,   C,   N,   N,   N
Ala,   N,   C,   N,   C,   N
Gly,   C,   N,   N,   N,   N
Asp,   N,   N,   N,   C,   C
Met,   C,   N,   C,   C,   N
Ile,   C,   N,   N,   N,   C
Cys,   C,   N,   C,   N,   C
Pro,   C,   C,   C,   X,   X
Gln,   C,   N,   N,   X,   C
Lys,   X,   C,   N,   C,   N
Glu,   N,   C,   N,   N,   C
Asn,   N,   N,   X,   X,   X
Trp,   C,   N,   X,   C,   X
His,   X,   X,   X,   X,   X


2019-04-13 12:39:45,480:New solution found! (#19). Calculation time: 00:00:00. New best price = 11815.31
2019-04-13 12:39:45,480:[solution]
% Solution number = 19
% Solution price  = 11815.31
Res, S_1, S_2, S_3, S_4, S_5
Arg,   N,   N,   N,   N,   N
Thr,   N,   N,   N,   N,   X
Tyr,   N,   N,   N,   C,   N
Ser,   N,   N,   C,   N,   N
Val,   N,   N,   C,   N,   C
Leu,   N,   C,   N,   N,   N
Ala,   N,   C,   N,   C,   N
Gly,   C,   N,   N,   N,   N
Asp,   N,   N,   N,   C,   C
Met,   C,   N,   C,   C,   N
Ile,   C,   N,   N,   N,   C
Cys,   C,   N,   C,   N,   C
Pro,   C,   C,   C,   X,   X
Gln,   C,   N,   N,   X,   C
Lys,   X,   C,   N,   C,   N
Glu,   N,   C,   N,   N,   C
Asn,   N,   X,   X,   X,   X
Trp,   C,   N,   X,   C,   X
His,   X,   X,   X,   X,   X


2019-04-13 12:39:45,490:New solution found! (#20). Calculation time: 00:00:00. New best price = 11722.57
2019-04-13 12:39:45,490:[solution]
% Solution number = 20
% Solution price  = 11722.57
Res, S_1, S_2, S_3, S_4, S_5
Arg,   N,   N,   N,   N,   N
Thr,   N,   N,   N,   N,   X
Tyr,   N,   N,   N,   C,   N
Ser,   N,   N,   C,   N,   N
Val,   N,   N,   C,   N,   C
Leu,   N,   C,   N,   N,   N
Ala,   N,   C,   N,   C,   N
Gly,   C,   N,   N,   N,   N
Asp,   N,   N,   N,   C,   C
Met,   C,   N,   C,   C,   N
Ile,   C,   N,   N,   N,   C
Cys,   C,   N,   C,   N,   C
Pro,   C,   C,   C,   X,   X
Gln,   C,   N,   X,   X,   C
Lys,   X,   C,   N,   C,   N
Glu,   N,   C,   N,   N,   C
Asn,   N,   X,   X,   X,   X
Trp,   C,   N,   X,   C,   X
His,   X,   X,   X,   X,   X


2019-04-13 12:39:45,503:New solution found! (#21). Calculation time: 00:00:00. New best price = 11703.14
2019-04-13 12:39:45,504:[solution]
% Solution number = 21
% Solution price  = 11703.14
Res, S_1, S_2, S_3, S_4, S_5
Arg,   N,   N,   N,   N,   N
Thr,   N,   N,   N,   N,   X
Tyr,   N,   N,   N,   C,   N
Ser,   N,   N,   C,   N,   N
Val,   N,   N,   C,   N,   C
Leu,   N,   C,   N,   N,   N
Ala,   N,   C,   N,   C,   N
Gly,   C,   N,   N,   N,   N
Asp,   N,   N,   N,   C,   C
Met,   C,   N,   C,   C,   N
Ile,   C,   N,   N,   N,   C
Cys,   C,   N,   C,   N,   C
Pro,   C,   X,   X,   C,   X
Gln,   C,   C,   N,   N,   C
Lys,   X,   C,   N,   C,   N
Glu,   N,   C,   N,   N,   C
Asn,   N,   X,   X,   X,   X
Trp,   C,   N,   X,   C,   X
His,   X,   X,   X,   X,   X


2019-04-13 12:39:45,510:New solution found! (#22). Calculation time: 00:00:00. New best price = 11610.4
2019-04-13 12:39:45,511:[solution]
% Solution number = 22
% Solution price  = 11610.4
Res, S_1, S_2, S_3, S_4, S_5
Arg,   N,   N,   N,   N,   N
Thr,   N,   N,   N,   N,   X
Tyr,   N,   N,   N,   C,   N
Ser,   N,   N,   C,   N,   N
Val,   N,   N,   C,   N,   C
Leu,   N,   C,   N,   N,   N
Ala,   N,   C,   N,   C,   N
Gly,   C,   N,   N,   N,   N
Asp,   N,   N,   N,   C,   C
Met,   C,   N,   C,   C,   N
Ile,   C,   N,   N,   N,   C
Cys,   C,   N,   C,   N,   C
Pro,   C,   X,   X,   C,   X
Gln,   C,   C,   N,   X,   C
Lys,   X,   C,   N,   C,   N
Glu,   N,   C,   N,   N,   C
Asn,   N,   X,   X,   X,   X
Trp,   C,   N,   X,   C,   X
His,   X,   X,   X,   X,   X


2019-04-13 12:39:45,524:New solution found! (#23). Calculation time: 00:00:00. New best price = 11509.12
2019-04-13 12:39:45,524:[solution]
% Solution number = 23
% Solution price  = 11509.12
Res, S_1, S_2, S_3, S_4, S_5
Arg,   N,   N,   N,   N,   N
Thr,   N,   N,   N,   N,   X
Tyr,   N,   N,   N,   C,   N
Ser,   N,   N,   C,   N,   N
Val,   N,   N,   C,   N,   C
Leu,   N,   C,   N,   N,   N
Ala,   N,   C,   N,   C,   N
Gly,   C,   N,   N,   N,   N
Asp,   N,   N,   N,   C,   C
Met,   C,   N,   C,   C,   N
Ile,   C,   N,   N,   N,   C
Cys,   C,   N,   C,   N,   C
Pro,   X,   C,   C,   X,   X
Gln,   C,   N,   N,   X,   C
Lys,   X,   C,   N,   C,   N
Glu,   N,   C,   N,   N,   C
Asn,   N,   X,   X,   X,   X
Trp,   C,   N,   X,   C,   X
His,   X,   X,   X,   X,   X


2019-04-13 12:39:45,533:New solution found! (#24). Calculation time: 00:00:00. New best price = 11416.38
2019-04-13 12:39:45,534:[solution]
% Solution number = 24
% Solution price  = 11416.38
Res, S_1, S_2, S_3, S_4, S_5
Arg,   N,   N,   N,   N,   N
Thr,   N,   N,   N,   N,   X
Tyr,   N,   N,   N,   C,   N
Ser,   N,   N,   C,   N,   N
Val,   N,   N,   C,   N,   C
Leu,   N,   C,   N,   N,   N
Ala,   N,   C,   N,   C,   N
Gly,   C,   N,   N,   N,   N
Asp,   N,   N,   N,   C,   C
Met,   C,   N,   C,   C,   N
Ile,   C,   N,   N,   N,   C
Cys,   C,   N,   C,   N,   C
Pro,   X,   C,   C,   X,   X
Gln,   C,   N,   X,   X,   C
Lys,   X,   C,   N,   C,   N
Glu,   N,   C,   N,   N,   C
Asn,   N,   X,   X,   X,   X
Trp,   C,   N,   X,   C,   X
His,   X,   X,   X,   X,   X


2019-04-13 12:39:45,569:New solution found! (#25). Calculation time: 00:00:00. New best price = 11393.57
2019-04-13 12:39:45,569:[solution]
% Solution number = 25
% Solution price  = 11393.57
Res, S_1, S_2, S_3, S_4, S_5
Arg,   N,   N,   N,   N,   N
Thr,   N,   N,   N,   N,   X
Tyr,   N,   N,   N,   C,   N
Ser,   N,   N,   C,   N,   N
Val,   N,   N,   C,   N,   C
Leu,   N,   C,   N,   N,   N
Ala,   N,   C,   N,   C,   N
Gly,   C,   N,   N,   N,   N
Asp,   N,   N,   N,   C,   C
Met,   C,   N,   C,   C,   N
Ile,   C,   N,   N,   N,   C
Cys,   C,   N,   X,   N,   C
Gln,   C,   N,   C,   X,   C
Pro,   C,   X,   X,   C,   X
Lys,   X,   C,   N,   C,   N
Glu,   N,   C,   N,   N,   C
Asn,   N,   X,   X,   X,   X
Trp,   C,   N,   X,   C,   X
His,   X,   X,   X,   X,   X


2019-04-13 12:39:45,663:New solution found! (#26). Calculation time: 00:00:00. New best price = 11323.01
2019-04-13 12:39:45,663:[solution]
% Solution number = 26
% Solution price  = 11323.01
Res, S_1, S_2, S_3, S_4, S_5
Arg,   N,   N,   N,   N,   N
Thr,   N,   N,   N,   N,   X
Tyr,   N,   N,   N,   C,   N
Ser,   N,   N,   C,   N,   N
Val,   N,   N,   C,   N,   C
Leu,   N,   C,   N,   N,   N
Ala,   N,   C,   N,   C,   N
Gly,   C,   N,   N,   N,   N
Asp,   N,   N,   N,   C,   C
Met,   C,   C,   C,   N,   N
Cys,   C,   N,   C,   N,   C
Ile,   C,   N,   N,   N,   C
Pro,   X,   C,   C,   X,   X
Gln,   C,   N,   N,   X,   C
Lys,   C,   N,   X,   C,   N
Glu,   N,   C,   N,   N,   X
Asn,   N,   X,   X,   X,   X
Trp,   C,   N,   X,   C,   X
His,   X,   X,   X,   X,   X


2019-04-13 12:39:45,669:New solution found! (#27). Calculation time: 00:00:00. New best price = 11302.91
2019-04-13 12:39:45,669:[solution]
% Solution number = 27
% Solution price  = 11302.91
Res, S_1, S_2, S_3, S_4, S_5
Arg,   N,   N,   N,   N,   N
Thr,   N,   N,   N,   N,   X
Tyr,   N,   N,   N,   C,   N
Ser,   N,   N,   C,   N,   N
Val,   N,   N,   C,   N,   C
Leu,   N,   C,   N,   N,   N
Ala,   N,   C,   N,   C,   N
Gly,   C,   N,   N,   N,   N
Asp,   N,   N,   N,   C,   C
Met,   C,   C,   C,   N,   N
Cys,   C,   N,   C,   N,   C
Ile,   C,   N,   N,   N,   C
Pro,   X,   C,   C,   X,   X
Gln,   C,   N,   X,   X,   C
Lys,   N,   N,   C,   C,   N
Glu,   N,   C,   N,   N,   X
Asn,   N,   X,   X,   X,   X
Trp,   C,   N,   X,   C,   X
His,   X,   X,   X,   X,   X


2019-04-13 12:39:45,675:New solution found! (#28). Calculation time: 00:00:00. New best price = 11230.27
2019-04-13 12:39:45,675:[solution]
% Solution number = 28
% Solution price  = 11230.27
Res, S_1, S_2, S_3, S_4, S_5
Arg,   N,   N,   N,   N,   N
Thr,   N,   N,   N,   N,   X
Tyr,   N,   N,   N,   C,   N
Ser,   N,   N,   C,   N,   N
Val,   N,   N,   C,   N,   C
Leu,   N,   C,   N,   N,   N
Ala,   N,   C,   N,   C,   N
Gly,   C,   N,   N,   N,   N
Asp,   N,   N,   N,   C,   C
Met,   C,   C,   C,   N,   N
Cys,   C,   N,   C,   N,   C
Ile,   C,   N,   N,   N,   C
Pro,   X,   C,   C,   X,   X
Gln,   C,   N,   X,   X,   C
Lys,   C,   N,   N,   C,   X
Glu,   N,   C,   N,   N,   X
Asn,   N,   X,   X,   X,   X
Trp,   C,   N,   X,   C,   X
His,   X,   X,   X,   X,   X


2019-04-13 12:39:45,695:New solution found! (#29). Calculation time: 00:00:00. New best price = 11207.46
2019-04-13 12:39:45,695:[solution]
% Solution number = 29
% Solution price  = 11207.46
Res, S_1, S_2, S_3, S_4, S_5
Arg,   N,   N,   N,   N,   N
Thr,   N,   N,   N,   N,   X
Tyr,   N,   N,   N,   C,   N
Ser,   N,   N,   C,   N,   N
Val,   N,   N,   C,   N,   C
Leu,   N,   C,   N,   N,   N
Ala,   N,   C,   N,   C,   N
Gly,   C,   N,   N,   N,   N
Asp,   N,   N,   N,   C,   C
Met,   C,   C,   C,   N,   N
Cys,   C,   N,   X,   N,   C
Gln,   C,   N,   C,   X,   C
Ile,   C,   N,   N,   N,   C
Pro,   C,   X,   X,   C,   X
Lys,   X,   N,   C,   C,   N
Glu,   N,   C,   N,   N,   X
Asn,   N,   X,   X,   X,   X
Trp,   C,   N,   X,   C,   X
His,   X,   X,   X,   X,   X


2019-04-13 12:39:46,160:New solution found! (#30). Calculation time: 00:00:01. New best price = 11103.08
2019-04-13 12:39:46,160:[solution]
% Solution number = 30
% Solution price  = 11103.08
Res, S_1, S_2, S_3, S_4, S_5
Arg,   N,   N,   N,   N,   N
Thr,   N,   N,   N,   N,   X
Tyr,   N,   N,   N,   C,   N
Ser,   N,   N,   C,   N,   N
Val,   N,   N,   C,   N,   C
Leu,   N,   C,   N,   N,   C
Ala,   N,   C,   N,   C,   N
Gly,   C,   N,   N,   N,   N
Cys,   C,   N,   C,   C,   N
Met,   N,   N,   N,   C,   C
Asp,   C,   N,   N,   N,   C
Gln,   C,   N,   C,   C,   C
Pro,   C,   C,   C,   X,   X
Ile,   C,   N,   N,   C,   N
Lys,   N,   N,   C,   C,   N
Asn,   N,   N,   X,   X,   X
Glu,   N,   C,   N,   N,   N
Trp,   C,   N,   X,   X,   X
His,   X,   X,   X,   X,   X


2019-04-13 12:39:46,228:New solution found! (#31). Calculation time: 00:00:01. New best price = 10984.22
2019-04-13 12:39:46,228:[solution]
% Solution number = 31
% Solution price  = 10984.22
Res, S_1, S_2, S_3, S_4, S_5
Arg,   N,   N,   N,   N,   N
Thr,   N,   N,   N,   N,   X
Tyr,   N,   N,   N,   C,   N
Ser,   N,   N,   C,   N,   N
Val,   N,   N,   C,   N,   C
Leu,   N,   C,   N,   N,   C
Ala,   N,   C,   N,   C,   N
Gly,   C,   N,   N,   N,   N
Cys,   C,   N,   C,   C,   N
Met,   N,   N,   N,   C,   C
Asp,   C,   N,   N,   N,   C
Gln,   C,   N,   C,   C,   C
Pro,   C,   C,   C,   X,   X
Ile,   C,   N,   N,   C,   N
Lys,   N,   N,   C,   C,   N
Asn,   N,   X,   X,   X,   X
Glu,   N,   C,   N,   N,   N
Trp,   C,   N,   X,   X,   X
His,   X,   X,   X,   X,   X


2019-04-13 12:39:46,264:New solution found! (#32). Calculation time: 00:00:01. New best price = 10911.58
2019-04-13 12:39:46,264:[solution]
% Solution number = 32
% Solution price  = 10911.58
Res, S_1, S_2, S_3, S_4, S_5
Arg,   N,   N,   N,   N,   N
Thr,   N,   N,   N,   N,   X
Tyr,   N,   N,   N,   C,   N
Ser,   N,   N,   C,   N,   N
Val,   N,   N,   C,   N,   C
Leu,   N,   C,   N,   N,   C
Ala,   N,   C,   N,   C,   N
Gly,   C,   N,   N,   N,   N
Cys,   C,   N,   C,   C,   N
Met,   N,   N,   N,   C,   C
Asp,   C,   N,   N,   N,   C
Gln,   C,   N,   C,   C,   C
Pro,   X,   C,   C,   C,   X
Ile,   C,   C,   N,   N,   N
Lys,   C,   N,   N,   C,   X
Asn,   N,   X,   X,   X,   X
Glu,   N,   C,   N,   N,   N
Trp,   C,   N,   X,   X,   X
His,   X,   X,   X,   X,   X


2019-04-13 12:39:46,281:New solution found! (#33). Calculation time: 00:00:01. New best price = 10796.88
2019-04-13 12:39:46,282:[solution]
% Solution number = 33
% Solution price  = 10796.88
Res, S_1, S_2, S_3, S_4, S_5
Arg,   N,   N,   N,   N,   N
Thr,   N,   N,   N,   N,   X
Tyr,   N,   N,   N,   C,   N
Ser,   N,   N,   C,   N,   N
Val,   N,   N,   C,   N,   C
Leu,   N,   C,   N,   N,   C
Ala,   N,   C,   N,   C,   N
Gly,   C,   N,   N,   N,   N
Cys,   C,   N,   C,   C,   N
Met,   N,   N,   N,   C,   C
Asp,   C,   N,   N,   N,   C
Gln,   C,   N,   C,   C,   C
Pro,   X,   C,   C,   X,   X
Ile,   C,   N,   N,   C,   N
Lys,   N,   N,   C,   C,   N
Asn,   N,   N,   X,   X,   X
Glu,   N,   C,   N,   N,   N
Trp,   C,   N,   X,   X,   X
His,   X,   X,   X,   X,   X


2019-04-13 12:39:46,296:New solution found! (#34). Calculation time: 00:00:01. New best price = 10678.03
2019-04-13 12:39:46,296:[solution]
% Solution number = 34
% Solution price  = 10678.03
Res, S_1, S_2, S_3, S_4, S_5
Arg,   N,   N,   N,   N,   N
Thr,   N,   N,   N,   N,   X
Tyr,   N,   N,   N,   C,   N
Ser,   N,   N,   C,   N,   N
Val,   N,   N,   C,   N,   C
Leu,   N,   C,   N,   N,   C
Ala,   N,   C,   N,   C,   N
Gly,   C,   N,   N,   N,   N
Cys,   C,   N,   C,   C,   N
Met,   N,   N,   N,   C,   C
Asp,   C,   N,   N,   N,   C
Gln,   C,   N,   C,   C,   C
Pro,   X,   C,   C,   X,   X
Ile,   C,   N,   N,   C,   N
Lys,   N,   N,   C,   C,   N
Asn,   N,   X,   X,   X,   X
Glu,   N,   C,   N,   N,   N
Trp,   C,   N,   X,   X,   X
His,   X,   X,   X,   X,   X


2019-04-13 12:39:46,313:New solution found! (#35). Calculation time: 00:00:01. New best price = 10605.39
2019-04-13 12:39:46,313:[solution]
% Solution number = 35
% Solution price  = 10605.39
Res, S_1, S_2, S_3, S_4, S_5
Arg,   N,   N,   N,   N,   N
Thr,   N,   N,   N,   N,   X
Tyr,   N,   N,   N,   C,   N
Ser,   N,   N,   C,   N,   N
Val,   N,   N,   C,   N,   C
Leu,   N,   C,   N,   N,   C
Ala,   N,   C,   N,   C,   N
Gly,   C,   N,   N,   N,   N
Cys,   C,   N,   C,   C,   N
Met,   N,   N,   N,   C,   C
Asp,   C,   N,   N,   N,   C
Gln,   C,   C,   C,   N,   C
Pro,   X,   X,   C,   C,   X
Ile,   C,   C,   N,   N,   N
Lys,   C,   N,   N,   C,   X
Glu,   N,   C,   N,   N,   N
Asn,   N,   X,   X,   X,   X
Trp,   C,   N,   X,   X,   X
His,   X,   X,   X,   X,   X


2019-04-13 12:39:46,334:New solution found! (#36). Calculation time: 00:00:01. New best price = 10535.18
2019-04-13 12:39:46,334:[solution]
% Solution number = 36
% Solution price  = 10535.18
Res, S_1, S_2, S_3, S_4, S_5
Arg,   N,   N,   N,   N,   N
Thr,   N,   N,   N,   N,   X
Tyr,   N,   N,   N,   C,   N
Ser,   N,   N,   C,   N,   N
Val,   N,   N,   C,   N,   C
Leu,   N,   C,   N,   N,   C
Ala,   N,   C,   N,   C,   N
Gly,   C,   N,   N,   N,   N
Cys,   C,   N,   C,   C,   N
Met,   N,   N,   X,   C,   C
Asp,   C,   N,   N,   N,   C
Gln,   C,   C,   C,   N,   C
Ile,   C,   C,   N,   N,   N
Pro,   X,   X,   C,   C,   X
Lys,   C,   N,   N,   C,   X
Glu,   N,   C,   N,   N,   N
Asn,   N,   X,   X,   X,   X
Trp,   C,   N,   X,   X,   X
His,   X,   X,   X,   X,   X


2019-04-13 12:39:46,371:New solution found! (#37). Calculation time: 00:00:01. New best price = 10473.46
2019-04-13 12:39:46,371:[solution]
% Solution number = 37
% Solution price  = 10473.46
Res, S_1, S_2, S_3, S_4, S_5
Arg,   N,   N,   N,   N,   N
Thr,   N,   N,   N,   N,   X
Tyr,   N,   N,   N,   C,   N
Ser,   N,   N,   C,   N,   N
Val,   N,   N,   C,   N,   C
Leu,   N,   C,   N,   N,   C
Ala,   N,   C,   N,   C,   N
Gly,   C,   N,   N,   N,   N
Cys,   C,   N,   C,   C,   N
Met,   C,   N,   N,   C,   C
Asp,   X,   N,   N,   N,   C
Gln,   C,   N,   C,   C,   C
Ile,   C,   C,   N,   N,   N
Pro,   X,   X,   X,   C,   C
Lys,   N,   N,   C,   C,   N
Asn,   N,   X,   X,   X,   X
Glu,   N,   C,   N,   N,   N
Trp,   C,   N,   X,   X,   X
His,   X,   X,   X,   X,   X


2019-04-13 12:39:46,381:New solution found! (#38). Calculation time: 00:00:01. New best price = 10473.46
2019-04-13 12:39:46,381:[solution]
% Solution number = 38
% Solution price  = 10473.46
Res, S_1, S_2, S_3, S_4, S_5
Arg,   N,   N,   N,   N,   N
Thr,   N,   N,   N,   N,   X
Tyr,   N,   N,   N,   C,   N
Ser,   N,   N,   C,   N,   N
Val,   N,   N,   C,   N,   C
Leu,   N,   C,   N,   N,   C
Ala,   N,   C,   N,   C,   N
Gly,   C,   N,   N,   N,   N
Cys,   C,   N,   C,   C,   N
Met,   C,   N,   N,   C,   C
Asp,   X,   N,   N,   N,   C
Gln,   C,   C,   C,   N,   C
Pro,   X,   X,   C,   C,   X
Ile,   C,   C,   N,   N,   N
Lys,   C,   N,   C,   N,   N
Asn,   N,   X,   X,   X,   X
Glu,   N,   C,   N,   N,   N
Trp,   C,   N,   X,   X,   X
His,   X,   X,   X,   X,   X


2019-04-13 12:39:46,424:New solution found! (#39). Calculation time: 00:00:01. New best price = 10391.61
2019-04-13 12:39:46,424:[solution]
% Solution number = 39
% Solution price  = 10391.61
Res, S_1, S_2, S_3, S_4, S_5
Arg,   N,   N,   N,   N,   N
Thr,   N,   N,   N,   N,   X
Tyr,   N,   N,   N,   C,   N
Ser,   N,   N,   C,   N,   N
Val,   N,   N,   C,   N,   C
Leu,   N,   C,   N,   N,   C
Ala,   N,   C,   N,   C,   N
Gly,   C,   N,   N,   N,   N
Cys,   C,   N,   C,   C,   N
Met,   C,   N,   C,   N,   C
Asp,   N,   N,   N,   X,   C
Ile,   C,   C,   N,   N,   N
Pro,   X,   C,   C,   C,   X
Lys,   C,   N,   N,   C,   N
Gln,   C,   N,   X,   X,   C
Glu,   N,   C,   N,   N,   N
Asn,   N,   X,   X,   X,   X
Trp,   C,   N,   X,   X,   X
His,   X,   X,   X,   X,   X


2019-04-13 12:39:46,438:New solution found! (#40). Calculation time: 00:00:01. New best price = 10318.97
2019-04-13 12:39:46,438:[solution]
% Solution number = 40
% Solution price  = 10318.97
Res, S_1, S_2, S_3, S_4, S_5
Arg,   N,   N,   N,   N,   N
Thr,   N,   N,   N,   N,   X
Tyr,   N,   N,   N,   C,   N
Ser,   N,   N,   C,   N,   N
Val,   N,   N,   C,   N,   C
Leu,   N,   C,   N,   N,   C
Ala,   N,   C,   N,   C,   N
Gly,   C,   N,   N,   N,   N
Cys,   C,   N,   C,   C,   N
Met,   C,   N,   C,   N,   C
Asp,   N,   N,   N,   X,   C
Ile,   C,   C,   N,   N,   N
Pro,   X,   C,   C,   C,   X
Lys,   C,   N,   N,   C,   X
Gln,   C,   N,   X,   X,   C
Glu,   N,   C,   N,   N,   N
Asn,   N,   X,   X,   X,   X
Trp,   C,   N,   X,   X,   X
His,   X,   X,   X,   X,   X


2019-04-13 12:39:46,473:New solution found! (#41). Calculation time: 00:00:01. New best price = 10265.09
2019-04-13 12:39:46,474:[solution]
% Solution number = 41
% Solution price  = 10265.09
Res, S_1, S_2, S_3, S_4, S_5
Arg,   N,   N,   N,   N,   N
Thr,   N,   N,   N,   N,   X
Tyr,   N,   N,   N,   C,   N
Ser,   N,   N,   C,   N,   N
Val,   N,   N,   C,   N,   C
Leu,   N,   C,   N,   N,   C
Ala,   N,   C,   N,   C,   N
Gly,   C,   N,   N,   N,   N
Cys,   C,   N,   C,   C,   N
Met,   C,   N,   C,   N,   C
Asp,   C,   N,   N,   N,   C
Ile,   C,   C,   N,   N,   N
Pro,   X,   X,   C,   C,   X
Lys,   C,   N,   N,   C,   N
Gln,   N,   X,   X,   C,   C
Asn,   X,   N,   X,   X,   X
Glu,   N,   C,   N,   N,   N
Trp,   C,   N,   X,   X,   X
His,   X,   X,   X,   X,   X


2019-04-13 12:39:46,494:New solution found! (#42). Calculation time: 00:00:01. New best price = 10192.45
2019-04-13 12:39:46,496:[solution]
% Solution number = 42
% Solution price  = 10192.45
Res, S_1, S_2, S_3, S_4, S_5
Arg,   N,   N,   N,   N,   N
Thr,   N,   N,   N,   N,   X
Tyr,   N,   N,   N,   C,   N
Ser,   N,   N,   C,   N,   N
Val,   N,   N,   C,   N,   C
Leu,   N,   C,   N,   N,   C
Ala,   N,   C,   N,   C,   N
Gly,   C,   N,   N,   N,   N
Cys,   C,   N,   C,   C,   N
Met,   C,   N,   C,   N,   C
Asp,   C,   N,   N,   N,   C
Ile,   C,   C,   N,   N,   N
Pro,   X,   X,   C,   C,   X
Lys,   C,   N,   N,   C,   X
Gln,   N,   X,   X,   C,   C
Asn,   X,   N,   X,   X,   X
Glu,   N,   C,   N,   N,   N
Trp,   C,   N,   X,   X,   X
His,   X,   X,   X,   X,   X


2019-04-13 12:39:46,614:New solution found! (#43). Calculation time: 00:00:01. New best price = 10170.69
2019-04-13 12:39:46,615:[solution]
% Solution number = 43
% Solution price  = 10170.69
Res, S_1, S_2, S_3, S_4, S_5
Arg,   N,   N,   N,   N,   N
Thr,   N,   N,   N,   N,   X
Tyr,   N,   N,   N,   C,   N
Ser,   N,   N,   C,   N,   N
Val,   N,   N,   C,   N,   C
Leu,   N,   C,   N,   N,   C
Ala,   N,   C,   N,   C,   N
Gly,   C,   N,   C,   N,   N
Ile,   C,   N,   N,   C,   N
Asp,   N,   N,   N,   C,   C
Pro,   X,   C,   C,   X,   X
Met,   C,   C,   N,   N,   C
Cys,   C,   N,   N,   C,   X
Gln,   C,   N,   C,   X,   C
Lys,   X,   N,   C,   C,   N
Glu,   N,   C,   N,   N,   N
Asn,   N,   X,   X,   X,   X
Trp,   C,   N,   X,   X,   X
His,   X,   X,   X,   X,   X


2019-04-13 12:39:46,628:New solution found! (#44). Calculation time: 00:00:01. New best price = 10125.38
2019-04-13 12:39:46,628:[solution]
% Solution number = 44
% Solution price  = 10125.38
Res, S_1, S_2, S_3, S_4, S_5
Arg,   N,   N,   N,   N,   N
Thr,   N,   N,   N,   N,   X
Tyr,   N,   N,   N,   C,   N
Ser,   N,   N,   C,   N,   N
Val,   N,   N,   C,   N,   C
Leu,   N,   C,   N,   N,   C
Ala,   N,   C,   N,   C,   N
Gly,   C,   N,   C,   N,   N
Ile,   C,   N,   N,   C,   N
Asp,   N,   N,   N,   C,   C
Pro,   X,   C,   C,   X,   X
Met,   C,   X,   N,   N,   C
Cys,   C,   N,   N,   C,   X
Gln,   C,   N,   C,   X,   C
Lys,   X,   N,   C,   C,   N
Glu,   N,   C,   N,   N,   N
Asn,   N,   X,   X,   X,   X
Trp,   C,   N,   X,   X,   X
His,   X,   X,   X,   X,   X


2019-04-13 12:39:46,649:New solution found! (#45). Calculation time: 00:00:01. New best price = 10108.66
2019-04-13 12:39:46,649:[solution]
% Solution number = 45
% Solution price  = 10108.66
Res, S_1, S_2, S_3, S_4, S_5
Arg,   N,   N,   N,   N,   N
Thr,   N,   N,   N,   N,   X
Tyr,   N,   N,   N,   C,   N
Ser,   N,   N,   C,   N,   N
Val,   N,   N,   C,   N,   C
Leu,   N,   C,   N,   N,   C
Ala,   N,   C,   N,   C,   N
Gly,   C,   N,   C,   N,   N
Ile,   C,   N,   N,   C,   N
Asp,   N,   N,   N,   X,   C
Pro,   X,   C,   C,   X,   X
Met,   C,   N,   N,   N,   C
Cys,   C,   N,   N,   C,   X
Gln,   C,   N,   C,   N,   C
Lys,   X,   N,   C,   C,   N
Glu,   N,   C,   N,   N,   N
Asn,   N,   X,   X,   X,   X
Trp,   C,   N,   X,   X,   X
His,   X,   X,   X,   X,   X


2019-04-13 12:39:46,655:New solution found! (#46). Calculation time: 00:00:01. New best price = 10088.56
2019-04-13 12:39:46,655:[solution]
% Solution number = 46
% Solution price  = 10088.56
Res, S_1, S_2, S_3, S_4, S_5
Arg,   N,   N,   N,   N,   N
Thr,   N,   N,   N,   N,   X
Tyr,   N,   N,   N,   C,   N
Ser,   N,   N,   C,   N,   N
Val,   N,   N,   C,   N,   C
Leu,   N,   C,   N,   N,   C
Ala,   N,   C,   N,   C,   N
Gly,   C,   N,   C,   N,   N
Ile,   C,   N,   N,   C,   N
Asp,   N,   N,   N,   X,   C
Pro,   X,   C,   C,   X,   X
Met,   C,   N,   N,   N,   C
Cys,   C,   N,   N,   C,   X
Gln,   C,   N,   C,   X,   C
Lys,   N,   N,   C,   C,   N
Asn,   N,   X,   X,   X,   X
Glu,   N,   C,   N,   N,   N
Trp,   C,   N,   X,   X,   X
His,   X,   X,   X,   X,   X


2019-04-13 12:39:46,663:New solution found! (#47). Calculation time: 00:00:01. New best price = 10015.92
2019-04-13 12:39:46,663:[solution]
% Solution number = 47
% Solution price  = 10015.92
Res, S_1, S_2, S_3, S_4, S_5
Arg,   N,   N,   N,   N,   N
Thr,   N,   N,   N,   N,   X
Tyr,   N,   N,   N,   C,   N
Ser,   N,   N,   C,   N,   N
Val,   N,   N,   C,   N,   C
Leu,   N,   C,   N,   N,   C
Ala,   N,   C,   N,   C,   N
Gly,   C,   N,   C,   N,   N
Ile,   C,   N,   N,   C,   N
Asp,   N,   N,   N,   X,   C
Pro,   X,   C,   C,   X,   X
Met,   C,   N,   N,   N,   C
Cys,   C,   N,   N,   C,   X
Gln,   C,   N,   C,   X,   C
Lys,   X,   N,   C,   C,   N
Glu,   N,   C,   N,   N,   N
Asn,   N,   X,   X,   X,   X
Trp,   C,   N,   X,   X,   X
His,   X,   X,   X,   X,   X


2019-04-13 12:39:46,679:New solution found! (#48). Calculation time: 00:00:01. New best price = 9991.02
2019-04-13 12:39:46,679:[solution]
% Solution number = 48
% Solution price  = 9991.02
Res, S_1, S_2, S_3, S_4, S_5
Arg,   N,   N,   N,   N,   N
Thr,   N,   N,   N,   N,   X
Tyr,   N,   N,   N,   C,   N
Ser,   N,   N,   C,   N,   N
Val,   N,   N,   C,   N,   C
Leu,   N,   C,   N,   N,   C
Ala,   N,   C,   N,   C,   N
Gly,   C,   N,   C,   N,   N
Ile,   C,   N,   N,   C,   N
Asp,   N,   N,   N,   X,   C
Pro,   X,   C,   C,   X,   X
Met,   C,   C,   N,   N,   C
Cys,   C,   N,   N,   C,   X
Gln,   C,   N,   C,   X,   C
Lys,   X,   N,   C,   C,   N
Glu,   N,   C,   N,   N,   N
Asn,   N,   X,   X,   X,   X
Trp,   C,   N,   X,   X,   X
His,   X,   X,   X,   X,   X


2019-04-13 12:39:46,698:New solution found! (#49). Calculation time: 00:00:01. New best price = 9945.71
2019-04-13 12:39:46,698:[solution]
% Solution number = 49
% Solution price  = 9945.71
Res, S_1, S_2, S_3, S_4, S_5
Arg,   N,   N,   N,   N,   N
Thr,   N,   N,   N,   N,   X
Tyr,   N,   N,   N,   C,   N
Ser,   N,   N,   C,   N,   N
Val,   N,   N,   C,   N,   C
Leu,   N,   C,   N,   N,   C
Ala,   N,   C,   N,   C,   N
Gly,   C,   N,   C,   N,   N
Ile,   C,   N,   N,   C,   N
Asp,   N,   N,   N,   X,   C
Pro,   X,   C,   C,   X,   X
Met,   C,   X,   N,   N,   C
Cys,   C,   N,   N,   C,   X
Gln,   C,   N,   C,   X,   C
Lys,   X,   N,   C,   C,   N
Glu,   N,   C,   N,   N,   N
Asn,   N,   X,   X,   X,   X
Trp,   C,   N,   X,   X,   X
His,   X,   X,   X,   X,   X


2019-04-13 12:39:46,790:New solution found! (#50). Calculation time: 00:00:01. New best price = 9930.96
2019-04-13 12:39:46,791:[solution]
% Solution number = 50
% Solution price  = 9930.96
Res, S_1, S_2, S_3, S_4, S_5
Arg,   N,   N,   N,   N,   N
Thr,   N,   N,   N,   N,   X
Tyr,   N,   N,   N,   C,   N
Ser,   N,   N,   C,   N,   N
Val,   N,   N,   C,   N,   C
Leu,   N,   C,   N,   N,   C
Ala,   N,   C,   N,   C,   N
Gly,   C,   N,   C,   N,   N
Ile,   C,   C,   N,   N,   N
Pro,   C,   X,   C,   C,   X
Asp,   C,   N,   N,   N,   N
Cys,   C,   N,   N,   C,   C
Met,   N,   N,   N,   C,   C
Gln,   C,   N,   C,   X,   C
Lys,   C,   N,   X,   X,   N
Asn,   N,   X,   X,   X,   X
Glu,   N,   C,   N,   X,   X
Trp,   C,   N,   X,   X,   X
His,   X,   X,   X,   X,   X


2019-04-13 12:39:46,802:New solution found! (#51). Calculation time: 00:00:02. New best price = 9893.1
2019-04-13 12:39:46,802:[solution]
% Solution number = 51
% Solution price  = 9893.1
Res, S_1, S_2, S_3, S_4, S_5
Arg,   N,   N,   N,   N,   N
Thr,   N,   N,   N,   N,   X
Tyr,   N,   N,   N,   C,   N
Ser,   N,   N,   C,   N,   N
Val,   N,   N,   C,   N,   C
Leu,   N,   C,   N,   N,   C
Ala,   N,   C,   N,   C,   N
Gly,   C,   N,   C,   N,   N
Ile,   C,   C,   N,   N,   N
Pro,   C,   X,   C,   C,   X
Asp,   C,   N,   N,   N,   N
Cys,   C,   N,   N,   C,   C
Met,   N,   N,   X,   C,   C
Gln,   C,   N,   C,   X,   C
Lys,   C,   N,   X,   X,   N
Asn,   N,   X,   X,   X,   X
Glu,   N,   C,   N,   N,   N
Trp,   C,   N,   X,   X,   X
His,   X,   X,   X,   X,   X


2019-04-13 12:39:46,807:New solution found! (#52). Calculation time: 00:00:02. New best price = 9860.75
2019-04-13 12:39:46,807:[solution]
% Solution number = 52
% Solution price  = 9860.75
Res, S_1, S_2, S_3, S_4, S_5
Arg,   N,   N,   N,   N,   N
Thr,   N,   N,   N,   N,   X
Tyr,   N,   N,   N,   C,   N
Ser,   N,   N,   C,   N,   N
Val,   N,   N,   C,   N,   C
Leu,   N,   C,   N,   N,   C
Ala,   N,   C,   N,   C,   N
Gly,   C,   N,   C,   N,   N
Ile,   C,   C,   N,   N,   N
Pro,   C,   X,   C,   C,   X
Asp,   C,   N,   N,   N,   N
Cys,   C,   N,   N,   C,   C
Met,   N,   N,   X,   C,   C
Gln,   C,   N,   C,   X,   C
Lys,   C,   N,   X,   X,   N
Asn,   N,   X,   X,   X,   X
Glu,   N,   C,   N,   X,   X
Trp,   C,   N,   X,   X,   X
His,   X,   X,   X,   X,   X


2019-04-13 12:39:46,871:New solution found! (#53). Calculation time: 00:00:02. New best price = 9856.51
2019-04-13 12:39:46,872:[solution]
% Solution number = 53
% Solution price  = 9856.51
Res, S_1, S_2, S_3, S_4, S_5
Arg,   N,   N,   N,   N,   N
Thr,   N,   N,   N,   N,   X
Tyr,   N,   N,   N,   C,   N
Ser,   N,   N,   C,   N,   N
Val,   N,   N,   C,   N,   C
Leu,   N,   C,   N,   N,   C
Ala,   N,   C,   N,   C,   N
Gly,   C,   N,   C,   N,   N
Ile,   C,   C,   N,   N,   N
Pro,   X,   C,   C,   C,   X
Asp,   C,   N,   N,   X,   N
Cys,   C,   N,   N,   C,   C
Met,   N,   N,   X,   C,   C
Gln,   C,   N,   C,   X,   C
Lys,   C,   N,   X,   X,   N
Glu,   N,   C,   N,   N,   N
Asn,   N,   X,   X,   X,   X
Trp,   C,   N,   X,   X,   X
His,   X,   X,   X,   X,   X


2019-04-13 12:39:46,878:New solution found! (#54). Calculation time: 00:00:02. New best price = 9824.16
2019-04-13 12:39:46,878:[solution]
% Solution number = 54
% Solution price  = 9824.16
Res, S_1, S_2, S_3, S_4, S_5
Arg,   N,   N,   N,   N,   N
Thr,   N,   N,   N,   N,   X
Tyr,   N,   N,   N,   C,   N
Ser,   N,   N,   C,   N,   N
Val,   N,   N,   C,   N,   C
Leu,   N,   C,   N,   N,   C
Ala,   N,   C,   N,   C,   N
Gly,   C,   N,   C,   N,   N
Ile,   C,   C,   N,   N,   N
Pro,   X,   C,   C,   C,   X
Asp,   C,   N,   N,   X,   N
Cys,   C,   N,   N,   C,   C
Met,   N,   N,   X,   C,   C
Gln,   C,   N,   C,   X,   C
Lys,   C,   N,   X,   X,   N
Glu,   N,   C,   N,   X,   X
Asn,   N,   X,   X,   X,   X
Trp,   C,   N,   X,   X,   X
His,   X,   X,   X,   X,   X


2019-04-13 12:39:46,913:New solution found! (#55). Calculation time: 00:00:02. New best price = 9822.5
2019-04-13 12:39:46,913:[solution]
% Solution number = 55
% Solution price  = 9822.5
Res, S_1, S_2, S_3, S_4, S_5
Arg,   N,   N,   N,   N,   N
Thr,   N,   N,   N,   N,   X
Tyr,   N,   N,   N,   C,   N
Ser,   N,   N,   C,   N,   N
Val,   N,   N,   C,   N,   C
Leu,   N,   C,   N,   N,   C
Ala,   N,   C,   N,   C,   N
Gly,   C,   N,   C,   N,   N
Ile,   C,   C,   N,   N,   N
Pro,   X,   X,   C,   C,   X
Asp,   C,   N,   N,   N,   N
Cys,   C,   N,   N,   C,   C
Met,   N,   N,   N,   C,   C
Gln,   C,   N,   C,   N,   C
Lys,   C,   N,   N,   N,   X
Asn,   N,   X,   X,   X,   X
Glu,   N,   C,   N,   N,   N
Trp,   C,   N,   X,   X,   X
His,   X,   X,   X,   X,   X


2019-04-13 12:39:46,922:New solution found! (#56). Calculation time: 00:00:02. New best price = 9790.15
2019-04-13 12:39:46,922:[solution]
% Solution number = 56
% Solution price  = 9790.15
Res, S_1, S_2, S_3, S_4, S_5
Arg,   N,   N,   N,   N,   N
Thr,   N,   N,   N,   N,   X
Tyr,   N,   N,   N,   C,   N
Ser,   N,   N,   C,   N,   N
Val,   N,   N,   C,   N,   C
Leu,   N,   C,   N,   N,   C
Ala,   N,   C,   N,   C,   N
Gly,   C,   N,   C,   N,   N
Ile,   C,   C,   N,   N,   N
Pro,   X,   X,   C,   C,   X
Asp,   C,   N,   N,   N,   N
Cys,   C,   N,   N,   C,   C
Met,   N,   N,   N,   C,   C
Gln,   C,   N,   C,   N,   C
Lys,   C,   N,   N,   N,   X
Asn,   N,   X,   X,   X,   X
Glu,   N,   C,   N,   X,   X
Trp,   C,   N,   X,   X,   X
His,   X,   X,   X,   X,   X


2019-04-13 12:39:46,935:New solution found! (#57). Calculation time: 00:00:02. New best price = 9749.86
2019-04-13 12:39:46,935:[solution]
% Solution number = 57
% Solution price  = 9749.86
Res, S_1, S_2, S_3, S_4, S_5
Arg,   N,   N,   N,   N,   N
Thr,   N,   N,   N,   N,   X
Tyr,   N,   N,   N,   C,   N
Ser,   N,   N,   C,   N,   N
Val,   N,   N,   C,   N,   C
Leu,   N,   C,   N,   N,   C
Ala,   N,   C,   N,   C,   N
Gly,   C,   N,   C,   N,   N
Ile,   C,   C,   N,   N,   N
Pro,   X,   X,   C,   C,   X
Asp,   C,   N,   N,   N,   N
Cys,   C,   N,   N,   C,   C
Met,   N,   N,   N,   C,   C
Gln,   C,   N,   C,   N,   C
Lys,   C,   N,   X,   X,   N
Asn,   N,   X,   X,   X,   X
Glu,   N,   C,   N,   N,   N
Trp,   C,   N,   X,   X,   X
His,   X,   X,   X,   X,   X


2019-04-13 12:39:46,940:New solution found! (#58). Calculation time: 00:00:02. New best price = 9717.5
2019-04-13 12:39:46,940:[solution]
% Solution number = 58
% Solution price  = 9717.5
Res, S_1, S_2, S_3, S_4, S_5
Arg,   N,   N,   N,   N,   N
Thr,   N,   N,   N,   N,   X
Tyr,   N,   N,   N,   C,   N
Ser,   N,   N,   C,   N,   N
Val,   N,   N,   C,   N,   C
Leu,   N,   C,   N,   N,   C
Ala,   N,   C,   N,   C,   N
Gly,   C,   N,   C,   N,   N
Ile,   C,   C,   N,   N,   N
Pro,   X,   X,   C,   C,   X
Asp,   C,   N,   N,   N,   N
Cys,   C,   N,   N,   C,   C
Met,   N,   N,   N,   C,   C
Gln,   C,   N,   C,   N,   C
Lys,   C,   N,   X,   X,   N
Asn,   N,   X,   X,   X,   X
Glu,   N,   C,   N,   X,   X
Trp,   C,   N,   X,   X,   X
His,   X,   X,   X,   X,   X


2019-04-13 12:39:46,947:New solution found! (#59). Calculation time: 00:00:02. New best price = 9697.41
2019-04-13 12:39:46,947:[solution]
% Solution number = 59
% Solution price  = 9697.41
Res, S_1, S_2, S_3, S_4, S_5
Arg,   N,   N,   N,   N,   N
Thr,   N,   N,   N,   N,   X
Tyr,   N,   N,   N,   C,   N
Ser,   N,   N,   C,   N,   N
Val,   N,   N,   C,   N,   C
Leu,   N,   C,   N,   N,   C
Ala,   N,   C,   N,   C,   N
Gly,   C,   N,   C,   N,   N
Ile,   C,   C,   N,   N,   N
Pro,   X,   X,   C,   C,   X
Asp,   C,   N,   N,   N,   N
Cys,   C,   N,   N,   C,   C
Met,   N,   N,   N,   C,   C
Gln,   C,   N,   C,   X,   C
Lys,   C,   N,   N,   N,   X
Asn,   N,   X,   X,   X,   X
Glu,   N,   C,   N,   X,   X
Trp,   C,   N,   X,   X,   X
His,   X,   X,   X,   X,   X


2019-04-13 12:39:46,963:New solution found! (#60). Calculation time: 00:00:02. New best price = 9657.12
2019-04-13 12:39:46,963:[solution]
% Solution number = 60
% Solution price  = 9657.12
Res, S_1, S_2, S_3, S_4, S_5
Arg,   N,   N,   N,   N,   N
Thr,   N,   N,   N,   N,   X
Tyr,   N,   N,   N,   C,   N
Ser,   N,   N,   C,   N,   N
Val,   N,   N,   C,   N,   C
Leu,   N,   C,   N,   N,   C
Ala,   N,   C,   N,   C,   N
Gly,   C,   N,   C,   N,   N
Ile,   C,   C,   N,   N,   N
Pro,   X,   X,   C,   C,   X
Asp,   C,   N,   N,   N,   N
Cys,   C,   N,   N,   C,   C
Met,   N,   N,   N,   C,   C
Gln,   C,   N,   C,   X,   C
Lys,   C,   N,   X,   X,   N
Asn,   N,   X,   X,   X,   X
Glu,   N,   C,   N,   N,   N
Trp,   C,   N,   X,   X,   X
His,   X,   X,   X,   X,   X


2019-04-13 12:39:46,968:New solution found! (#61). Calculation time: 00:00:02. New best price = 9624.76
2019-04-13 12:39:46,968:[solution]
% Solution number = 61
% Solution price  = 9624.76
Res, S_1, S_2, S_3, S_4, S_5
Arg,   N,   N,   N,   N,   N
Thr,   N,   N,   N,   N,   X
Tyr,   N,   N,   N,   C,   N
Ser,   N,   N,   C,   N,   N
Val,   N,   N,   C,   N,   C
Leu,   N,   C,   N,   N,   C
Ala,   N,   C,   N,   C,   N
Gly,   C,   N,   C,   N,   N
Ile,   C,   C,   N,   N,   N
Pro,   X,   X,   C,   C,   X
Asp,   C,   N,   N,   N,   N
Cys,   C,   N,   N,   C,   C
Met,   N,   N,   N,   C,   C
Gln,   C,   N,   C,   X,   C
Lys,   C,   N,   X,   X,   N
Asn,   N,   X,   X,   X,   X
Glu,   N,   C,   N,   X,   X
Trp,   C,   N,   X,   X,   X
His,   X,   X,   X,   X,   X


2019-04-13 12:39:46,975:New solution found! (#62). Calculation time: 00:00:02. New best price = 9586.91
2019-04-13 12:39:46,975:[solution]
% Solution number = 62
% Solution price  = 9586.91
Res, S_1, S_2, S_3, S_4, S_5
Arg,   N,   N,   N,   N,   N
Thr,   N,   N,   N,   N,   X
Tyr,   N,   N,   N,   C,   N
Ser,   N,   N,   C,   N,   N
Val,   N,   N,   C,   N,   C
Leu,   N,   C,   N,   N,   C
Ala,   N,   C,   N,   C,   N
Gly,   C,   N,   C,   N,   N
Ile,   C,   C,   N,   N,   N
Pro,   X,   X,   C,   C,   X
Asp,   C,   N,   N,   N,   N
Cys,   C,   N,   N,   C,   C
Met,   N,   N,   X,   C,   C
Gln,   C,   N,   C,   X,   C
Lys,   C,   N,   X,   X,   N
Asn,   N,   X,   X,   X,   X
Glu,   N,   C,   N,   N,   N
Trp,   C,   N,   X,   X,   X
His,   X,   X,   X,   X,   X


2019-04-13 12:39:46,980:New solution found! (#63). Calculation time: 00:00:02. New best price = 9554.56
2019-04-13 12:39:46,980:[solution]
% Solution number = 63
% Solution price  = 9554.56
Res, S_1, S_2, S_3, S_4, S_5
Arg,   N,   N,   N,   N,   N
Thr,   N,   N,   N,   N,   X
Tyr,   N,   N,   N,   C,   N
Ser,   N,   N,   C,   N,   N
Val,   N,   N,   C,   N,   C
Leu,   N,   C,   N,   N,   C
Ala,   N,   C,   N,   C,   N
Gly,   C,   N,   C,   N,   N
Ile,   C,   C,   N,   N,   N
Pro,   X,   X,   C,   C,   X
Asp,   C,   N,   N,   N,   N
Cys,   C,   N,   N,   C,   C
Met,   N,   N,   X,   C,   C
Gln,   C,   N,   C,   X,   C
Lys,   C,   N,   X,   X,   N
Asn,   N,   X,   X,   X,   X
Glu,   N,   C,   N,   X,   X
Trp,   C,   N,   X,   X,   X
His,   X,   X,   X,   X,   X


2019-04-13 12:39:47,251:New solution found! (#64). Calculation time: 00:00:02. New best price = 9494.46
2019-04-13 12:39:47,251:[solution]
% Solution number = 64
% Solution price  = 9494.46
Res, S_1, S_2, S_3, S_4, S_5
Arg,   N,   N,   N,   N,   N
Thr,   N,   N,   N,   N,   X
Tyr,   N,   N,   N,   C,   N
Ser,   N,   N,   C,   N,   N
Val,   N,   N,   C,   N,   C
Leu,   N,   C,   N,   C,   N
Gly,   N,   C,   C,   N,   N
Ala,   C,   N,   N,   N,   N
Ile,   N,   N,   N,   C,   C
Pro,   C,   X,   C,   X,   X
Asp,   N,   C,   N,   N,   N
Cys,   C,   N,   N,   C,   C
Met,   N,   C,   N,   N,   C
Lys,   C,   N,   N,   N,   X
Glu,   C,   N,   N,   C,   N
Asn,   N,   X,   X,   X,   X
Trp,   N,   C,   X,   X,   X
Gln,   X,   N,   X,   C,   X
His,   X,   X,   X,   X,   X


2019-04-13 12:39:47,324:New solution found! (#65). Calculation time: 00:00:02. New best price = 9421.81
2019-04-13 12:39:47,324:[solution]
% Solution number = 65
% Solution price  = 9421.81
Res, S_1, S_2, S_3, S_4, S_5
Arg,   N,   N,   N,   N,   N
Thr,   N,   N,   N,   N,   X
Tyr,   N,   N,   N,   C,   N
Ser,   N,   N,   C,   N,   N
Val,   N,   N,   C,   N,   C
Leu,   N,   C,   N,   C,   N
Gly,   N,   C,   C,   N,   N
Ala,   C,   N,   N,   N,   N
Ile,   N,   N,   N,   C,   C
Pro,   C,   X,   C,   X,   X
Asp,   N,   C,   N,   N,   N
Cys,   C,   N,   N,   C,   C
Met,   N,   C,   N,   N,   C
Lys,   C,   X,   N,   N,   X
Glu,   C,   N,   N,   C,   N
Asn,   N,   X,   X,   X,   X
Trp,   N,   C,   X,   X,   X
Gln,   X,   N,   X,   C,   X
His,   X,   X,   X,   X,   X


2019-04-13 12:39:47,333:New solution found! (#66). Calculation time: 00:00:02. New best price = 9396.92
2019-04-13 12:39:47,334:[solution]
% Solution number = 66
% Solution price  = 9396.92
Res, S_1, S_2, S_3, S_4, S_5
Arg,   N,   N,   N,   N,   N
Thr,   N,   N,   N,   N,   X
Tyr,   N,   N,   N,   C,   N
Ser,   N,   N,   C,   N,   N
Val,   N,   N,   C,   N,   C
Leu,   N,   C,   N,   C,   N
Gly,   N,   C,   C,   N,   N
Ala,   C,   N,   N,   N,   N
Ile,   N,   N,   N,   C,   C
Pro,   C,   X,   C,   X,   X
Asp,   N,   C,   N,   N,   N
Cys,   C,   N,   N,   C,   C
Met,   N,   C,   C,   N,   C
Lys,   C,   X,   N,   N,   X
Glu,   C,   N,   N,   C,   N
Asn,   N,   X,   X,   X,   X
Trp,   N,   C,   X,   X,   X
Gln,   X,   N,   X,   C,   X
His,   X,   X,   X,   X,   X


2019-04-13 12:39:47,386:New solution found! (#67). Calculation time: 00:00:02. New best price = 9351.61
2019-04-13 12:39:47,386:[solution]
% Solution number = 67
% Solution price  = 9351.61
Res, S_1, S_2, S_3, S_4, S_5
Arg,   N,   N,   N,   N,   N
Thr,   N,   N,   N,   N,   X
Tyr,   N,   N,   N,   C,   N
Ser,   N,   N,   C,   N,   N
Val,   N,   N,   C,   N,   C
Leu,   N,   C,   N,   C,   N
Gly,   N,   C,   C,   N,   N
Ala,   C,   N,   N,   N,   N
Ile,   N,   N,   N,   C,   C
Pro,   C,   X,   C,   X,   X
Asp,   N,   C,   N,   N,   N
Cys,   C,   N,   N,   C,   C
Met,   N,   C,   X,   N,   C
Lys,   C,   X,   N,   N,   X
Glu,   C,   N,   N,   C,   N
Asn,   N,   X,   X,   X,   X
Trp,   N,   C,   X,   X,   X
Gln,   X,   N,   X,   C,   X
His,   X,   X,   X,   X,   X


2019-04-13 12:39:47,438:New solution found! (#68). Calculation time: 00:00:02. New best price = 9315.02
2019-04-13 12:39:47,438:[solution]
% Solution number = 68
% Solution price  = 9315.02
Res, S_1, S_2, S_3, S_4, S_5
Arg,   N,   N,   N,   N,   N
Thr,   N,   N,   N,   N,   X
Tyr,   N,   N,   N,   C,   N
Ser,   N,   N,   C,   N,   N
Val,   N,   N,   C,   N,   C
Leu,   N,   C,   N,   C,   N
Gly,   N,   C,   C,   N,   N
Ala,   C,   N,   N,   N,   N
Ile,   N,   N,   N,   C,   C
Pro,   C,   X,   C,   X,   X
Asp,   N,   C,   N,   N,   X
Cys,   C,   N,   N,   C,   C
Met,   N,   C,   X,   N,   C
Lys,   C,   X,   N,   N,   X
Glu,   C,   N,   N,   C,   N
Asn,   N,   X,   X,   X,   X
Trp,   N,   C,   X,   X,   X
Gln,   X,   N,   X,   C,   X
His,   X,   X,   X,   X,   X


2019-04-13 12:39:47,501:New solution found! (#69). Calculation time: 00:00:02. New best price = 9253.75
2019-04-13 12:39:47,501:[solution]
% Solution number = 69
% Solution price  = 9253.75
Res, S_1, S_2, S_3, S_4, S_5
Arg,   N,   N,   N,   N,   N
Thr,   N,   N,   N,   N,   X
Tyr,   N,   N,   N,   C,   N
Ser,   N,   N,   C,   N,   N
Val,   N,   N,   C,   N,   C
Leu,   N,   C,   N,   C,   N
Gly,   N,   C,   C,   N,   N
Ala,   C,   N,   N,   C,   N
Ile,   N,   N,   N,   C,   C
Asp,   N,   C,   N,   N,   N
Cys,   N,   C,   N,   X,   C
Met,   N,   C,   C,   N,   C
Pro,   C,   X,   C,   X,   X
Lys,   C,   N,   N,   N,   X
Glu,   C,   N,   N,   C,   X
Asn,   N,   X,   X,   X,   X
Gln,   X,   N,   X,   X,   C
Trp,   C,   X,   N,   X,   X
His,   X,   X,   X,   X,   X


2019-04-13 12:39:47,509:New solution found! (#70). Calculation time: 00:00:02. New best price = 9181.11
2019-04-13 12:39:47,510:[solution]
% Solution number = 70
% Solution price  = 9181.11
Res, S_1, S_2, S_3, S_4, S_5
Arg,   N,   N,   N,   N,   N
Thr,   N,   N,   N,   N,   X
Tyr,   N,   N,   N,   C,   N
Ser,   N,   N,   C,   N,   N
Val,   N,   N,   C,   N,   C
Leu,   N,   C,   N,   C,   N
Gly,   N,   C,   C,   N,   N
Ala,   C,   N,   N,   C,   N
Ile,   N,   N,   N,   C,   C
Asp,   N,   C,   N,   N,   N
Cys,   N,   C,   N,   X,   C
Met,   N,   C,   C,   N,   C
Pro,   C,   X,   C,   X,   X
Lys,   C,   X,   N,   N,   X
Glu,   C,   N,   N,   C,   X
Asn,   N,   X,   X,   X,   X
Gln,   X,   N,   X,   X,   C
Trp,   C,   X,   N,   X,   X
His,   X,   X,   X,   X,   X


2019-04-13 12:39:53,324:New solution found! (#71). Calculation time: 00:00:08. New best price = 9135.96
2019-04-13 12:39:53,325:[solution]
% Solution number = 71
% Solution price  = 9135.96
Res, S_1, S_2, S_3, S_4, S_5
Arg,   N,   N,   N,   N,   N
Thr,   N,   N,   N,   N,   X
Tyr,   N,   N,   N,   C,   N
Ser,   N,   C,   C,   N,   N
Val,   X,   N,   N,   N,   C
Gly,   C,   N,   N,   N,   N
Met,   C,   N,   C,   N,   C
Glu,   N,   N,   N,   C,   C
Leu,   N,   N,   C,   C,   N
Ile,   X,   N,   N,   C,   N
Ala,   N,   C,   N,   N,   N
Asp,   C,   N,   C,   N,   N
Pro,   X,   X,   X,   X,   C
Cys,   N,   C,   N,   C,   C
Lys,   X,   C,   X,   N,   N
Asn,   N,   X,   X,   X,   X
Trp,   X,   N,   C,   X,   X
Gln,   X,   N,   X,   C,   X
His,   X,   X,   X,   X,   X


2019-04-13 12:39:53,438:New solution found! (#72). Calculation time: 00:00:08. New best price = 9090.65
2019-04-13 12:39:53,439:[solution]
% Solution number = 72
% Solution price  = 9090.65
Res, S_1, S_2, S_3, S_4, S_5
Arg,   N,   N,   N,   N,   N
Thr,   N,   N,   N,   N,   X
Tyr,   N,   N,   N,   C,   N
Ser,   N,   C,   C,   N,   N
Val,   X,   N,   N,   N,   C
Gly,   C,   N,   N,   N,   N
Met,   C,   N,   X,   N,   C
Glu,   N,   N,   N,   C,   C
Leu,   N,   N,   C,   C,   N
Ile,   X,   N,   N,   C,   N
Ala,   N,   C,   N,   N,   N
Asp,   C,   N,   C,   N,   N
Pro,   X,   X,   X,   X,   C
Cys,   N,   C,   N,   C,   C
Lys,   X,   C,   X,   N,   N
Asn,   N,   X,   X,   X,   X
Trp,   X,   N,   C,   X,   X
Gln,   X,   N,   X,   C,   X
His,   X,   X,   X,   X,   X


2019-04-13 12:39:57,013:New solution found! (#73). Calculation time: 00:00:12. New best price = 9053.73
2019-04-13 12:39:57,061:[solution]
% Solution number = 73
% Solution price  = 9053.73
Res, S_1, S_2, S_3, S_4, S_5
Arg,   N,   N,   N,   N,   N
Thr,   N,   N,   N,   N,   X
Tyr,   N,   N,   N,   C,   C
Ser,   N,   N,   C,   N,   C
Val,   C,   C,   N,   N,   N
Gly,   N,   C,   N,   N,   C
Leu,   C,   N,   N,   C,   N
Ala,   N,   N,   C,   N,   N
Ile,   N,   N,   N,   C,   N
Cys,   N,   N,   C,   C,   X
Met,   C,   N,   C,   N,   C
Glu,   N,   C,   N,   C,   N
Asp,   C,   N,   N,   N,   N
Pro,   X,   X,   X,   X,   C
Lys,   N,   C,   X,   N,   N
Asn,   N,   X,   X,   X,   X
Trp,   X,   N,   X,   X,   C
Gln,   X,   C,   N,   X,   X
His,   X,   X,   X,   X,   X


2019-04-13 12:39:57,073:New solution found! (#74). Calculation time: 00:00:12. New best price = 8981.09
2019-04-13 12:39:57,073:[solution]
% Solution number = 74
% Solution price  = 8981.09
Res, S_1, S_2, S_3, S_4, S_5
Arg,   N,   N,   N,   N,   N
Thr,   N,   N,   N,   N,   X
Tyr,   N,   N,   N,   C,   C
Ser,   N,   N,   C,   N,   C
Val,   C,   C,   N,   N,   N
Gly,   N,   C,   N,   N,   C
Leu,   C,   N,   N,   C,   N
Ala,   N,   N,   C,   N,   N
Ile,   N,   N,   N,   C,   N
Cys,   N,   N,   C,   C,   X
Met,   C,   N,   C,   N,   C
Glu,   N,   C,   N,   C,   N
Asp,   C,   N,   N,   N,   N
Pro,   X,   X,   X,   X,   C
Lys,   N,   C,   X,   N,   X
Asn,   N,   X,   X,   X,   X
Trp,   X,   N,   X,   X,   C
Gln,   X,   C,   N,   X,   X
His,   X,   X,   X,   X,   X


2019-04-13 12:39:58,301:New solution found! (#75). Calculation time: 00:00:13. New best price = 8967.04
2019-04-13 12:39:58,301:[solution]
% Solution number = 75
% Solution price  = 8967.04
Res, S_1, S_2, S_3, S_4, S_5
Arg,   N,   N,   N,   N,   N
Thr,   N,   N,   N,   N,   X
Tyr,   N,   N,   N,   C,   C
Ser,   N,   N,   C,   C,   N
Val,   N,   C,   N,   N,   N
Gly,   C,   N,   N,   N,   N
Met,   C,   C,   N,   X,   N
Glu,   N,   C,   X,   N,   C
Asp,   C,   N,   N,   C,   N
Ile,   X,   N,   N,   N,   C
Ala,   N,   N,   C,   N,   N
Leu,   N,   N,   N,   C,   N
Pro,   X,   C,   X,   X,   X
Lys,   X,   N,   C,   X,   N
Cys,   X,   X,   N,   N,   C
Asn,   N,   X,   X,   X,   X
Gln,   C,   N,   X,   X,   C
Trp,   C,   X,   N,   X,   X
His,   X,   X,   X,   X,   X


2019-04-13 12:40:02,131:New solution found! (#76). Calculation time: 00:00:17. New best price = 8952.41
2019-04-13 12:40:02,180:[solution]
% Solution number = 76
% Solution price  = 8952.41
Res, S_1, S_2, S_3, S_4, S_5
Arg,   N,   N,   N,   N,   N
Thr,   N,   N,   N,   N,   X
Tyr,   N,   N,   N,   C,   C
Ser,   N,   C,   C,   N,   N
Val,   C,   N,   C,   N,   N
Gly,   N,   N,   C,   N,   C
Leu,   C,   N,   N,   C,   N
Ala,   N,   C,   N,   N,   N
Ile,   N,   N,   N,   C,   N
Asp,   C,   X,   N,   N,   N
Met,   C,   C,   N,   N,   C
Pro,   X,   X,   X,   X,   C
Cys,   N,   C,   N,   C,   X
Lys,   N,   X,   C,   N,   X
Glu,   N,   N,   X,   C,   N
Asn,   N,   X,   X,   X,   X
Gln,   X,   N,   C,   C,   X
Trp,   X,   N,   X,   X,   C
His,   X,   X,   X,   X,   X


2019-04-13 12:40:02,222:New solution found! (#77). Calculation time: 00:00:17. New best price = 8913.83
2019-04-13 12:40:02,223:[solution]
% Solution number = 77
% Solution price  = 8913.83
Res, S_1, S_2, S_3, S_4, S_5
Arg,   N,   N,   N,   N,   N
Thr,   N,   N,   N,   N,   X
Tyr,   N,   N,   N,   C,   C
Ser,   N,   C,   C,   N,   N
Val,   C,   N,   C,   N,   N
Gly,   N,   N,   C,   N,   C
Leu,   C,   C,   N,   N,   N
Ala,   N,   N,   N,   C,   N
Ile,   N,   C,   N,   N,   N
Asp,   N,   N,   C,   N,   N
Met,   C,   N,   N,   C,   C
Pro,   X,   X,   X,   X,   C
Cys,   X,   C,   N,   C,   N
Lys,   N,   X,   C,   N,   X
Glu,   X,   N,   N,   C,   N
Asn,   N,   N,   X,   X,   X
Trp,   N,   X,   X,   X,   C
Gln,   C,   N,   X,   X,   X
His,   X,   X,   X,   X,   X


2019-04-13 12:40:02,230:New solution found! (#78). Calculation time: 00:00:17. New best price = 8887.71
2019-04-13 12:40:02,230:[solution]
% Solution number = 78
% Solution price  = 8887.71
Res, S_1, S_2, S_3, S_4, S_5
Arg,   N,   N,   N,   N,   N
Thr,   N,   N,   N,   N,   X
Tyr,   N,   N,   N,   C,   C
Ser,   N,   C,   C,   N,   N
Val,   C,   N,   C,   N,   N
Gly,   N,   N,   C,   N,   C
Leu,   C,   C,   N,   N,   N
Ala,   N,   N,   N,   C,   N
Ile,   N,   C,   N,   N,   N
Asp,   N,   N,   C,   N,   N
Met,   C,   N,   N,   C,   C
Pro,   X,   X,   X,   X,   C
Cys,   X,   C,   N,   C,   N
Lys,   N,   X,   C,   N,   X
Glu,   X,   N,   N,   C,   N
Asn,   N,   X,   X,   X,   X
Trp,   X,   N,   X,   X,   C
Gln,   C,   N,   X,   N,   X
His,   X,   X,   X,   X,   X


2019-04-13 12:40:02,234:New solution found! (#79). Calculation time: 00:00:17. New best price = 8794.97
2019-04-13 12:40:02,234:[solution]
% Solution number = 79
% Solution price  = 8794.97
Res, S_1, S_2, S_3, S_4, S_5
Arg,   N,   N,   N,   N,   N
Thr,   N,   N,   N,   N,   X
Tyr,   N,   N,   N,   C,   C
Ser,   N,   C,   C,   N,   N
Val,   C,   N,   C,   N,   N
Gly,   N,   N,   C,   N,   C
Leu,   C,   C,   N,   N,   N
Ala,   N,   N,   N,   C,   N
Ile,   N,   C,   N,   N,   N
Asp,   N,   N,   C,   N,   N
Met,   C,   N,   N,   C,   C
Pro,   X,   X,   X,   X,   C
Cys,   X,   C,   N,   C,   N
Lys,   N,   X,   C,   N,   X
Glu,   X,   N,   N,   C,   N
Asn,   N,   X,   X,   X,   X
Trp,   X,   N,   X,   X,   C
Gln,   C,   X,   N,   X,   X
His,   X,   X,   X,   X,   X


2019-04-13 12:40:34,436:New solution found! (#80). Calculation time: 00:00:49. New best price = 8742.58
2019-04-13 12:40:34,437:[solution]
% Solution number = 80
% Solution price  = 8742.58
Res, S_1, S_2, S_3, S_4, S_5
Arg,   N,   N,   N,   N,   N
Thr,   N,   N,   N,   X,   X
Tyr,   N,   N,   C,   N,   N
Ser,   C,   C,   N,   N,   N
Val,   N,   N,   N,   N,   C
Gly,   N,   N,   N,   C,   N
Met,   N,   C,   N,   C,   C
Glu,   N,   N,   C,   N,   C
Ile,   N,   N,   C,   X,   N
Leu,   N,   C,   N,   N,   N
Ala,   C,   N,   N,   N,   N
Asp,   N,   C,   N,   C,   N
Pro,   X,   X,   X,   X,   C
Cys,   N,   N,   C,   C,   X
Lys,   C,   X,   N,   X,   N
Asn,   N,   X,   X,   X,   X
Gln,   X,   N,   C,   X,   X
Trp,   N,   X,   X,   C,   X
His,   X,   X,   X,   X,   X


2019-04-13 12:40:34,523:New solution found! (#81). Calculation time: 00:00:49. New best price = 8726.4
2019-04-13 12:40:34,524:[solution]
% Solution number = 81
% Solution price  = 8726.4
Res, S_1, S_2, S_3, S_4, S_5
Arg,   N,   N,   N,   N,   N
Thr,   N,   N,   N,   X,   X
Tyr,   N,   N,   C,   N,   N
Ser,   C,   C,   N,   N,   N
Val,   N,   N,   N,   N,   C
Gly,   N,   N,   N,   C,   N
Met,   N,   C,   N,   C,   C
Glu,   X,   N,   C,   N,   C
Asp,   N,   C,   N,   C,   N
Ile,   N,   N,   C,   X,   N
Ala,   C,   N,   N,   N,   N
Leu,   N,   C,   N,   N,   N
Pro,   X,   X,   X,   X,   C
Cys,   N,   N,   C,   C,   X
Lys,   C,   X,   N,   X,   N
Asn,   N,   X,   X,   X,   X
Gln,   X,   N,   C,   X,   X
Trp,   N,   X,   X,   C,   X
His,   X,   X,   X,   X,   X


2019-04-13 12:40:34,564:New solution found! (#82). Calculation time: 00:00:49. New best price = 8697.27
2019-04-13 12:40:34,564:[solution]
% Solution number = 82
% Solution price  = 8697.27
Res, S_1, S_2, S_3, S_4, S_5
Arg,   N,   N,   N,   N,   N
Thr,   N,   N,   N,   X,   X
Tyr,   N,   N,   C,   N,   N
Ser,   C,   C,   N,   N,   N
Val,   N,   N,   N,   N,   C
Gly,   N,   N,   N,   C,   N
Met,   N,   X,   N,   C,   C
Glu,   N,   N,   C,   N,   C
Ile,   N,   N,   C,   X,   N
Leu,   N,   C,   N,   N,   N
Ala,   C,   N,   N,   N,   N
Asp,   N,   C,   N,   C,   N
Pro,   X,   X,   X,   X,   C
Cys,   N,   N,   C,   C,   X
Lys,   C,   X,   N,   X,   N
Asn,   N,   X,   X,   X,   X
Gln,   X,   N,   C,   X,   X
Trp,   N,   X,   X,   C,   X
His,   X,   X,   X,   X,   X


2019-04-13 12:40:34,613:New solution found! (#83). Calculation time: 00:00:49. New best price = 8681.1
2019-04-13 12:40:34,613:[solution]
% Solution number = 83
% Solution price  = 8681.1
Res, S_1, S_2, S_3, S_4, S_5
Arg,   N,   N,   N,   N,   N
Thr,   N,   N,   N,   X,   X
Tyr,   N,   N,   C,   N,   N
Ser,   C,   C,   N,   N,   N
Val,   N,   N,   N,   N,   C
Gly,   N,   N,   N,   C,   N
Met,   N,   X,   N,   C,   C
Glu,   X,   N,   C,   N,   C
Asp,   N,   C,   N,   C,   N
Ile,   N,   N,   C,   X,   N
Ala,   C,   N,   N,   N,   N
Leu,   N,   C,   N,   N,   N
Pro,   X,   X,   X,   X,   C
Cys,   N,   N,   C,   C,   X
Lys,   C,   X,   N,   X,   N
Asn,   N,   X,   X,   X,   X
Gln,   X,   N,   C,   X,   X
Trp,   N,   X,   X,   C,   X
His,   X,   X,   X,   X,   X


2019-04-13 12:40:41,021:New solution found! (#84). Calculation time: 00:00:56. New best price = 8675.31
2019-04-13 12:40:41,021:[solution]
% Solution number = 84
% Solution price  = 8675.31
Res, S_1, S_2, S_3, S_4, S_5
Arg,   N,   N,   N,   N,   N
Thr,   N,   N,   N,   X,   X
Tyr,   N,   N,   C,   N,   C
Ser,   N,   C,   N,   C,   N
Val,   C,   N,   N,   C,   N
Gly,   C,   N,   N,   N,   C
Leu,   N,   N,   C,   C,   N
Ala,   N,   C,   N,   N,   N
Ile,   X,   N,   C,   N,   N
Asp,   C,   X,   N,   N,   N
Met,   N,   C,   N,   C,   C
Pro,   X,   X,   X,   X,   C
Cys,   N,   C,   C,   X,   N
Lys,   C,   X,   N,   N,   X
Glu,   N,   N,   C,   N,   N
Asn,   N,   X,   X,   X,   X
Gln,   X,   N,   C,   C,   X
Trp,   X,   N,   X,   X,   C
His,   X,   X,   X,   X,   X


2019-04-13 12:40:41,061:New solution found! (#85). Calculation time: 00:00:56. New best price = 8659.13
2019-04-13 12:40:41,061:[solution]
% Solution number = 85
% Solution price  = 8659.13
Res, S_1, S_2, S_3, S_4, S_5
Arg,   N,   N,   N,   N,   N
Thr,   N,   N,   N,   X,   X
Tyr,   N,   N,   C,   N,   C
Ser,   N,   C,   N,   C,   N
Val,   C,   N,   N,   C,   N
Gly,   C,   N,   N,   N,   C
Leu,   N,   N,   C,   C,   N
Ala,   N,   C,   N,   N,   N
Ile,   X,   N,   C,   N,   N
Asp,   C,   X,   N,   N,   N
Met,   N,   C,   N,   C,   C
Pro,   X,   X,   X,   X,   C
Cys,   N,   C,   C,   X,   N
Lys,   C,   X,   N,   N,   X
Glu,   N,   X,   C,   N,   N
Asn,   N,   X,   X,   X,   X
Gln,   X,   N,   C,   C,   X
Trp,   X,   N,   X,   X,   C
His,   X,   X,   X,   X,   X


2019-04-13 12:40:46,027:UPDATE: search in 5 samples; iteration   1000000; time:     61 sec; max depth=18; solutions found= 85    ; best price=8659.13492
2019-04-13 12:40:48,119:New solution found! (#86). Calculation time: 00:01:03. New best price = 8578.99
2019-04-13 12:40:48,120:[solution]
% Solution number = 86
% Solution price  = 8578.99
Res, S_1, S_2, S_3, S_4, S_5
Arg,   N,   N,   N,   N,   N
Thr,   N,   N,   N,   X,   X
Tyr,   N,   N,   C,   N,   C
Ser,   C,   C,   N,   N,   N
Val,   N,   C,   N,   C,   N
Gly,   N,   C,   N,   N,   C
Leu,   C,   N,   N,   C,   N
Ala,   N,   N,   C,   N,   N
Ile,   C,   N,   N,   N,   N
Asp,   N,   C,   N,   N,   N
Met,   N,   N,   C,   C,   C
Pro,   X,   X,   X,   X,   C
Cys,   C,   N,   C,   X,   N
Lys,   X,   C,   N,   N,   X
Glu,   N,   N,   C,   X,   N
Asn,   N,   X,   X,   X,   X
Trp,   X,   N,   X,   X,   C
Gln,   X,   X,   N,   C,   X
His,   X,   X,   X,   X,   X


2019-04-13 12:41:15,945:New solution found! (#87). Calculation time: 00:01:31. New best price = 8574.06
2019-04-13 12:41:15,945:[solution]
% Solution number = 87
% Solution price  = 8574.06
Res, S_1, S_2, S_3, S_4, S_5
Arg,   N,   N,   N,   N,   N
Thr,   N,   N,   X,   X,   X
Tyr,   N,   C,   N,   N,   C
Ser,   C,   C,   N,   N,   N
Val,   N,   N,   N,   C,   N
Gly,   N,   N,   C,   N,   N
Met,   N,   X,   C,   C,   N
Glu,   N,   N,   N,   C,   C
Asp,   N,   C,   C,   N,   N
Ile,   N,   N,   X,   N,   C
Ala,   C,   N,   N,   N,   N
Leu,   N,   C,   N,   N,   N
Pro,   X,   X,   X,   C,   X
Lys,   C,   X,   X,   N,   N
Cys,   X,   N,   N,   C,   C
Asn,   N,   X,   X,   X,   X
Gln,   X,   N,   X,   X,   C
Trp,   N,   X,   C,   X,   X
His,   X,   X,   X,   X,   X


2019-04-13 12:41:15,995:New solution found! (#88). Calculation time: 00:01:31. New best price = 8551.26
2019-04-13 12:41:15,995:[solution]
% Solution number = 88
% Solution price  = 8551.26
Res, S_1, S_2, S_3, S_4, S_5
Arg,   N,   N,   N,   N,   N
Thr,   N,   N,   X,   X,   X
Tyr,   N,   C,   N,   N,   C
Ser,   C,   C,   N,   N,   N
Val,   N,   N,   N,   C,   N
Gly,   N,   N,   C,   N,   N
Met,   N,   X,   C,   C,   N
Glu,   N,   N,   N,   C,   C
Asp,   N,   C,   C,   N,   N
Ile,   N,   N,   X,   N,   C
Ala,   C,   N,   N,   N,   N
Leu,   N,   C,   N,   N,   N
Pro,   X,   X,   X,   C,   X
Lys,   C,   X,   X,   N,   N
Cys,   X,   N,   N,   X,   C
Asn,   N,   X,   X,   X,   X
Gln,   X,   N,   C,   X,   C
Trp,   N,   X,   C,   X,   X
His,   X,   X,   X,   X,   X


2019-04-13 12:41:49,655:UPDATE: search in 5 samples; iteration   2000000; time:    124 sec; max depth=18; solutions found= 88    ; best price=8551.258989999998
2019-04-13 12:42:54,541:UPDATE: search in 5 samples; iteration   3000000; time:    189 sec; max depth=18; solutions found= 88    ; best price=8551.258989999998
2019-04-13 12:42:59,200:New solution found! (#89). Calculation time: 00:03:14. New best price = 8533.42
2019-04-13 12:42:59,201:[solution]
% Solution number = 89
% Solution price  = 8533.42
Res, S_1, S_2, S_3, S_4, S_5
Arg,   N,   N,   N,   N,   X
Thr,   N,   N,   N,   X,   X
Tyr,   N,   N,   C,   N,   C
Ser,   N,   C,   N,   N,   C
Val,   C,   N,   N,   C,   N
Leu,   N,   N,   C,   C,   N
Gly,   C,   N,   N,   N,   C
Ala,   N,   C,   N,   N,   N
Ile,   N,   N,   C,   N,   N
Cys,   N,   C,   C,   N,   X
Met,   N,   C,   N,   C,   C
Glu,   C,   N,   C,   N,   N
Asp,   N,   N,   N,   C,   N
Pro,   X,   X,   X,   X,   C
Lys,   C,   X,   N,   N,   X
Asn,   N,   X,   X,   X,   X
Trp,   X,   N,   X,   X,   C
Gln,   C,   N,   X,   X,   X
His,   X,   X,   X,   X,   X


2019-04-13 12:43:00,879:New solution found! (#90). Calculation time: 00:03:16. New best price = 8504.74
2019-04-13 12:43:00,879:[solution]
% Solution number = 90
% Solution price  = 8504.74
Res, S_1, S_2, S_3, S_4, S_5
Arg,   N,   N,   N,   N,   X
Thr,   N,   N,   N,   X,   X
Tyr,   N,   N,   C,   N,   C
Ser,   N,   C,   N,   C,   N
Val,   C,   N,   N,   C,   N
Leu,   N,   N,   C,   C,   N
Gly,   C,   N,   N,   N,   C
Ala,   N,   C,   N,   N,   N
Ile,   N,   N,   C,   N,   N
Asp,   C,   X,   N,   N,   N
Met,   N,   C,   N,   C,   C
Pro,   X,   X,   X,   X,   C
Cys,   N,   C,   C,   X,   N
Lys,   C,   X,   N,   N,   X
Glu,   N,   X,   C,   N,   N
Asn,   N,   X,   X,   X,   X
Gln,   X,   N,   C,   C,   X
Trp,   X,   N,   X,   X,   C
His,   X,   X,   X,   X,   X


2019-04-13 12:43:00,933:New solution found! (#91). Calculation time: 00:03:16. New best price = 8480.22
2019-04-13 12:43:00,933:[solution]
% Solution number = 91
% Solution price  = 8480.22
Res, S_1, S_2, S_3, S_4, S_5
Arg,   N,   N,   N,   N,   X
Thr,   N,   N,   N,   X,   X
Tyr,   N,   N,   C,   N,   C
Ser,   N,   C,   N,   C,   N
Val,   C,   N,   N,   C,   N
Leu,   N,   N,   C,   C,   N
Gly,   C,   N,   N,   N,   C
Ala,   N,   C,   N,   N,   N
Ile,   X,   N,   C,   N,   N
Asp,   C,   N,   N,   N,   N
Met,   N,   C,   N,   C,   C
Pro,   X,   X,   X,   X,   C
Cys,   N,   C,   C,   X,   N
Lys,   C,   X,   N,   N,   X
Glu,   N,   N,   C,   N,   N
Asn,   N,   X,   X,   X,   X
Gln,   X,   N,   C,   C,   X
Trp,   X,   N,   X,   X,   C
His,   X,   X,   X,   X,   X


2019-04-13 12:43:00,954:New solution found! (#92). Calculation time: 00:03:16. New best price = 8464.04
2019-04-13 12:43:00,955:[solution]
% Solution number = 92
% Solution price  = 8464.04
Res, S_1, S_2, S_3, S_4, S_5
Arg,   N,   N,   N,   N,   X
Thr,   N,   N,   N,   X,   X
Tyr,   N,   N,   C,   N,   C
Ser,   N,   C,   N,   C,   N
Val,   C,   N,   N,   C,   N
Leu,   N,   N,   C,   C,   N
Gly,   C,   N,   N,   N,   C
Ala,   N,   C,   N,   N,   N
Ile,   X,   N,   C,   N,   N
Asp,   C,   N,   N,   N,   N
Met,   N,   C,   N,   C,   C
Pro,   X,   X,   X,   X,   C
Cys,   N,   C,   C,   X,   N
Lys,   C,   X,   N,   N,   X
Glu,   N,   X,   C,   N,   N
Asn,   N,   X,   X,   X,   X
Gln,   X,   N,   C,   C,   X
Trp,   X,   N,   X,   X,   C
His,   X,   X,   X,   X,   X


2019-04-13 12:43:00,973:New solution found! (#93). Calculation time: 00:03:16. New best price = 8443.63
2019-04-13 12:43:00,983:[solution]
% Solution number = 93
% Solution price  = 8443.63
Res, S_1, S_2, S_3, S_4, S_5
Arg,   N,   N,   N,   N,   X
Thr,   N,   N,   N,   X,   X
Tyr,   N,   N,   C,   N,   C
Ser,   N,   C,   N,   C,   N
Val,   C,   N,   N,   C,   N
Leu,   N,   N,   C,   C,   N
Gly,   C,   N,   N,   N,   C
Ala,   N,   C,   N,   N,   N
Ile,   X,   N,   C,   N,   N
Asp,   C,   X,   N,   N,   N
Met,   N,   C,   N,   C,   C
Pro,   X,   X,   X,   X,   C
Cys,   N,   C,   C,   X,   N
Lys,   C,   X,   N,   N,   X
Glu,   N,   N,   C,   N,   N
Asn,   N,   X,   X,   X,   X
Gln,   X,   N,   C,   C,   X
Trp,   X,   N,   X,   X,   C
His,   X,   X,   X,   X,   X


2019-04-13 12:43:00,990:New solution found! (#94). Calculation time: 00:03:16. New best price = 8427.45
2019-04-13 12:43:00,991:[solution]
% Solution number = 94
% Solution price  = 8427.45
Res, S_1, S_2, S_3, S_4, S_5
Arg,   N,   N,   N,   N,   X
Thr,   N,   N,   N,   X,   X
Tyr,   N,   N,   C,   N,   C
Ser,   N,   C,   N,   C,   N
Val,   C,   N,   N,   C,   N
Leu,   N,   N,   C,   C,   N
Gly,   C,   N,   N,   N,   C
Ala,   N,   C,   N,   N,   N
Ile,   X,   N,   C,   N,   N
Asp,   C,   X,   N,   N,   N
Met,   N,   C,   N,   C,   C
Pro,   X,   X,   X,   X,   C
Cys,   N,   C,   C,   X,   N
Lys,   C,   X,   N,   N,   X
Glu,   N,   X,   C,   N,   N
Asn,   N,   X,   X,   X,   X
Gln,   X,   N,   C,   C,   X
Trp,   X,   N,   X,   X,   C
His,   X,   X,   X,   X,   X


2019-04-13 12:43:04,401:New solution found! (#95). Calculation time: 00:03:19. New best price = 8347.31
2019-04-13 12:43:04,401:[solution]
% Solution number = 95
% Solution price  = 8347.31
Res, S_1, S_2, S_3, S_4, S_5
Arg,   N,   N,   N,   N,   X
Thr,   N,   N,   N,   X,   X
Tyr,   N,   N,   C,   N,   C
Ser,   C,   C,   N,   N,   N
Val,   N,   C,   N,   C,   N
Leu,   C,   N,   N,   C,   N
Gly,   N,   C,   N,   N,   C
Ala,   N,   N,   C,   N,   N
Ile,   C,   N,   N,   N,   N
Asp,   N,   C,   N,   N,   N
Met,   N,   N,   C,   C,   C
Pro,   X,   X,   X,   X,   C
Cys,   C,   N,   C,   X,   N
Lys,   X,   C,   N,   N,   X
Glu,   N,   N,   C,   X,   N
Asn,   N,   X,   X,   X,   X
Trp,   X,   N,   X,   X,   C
Gln,   X,   X,   N,   C,   X
His,   X,   X,   X,   X,   X


2019-04-13 12:43:57,191:UPDATE: search in 5 samples; iteration   4000000; time:    252 sec; max depth=18; solutions found= 95    ; best price=8347.30997
2019-04-13 12:45:01,527:UPDATE: search in 5 samples; iteration   5000000; time:    316 sec; max depth=18; solutions found= 95    ; best price=8347.30997
2019-04-13 12:45:28,187:New solution found! (#96). Calculation time: 00:05:43. New best price = 8309.65
2019-04-13 12:45:28,187:[solution]
% Solution number = 96
% Solution price  = 8309.65
Res, S_1, S_2, S_3, S_4, S_5
Arg,   N,   N,   N,   X,   X
Tyr,   N,   N,   C,   N,   C
Ser,   N,   C,   N,   C,   N
Leu,   N,   C,   C,   N,   N
Gly,   C,   N,   N,   N,   C
Val,   C,   C,   N,   N,   N
Ala,   N,   N,   N,   C,   N
Ile,   N,   N,   C,   N,   N
Asp,   C,   N,   N,   N,   N
Met,   N,   C,   N,   C,   C
Pro,   X,   X,   X,   X,   C
Cys,   N,   X,   C,   C,   N
Thr,   N,   X,   N,   N,   X
Lys,   C,   N,   N,   X,   X
Glu,   N,   N,   C,   X,   N
Asn,   N,   X,   X,   X,   X
Gln,   X,   N,   C,   X,   C
Trp,   X,   X,   N,   X,   C
His,   X,   X,   X,   X,   X


2019-04-13 12:45:28,243:New solution found! (#97). Calculation time: 00:05:43. New best price = 8273.06
2019-04-13 12:45:28,245:[solution]
% Solution number = 97
% Solution price  = 8273.06
Res, S_1, S_2, S_3, S_4, S_5
Arg,   N,   N,   N,   X,   X
Tyr,   N,   N,   C,   N,   C
Ser,   N,   C,   N,   C,   N
Leu,   N,   C,   C,   N,   N
Gly,   C,   N,   N,   N,   C
Val,   C,   C,   N,   N,   N
Ala,   N,   N,   N,   C,   N
Ile,   N,   N,   C,   N,   N
Asp,   C,   N,   N,   X,   N
Met,   N,   C,   N,   C,   C
Pro,   X,   X,   X,   X,   C
Cys,   N,   X,   C,   C,   N
Thr,   N,   X,   N,   N,   X
Lys,   C,   N,   N,   X,   X
Glu,   N,   N,   C,   X,   N
Asn,   N,   X,   X,   X,   X
Gln,   X,   N,   C,   X,   C
Trp,   X,   X,   N,   X,   C
His,   X,   X,   X,   X,   X


2019-04-13 12:45:28,291:New solution found! (#98). Calculation time: 00:05:43. New best price = 8248.53
2019-04-13 12:45:28,291:[solution]
% Solution number = 98
% Solution price  = 8248.53
Res, S_1, S_2, S_3, S_4, S_5
Arg,   N,   N,   N,   X,   X
Tyr,   N,   N,   C,   N,   C
Ser,   N,   C,   N,   C,   N
Leu,   N,   C,   C,   N,   N
Gly,   C,   N,   N,   N,   C
Val,   C,   C,   N,   N,   N
Ala,   N,   N,   N,   C,   N
Ile,   X,   N,   C,   N,   N
Asp,   C,   N,   N,   N,   N
Met,   N,   C,   N,   C,   C
Pro,   X,   X,   X,   X,   C
Cys,   N,   X,   C,   C,   N
Thr,   N,   N,   X,   X,   N
Lys,   C,   N,   N,   X,   X
Glu,   N,   N,   C,   N,   N
Asn,   N,   X,   X,   X,   X
Gln,   X,   N,   C,   X,   C
Trp,   X,   X,   N,   X,   C
His,   X,   X,   X,   X,   X


2019-04-13 12:45:28,300:New solution found! (#99). Calculation time: 00:05:43. New best price = 8232.36
2019-04-13 12:45:28,301:[solution]
% Solution number = 99
% Solution price  = 8232.36
Res, S_1, S_2, S_3, S_4, S_5
Arg,   N,   N,   N,   X,   X
Tyr,   N,   N,   C,   N,   C
Ser,   N,   C,   N,   C,   N
Leu,   N,   C,   C,   N,   N
Gly,   C,   N,   N,   N,   C
Val,   C,   C,   N,   N,   N
Ala,   N,   N,   N,   C,   N
Ile,   X,   N,   C,   N,   N
Asp,   C,   N,   N,   N,   N
Met,   N,   C,   N,   C,   C
Pro,   X,   X,   X,   X,   C
Cys,   N,   X,   C,   C,   N
Thr,   N,   X,   N,   N,   X
Lys,   C,   N,   N,   X,   X
Glu,   N,   N,   C,   X,   N
Asn,   N,   X,   X,   X,   X
Gln,   X,   N,   C,   X,   C
Trp,   X,   X,   N,   X,   C
His,   X,   X,   X,   X,   X


2019-04-13 12:45:28,332:New solution found! (#100). Calculation time: 00:05:43. New best price = 8211.94
2019-04-13 12:45:28,332:[solution]
% Solution number = 100
% Solution price  = 8211.94
Res, S_1, S_2, S_3, S_4, S_5
Arg,   N,   N,   N,   X,   X
Tyr,   N,   N,   C,   N,   C
Ser,   N,   C,   N,   C,   N
Leu,   N,   C,   C,   N,   N
Gly,   C,   N,   N,   N,   C
Val,   C,   C,   N,   N,   N
Ala,   N,   N,   N,   C,   N
Ile,   X,   N,   C,   N,   N
Asp,   C,   N,   N,   X,   N
Met,   N,   C,   N,   C,   C
Pro,   X,   X,   X,   X,   C
Cys,   N,   X,   C,   C,   N
Thr,   N,   N,   X,   X,   N
Lys,   C,   N,   N,   X,   X
Glu,   N,   N,   C,   N,   N
Asn,   N,   X,   X,   X,   X
Gln,   X,   N,   C,   X,   C
Trp,   X,   X,   N,   X,   C
His,   X,   X,   X,   X,   X


2019-04-13 12:45:28,346:New solution found! (#101). Calculation time: 00:05:43. New best price = 8195.77
2019-04-13 12:45:28,346:[solution]
% Solution number = 101
% Solution price  = 8195.77
Res, S_1, S_2, S_3, S_4, S_5
Arg,   N,   N,   N,   X,   X
Tyr,   N,   N,   C,   N,   C
Ser,   N,   C,   N,   C,   N
Leu,   N,   C,   C,   N,   N
Gly,   C,   N,   N,   N,   C
Val,   C,   C,   N,   N,   N
Ala,   N,   N,   N,   C,   N
Ile,   X,   N,   C,   N,   N
Asp,   C,   N,   N,   X,   N
Met,   N,   C,   N,   C,   C
Pro,   X,   X,   X,   X,   C
Cys,   N,   X,   C,   C,   N
Thr,   N,   X,   N,   N,   X
Lys,   C,   N,   N,   X,   X
Glu,   N,   N,   C,   X,   N
Asn,   N,   X,   X,   X,   X
Gln,   X,   N,   C,   X,   C
Trp,   X,   X,   N,   X,   C
His,   X,   X,   X,   X,   X


2019-04-13 12:45:41,368:New solution found! (#102). Calculation time: 00:05:56. New best price = 8192.44
2019-04-13 12:45:41,369:[solution]
% Solution number = 102
% Solution price  = 8192.44
Res, S_1, S_2, S_3, S_4, S_5
Arg,   N,   N,   N,   X,   X
Tyr,   N,   C,   C,   N,   N
Ser,   N,   N,   C,   N,   N
Leu,   C,   N,   N,   N,   C
Gly,   N,   N,   C,   N,   C
Val,   N,   N,   C,   C,   N
Ala,   C,   C,   N,   N,   N
Ile,   C,   N,   N,   C,   N
Asp,   N,   N,   N,   N,   C
Met,   N,   N,   C,   C,   C
Cys,   N,   X,   N,   C,   C
Pro,   X,   C,   C,   X,   X
Thr,   X,   N,   N,   X,   X
Lys,   N,   C,   X,   N,   X
Asn,   N,   X,   X,   X,   X
Gln,   X,   N,   X,   C,   X
Glu,   C,   X,   N,   X,   N
Trp,   C,   N,   X,   X,   X
His,   X,   X,   X,   X,   X


2019-04-13 12:45:48,257:New solution found! (#103). Calculation time: 00:06:03. New best price = 8156.0
2019-04-13 12:45:48,257:[solution]
% Solution number = 103
% Solution price  = 8156.0
Res, S_1, S_2, S_3, S_4, S_5
Arg,   N,   N,   N,   X,   X
Tyr,   N,   C,   C,   N,   N
Ser,   C,   N,   C,   N,   N
Val,   N,   N,   N,   N,   C
Gly,   N,   N,   N,   C,   N
Met,   N,   N,   C,   C,   C
Glu,   N,   C,   N,   N,   C
Asp,   N,   N,   C,   C,   N
Ile,   N,   C,   N,   X,   N
Ala,   C,   N,   N,   N,   N
Leu,   N,   N,   C,   N,   N
Pro,   X,   X,   X,   X,   C
Thr,   N,   X,   N,   X,   X
Lys,   C,   N,   X,   X,   N
Cys,   X,   C,   N,   N,   C
Asn,   N,   X,   X,   X,   X
Gln,   X,   C,   N,   X,   X
Trp,   N,   X,   X,   C,   X
His,   X,   X,   X,   X,   X


2019-04-13 12:45:48,301:New solution found! (#104). Calculation time: 00:06:03. New best price = 8133.2
2019-04-13 12:45:48,301:[solution]
% Solution number = 104
% Solution price  = 8133.2
Res, S_1, S_2, S_3, S_4, S_5
Arg,   N,   N,   N,   X,   X
Tyr,   N,   C,   C,   N,   N
Ser,   C,   N,   C,   N,   N
Val,   N,   N,   N,   N,   C
Gly,   N,   N,   N,   C,   N
Met,   N,   N,   C,   C,   C
Glu,   N,   C,   N,   N,   C
Asp,   N,   N,   C,   C,   N
Ile,   N,   C,   N,   X,   N
Ala,   C,   N,   N,   N,   N
Leu,   N,   N,   C,   N,   N
Pro,   X,   X,   X,   X,   C
Thr,   N,   X,   N,   X,   X
Lys,   C,   N,   X,   X,   N
Cys,   X,   C,   N,   N,   X
Asn,   N,   X,   X,   X,   X
Gln,   X,   C,   N,   C,   X
Trp,   N,   X,   X,   C,   X
His,   X,   X,   X,   X,   X


2019-04-13 12:45:48,395:New solution found! (#105). Calculation time: 00:06:03. New best price = 8110.69
2019-04-13 12:45:48,396:[solution]
% Solution number = 105
% Solution price  = 8110.69
Res, S_1, S_2, S_3, S_4, S_5
Arg,   N,   N,   N,   X,   X
Tyr,   N,   C,   C,   N,   N
Ser,   C,   N,   C,   N,   N
Val,   N,   N,   N,   N,   C
Gly,   N,   N,   N,   C,   N
Met,   N,   N,   X,   C,   C
Glu,   N,   C,   N,   N,   C
Asp,   N,   N,   C,   C,   N
Ile,   N,   C,   N,   X,   N
Ala,   C,   N,   N,   N,   N
Leu,   N,   N,   C,   N,   N
Pro,   X,   X,   X,   X,   C
Thr,   N,   X,   N,   X,   X
Lys,   C,   N,   X,   X,   N
Cys,   X,   C,   N,   N,   C
Asn,   N,   X,   X,   X,   X
Gln,   X,   C,   N,   X,   X
Trp,   N,   X,   X,   C,   X
His,   X,   X,   X,   X,   X


2019-04-13 12:45:48,403:New solution found! (#106). Calculation time: 00:06:03. New best price = 8087.89
2019-04-13 12:45:48,403:[solution]
% Solution number = 106
% Solution price  = 8087.89
Res, S_1, S_2, S_3, S_4, S_5
Arg,   N,   N,   N,   X,   X
Tyr,   N,   C,   C,   N,   N
Ser,   C,   N,   C,   N,   N
Val,   N,   N,   N,   N,   C
Gly,   N,   N,   N,   C,   N
Met,   N,   N,   X,   C,   C
Glu,   N,   C,   N,   N,   C
Asp,   N,   N,   C,   C,   N
Ile,   N,   C,   N,   X,   N
Ala,   C,   N,   N,   N,   N
Leu,   N,   N,   C,   N,   N
Pro,   X,   X,   X,   X,   C
Thr,   N,   X,   N,   X,   X
Lys,   C,   N,   X,   X,   N
Cys,   X,   C,   N,   N,   X
Asn,   N,   X,   X,   X,   X
Gln,   X,   C,   N,   C,   X
Trp,   N,   X,   X,   C,   X
His,   X,   X,   X,   X,   X


2019-04-13 12:45:52,782:Search in 5 sample(s) finished successfully!
2019-04-13 12:45:52,783:Search for solution finished successfully!
Calculation time: 		00:06:07
Total iterations: 5801086
