[2018-06-27_14:55:07]

#############################################################################
#                                                                           #
#        UCSL (Versioon 1.0.0)- Calculation of Universal                       #
#        Combinatorial Labeling Schemes for Fast NMR Protein                #
#        Assignment.                                                        #
#                                                                           #
#        In case of using for scientific purpose, please cite our article^  #
#                                                                           #
#                                                                           #
#                                                                           #
#                                                                           #
#############################################################################
[2018-06-27_14:55:07]
[NCS = XND4][2018-06-27_14:55:07]
BlockFinder.find() started at 27-06-2018 11:55:07
BlockFinder: samples=1 min_depth=2
[2018-06-27_14:55:07]
BlockFinder.find() started at 27-06-2018 11:55:07
BlockFinder: samples=2 min_depth=2
[2018-06-27_14:55:07]

[ELB samples = 2 patterns = 2]
XN
ND[2018-06-27_14:55:07]

[ELB samples = 2 patterns = 2]
XN
DD[2018-06-27_14:55:07]

[ELB samples = 2 patterns = 2]
XD
NN[2018-06-27_14:55:07]

[ELB samples = 2 patterns = 2]
XD
DX[2018-06-27_14:55:07]

[ELB samples = 2 patterns = 2]
XD
DN[2018-06-27_14:55:07]

[ELB samples = 2 patterns = 2]
ND
DN[2018-06-27_14:55:07]
BlockFinder.find() started at 27-06-2018 11:55:07
BlockFinder: samples=3 min_depth=3
[2018-06-27_14:55:07]

[ELB samples = 3 patterns = 3]
XNN
NXD
DDN[2018-06-27_14:55:07]

[ELB samples = 3 patterns = 3]
XNN
NXD
DDD[2018-06-27_14:55:07]

[ELB samples = 3 patterns = 3]
XNN
NND
NDN[2018-06-27_14:55:07]

[ELB samples = 3 patterns = 3]
XNN
NND
DDN[2018-06-27_14:55:07]

[ELB samples = 3 patterns = 3]
XNN
NDD
DXD[2018-06-27_14:55:07]

[ELB samples = 3 patterns = 4]
XNN
NDD
DXD
DDX[2018-06-27_14:55:07]

[ELB samples = 3 patterns = 3]
XNN
NDD
DND[2018-06-27_14:55:07]

[ELB samples = 3 patterns = 3]
XNN
DXD
DDX[2018-06-27_14:55:07]

[ELB samples = 3 patterns = 3]
XND
XDN
NNN[2018-06-27_14:55:07]

[ELB samples = 3 patterns = 3]
XND
XDN
DXN[2018-06-27_14:55:07]

[ELB samples = 3 patterns = 3]
XND
XDN
DNN[2018-06-27_14:55:07]

[ELB samples = 3 patterns = 4]
XND
NDX
DXN
DDD[2018-06-27_14:55:07]

[ELB samples = 3 patterns = 3]
XND
NDX
DDD[2018-06-27_14:55:07]

[ELB samples = 3 patterns = 3]
XND
NDN
DNN[2018-06-27_14:55:07]

[ELB samples = 3 patterns = 3]
XND
NDD
DNX[2018-06-27_14:55:07]

[ELB samples = 3 patterns = 4]
XND
NDD
DNX
DDN[2018-06-27_14:55:07]

[ELB samples = 3 patterns = 3]
XND
NDD
DNN[2018-06-27_14:55:07]

[ELB samples = 3 patterns = 4]
XND
NDD
DNN
DDX[2018-06-27_14:55:07]

[ELB samples = 3 patterns = 3]
XND
NDD
DDX[2018-06-27_14:55:07]

[ELB samples = 3 patterns = 3]
XND
NDD
DDN[2018-06-27_14:55:07]

[ELB samples = 3 patterns = 3]
XND
DNN
DDX[2018-06-27_14:55:07]

[ELB samples = 3 patterns = 3]
XDD
NNN
DXD[2018-06-27_14:55:07]

[ELB samples = 3 patterns = 4]
XDD
NNN
DXD
DDX[2018-06-27_14:55:07]

[ELB samples = 3 patterns = 3]
XDD
NND
DNN[2018-06-27_14:55:07]

[ELB samples = 3 patterns = 4]
XDD
NND
DNN
DDX[2018-06-27_14:55:07]

[ELB samples = 3 patterns = 3]
XDD
NND
DDX[2018-06-27_14:55:07]

[ELB samples = 3 patterns = 3]
XDD
NND
DDN[2018-06-27_14:55:07]

[ELB samples = 3 patterns = 3]
XDD
DXD
DDX[2018-06-27_14:55:07]

[ELB samples = 3 patterns = 3]
XDD
DXD
DDN[2018-06-27_14:55:07]

[ELB samples = 3 patterns = 3]
NND
NDN
DNN[2018-06-27_14:55:07]
BlockFinder.find() started at 27-06-2018 11:55:07
BlockFinder: samples=4 min_depth=5
[2018-06-27_14:55:07]

[ELB samples = 4 patterns = 5]
XNNN
NXND
NXDN
DDND
DDDN[2018-06-27_14:55:07]

[ELB samples = 4 patterns = 5]
XNNN
NXND
NNDD
NDDN
DXDN[2018-06-27_14:55:07]

[ELB samples = 4 patterns = 5]
XNNN
NXND
NNDD
NDDN
DNDN[2018-06-27_14:55:07]

[ELB samples = 4 patterns = 5]
XNNN
NXND
NNDD
DXDN
DDND[2018-06-27_14:55:07]

[ELB samples = 4 patterns = 5]
XNNN
NXND
NDDN
DXDN
DDXN[2018-06-27_14:55:07]

[ELB samples = 4 patterns = 6]
XNNN
NXND
NDDN
DXDN
DDXN
DDND[2018-06-27_14:55:07]

[ELB samples = 4 patterns = 5]
XNNN
NXND
NDDN
DXDN
DDXD[2018-06-27_14:55:08]

[ELB samples = 4 patterns = 5]
XNNN
NXND
NDDN
DDXD
DDNN[2018-06-27_14:55:08]

[ELB samples = 4 patterns = 5]
XNNN
NXND
NDDD
DXDN
DDXN[2018-06-27_14:55:08]

[ELB samples = 4 patterns = 5]
XNNN
NXND
NDDD
DXDN
DDXD[2018-06-27_14:55:08]

[ELB samples = 4 patterns = 6]
XNNN
NXND
NDDD
DXDN
DDXD
DDNN[2018-06-27_14:55:08]

[ELB samples = 4 patterns = 5]
XNNN
NXND
NDDD
DDXN
DDND[2018-06-27_14:55:08]

[ELB samples = 4 patterns = 5]
XNNN
NXND
NDDD
DDXD
DDNN[2018-06-27_14:55:08]

[ELB samples = 4 patterns = 5]
XNNN
NXDD
NNND
NDDN
DXDN[2018-06-27_14:55:08]

[ELB samples = 4 patterns = 5]
XNNN
NXDD
NNND
NDDN
DNDN[2018-06-27_14:55:08]

[ELB samples = 4 patterns = 5]
XNNN
NXDD
NDXD
NDDX
DXND[2018-06-27_14:55:08]

[ELB samples = 4 patterns = 6]
XNNN
NXDD
NDXD
NDDX
DXND
DDNX[2018-06-27_14:55:08]

[ELB samples = 4 patterns = 6]
XNNN
NXDD
NDXD
NDDX
DXND
DDNN[2018-06-27_14:55:08]

[ELB samples = 4 patterns = 5]
XNNN
NXDD
NDXD
NDDX
DNND[2018-06-27_14:55:08]

[ELB samples = 4 patterns = 5]
XNNN
NXDD
NDXD
NDDX
DDDD[2018-06-27_14:55:08]

[ELB samples = 4 patterns = 6]
XNNN
NXDD
NDXD
NDDN
DXND
DDNN[2018-06-27_14:55:08]

[ELB samples = 4 patterns = 5]
XNNN
NXDD
NDXD
NDDN
DNND[2018-06-27_14:55:08]

[ELB samples = 4 patterns = 5]
XNNN
NXDD
NDXD
DNND
DDDX[2018-06-27_14:55:08]

[ELB samples = 4 patterns = 5]
XNNN
NXDD
NDXD
DNND
DDDN[2018-06-27_14:55:08]

[ELB samples = 4 patterns = 5]
XNNN
NXDD
NDND
DNDN
DDNN[2018-06-27_14:55:08]

[ELB samples = 4 patterns = 5]
XNNN
NXDD
NDND
DDNN
DDDX[2018-06-27_14:55:09]

[ELB samples = 4 patterns = 5]
XNNN
NNND
NDDN
DXDN
DDXD[2018-06-27_14:55:09]

[ELB samples = 4 patterns = 5]
XNNN
NNND
NDDN
DXDD
DDXD[2018-06-27_14:55:09]

[ELB samples = 4 patterns = 5]
XNNN
NNND
DXDD
DDXD
DDDN[2018-06-27_14:55:09]

[ELB samples = 4 patterns = 5]
XNNN
NNDD
NDND
DNDN
DDNN[2018-06-27_14:55:10]

[ELB samples = 4 patterns = 5]
XNNN
NDDD
DXND
DNDX
DDXN[2018-06-27_14:55:10]

[ELB samples = 4 patterns = 5]
XNNN
NDDD
DXND
DDNN
DDDX[2018-06-27_14:55:11]

[ELB samples = 4 patterns = 5]
XNNN
NDDD
DXDD
DDXD
DDDX[2018-06-27_14:55:11]

[ELB samples = 4 patterns = 5]
XNNN
DXND
DNDD
DDNX
DDDN[2018-06-27_14:55:11]

[ELB samples = 4 patterns = 5]
XNNN
DXDD
DNND
DDNN
DDDX[2018-06-27_14:55:11]

[ELB samples = 4 patterns = 5]
XNND
XNDN
NDXN
NDND
DNXN[2018-06-27_14:55:11]

[ELB samples = 4 patterns = 5]
XNND
XNDN
NDXN
NDND
DNNN[2018-06-27_14:55:11]

[ELB samples = 4 patterns = 5]
XNND
XNDN
NDXN
NDND
DDDN[2018-06-27_14:55:11]

[ELB samples = 4 patterns = 5]
XNND
XNDN
NDXN
DXNN
DDND[2018-06-27_14:55:11]

[ELB samples = 4 patterns = 6]
XNND
XNDN
NDXN
DXNN
DDND
DDDX[2018-06-27_14:55:11]

[ELB samples = 4 patterns = 6]
XNND
XNDN
NDXN
DXNN
DDND
DDDN[2018-06-27_14:55:11]

[ELB samples = 4 patterns = 5]
XNND
XNDN
NDXN
DXNN
DDDX[2018-06-27_14:55:11]

[ELB samples = 4 patterns = 5]
XNND
XNDN
NDXN
DNNN
DDDX[2018-06-27_14:55:11]

[ELB samples = 4 patterns = 5]
XNND
XNDN
NDXN
DDND
DDDX[2018-06-27_14:55:11]

[ELB samples = 4 patterns = 5]
XNND
XNDN
NDXN
DDND
DDDN[2018-06-27_14:55:11]

[ELB samples = 4 patterns = 5]
XNND
XNDN
NDXD
NDNN
DNXN[2018-06-27_14:55:11]

[ELB samples = 4 patterns = 5]
XNND
XNDN
NDXD
NDNN
DNNN[2018-06-27_14:55:11]

[ELB samples = 4 patterns = 5]
XNND
XNDN
NDXD
NDDX
DNXN[2018-06-27_14:55:11]

[ELB samples = 4 patterns = 6]
XNND
XNDN
NDXD
NDDX
DNXN
DDNX[2018-06-27_14:55:11]

[ELB samples = 4 patterns = 6]
XNND
XNDN
NDXD
NDDX
DNXN
DDNN[2018-06-27_14:55:11]

[ELB samples = 4 patterns = 5]
XNND
XNDN
NDXD
NDDX
DNNN[2018-06-27_14:55:11]

[ELB samples = 4 patterns = 6]
XNND
XNDN
NDXD
NDDX
DNNN
DDXN[2018-06-27_14:55:11]

[ELB samples = 4 patterns = 5]
XNND
XNDN
NDXD
NDDX
DDXN[2018-06-27_14:55:11]

[ELB samples = 4 patterns = 5]
XNND
XNDN
NDXD
NDDX
DDNN[2018-06-27_14:55:11]

[ELB samples = 4 patterns = 5]
XNND
XNDN
NDXD
NDDN
DNXN[2018-06-27_14:55:11]

[ELB samples = 4 patterns = 6]
XNND
XNDN
NDXD
NDDN
DNXN
DDNN[2018-06-27_14:55:11]

[ELB samples = 4 patterns = 5]
XNND
XNDN
NDXD
NDDN
DNNN[2018-06-27_14:55:11]

[ELB samples = 4 patterns = 6]
XNND
XNDN
NDXD
NDDN
DNNN
DDXN[2018-06-27_14:55:11]

[ELB samples = 4 patterns = 5]
XNND
XNDN
NDXD
NDDN
DDNN[2018-06-27_14:55:11]

[ELB samples = 4 patterns = 5]
XNND
XNDN
NDXD
DNXN
DDDX[2018-06-27_14:55:11]

[ELB samples = 4 patterns = 5]
XNND
XNDN
NDXD
DNXN
DDDN[2018-06-27_14:55:11]

[ELB samples = 4 patterns = 5]
XNND
XNDN
NDXD
DNNN
DDDX[2018-06-27_14:55:11]

[ELB samples = 4 patterns = 6]
XNND
XNDN
NDNN
DXNN
DDXD
DDDX[2018-06-27_14:55:11]

[ELB samples = 4 patterns = 5]
XNND
XNDN
NDNN
DDXD
DDDX[2018-06-27_14:55:11]

[ELB samples = 4 patterns = 5]
XNND
XNDN
NDND
NDDN
DNXN[2018-06-27_14:55:11]

[ELB samples = 4 patterns = 6]
XNND
XNDN
NDND
NDDN
DNXN
DDNN[2018-06-27_14:55:11]

[ELB samples = 4 patterns = 5]
XNND
XNDN
NDND
NDDN
DNNN[2018-06-27_14:55:11]

[ELB samples = 4 patterns = 6]
XNND
XNDN
NDND
NDDN
DNNN
DDXN[2018-06-27_14:55:11]

[ELB samples = 4 patterns = 5]
XNND
XNDN
NDND
NDDN
DDNN[2018-06-27_14:55:11]

[ELB samples = 4 patterns = 5]
XNND
XNDN
NDND
DNXN
DDDX[2018-06-27_14:55:11]

[ELB samples = 4 patterns = 5]
XNND
XNDN
NDND
DNNN
DDDX[2018-06-27_14:55:11]

[ELB samples = 4 patterns = 5]
XNND
XNDN
NDND
DDNX
DDDN[2018-06-27_14:55:11]

[ELB samples = 4 patterns = 5]
XNND
XNDN
NDND
DDNN
DDDX[2018-06-27_14:55:11]

[ELB samples = 4 patterns = 5]
XNND
XNDN
DXNN
DDXD
DDDX[2018-06-27_14:55:12]

[ELB samples = 4 patterns = 5]
XNND
XDDN
NXDD
NNNN
DXDN[2018-06-27_14:55:12]

[ELB samples = 4 patterns = 7]
XNND
XDDN
NXDD
NDNX
DXNN
DNDX
DDND[2018-06-27_14:55:12]

[ELB samples = 4 patterns = 7]
XNND
XDDN
NXDD
NDNX
DXNN
DNDN
DDND[2018-06-27_14:55:12]

[ELB samples = 4 patterns = 6]
XNND
XDDN
NXDD
NDNX
DXNN
DDND[2018-06-27_14:55:12]

[ELB samples = 4 patterns = 6]
XNND
XDDN
NXDD
NDNX
DNDX
DDND[2018-06-27_14:55:12]

[ELB samples = 4 patterns = 6]
XNND
XDDN
NXDD
NDNX
DNDN
DDND[2018-06-27_14:55:12]

[ELB samples = 4 patterns = 5]
XNND
XDDN
NXDD
NDNX
DDND[2018-06-27_14:55:12]

[ELB samples = 4 patterns = 5]
XNND
XDDN
NXDD
NDNN
DXDN[2018-06-27_14:55:12]

[ELB samples = 4 patterns = 6]
XNND
XDDN
NXDD
NDNN
DXDN
DNNN[2018-06-27_14:55:12]

[ELB samples = 4 patterns = 5]
XNND
XDDN
NXDD
NDNN
DNNN[2018-06-27_14:55:12]

[ELB samples = 4 patterns = 5]
XNND
XDDN
NXDD
NDNN
DNDN[2018-06-27_14:55:12]

[ELB samples = 4 patterns = 5]
XNND
XDDN
NXDD
DXDN
DDNX[2018-06-27_14:55:12]

[ELB samples = 4 patterns = 5]
XNND
XDDN
NXDD
DXDN
DDNN[2018-06-27_14:55:12]

[ELB samples = 4 patterns = 5]
XNND
XDDN
NXDD
DNDX
DDND[2018-06-27_14:55:12]

[ELB samples = 4 patterns = 5]
XNND
XDDN
NXDD
DNDN
DDND[2018-06-27_14:55:12]

[ELB samples = 4 patterns = 5]
XNND
XDDN
NNNN
DXDN
DDXD[2018-06-27_14:55:12]

[ELB samples = 4 patterns = 5]
XNND
XDDN
NNNN
DXDD
DDXD[2018-06-27_14:55:12]

[ELB samples = 4 patterns = 5]
XNND
XDDN
NNDX
NDNN
DNDD[2018-06-27_14:55:12]

[ELB samples = 4 patterns = 6]
XNND
XDDN
NNDX
NDND
DNXN
DNDD[2018-06-27_14:55:12]

[ELB samples = 4 patterns = 5]
XNND
XDDN
NNDX
DNDD
DDXD[2018-06-27_14:55:12]

[ELB samples = 4 patterns = 5]
XNND
XDDN
NNDN
NDND
DNNN[2018-06-27_14:55:12]

[ELB samples = 4 patterns = 6]
XNND
XDDN
NNDN
NDND
DNNN
DDXN[2018-06-27_14:55:12]

[ELB samples = 4 patterns = 5]
XNND
XDDN
NNDN
NDND
DDNN[2018-06-27_14:55:12]

[ELB samples = 4 patterns = 5]
XNND
XDDN
NNDN
DNNN
DDXD[2018-06-27_14:55:12]

[ELB samples = 4 patterns = 5]
XNND
XDDN
NNDN
DDXN
DDND[2018-06-27_14:55:12]

[ELB samples = 4 patterns = 5]
XNND
XDDN
NNDN
DDXD
DDNN[2018-06-27_14:55:12]

[ELB samples = 4 patterns = 5]
XNND
XDDN
NNDD
DXDN
DDNN[2018-06-27_14:55:12]

[ELB samples = 4 patterns = 5]
XNND
XDDN
DXDN
DNDD
DDXD[2018-06-27_14:55:12]

[ELB samples = 4 patterns = 6]
XNND
XDDN
DXDN
DNDD
DDXD
DDNN[2018-06-27_14:55:12]

[ELB samples = 4 patterns = 5]
XNND
XDDN
DXDN
DDXD
DDNN[2018-06-27_14:55:12]

[ELB samples = 4 patterns = 5]
XNND
XDDN
DXDD
DNNX
DDXD[2018-06-27_14:55:12]

[ELB samples = 4 patterns = 5]
XNND
XDDN
DXDD
DNNN
DDXD[2018-06-27_14:55:12]

[ELB samples = 4 patterns = 5]
XNND
XDDN
DXDD
DNDN
DDXD[2018-06-27_14:55:12]

[ELB samples = 4 patterns = 5]
XNND
XDDN
DXDD
DNDN
DDND[2018-06-27_14:55:12]

[ELB samples = 4 patterns = 5]
XNND
NXDN
NNDD
NDNN
DNNN[2018-06-27_14:55:12]

[ELB samples = 4 patterns = 5]
XNND
NXDN
NDXN
NDDD
DNNN[2018-06-27_14:55:12]

[ELB samples = 4 patterns = 6]
XNND
NXDN
NDXN
NDDD
DNNN
DDDX[2018-06-27_14:55:12]

[ELB samples = 4 patterns = 5]
XNND
NXDN
NDXN
DNNX
DDDD[2018-06-27_14:55:12]

[ELB samples = 4 patterns = 5]
XNND
NXDN
NDNN
DNDD
DDXD[2018-06-27_14:55:12]

[ELB samples = 4 patterns = 6]
XNND
NXDN
NDNN
DNDD
DDXD
DDDX[2018-06-27_14:55:12]

[ELB samples = 4 patterns = 5]
XNND
NXDN
NDDD
DDXN
DDND[2018-06-27_14:55:12]

[ELB samples = 4 patterns = 5]
XNND
NXDN
NDDD
DDXD
DDNN[2018-06-27_14:55:12]

[ELB samples = 4 patterns = 5]
XNND
NXDN
NDDD
DDXD
DDDX[2018-06-27_14:55:12]

[ELB samples = 4 patterns = 5]
XNND
NXDD
NNDN
NDNN
DNNN[2018-06-27_14:55:13]

[ELB samples = 4 patterns = 5]
XNND
NNDX
NDNN
DXDD
DNNN[2018-06-27_14:55:13]

[ELB samples = 4 patterns = 6]
XNND
NNDN
NDNN
DXDD
DNNX
DDXD[2018-06-27_14:55:13]

[ELB samples = 4 patterns = 5]
XNND
NNDN
NDNN
DXDD
DDXD[2018-06-27_14:55:13]

[ELB samples = 4 patterns = 5]
XNND
NNDN
DXDD
DDXN
DDND[2018-06-27_14:55:13]

[ELB samples = 4 patterns = 5]
XNND
NNDN
DXDD
DDXD
DDNN[2018-06-27_14:55:13]

[ELB samples = 4 patterns = 5]
XNND
NNDN
DXDD
DDXD
DDDX[2018-06-27_14:55:13]

[ELB samples = 4 patterns = 5]
XNND
NNDN
DXDD
DDND
DDDX[2018-06-27_14:55:13]

[ELB samples = 4 patterns = 6]
XNND
NNDD
NDND
DNNX
DNDN
DDNN[2018-06-27_14:55:13]

[ELB samples = 4 patterns = 6]
XNND
NNDD
NDND
DNNN
DNDX
DDNX[2018-06-27_14:55:13]

[ELB samples = 4 patterns = 5]
XNND
NNDD
NDND
DNDX
DDNN[2018-06-27_14:55:13]

[ELB samples = 4 patterns = 5]
XNND
NNDD
NDND
DNDN
DDNN[2018-06-27_14:55:13]

[ELB samples = 4 patterns = 5]
XNND
NDDX
DXDN
DDXN
DDDD[2018-06-27_14:55:13]

[ELB samples = 4 patterns = 5]
XNND
NDDN
DXDD
DNNX
DDXD[2018-06-27_14:55:13]

[ELB samples = 4 patterns = 6]
XNND
NDDD
DXDD
DNNN
DDXD
DDDX[2018-06-27_14:55:13]

[ELB samples = 4 patterns = 5]
XNND
NDDD
DXDD
DDXD
DDDX[2018-06-27_14:55:13]

[ELB samples = 4 patterns = 5]
XNND
DXDN
DNDD
DDXN
DDND[2018-06-27_14:55:13]

[ELB samples = 4 patterns = 5]
XNND
DXDD
DNDN
DDXD
DDNN[2018-06-27_14:55:18]

[ELB samples = 4 patterns = 5]
XNDD
XDND
NNNN
DXND
DNDX[2018-06-27_14:55:18]

[ELB samples = 4 patterns = 6]
XNDD
XDND
NNNN
DXND
DNDX
DDXN[2018-06-27_14:55:18]

[ELB samples = 4 patterns = 5]
XNDD
XDND
NNND
DNNN
DNDX[2018-06-27_14:55:18]

[ELB samples = 4 patterns = 6]
XNDD
XDND
NNND
DNNN
DNDX
DDNX[2018-06-27_14:55:18]

[ELB samples = 4 patterns = 5]
XNDD
XDND
NNND
DNDX
DDNX[2018-06-27_14:55:18]

[ELB samples = 4 patterns = 5]
XNDD
XDND
NNND
DNDX
DDNN[2018-06-27_14:55:18]

[ELB samples = 4 patterns = 5]
XNDD
XDND
NNND
DNDN
DDNN[2018-06-27_14:55:18]

[ELB samples = 4 patterns = 6]
XNDD
XDND
NNDN
NDNN
DXND
DNNN[2018-06-27_14:55:18]

[ELB samples = 4 patterns = 5]
XNDD
XDND
NNDN
NDNN
DNNN[2018-06-27_14:55:18]

[ELB samples = 4 patterns = 5]
XNDD
XDND
NNDN
NDNN
DNND[2018-06-27_14:55:19]

[ELB samples = 4 patterns = 5]
XNDD
XDND
DXND
DNDX
DDXN[2018-06-27_14:55:19]

[ELB samples = 4 patterns = 5]
XNDD
XDND
DXND
DNDX
DDNN[2018-06-27_14:55:19]

[ELB samples = 4 patterns = 5]
XNDD
XDND
DXND
DNDN
DDNN[2018-06-27_14:55:21]

[ELB samples = 4 patterns = 5]
XNDD
NNNN
NDXD
DXND
DDDX[2018-06-27_14:55:22]

[ELB samples = 4 patterns = 5]
XNDD
NDXD
NDDX
DXND
DDDD[2018-06-27_14:55:22]

[ELB samples = 4 patterns = 6]
XNDD
NDXD
NDDN
DXDN
DNND
DDNX[2018-06-27_14:55:22]

[ELB samples = 4 patterns = 5]
XNDD
NDXD
DNND
DNDX
DDDN[2018-06-27_14:55:22]

[ELB samples = 4 patterns = 5]
XNDD
NDND
DNXD
DNDN
DDDX[2018-06-27_14:55:22]

[ELB samples = 4 patterns = 5]
XNDD
NDDD
DNXD
DNDN
DDDX[2018-06-27_14:55:22]

[ELB samples = 4 patterns = 5]
XNDD
NDDD
DNNN
DDXD
DDDX[2018-06-27_14:55:29]

[ELB samples = 4 patterns = 5]
XDDD
NNNN
DXDD
DDXD
DDDX[2018-06-27_14:55:29]

[ELB samples = 4 patterns = 5]
XDDD
NNND
DXDD
DDXD
DDDX[2018-06-27_14:55:29]

[ELB samples = 4 patterns = 5]
XDDD
NNND
DXDD
DDXD
DDDN[2018-06-27_14:55:29]

[ELB samples = 4 patterns = 5]
XDDD
NNND
DXDD
DDNN
DDDX