[2018-06-27_14:54:24]

#############################################################################
#                                                                           #
#        UCSL (Versioon 1.0.0)- Calculation of Universal                       #
#        Combinatorial Labeling Schemes for Fast NMR Protein                #
#        Assignment.                                                        #
#                                                                           #
#        In case of using for scientific purpose, please cite our article^  #
#                                                                           #
#                                                                           #
#                                                                           #
#                                                                           #
#############################################################################
[2018-06-27_14:54:24]
[NCS = XND2][2018-06-27_14:54:24]
BlockFinder.find() started at 27-06-2018 11:54:24
BlockFinder: samples=1 min_depth=2
[2018-06-27_14:54:24]
BlockFinder.find() started at 27-06-2018 11:54:24
BlockFinder: samples=2 min_depth=2
[2018-06-27_14:54:24]

[ELB samples = 2 patterns = 2]
XN
ND[2018-06-27_14:54:24]

[ELB samples = 2 patterns = 2]
XN
DD[2018-06-27_14:54:24]

[ELB samples = 2 patterns = 2]
XD
NN[2018-06-27_14:54:24]

[ELB samples = 2 patterns = 2]
XD
DX[2018-06-27_14:54:24]

[ELB samples = 2 patterns = 2]
XD
DN[2018-06-27_14:54:24]
BlockFinder.find() started at 27-06-2018 11:54:24
BlockFinder: samples=3 min_depth=3
[2018-06-27_14:54:24]

[ELB samples = 3 patterns = 3]
XNN
NXD
DDN[2018-06-27_14:54:24]

[ELB samples = 3 patterns = 3]
XNN
NXD
DDD[2018-06-27_14:54:24]

[ELB samples = 3 patterns = 3]
XNN
NDD
DXD[2018-06-27_14:54:24]

[ELB samples = 3 patterns = 4]
XNN
NDD
DXD
DDX[2018-06-27_14:54:24]

[ELB samples = 3 patterns = 3]
XNN
DXD
DDX[2018-06-27_14:54:24]

[ELB samples = 3 patterns = 3]
XND
NDX
DXN[2018-06-27_14:54:24]

[ELB samples = 3 patterns = 4]
XND
NDX
DXN
DDD[2018-06-27_14:54:24]

[ELB samples = 3 patterns = 3]
XND
NDX
DNN[2018-06-27_14:54:24]

[ELB samples = 3 patterns = 3]
XND
NDX
DDD[2018-06-27_14:54:24]

[ELB samples = 3 patterns = 3]
XND
NDD
DNX[2018-06-27_14:54:24]

[ELB samples = 3 patterns = 3]
XND
NDD
DDX[2018-06-27_14:54:24]

[ELB samples = 3 patterns = 3]
XND
DNN
DDX[2018-06-27_14:54:24]

[ELB samples = 3 patterns = 3]
XDD
NNN
DXD[2018-06-27_14:54:24]

[ELB samples = 3 patterns = 4]
XDD
NNN
DXD
DDX[2018-06-27_14:54:24]

[ELB samples = 3 patterns = 3]
XDD
NND
DDX[2018-06-27_14:54:24]

[ELB samples = 3 patterns = 3]
XDD
DXD
DDX[2018-06-27_14:54:24]

[ELB samples = 3 patterns = 3]
XDD
DXD
DDN[2018-06-27_14:54:24]
BlockFinder.find() started at 27-06-2018 11:54:24
BlockFinder: samples=4 min_depth=5
[2018-06-27_14:54:24]

[ELB samples = 4 patterns = 5]
XNNN
NXDD
NDXD
NDDX
DNND[2018-06-27_14:54:24]

[ELB samples = 4 patterns = 5]
XNNN
NXDD
NDXD
NDDX
DDDD[2018-06-27_14:54:24]

[ELB samples = 4 patterns = 5]
XNNN
NXDD
NDXD
DNND
DDDX[2018-06-27_14:54:24]

[ELB samples = 4 patterns = 5]
XNNN
NDDD
DXND
DNDX
DDXN[2018-06-27_14:54:24]

[ELB samples = 4 patterns = 5]
XNNN
NDDD
DXDD
DDXD
DDDX[2018-06-27_14:54:24]

[ELB samples = 4 patterns = 5]
XNND
NXDN
NDXN
NDDD
DNNX[2018-06-27_14:54:24]

[ELB samples = 4 patterns = 5]
XNND
NXDN
NDXN
NDDD
DDDX[2018-06-27_14:54:24]

[ELB samples = 4 patterns = 5]
XNND
NXDN
NDXN
DNNX
DDDD[2018-06-27_14:54:24]

[ELB samples = 4 patterns = 5]
XNND
NXDN
NDXN
DNNN
DDDX[2018-06-27_14:54:24]

[ELB samples = 4 patterns = 5]
XNND
NXDN
NDNN
DDXD
DDDX[2018-06-27_14:54:24]

[ELB samples = 4 patterns = 5]
XNND
NXDN
NDDD
DDXD
DDDX[2018-06-27_14:54:25]

[ELB samples = 4 patterns = 5]
XNND
NNDX
NDDD
DXDD
DDXN[2018-06-27_14:54:25]

[ELB samples = 4 patterns = 5]
XNND
NNDN
DXDD
DDXD
DDDX[2018-06-27_14:54:25]

[ELB samples = 4 patterns = 5]
XNND
NDDX
DXDN
DDXN
DDDD[2018-06-27_14:54:25]

[ELB samples = 4 patterns = 5]
XNND
NDDX
DXDD
DNNN
DDXD[2018-06-27_14:54:25]

[ELB samples = 4 patterns = 5]
XNND
NDDN
DXDD
DNNX
DDXD[2018-06-27_14:54:25]

[ELB samples = 4 patterns = 5]
XNND
NDDD
DXDD
DDXD
DDDX[2018-06-27_14:54:26]

[ELB samples = 4 patterns = 5]
XNDD
NNNN
NDXD
NDDX
DXND[2018-06-27_14:54:26]

[ELB samples = 4 patterns = 5]
XNDD
NNNN
NDXD
DXND
DDDX[2018-06-27_14:54:26]

[ELB samples = 4 patterns = 5]
XNDD
NDXD
NDDX
DXND
DNDN[2018-06-27_14:54:26]

[ELB samples = 4 patterns = 5]
XNDD
NDXD
NDDX
DXND
DDDD[2018-06-27_14:54:28]

[ELB samples = 4 patterns = 5]
XDDD
NNNN
DXDD
DDXD
DDDX[2018-06-27_14:54:28]

[ELB samples = 4 patterns = 5]
XDDD
NNND
DXDD
DDXD
DDDX