
[Date,Time = 2018-06-30_16:41:39]

#############################################################################
#                                                                           #
#        UCSL (Version 1.0.0)- Calculation of Universal                     #
#        Combinatorial Labeling Schemes for Fast NMR Protein                #
#        Assignment.                                                        #
#                                                                           #
#        In case of using for scientific purpose, please cite our article:  #
#                                                                           #
#                                                                           #
#                                                                           #
#                                                                           #
#############################################################################

[Date,Time = 2018-06-30_16:41:39]
[NCS = XND2]
[Date,Time = 2018-06-30_16:41:39]
Searching for elementary blocks(ELB)
[Date,Time = 2018-06-30_16:41:39]
[BlockFinder1] started new search in 1 samples with min_depth=2

[Date,Time = 2018-06-30_16:41:39]
[BlockFinder1] finished search in 1 samples after 0 sec and 3 iterations

[Date,Time = 2018-06-30_16:41:39]
[BlockFinder2] started new search in 2 samples with min_depth=2

[Date,Time = 2018-06-30_16:41:39]
[ELB samples = 2 patterns = 2]
XN
ND

[Date,Time = 2018-06-30_16:41:39]
[ELB samples = 2 patterns = 2]
XN
DD

[Date,Time = 2018-06-30_16:41:39]
[ELB samples = 2 patterns = 2]
XD
NN

[Date,Time = 2018-06-30_16:41:39]
[ELB samples = 2 patterns = 2]
XD
DX

[Date,Time = 2018-06-30_16:41:39]
[ELB samples = 2 patterns = 2]
XD
DN

[Date,Time = 2018-06-30_16:41:39]
[BlockFinder2] finished search in 2 samples after 0 sec and 17 iterations

[Date,Time = 2018-06-30_16:41:39]
[BlockFinder3] started new search in 3 samples with min_depth=3

[Date,Time = 2018-06-30_16:41:39]
[ELB samples = 3 patterns = 3]
XNN
NXD
DDN

[Date,Time = 2018-06-30_16:41:39]
[ELB samples = 3 patterns = 3]
XNN
NXD
DDD

[Date,Time = 2018-06-30_16:41:39]
[ELB samples = 3 patterns = 3]
XNN
NDD
DXD

[Date,Time = 2018-06-30_16:41:39]
[ELB samples = 3 patterns = 4]
XNN
NDD
DXD
DDX

[Date,Time = 2018-06-30_16:41:39]
[ELB samples = 3 patterns = 3]
XNN
DXD
DDX

[Date,Time = 2018-06-30_16:41:39]
[ELB samples = 3 patterns = 3]
XND
NDX
DXN

[Date,Time = 2018-06-30_16:41:39]
[ELB samples = 3 patterns = 4]
XND
NDX
DXN
DDD

[Date,Time = 2018-06-30_16:41:39]
[ELB samples = 3 patterns = 3]
XND
NDX
DNN

[Date,Time = 2018-06-30_16:41:39]
[ELB samples = 3 patterns = 3]
XND
NDX
DDD

[Date,Time = 2018-06-30_16:41:39]
[ELB samples = 3 patterns = 3]
XND
NDD
DNX

[Date,Time = 2018-06-30_16:41:39]
[ELB samples = 3 patterns = 3]
XND
NDD
DDX

[Date,Time = 2018-06-30_16:41:39]
[ELB samples = 3 patterns = 3]
XND
DNN
DDX

[Date,Time = 2018-06-30_16:41:39]
[ELB samples = 3 patterns = 3]
XDD
NNN
DXD

[Date,Time = 2018-06-30_16:41:39]
[ELB samples = 3 patterns = 4]
XDD
NNN
DXD
DDX

[Date,Time = 2018-06-30_16:41:39]
[ELB samples = 3 patterns = 3]
XDD
NND
DDX

[Date,Time = 2018-06-30_16:41:39]
[ELB samples = 3 patterns = 3]
XDD
DXD
DDX

[Date,Time = 2018-06-30_16:41:39]
[ELB samples = 3 patterns = 3]
XDD
DXD
DDN

[Date,Time = 2018-06-30_16:41:39]
[BlockFinder3] finished search in 3 samples after 0 sec and 205 iterations

[Date,Time = 2018-06-30_16:41:39]
[BlockFinder4] started new search in 4 samples with min_depth=5

[Date,Time = 2018-06-30_16:41:39]
[ELB samples = 4 patterns = 5]
XNNN
NXDD
NDXD
NDDX
DNND

[Date,Time = 2018-06-30_16:41:39]
[ELB samples = 4 patterns = 5]
XNNN
NXDD
NDXD
NDDX
DDDD

[Date,Time = 2018-06-30_16:41:39]
[ELB samples = 4 patterns = 5]
XNNN
NXDD
NDXD
DNND
DDDX

[Date,Time = 2018-06-30_16:41:39]
[ELB samples = 4 patterns = 5]
XNNN
NDDD
DXND
DNDX
DDXN

[Date,Time = 2018-06-30_16:41:39]
[ELB samples = 4 patterns = 5]
XNNN
NDDD
DXDD
DDXD
DDDX

[Date,Time = 2018-06-30_16:41:39]
[ELB samples = 4 patterns = 5]
XNND
NXDN
NDXN
NDDD
DNNX

[Date,Time = 2018-06-30_16:41:39]
[ELB samples = 4 patterns = 5]
XNND
NXDN
NDXN
NDDD
DDDX

[Date,Time = 2018-06-30_16:41:39]
[ELB samples = 4 patterns = 5]
XNND
NXDN
NDXN
DNNX
DDDD

[Date,Time = 2018-06-30_16:41:39]
[ELB samples = 4 patterns = 5]
XNND
NXDN
NDXN
DNNN
DDDX

[Date,Time = 2018-06-30_16:41:39]
[ELB samples = 4 patterns = 5]
XNND
NXDN
NDNN
DDXD
DDDX

[Date,Time = 2018-06-30_16:41:39]
[ELB samples = 4 patterns = 5]
XNND
NXDN
NDDD
DDXD
DDDX

[Date,Time = 2018-06-30_16:41:39]
[ELB samples = 4 patterns = 5]
XNND
NNDX
NDDD
DXDD
DDXN

[Date,Time = 2018-06-30_16:41:39]
[ELB samples = 4 patterns = 5]
XNND
NNDN
DXDD
DDXD
DDDX

[Date,Time = 2018-06-30_16:41:39]
[ELB samples = 4 patterns = 5]
XNND
NDDX
DXDN
DDXN
DDDD

[Date,Time = 2018-06-30_16:41:39]
[ELB samples = 4 patterns = 5]
XNND
NDDX
DXDD
DNNN
DDXD

[Date,Time = 2018-06-30_16:41:39]
[ELB samples = 4 patterns = 5]
XNND
NDDN
DXDD
DNNX
DDXD

[Date,Time = 2018-06-30_16:41:39]
[ELB samples = 4 patterns = 5]
XNND
NDDD
DXDD
DDXD
DDDX

[Date,Time = 2018-06-30_16:41:40]
[ELB samples = 4 patterns = 5]
XNDD
NNNN
NDXD
NDDX
DXND

[Date,Time = 2018-06-30_16:41:40]
[ELB samples = 4 patterns = 5]
XNDD
NNNN
NDXD
DXND
DDDX

[Date,Time = 2018-06-30_16:41:40]
[ELB samples = 4 patterns = 5]
XNDD
NDXD
NDDX
DXND
DNDN

[Date,Time = 2018-06-30_16:41:40]
[ELB samples = 4 patterns = 5]
XNDD
NDXD
NDDX
DXND
DDDD

[Date,Time = 2018-06-30_16:41:41]
[ELB samples = 4 patterns = 5]
XDDD
NNNN
DXDD
DDXD
DDDX

[Date,Time = 2018-06-30_16:41:41]
[ELB samples = 4 patterns = 5]
XDDD
NNND
DXDD
DDXD
DDDX

[Date,Time = 2018-06-30_16:41:43]
[BlockFinder4]     10000      3 sec max_depth=4  depth=2   31/44    3/9  
[Date,Time = 2018-06-30_16:41:43]
[BlockFinder4] finished search in 4 samples after 3 sec and 10077 iterations

[Date,Time = 2018-06-30_16:41:43]
[BlockFinder5] started new search in 5 samples with min_depth=6

[Date,Time = 2018-06-30_16:41:43]
[ELB samples = 5 patterns = 6]
XXNNN
XNXND
XNNDN
NXDDD
NDXDD
NDDNN

[Date,Time = 2018-06-30_16:41:43]
[ELB samples = 5 patterns = 6]
XXNNN
XNXND
XNNDN
NXDDD
NDXDD
NDDND

[Date,Time = 2018-06-30_16:41:43]
[ELB samples = 5 patterns = 6]
XXNNN
XNXND
XNNDN
NXDDD
NDXDD
DDDND

[Date,Time = 2018-06-30_16:41:43]
[ELB samples = 5 patterns = 6]
XXNNN
XNXND
XNNDN
NXDDD
NDDNN
DDXDD

[Date,Time = 2018-06-30_16:41:43]
[ELB samples = 5 patterns = 6]
XXNNN
XNXND
XNNDN
NXDDD
NDDND
DDXDD

[Date,Time = 2018-06-30_16:41:43]
[ELB samples = 5 patterns = 6]
XXNNN
XNXND
XNNDN
NXDDD
DDXDD
DDDND

[Date,Time = 2018-06-30_16:41:43]
[ELB samples = 5 patterns = 6]
XXNNN
XNXND
XNNDN
NDDNN
DXDDD
DDXDD

[Date,Time = 2018-06-30_16:41:43]
[ELB samples = 5 patterns = 6]
XXNNN
XNXND
XNNDN
NDDND
DXDDD
DDXDD

[Date,Time = 2018-06-30_16:41:43]
[ELB samples = 5 patterns = 6]
XXNNN
XNXND
XNNDN
DXDDD
DDXDD
DDDND

[Date,Time = 2018-06-30_16:41:43]
[ELB samples = 5 patterns = 6]
XXNNN
XNXND
XNNDD
NXDDN
NDXDN
NDDNN

[Date,Time = 2018-06-30_16:41:43]
[ELB samples = 5 patterns = 6]
XXNNN
XNXND
XNNDD
NXDDN
NDXDN
NDDND

[Date,Time = 2018-06-30_16:41:43]
[ELB samples = 5 patterns = 6]
XXNNN
XNXND
XNNDD
NXDDN
NDXDN
NDDDD

[Date,Time = 2018-06-30_16:41:43]
[ELB samples = 5 patterns = 6]
XXNNN
XNXND
XNNDD
NXDDN
NDXDN
DDDDD

[Date,Time = 2018-06-30_16:41:43]
[ELB samples = 5 patterns = 6]
XXNNN
XNXND
XNNDD
NXDDN
NDDNN
DDXDN

[Date,Time = 2018-06-30_16:41:43]
[ELB samples = 5 patterns = 6]
XXNNN
XNXND
XNNDD
NXDDN
NDDND
DDXDN

[Date,Time = 2018-06-30_16:41:43]
[ELB samples = 5 patterns = 6]
XXNNN
XNXND
XNNDD
NXDDN
NDDDD
DDXDN

[Date,Time = 2018-06-30_16:41:43]
[ELB samples = 5 patterns = 6]
XXNNN
XNXND
XNNDD
NXDDN
DDXDN
DDDDD

[Date,Time = 2018-06-30_16:41:43]
[ELB samples = 5 patterns = 6]
XXNNN
XNXND
XNNDD
NDDNN
DXDDN
DDXDN

[Date,Time = 2018-06-30_16:41:43]
[ELB samples = 5 patterns = 6]
XXNNN
XNXND
XNNDD
NDDND
DXDDN
DDXDN

[Date,Time = 2018-06-30_16:41:43]
[ELB samples = 5 patterns = 6]
XXNNN
XNXND
XNNDD
NDDDD
DXDDN
DDXDN

[Date,Time = 2018-06-30_16:41:43]
[ELB samples = 5 patterns = 6]
XXNNN
XNXND
XNNDD
DXDDN
DDXDN
DDDDD

[Date,Time = 2018-06-30_16:41:43]
[ELB samples = 5 patterns = 6]
XXNNN
XNXND
XNDDN
XDDXN
NXDDD
NDXDN

[Date,Time = 2018-06-30_16:41:43]
[ELB samples = 5 patterns = 7]
XXNNN
XNXND
XNDDN
XDDXN
NXDDD
NDXDN
NDNDD

[Date,Time = 2018-06-30_16:41:43]
[ELB samples = 5 patterns = 8]
XXNNN
XNXND
XNDDN
XDDXN
NXDDD
NDXDN
NDNDD
NDDXD

[Date,Time = 2018-06-30_16:41:43]
[ELB samples = 5 patterns = 8]
XXNNN
XNXND
XNDDN
XDDXN
NXDDD
NDXDN
NDNDD
DDDXD

[Date,Time = 2018-06-30_16:41:43]
[ELB samples = 5 patterns = 7]
XXNNN
XNXND
XNDDN
XDDXN
NXDDD
NDXDN
NDDXD

[Date,Time = 2018-06-30_16:41:43]
[ELB samples = 5 patterns = 8]
XXNNN
XNXND
XNDDN
XDDXN
NXDDD
NDXDN
NDDXD
DDNDD

[Date,Time = 2018-06-30_16:41:43]
[ELB samples = 5 patterns = 7]
XXNNN
XNXND
XNDDN
XDDXN
NXDDD
NDXDN
DDNDD

[Date,Time = 2018-06-30_16:41:43]
[ELB samples = 5 patterns = 8]
XXNNN
XNXND
XNDDN
XDDXN
NXDDD
NDXDN
DDNDD
DDDXD

[Date,Time = 2018-06-30_16:41:43]
[ELB samples = 5 patterns = 7]
XXNNN
XNXND
XNDDN
XDDXN
NXDDD
NDXDN
DDDXD

[Date,Time = 2018-06-30_16:41:43]
[ELB samples = 5 patterns = 6]
XXNNN
XNXND
XNDDN
XDDXN
NXDDD
NDXDD

[Date,Time = 2018-06-30_16:41:43]
[ELB samples = 5 patterns = 7]
XXNNN
XNXND
XNDDN
XDDXN
NXDDD
NDXDD
NDNDN

[Date,Time = 2018-06-30_16:41:43]
[ELB samples = 5 patterns = 8]
XXNNN
XNXND
XNDDN
XDDXN
NXDDD
NDXDD
NDNDN
NDDXD

[Date,Time = 2018-06-30_16:41:43]
[ELB samples = 5 patterns = 8]
XXNNN
XNXND
XNDDN
XDDXN
NXDDD
NDXDD
NDNDN
DDDXD

[Date,Time = 2018-06-30_16:41:43]
[ELB samples = 5 patterns = 7]
XXNNN
XNXND
XNDDN
XDDXN
NXDDD
NDXDD
NDDXD

[Date,Time = 2018-06-30_16:41:43]
[ELB samples = 5 patterns = 8]
XXNNN
XNXND
XNDDN
XDDXN
NXDDD
NDXDD
NDDXD
DDNDN

[Date,Time = 2018-06-30_16:41:43]
[ELB samples = 5 patterns = 7]
XXNNN
XNXND
XNDDN
XDDXN
NXDDD
NDXDD
NDDND

[Date,Time = 2018-06-30_16:41:43]
[ELB samples = 5 patterns = 8]
XXNNN
XNXND
XNDDN
XDDXN
NXDDD
NDXDD
DDNDN
DDDXD

[Date,Time = 2018-06-30_16:41:43]
[ELB samples = 5 patterns = 7]
XXNNN
XNXND
XNDDN
XDDXN
NXDDD
NDXDD
DDDXD

[Date,Time = 2018-06-30_16:41:43]
[ELB samples = 5 patterns = 7]
XXNNN
XNXND
XNDDN
XDDXN
NXDDD
NDXDD
DDDND

[Date,Time = 2018-06-30_16:41:43]
[ELB samples = 5 patterns = 6]
XXNNN
XNXND
XNDDN
XDDXN
NXDDD
NDNDN

[Date,Time = 2018-06-30_16:41:43]
[ELB samples = 5 patterns = 7]
XXNNN
XNXND
XNDDN
XDDXN
NXDDD
NDNDN
DDXDD

[Date,Time = 2018-06-30_16:41:43]
[ELB samples = 5 patterns = 8]
XXNNN
XNXND
XNDDN
XDDXN
NXDDD
NDNDN
DDXDD
DDDXD

[Date,Time = 2018-06-30_16:41:43]
[ELB samples = 5 patterns = 6]
XXNNN
XNXND
XNDDN
XDDXN
NXDDD
NDNDD

[Date,Time = 2018-06-30_16:41:43]
[ELB samples = 5 patterns = 7]
XXNNN
XNXND
XNDDN
XDDXN
NXDDD
NDNDD
DDDXD

[Date,Time = 2018-06-30_16:41:43]
[ELB samples = 5 patterns = 8]
XXNNN
XNXND
XNDDN
XDDXN
NXDDD
NDDXD
DDXDN
DDNDD

[Date,Time = 2018-06-30_16:41:43]
[ELB samples = 5 patterns = 8]
XXNNN
XNXND
XNDDN
XDDXN
NXDDD
DDXDN
DDNDD
DDDXD

[Date,Time = 2018-06-30_16:41:43]
[ELB samples = 5 patterns = 6]
XXNNN
XNXND
XNDDN
XDDXN
NXDDD
DDXDD

[Date,Time = 2018-06-30_16:41:43]
[ELB samples = 5 patterns = 8]
XXNNN
XNXND
XNDDN
XDDXN
NXDDD
DDXDD
DDNDN
DDDXD

[Date,Time = 2018-06-30_16:41:43]
[ELB samples = 5 patterns = 7]
XXNNN
XNXND
XNDDN
XDDXN
NXDDD
DDXDD
DDDXD

[Date,Time = 2018-06-30_16:41:43]
[ELB samples = 5 patterns = 7]
XXNNN
XNXND
XNDDN
XDDXN
NXDDD
DDXDD
DDDND

[Date,Time = 2018-06-30_16:41:43]
[ELB samples = 5 patterns = 6]
XXNNN
XNXND
XNDDN
XDDXN
NXDDD
DDNDD

[Date,Time = 2018-06-30_16:41:43]
[ELB samples = 5 patterns = 6]
XXNNN
XNXND
XNDDN
XDDXN
NNDDD
NDXDN

[Date,Time = 2018-06-30_16:41:43]
[ELB samples = 5 patterns = 7]
XXNNN
XNXND
XNDDN
XDDXN
NNDDD
NDXDN
DDDXD

[Date,Time = 2018-06-30_16:41:43]
[ELB samples = 5 patterns = 6]
XXNNN
XNXND
XNDDN
XDDXN
NNDDD
DDXDD

[Date,Time = 2018-06-30_16:41:43]
[ELB samples = 5 patterns = 7]
XXNNN
XNXND
XNDDN
XDDXN
NNDDD
DDXDD
DDDXD

[Date,Time = 2018-06-30_16:41:43]
[ELB samples = 5 patterns = 8]
XXNNN
XNXND
XNDDN
XDDXN
NDXDN
NDNDD
DXDDD
DDDXD

[Date,Time = 2018-06-30_16:41:43]
[ELB samples = 5 patterns = 6]
XXNNN
XNXND
XNDDN
XDDXN
NDXDN
NDDDD

[Date,Time = 2018-06-30_16:41:43]
[ELB samples = 5 patterns = 6]
XXNNN
XNXND
XNDDN
XDDXN
NDXDN
DXDDD

[Date,Time = 2018-06-30_16:41:43]
[ELB samples = 5 patterns = 7]
XXNNN
XNXND
XNDDN
XDDXN
NDXDN
DXDDD
DDNDD

[Date,Time = 2018-06-30_16:41:43]
[ELB samples = 5 patterns = 8]
XXNNN
XNXND
XNDDN
XDDXN
NDXDN
DXDDD
DDNDD
DDDXD

[Date,Time = 2018-06-30_16:41:43]
[ELB samples = 5 patterns = 7]
XXNNN
XNXND
XNDDN
XDDXN
NDXDN
DXDDD
DDDXD

[Date,Time = 2018-06-30_16:41:43]
[ELB samples = 5 patterns = 6]
XXNNN
XNXND
XNDDN
XDDXN
NDXDN
DDDDD

[Date,Time = 2018-06-30_16:41:43]
[ELB samples = 5 patterns = 6]
XXNNN
XNXND
XNDDN
XDDXN
NDNDN
DXDDD

[Date,Time = 2018-06-30_16:41:43]
[ELB samples = 5 patterns = 7]
XXNNN
XNXND
XNDDN
XDDXN
NDNDN
DXDDD
DDXDD

[Date,Time = 2018-06-30_16:41:43]
[ELB samples = 5 patterns = 8]
XXNNN
XNXND
XNDDN
XDDXN
NDNDN
DXDDD
DDXDD
DDDXD

[Date,Time = 2018-06-30_16:41:43]
[ELB samples = 5 patterns = 8]
XXNNN
XNXND
XNDDN
XDDXN
DXDDD
DDXDN
DDNDD
DDDXD

[Date,Time = 2018-06-30_16:41:43]
[ELB samples = 5 patterns = 6]
XXNNN
XNXND
XNDDN
XDDXN
DXDDD
DDXDD

[Date,Time = 2018-06-30_16:41:43]
[ELB samples = 5 patterns = 8]
XXNNN
XNXND
XNDDN
XDDXN
DXDDD
DDXDD
DDNDN
DDDXD

[Date,Time = 2018-06-30_16:41:43]
[ELB samples = 5 patterns = 7]
XXNNN
XNXND
XNDDN
XDDXN
DXDDD
DDXDD
DDDXD

[Date,Time = 2018-06-30_16:41:43]
[ELB samples = 5 patterns = 7]
XXNNN
XNXND
XNDDN
XDDXN
DXDDD
DDXDD
DDDND

[Date,Time = 2018-06-30_16:41:43]
[ELB samples = 5 patterns = 6]
XXNNN
XNXND
XNDDN
XDDXN
DXDDD
DDNDD

[Date,Time = 2018-06-30_16:41:43]
[ELB samples = 5 patterns = 6]
XXNNN
XNXND
XNDDN
XDDXN
DDXDN
DDDDD

[Date,Time = 2018-06-30_16:41:43]
[ELB samples = 5 patterns = 6]
XXNNN
XNXND
XNDDN
XDDXD
NXDDD
NDXDN

[Date,Time = 2018-06-30_16:41:43]
[ELB samples = 5 patterns = 7]
XXNNN
XNXND
XNDDN
XDDXD
NXDDD
NDXDN
NDNDD

[Date,Time = 2018-06-30_16:41:43]
[ELB samples = 5 patterns = 8]
XXNNN
XNXND
XNDDN
XDDXD
NXDDD
NDXDN
NDNDD
NDDXN

[Date,Time = 2018-06-30_16:41:43]
[ELB samples = 5 patterns = 8]
XXNNN
XNXND
XNDDN
XDDXD
NXDDD
NDXDN
NDNDD
DDDXN

[Date,Time = 2018-06-30_16:41:43]
[ELB samples = 5 patterns = 7]
XXNNN
XNXND
XNDDN
XDDXD
NXDDD
NDXDN
NDDXN

[Date,Time = 2018-06-30_16:41:43]
[ELB samples = 5 patterns = 8]
XXNNN
XNXND
XNDDN
XDDXD
NXDDD
NDXDN
NDDXN
DDNDD

[Date,Time = 2018-06-30_16:41:43]
[ELB samples = 5 patterns = 7]
XXNNN
XNXND
XNDDN
XDDXD
NXDDD
NDXDN
NDDNN

[Date,Time = 2018-06-30_16:41:43]
[ELB samples = 5 patterns = 7]
XXNNN
XNXND
XNDDN
XDDXD
NXDDD
NDXDN
DDNDD

[Date,Time = 2018-06-30_16:41:43]
[ELB samples = 5 patterns = 8]
XXNNN
XNXND
XNDDN
XDDXD
NXDDD
NDXDN
DDNDD
DDDXN

[Date,Time = 2018-06-30_16:41:43]
[ELB samples = 5 patterns = 7]
XXNNN
XNXND
XNDDN
XDDXD
NXDDD
NDXDN
DDDXN

[Date,Time = 2018-06-30_16:41:43]
[ELB samples = 5 patterns = 6]
XXNNN
XNXND
XNDDN
XDDXD
NXDDD
NDXDD

[Date,Time = 2018-06-30_16:41:43]
[ELB samples = 5 patterns = 7]
XXNNN
XNXND
XNDDN
XDDXD
NXDDD
NDXDD
NDNDN

[Date,Time = 2018-06-30_16:41:43]
[ELB samples = 5 patterns = 8]
XXNNN
XNXND
XNDDN
XDDXD
NXDDD
NDXDD
NDNDN
NDDXN

[Date,Time = 2018-06-30_16:41:43]
[ELB samples = 5 patterns = 8]
XXNNN
XNXND
XNDDN
XDDXD
NXDDD
NDXDD
NDNDN
DDDXN

[Date,Time = 2018-06-30_16:41:43]
[ELB samples = 5 patterns = 7]
XXNNN
XNXND
XNDDN
XDDXD
NXDDD
NDXDD
DDNDN

[Date,Time = 2018-06-30_16:41:43]
[ELB samples = 5 patterns = 8]
XXNNN
XNXND
XNDDN
XDDXD
NXDDD
NDXDD
DDNDN
DDDXN

[Date,Time = 2018-06-30_16:41:43]
[ELB samples = 5 patterns = 7]
XXNNN
XNXND
XNDDN
XDDXD
NXDDD
NDXDD
DDDXN

[Date,Time = 2018-06-30_16:41:43]
[ELB samples = 5 patterns = 6]
XXNNN
XNXND
XNDDN
XDDXD
NXDDD
NDNDN

[Date,Time = 2018-06-30_16:41:43]
[ELB samples = 5 patterns = 8]
XXNNN
XNXND
XNDDN
XDDXD
NXDDD
NDNDN
NDDXN
DDXDD

[Date,Time = 2018-06-30_16:41:43]
[ELB samples = 5 patterns = 7]
XXNNN
XNXND
XNDDN
XDDXD
NXDDD
NDNDN
DDXDD

[Date,Time = 2018-06-30_16:41:43]
[ELB samples = 5 patterns = 8]
XXNNN
XNXND
XNDDN
XDDXD
NXDDD
NDNDN
DDXDD
DDDXN

[Date,Time = 2018-06-30_16:41:43]
[ELB samples = 5 patterns = 6]
XXNNN
XNXND
XNDDN
XDDXD
NXDDD
NDNDD

[Date,Time = 2018-06-30_16:41:43]
[ELB samples = 5 patterns = 7]
XXNNN
XNXND
XNDDN
XDDXD
NXDDD
NDDXN
DDXDD

[Date,Time = 2018-06-30_16:41:43]
[ELB samples = 5 patterns = 8]
XXNNN
XNXND
XNDDN
XDDXD
NXDDD
NDDXN
DDXDD
DDNDN

[Date,Time = 2018-06-30_16:41:43]
[ELB samples = 5 patterns = 7]
XXNNN
XNXND
XNDDN
XDDXD
NXDDD
DDXDN
DDNDD

[Date,Time = 2018-06-30_16:41:43]
[ELB samples = 5 patterns = 8]
XXNNN
XNXND
XNDDN
XDDXD
NXDDD
DDXDN
DDNDD
DDDXN

[Date,Time = 2018-06-30_16:41:43]
[ELB samples = 5 patterns = 6]
XXNNN
XNXND
XNDDN
XDDXD
NXDDD
DDXDD

[Date,Time = 2018-06-30_16:41:43]
[ELB samples = 5 patterns = 7]
XXNNN
XNXND
XNDDN
XDDXD
NXDDD
DDXDD
DDNDN

[Date,Time = 2018-06-30_16:41:43]
[ELB samples = 5 patterns = 8]
XXNNN
XNXND
XNDDN
XDDXD
NXDDD
DDXDD
DDNDN
DDDXN

[Date,Time = 2018-06-30_16:41:43]
[ELB samples = 5 patterns = 7]
XXNNN
XNXND
XNDDN
XDDXD
NXDDD
DDXDD
DDDXN

[Date,Time = 2018-06-30_16:41:43]
[ELB samples = 5 patterns = 6]
XXNNN
XNXND
XNDDN
XDDXD
NXDDD
DDNDD

[Date,Time = 2018-06-30_16:41:43]
[ELB samples = 5 patterns = 6]
XXNNN
XNXND
XNDDN
XDDXD
NNDDD
NDXDN

[Date,Time = 2018-06-30_16:41:43]
[ELB samples = 5 patterns = 7]
XXNNN
XNXND
XNDDN
XDDXD
NNDDD
NDXDN
NDDXN

[Date,Time = 2018-06-30_16:41:43]
[ELB samples = 5 patterns = 7]
XXNNN
XNXND
XNDDN
XDDXD
NNDDD
NDDXN
DDXDD

[Date,Time = 2018-06-30_16:41:43]
[ELB samples = 5 patterns = 6]
XXNNN
XNXND
XNDDN
XDDXD
NNDDD
DDXDD

[Date,Time = 2018-06-30_16:41:43]
[ELB samples = 5 patterns = 8]
XXNNN
XNXND
XNDDN
XDDXD
NDXDN
NDNDD
NDDXN
DXDDD

[Date,Time = 2018-06-30_16:41:43]
[ELB samples = 5 patterns = 6]
XXNNN
XNXND
XNDDN
XDDXD
NDXDN
NDDXN

[Date,Time = 2018-06-30_16:41:43]
[ELB samples = 5 patterns = 7]
XXNNN
XNXND
XNDDN
XDDXD
NDXDN
NDDXN
DXDDD

[Date,Time = 2018-06-30_16:41:43]
[ELB samples = 5 patterns = 8]
XXNNN
XNXND
XNDDN
XDDXD
NDXDN
NDDXN
DXDDD
DDNDD

[Date,Time = 2018-06-30_16:41:43]
[ELB samples = 5 patterns = 7]
XXNNN
XNXND
XNDDN
XDDXD
NDXDN
NDDXN
DNDDD

[Date,Time = 2018-06-30_16:41:43]
[ELB samples = 5 patterns = 6]
XXNNN
XNXND
XNDDN
XDDXD
NDXDN
NDDNN

[Date,Time = 2018-06-30_16:41:43]
[ELB samples = 5 patterns = 7]
XXNNN
XNXND
XNDDN
XDDXD
NDXDN
NDDNN
DXDDD

[Date,Time = 2018-06-30_16:41:43]
[ELB samples = 5 patterns = 6]
XXNNN
XNXND
XNDDN
XDDXD
NDXDN
DXDDD

[Date,Time = 2018-06-30_16:41:43]
[ELB samples = 5 patterns = 7]
XXNNN
XNXND
XNDDN
XDDXD
NDXDN
DXDDD
DDNDD

[Date,Time = 2018-06-30_16:41:43]
[ELB samples = 5 patterns = 8]
XXNNN
XNXND
XNDDN
XDDXD
NDXDN
DXDDD
DDNDD
DDDXN

[Date,Time = 2018-06-30_16:41:43]
[ELB samples = 5 patterns = 6]
XXNNN
XNXND
XNDDN
XDDXD
NDXDN
DNDDD

[Date,Time = 2018-06-30_16:41:43]
[ELB samples = 5 patterns = 8]
XXNNN
XNXND
XNDDN
XDDXD
NDNDN
NDDXN
DXDDD
DDXDD

[Date,Time = 2018-06-30_16:41:43]
[ELB samples = 5 patterns = 6]
XXNNN
XNXND
XNDDN
XDDXD
NDNDN
DXDDD

[Date,Time = 2018-06-30_16:41:43]
[ELB samples = 5 patterns = 7]
XXNNN
XNXND
XNDDN
XDDXD
NDNDN
DXDDD
DDXDD

[Date,Time = 2018-06-30_16:41:43]
[ELB samples = 5 patterns = 8]
XXNNN
XNXND
XNDDN
XDDXD
NDNDN
DXDDD
DDXDD
DDDXN

[Date,Time = 2018-06-30_16:41:43]
[ELB samples = 5 patterns = 7]
XXNNN
XNXND
XNDDN
XDDXD
NDDXN
DXDDD
DDXDD

[Date,Time = 2018-06-30_16:41:43]
[ELB samples = 5 patterns = 8]
XXNNN
XNXND
XNDDN
XDDXD
NDDXN
DXDDD
DDXDD
DDNDN

[Date,Time = 2018-06-30_16:41:43]
[ELB samples = 5 patterns = 7]
XXNNN
XNXND
XNDDN
XDDXD
DXDDD
DDXDN
DDNDD

[Date,Time = 2018-06-30_16:41:43]
[ELB samples = 5 patterns = 8]
XXNNN
XNXND
XNDDN
XDDXD
DXDDD
DDXDN
DDNDD
DDDXN

[Date,Time = 2018-06-30_16:41:43]
[ELB samples = 5 patterns = 6]
XXNNN
XNXND
XNDDN
XDDXD
DXDDD
DDXDD

[Date,Time = 2018-06-30_16:41:43]
[ELB samples = 5 patterns = 7]
XXNNN
XNXND
XNDDN
XDDXD
DXDDD
DDXDD
DDNDN

[Date,Time = 2018-06-30_16:41:43]
[ELB samples = 5 patterns = 8]
XXNNN
XNXND
XNDDN
XDDXD
DXDDD
DDXDD
DDNDN
DDDXN

[Date,Time = 2018-06-30_16:41:43]
[ELB samples = 5 patterns = 7]
XXNNN
XNXND
XNDDN
XDDXD
DXDDD
DDXDD
DDDXN

[Date,Time = 2018-06-30_16:41:43]
[ELB samples = 5 patterns = 6]
XXNNN
XNXND
XNDDN
XDDXD
DXDDD
DDNDD

[Date,Time = 2018-06-30_16:41:43]
[ELB samples = 5 patterns = 7]
XXNNN
XNXND
XNDDN
NXDDD
NDXDN
NDNDD
NDDXN

[Date,Time = 2018-06-30_16:41:43]
[ELB samples = 5 patterns = 7]
XXNNN
XNXND
XNDDN
NXDDD
NDXDN
NDNDD
NDDXD

[Date,Time = 2018-06-30_16:41:43]
[ELB samples = 5 patterns = 7]
XXNNN
XNXND
XNDDN
NXDDD
NDXDN
NDNDD
DDDXD

[Date,Time = 2018-06-30_16:41:43]
[ELB samples = 5 patterns = 6]
XXNNN
XNXND
XNDDN
NXDDD
NDXDN
NDDXN

[Date,Time = 2018-06-30_16:41:43]
[ELB samples = 5 patterns = 7]
XXNNN
XNXND
XNDDN
NXDDD
NDXDN
NDDXN
DDNDD

[Date,Time = 2018-06-30_16:41:43]
[ELB samples = 5 patterns = 6]
XXNNN
XNXND
XNDDN
NXDDD
NDXDN
NDDXD

[Date,Time = 2018-06-30_16:41:43]
[ELB samples = 5 patterns = 7]
XXNNN
XNXND
XNDDN
NXDDD
NDXDN
NDDXD
NDDNN

[Date,Time = 2018-06-30_16:41:43]
[ELB samples = 5 patterns = 7]
XXNNN
XNXND
XNDDN
NXDDD
NDXDN
NDDXD
DDNDD

[Date,Time = 2018-06-30_16:41:43]
[ELB samples = 5 patterns = 7]
XXNNN
XNXND
XNDDN
NXDDD
NDXDN
NDDNN
DDDXD

[Date,Time = 2018-06-30_16:41:43]
[ELB samples = 5 patterns = 7]
XXNNN
XNXND
XNDDN
NXDDD
NDXDN
DDNDD
DDDXD

[Date,Time = 2018-06-30_16:41:43]
[ELB samples = 5 patterns = 6]
XXNNN
XNXND
XNDDN
NXDDD
NDXDN
DDDXD

[Date,Time = 2018-06-30_16:41:43]
[ELB samples = 5 patterns = 7]
XXNNN
XNXND
XNDDN
NXDDD
NDXDD
NDNDN
NDDXD

[Date,Time = 2018-06-30_16:41:43]
[ELB samples = 5 patterns = 7]
XXNNN
XNXND
XNDDN
NXDDD
NDXDD
NDNDN
DDDXD

[Date,Time = 2018-06-30_16:41:43]
[ELB samples = 5 patterns = 6]
XXNNN
XNXND
XNDDN
NXDDD
NDXDD
NDDXD

[Date,Time = 2018-06-30_16:41:43]
[ELB samples = 5 patterns = 7]
XXNNN
XNXND
XNDDN
NXDDD
NDXDD
NDDXD
DDNDN

[Date,Time = 2018-06-30_16:41:43]
[ELB samples = 5 patterns = 7]
XXNNN
XNXND
XNDDN
NXDDD
NDXDD
DDNDN
DDDXD

[Date,Time = 2018-06-30_16:41:43]
[ELB samples = 5 patterns = 7]
XXNNN
XNXND
XNDDN
NXDDD
NDXDD
DDDXN
DDDND

[Date,Time = 2018-06-30_16:41:43]
[ELB samples = 5 patterns = 6]
XXNNN
XNXND
XNDDN
NXDDD
NDXDD
DDDXD

[Date,Time = 2018-06-30_16:41:43]
[ELB samples = 5 patterns = 6]
XXNNN
XNXND
XNDDN
NXDDD
NDNDN
DDXDD

[Date,Time = 2018-06-30_16:41:43]
[ELB samples = 5 patterns = 7]
XXNNN
XNXND
XNDDN
NXDDD
NDNDN
DDXDD
DDDXD

[Date,Time = 2018-06-30_16:41:43]
[ELB samples = 5 patterns = 6]
XXNNN
XNXND
XNDDN
NXDDD
NDNDD
DDDXD

[Date,Time = 2018-06-30_16:41:43]
[ELB samples = 5 patterns = 7]
XXNNN
XNXND
XNDDN
NXDDD
DDXDN
DDNDD
DDDXD

[Date,Time = 2018-06-30_16:41:43]
[ELB samples = 5 patterns = 7]
XXNNN
XNXND
XNDDN
NXDDD
DDXDD
DDNDN
DDDXD

[Date,Time = 2018-06-30_16:41:43]
[ELB samples = 5 patterns = 6]
XXNNN
XNXND
XNDDN
NXDDD
DDXDD
DDDXD

[Date,Time = 2018-06-30_16:41:43]
[ELB samples = 5 patterns = 6]
XXNNN
XNXND
XNDDN
NXDDD
DDXDD
DDDND

[Date,Time = 2018-06-30_16:41:44]
[ELB samples = 5 patterns = 6]
XXNNN
XNXND
XNDDN
NNDDD
NDXDN
DDDXD

[Date,Time = 2018-06-30_16:41:44]
[ELB samples = 5 patterns = 6]
XXNNN
XNXND
XNDDN
NNDDD
DDXDD
DDDXD

[Date,Time = 2018-06-30_16:41:44]
[ELB samples = 5 patterns = 7]
XXNNN
XNXND
XNDDN
NDXDN
NDNDD
NDDXN
DXDDD

[Date,Time = 2018-06-30_16:41:44]
[ELB samples = 5 patterns = 7]
XXNNN
XNXND
XNDDN
NDXDN
NDNDD
DXDDD
DDDXD

[Date,Time = 2018-06-30_16:41:44]
[ELB samples = 5 patterns = 7]
XXNNN
XNXND
XNDDN
NDXDN
NDDXN
DXNDD
DDDDD

[Date,Time = 2018-06-30_16:41:44]
[ELB samples = 5 patterns = 6]
XXNNN
XNXND
XNDDN
NDXDN
NDDXN
DXDDD

[Date,Time = 2018-06-30_16:41:44]
[ELB samples = 5 patterns = 7]
XXNNN
XNXND
XNDDN
NDXDN
NDDXN
DXDDD
DDNDD

[Date,Time = 2018-06-30_16:41:44]
[ELB samples = 5 patterns = 7]
XXNNN
XNXND
XNDDN
NDXDN
NDDXD
DXNDD
DDDDD

[Date,Time = 2018-06-30_16:41:44]
[ELB samples = 5 patterns = 6]
XXNNN
XNXND
XNDDN
NDXDN
NDDNN
DXDDD

[Date,Time = 2018-06-30_16:41:44]
[ELB samples = 5 patterns = 7]
XXNNN
XNXND
XNDDN
NDXDN
NDDNN
DXDDD
DDDXD

[Date,Time = 2018-06-30_16:41:44]
[ELB samples = 5 patterns = 6]
XXNNN
XNXND
XNDDN
NDXDN
NDDDD
DDDXD

[Date,Time = 2018-06-30_16:41:44]
[ELB samples = 5 patterns = 7]
XXNNN
XNXND
XNDDN
NDXDN
DXDDD
DDNDD
DDDXD

[Date,Time = 2018-06-30_16:41:44]
[ELB samples = 5 patterns = 6]
XXNNN
XNXND
XNDDN
NDXDN
DXDDD
DDDXD

[Date,Time = 2018-06-30_16:41:44]
[ELB samples = 5 patterns = 6]
XXNNN
XNXND
XNDDN
NDNDN
DXDDD
DDXDD

[Date,Time = 2018-06-30_16:41:44]
[ELB samples = 5 patterns = 7]
XXNNN
XNXND
XNDDN
NDNDN
DXDDD
DDXDD
DDDXD

[Date,Time = 2018-06-30_16:41:44]
[ELB samples = 5 patterns = 7]
XXNNN
XNXND
XNDDN
NDDXD
DXNDD
DDXDN
DDDDD

[Date,Time = 2018-06-30_16:41:44]
[ELB samples = 5 patterns = 7]
XXNNN
XNXND
XNDDN
DXDDD
DDXDN
DDNDD
DDDXD

[Date,Time = 2018-06-30_16:41:44]
[ELB samples = 5 patterns = 7]
XXNNN
XNXND
XNDDN
DXDDD
DDXDD
DDNDN
DDDXD

[Date,Time = 2018-06-30_16:41:44]
[ELB samples = 5 patterns = 6]
XXNNN
XNXND
XNDDN
DXDDD
DDXDD
DDDXD

[Date,Time = 2018-06-30_16:41:44]
[ELB samples = 5 patterns = 6]
XXNNN
XNXND
XNDDN
DXDDD
DDXDD
DDDND

[Date,Time = 2018-06-30_16:41:44]
[ELB samples = 5 patterns = 6]
XXNNN
XNXND
XNDDD
XDDXN
NNDDN
NDXDD

[Date,Time = 2018-06-30_16:41:44]
[ELB samples = 5 patterns = 7]
XXNNN
XNXND
XNDDD
XDDXN
NNDDN
NDXDD
NDDXD

[Date,Time = 2018-06-30_16:41:44]
[ELB samples = 5 patterns = 7]
XXNNN
XNXND
XNDDD
XDDXN
NNDDN
NDXDD
DDDXD

[Date,Time = 2018-06-30_16:41:44]
[ELB samples = 5 patterns = 6]
XXNNN
XNXND
XNDDD
XDDXN
NNDDN
DDXDD

[Date,Time = 2018-06-30_16:41:44]
[ELB samples = 5 patterns = 7]
XXNNN
XNXND
XNDDD
XDDXN
NNDDN
DDXDD
DDDXD

[Date,Time = 2018-06-30_16:41:44]
[ELB samples = 5 patterns = 8]
XXNNN
XNXND
XNDDD
XDDXN
NDXDD
NDNDN
NDDXD
DXDDN

[Date,Time = 2018-06-30_16:41:44]
[ELB samples = 5 patterns = 8]
XXNNN
XNXND
XNDDD
XDDXN
NDXDD
NDNDN
DXDDN
DDDXD

[Date,Time = 2018-06-30_16:41:44]
[ELB samples = 5 patterns = 6]
XXNNN
XNXND
XNDDD
XDDXN
NDXDD
NDDXD

[Date,Time = 2018-06-30_16:41:44]
[ELB samples = 5 patterns = 7]
XXNNN
XNXND
XNDDD
XDDXN
NDXDD
NDDXD
DXDDN

[Date,Time = 2018-06-30_16:41:44]
[ELB samples = 5 patterns = 8]
XXNNN
XNXND
XNDDD
XDDXN
NDXDD
NDDXD
DXDDN
DDNDN

[Date,Time = 2018-06-30_16:41:44]
[ELB samples = 5 patterns = 7]
XXNNN
XNXND
XNDDD
XDDXN
NDXDD
NDDXD
DNDDN

[Date,Time = 2018-06-30_16:41:44]
[ELB samples = 5 patterns = 6]
XXNNN
XNXND
XNDDD
XDDXN
NDXDD
NDDND

[Date,Time = 2018-06-30_16:41:44]
[ELB samples = 5 patterns = 8]
XXNNN
XNXND
XNDDD
XDDXN
NDXDD
DXDDN
DDNDN
DDDXD

[Date,Time = 2018-06-30_16:41:44]
[ELB samples = 5 patterns = 7]
XXNNN
XNXND
XNDDD
XDDXN
NDXDD
DXDDN
DDDXD

[Date,Time = 2018-06-30_16:41:44]
[ELB samples = 5 patterns = 7]
XXNNN
XNXND
XNDDD
XDDXN
NDXDD
DXDDN
DDDND

[Date,Time = 2018-06-30_16:41:44]
[ELB samples = 5 patterns = 7]
XXNNN
XNXND
XNDDD
XDDXN
NDXDD
DNDDN
DDDXD

[Date,Time = 2018-06-30_16:41:44]
[ELB samples = 5 patterns = 6]
XXNNN
XNXND
XNDDD
XDDXN
NDXDD
DDDXD

[Date,Time = 2018-06-30_16:41:44]
[ELB samples = 5 patterns = 6]
XXNNN
XNXND
XNDDD
XDDXN
NDXDD
DDDND

[Date,Time = 2018-06-30_16:41:44]
[ELB samples = 5 patterns = 8]
XXNNN
XNXND
XNDDD
XDDXN
NDNDN
DXDDN
DDXDD
DDDXD

[Date,Time = 2018-06-30_16:41:44]
[ELB samples = 5 patterns = 6]
XXNNN
XNXND
XNDDD
XDDXN
NDNDD
DDDXD

[Date,Time = 2018-06-30_16:41:44]
[ELB samples = 5 patterns = 8]
XXNNN
XNXND
XNDDD
XDDXN
NDDXD
DXDDN
DDXDN
DDNDD

[Date,Time = 2018-06-30_16:41:44]
[ELB samples = 5 patterns = 8]
XXNNN
XNXND
XNDDD
XDDXN
DXDDN
DDXDN
DDNDD
DDDXD

[Date,Time = 2018-06-30_16:41:44]
[ELB samples = 5 patterns = 8]
XXNNN
XNXND
XNDDD
XDDXN
DXDDN
DDXDD
DDNDN
DDDXD

[Date,Time = 2018-06-30_16:41:44]
[ELB samples = 5 patterns = 7]
XXNNN
XNXND
XNDDD
XDDXN
DXDDN
DDXDD
DDDXD

[Date,Time = 2018-06-30_16:41:44]
[ELB samples = 5 patterns = 7]
XXNNN
XNXND
XNDDD
XDDXN
DXDDN
DDXDD
DDDND

[Date,Time = 2018-06-30_16:41:44]
[ELB samples = 5 patterns = 7]
XXNNN
XNXND
XNDDD
XDDXN
DNDDN
DDXDD
DDDXD

[Date,Time = 2018-06-30_16:41:44]
[ELB samples = 5 patterns = 6]
XXNNN
XNXND
XNDDD
XDDXN
DDXDD
DDDXD

[Date,Time = 2018-06-30_16:41:44]
[ELB samples = 5 patterns = 6]
XXNNN
XNXND
XNDDD
XDDXN
DDXDD
DDDND

[Date,Time = 2018-06-30_16:41:44]
[ELB samples = 5 patterns = 6]
XXNNN
XNXND
XNDDD
XDDXD
NNDDN
NDXDD

[Date,Time = 2018-06-30_16:41:44]
[ELB samples = 5 patterns = 7]
XXNNN
XNXND
XNDDD
XDDXD
NNDDN
NDXDD
DDDXN

[Date,Time = 2018-06-30_16:41:44]
[ELB samples = 5 patterns = 6]
XXNNN
XNXND
XNDDD
XDDXD
NNDDN
DDXDD

[Date,Time = 2018-06-30_16:41:44]
[ELB samples = 5 patterns = 7]
XXNNN
XNXND
XNDDD
XDDXD
NNDDN
DDXDD
DDDXN

[Date,Time = 2018-06-30_16:41:44]
[ELB samples = 5 patterns = 8]
XXNNN
XNXND
XNDDD
XDDXD
NDXDD
NDNDN
DXDDN
DDDXN

[Date,Time = 2018-06-30_16:41:44]
[ELB samples = 5 patterns = 6]
XXNNN
XNXND
XNDDD
XDDXD
NDXDD
NDDDN

[Date,Time = 2018-06-30_16:41:44]
[ELB samples = 5 patterns = 6]
XXNNN
XNXND
XNDDD
XDDXD
NDXDD
DXDDN

[Date,Time = 2018-06-30_16:41:44]
[ELB samples = 5 patterns = 7]
XXNNN
XNXND
XNDDD
XDDXD
NDXDD
DXDDN
DDNDN

[Date,Time = 2018-06-30_16:41:44]
[ELB samples = 5 patterns = 8]
XXNNN
XNXND
XNDDD
XDDXD
NDXDD
DXDDN
DDNDN
DDDXN

[Date,Time = 2018-06-30_16:41:44]
[ELB samples = 5 patterns = 7]
XXNNN
XNXND
XNDDD
XDDXD
NDXDD
DXDDN
DDDXN

[Date,Time = 2018-06-30_16:41:44]
[ELB samples = 5 patterns = 6]
XXNNN
XNXND
XNDDD
XDDXD
NDXDD
DDDDN

[Date,Time = 2018-06-30_16:41:44]
[ELB samples = 5 patterns = 8]
XXNNN
XNXND
XNDDD
XDDXD
NDNDN
DXDDN
DDXDD
DDDXN

[Date,Time = 2018-06-30_16:41:45]
[ELB samples = 5 patterns = 6]
XXNNN
XNXND
XNDDD
XDDXD
NDDDN
DDXDD

[Date,Time = 2018-06-30_16:41:45]
[ELB samples = 5 patterns = 7]
XXNNN
XNXND
XNDDD
XDDXD
DXDDN
DDXDN
DDNDD

[Date,Time = 2018-06-30_16:41:45]
[ELB samples = 5 patterns = 8]
XXNNN
XNXND
XNDDD
XDDXD
DXDDN
DDXDN
DDNDD
DDDXN

[Date,Time = 2018-06-30_16:41:45]
[ELB samples = 5 patterns = 6]
XXNNN
XNXND
XNDDD
XDDXD
DXDDN
DDXDD

[Date,Time = 2018-06-30_16:41:45]
[ELB samples = 5 patterns = 7]
XXNNN
XNXND
XNDDD
XDDXD
DXDDN
DDXDD
DDNDN

[Date,Time = 2018-06-30_16:41:45]
[ELB samples = 5 patterns = 8]
XXNNN
XNXND
XNDDD
XDDXD
DXDDN
DDXDD
DDNDN
DDDXN

[Date,Time = 2018-06-30_16:41:45]
[ELB samples = 5 patterns = 7]
XXNNN
XNXND
XNDDD
XDDXD
DXDDN
DDXDD
DDDXN

[Date,Time = 2018-06-30_16:41:45]
[ELB samples = 5 patterns = 6]
XXNNN
XNXND
XNDDD
XDDXD
DDXDD
DDDDN

[Date,Time = 2018-06-30_16:41:45]
[ELB samples = 5 patterns = 6]
XXNNN
XNXND
XNDDD
NXXDN
DDXDD
DDDNN

[Date,Time = 2018-06-30_16:41:45]
[ELB samples = 5 patterns = 6]
XXNNN
XNXND
XNDDD
NXXDN
DDXDD
DDDND

[Date,Time = 2018-06-30_16:41:45]
[ELB samples = 5 patterns = 6]
XXNNN
XNXND
XNDDD
NNDDN
NDXDD
NDDXD

[Date,Time = 2018-06-30_16:41:45]
[ELB samples = 5 patterns = 6]
XXNNN
XNXND
XNDDD
NNDDN
NDXDD
DDDXD

[Date,Time = 2018-06-30_16:41:45]
[ELB samples = 5 patterns = 6]
XXNNN
XNXND
XNDDD
NNDDN
DDXDD
DDDXD

[Date,Time = 2018-06-30_16:41:45]
[ELB samples = 5 patterns = 7]
XXNNN
XNXND
XNDDD
NDXDD
NDNDN
NDDXD
DXDDN

[Date,Time = 2018-06-30_16:41:45]
[ELB samples = 5 patterns = 7]
XXNNN
XNXND
XNDDD
NDXDD
NDNDN
DXDDN
DDDXD

[Date,Time = 2018-06-30_16:41:45]
[ELB samples = 5 patterns = 6]
XXNNN
XNXND
XNDDD
NDXDD
NDDXD
NDDDN

[Date,Time = 2018-06-30_16:41:45]
[ELB samples = 5 patterns = 6]
XXNNN
XNXND
XNDDD
NDXDD
NDDXD
DXDDN

[Date,Time = 2018-06-30_16:41:45]
[ELB samples = 5 patterns = 7]
XXNNN
XNXND
XNDDD
NDXDD
NDDXD
DXDDN
DDNDN

[Date,Time = 2018-06-30_16:41:45]
[ELB samples = 5 patterns = 6]
XXNNN
XNXND
XNDDD
NDXDD
NDDXD
DDDDN

[Date,Time = 2018-06-30_16:41:45]
[ELB samples = 5 patterns = 6]
XXNNN
XNXND
XNDDD
NDXDD
NDDDN
DDDXD

[Date,Time = 2018-06-30_16:41:45]
[ELB samples = 5 patterns = 7]
XXNNN
XNXND
XNDDD
NDXDD
DXDDN
DDNDN
DDDXD

[Date,Time = 2018-06-30_16:41:45]
[ELB samples = 5 patterns = 7]
XXNNN
XNXND
XNDDD
NDXDD
DXDDN
DDDXN
DDDND

[Date,Time = 2018-06-30_16:41:45]
[ELB samples = 5 patterns = 6]
XXNNN
XNXND
XNDDD
NDXDD
DXDDN
DDDXD

[Date,Time = 2018-06-30_16:41:45]
[ELB samples = 5 patterns = 6]
XXNNN
XNXND
XNDDD
NDXDD
DDDXD
DDDDN

[Date,Time = 2018-06-30_16:41:45]
[ELB samples = 5 patterns = 7]
XXNNN
XNXND
XNDDD
NDNDN
DXDDN
DDXDD
DDDXD

[Date,Time = 2018-06-30_16:41:45]
[ELB samples = 5 patterns = 6]
XXNNN
XNXND
XNDDD
NDDDN
DDXDD
DDDXD

[Date,Time = 2018-06-30_16:41:45]
[ELB samples = 5 patterns = 7]
XXNNN
XNXND
XNDDD
DXDDN
DDXDN
DDNDD
DDDXD

[Date,Time = 2018-06-30_16:41:45]
[ELB samples = 5 patterns = 7]
XXNNN
XNXND
XNDDD
DXDDN
DDXDD
DDNDN
DDDXD

[Date,Time = 2018-06-30_16:41:45]
[ELB samples = 5 patterns = 6]
XXNNN
XNXND
XNDDD
DXDDN
DDXDD
DDDXD

[Date,Time = 2018-06-30_16:41:45]
[ELB samples = 5 patterns = 6]
XXNNN
XNXND
XNDDD
DDXDD
DDDXD
DDDDN

[Date,Time = 2018-06-30_16:41:48]
[ELB samples = 5 patterns = 6]
XXNNN
XNXND
XDDXN
NNDDN
DXDDD
DDXDD

[Date,Time = 2018-06-30_16:41:48]
[ELB samples = 5 patterns = 7]
XXNNN
XNXND
XDDXN
NNDDN
DXDDD
DDXDD
DDDXD

[Date,Time = 2018-06-30_16:41:48]
[ELB samples = 5 patterns = 6]
XXNNN
XNXND
XDDXN
NNDDD
DDXDD
DDDXD

[Date,Time = 2018-06-30_16:41:48]
[ELB samples = 5 patterns = 7]
XXNNN
XNXND
XDDXN
DXDDN
DNDDD
DDXDD
DDDXD

[Date,Time = 2018-06-30_16:41:48]
[ELB samples = 5 patterns = 6]
XXNNN
XNXND
XDDXN
DXDDN
DDXDN
DDDDD

[Date,Time = 2018-06-30_16:41:48]
[ELB samples = 5 patterns = 7]
XXNNN
XNXND
XDDXN
DXDDD
DNDDN
DDXDD
DDDXD

[Date,Time = 2018-06-30_16:41:48]
[ELB samples = 5 patterns = 6]
XXNNN
XNXND
XDDXN
DXDDD
DDXDD
DDDXD

[Date,Time = 2018-06-30_16:41:48]
[ELB samples = 5 patterns = 6]
XXNNN
XNXND
XDDXN
DXDDD
DDXDD
DDDND

[Date,Time = 2018-06-30_16:41:49]
[ELB samples = 5 patterns = 6]
XXNNN
XNXND
XDDXD
XDDDN
DXDDD
DDXDD

[Date,Time = 2018-06-30_16:41:49]
[ELB samples = 5 patterns = 6]
XXNNN
XNXND
XDDXD
NNDDN
DXDDD
DDXDD

[Date,Time = 2018-06-30_16:41:49]
[ELB samples = 5 patterns = 7]
XXNNN
XNXND
XDDXD
NNDDN
DXDDD
DDXDD
DDDXN

[Date,Time = 2018-06-30_16:41:49]
[ELB samples = 5 patterns = 6]
XXNNN
XNXND
XDDXD
NDDDN
DXDDD
DDXDD

[Date,Time = 2018-06-30_16:41:49]
[ELB samples = 5 patterns = 7]
XXNNN
XNXND
XDDXD
DXDDN
DNDDD
DDXDD
DDDXN

[Date,Time = 2018-06-30_16:41:49]
[ELB samples = 5 patterns = 7]
XXNNN
XNXND
XDDXD
DXDDD
DNDDN
DDXDD
DDDXN

[Date,Time = 2018-06-30_16:41:49]
[ELB samples = 5 patterns = 6]
XXNNN
XNXND
XDDXD
DXDDD
DDXDD
DDDDN

[Date,Time = 2018-06-30_16:41:49]
[ELB samples = 5 patterns = 6]
XXNNN
XNXND
XDDNN
NXNDN
NNXDD
NDDND

[Date,Time = 2018-06-30_16:41:49]
[ELB samples = 5 patterns = 6]
XXNNN
XNXND
XDDNN
NXNDN
NNXDD
NDDDD

[Date,Time = 2018-06-30_16:41:49]
[ELB samples = 5 patterns = 6]
XXNNN
XNXND
XDDNN
NXNDN
NNXDD
DDDDD

[Date,Time = 2018-06-30_16:41:49]
[ELB samples = 5 patterns = 6]
XXNNN
XNXND
XDDNN
NXNDN
NNDDD
NDXDD

[Date,Time = 2018-06-30_16:41:49]
[ELB samples = 5 patterns = 6]
XXNNN
XNXND
XDDNN
NXNDN
NNDDD
DDXDD

[Date,Time = 2018-06-30_16:41:49]
[ELB samples = 5 patterns = 6]
XXNNN
XNXND
XDDNN
NXNDN
NDXDD
DNDDD

[Date,Time = 2018-06-30_16:41:49]
[ELB samples = 5 patterns = 6]
XXNNN
XNXND
XDDNN
NXNDN
DNXDD
DDDDD

[Date,Time = 2018-06-30_16:41:49]
[ELB samples = 5 patterns = 6]
XXNNN
XNXND
XDDNN
NXNDN
DNDDD
DDXDD

[Date,Time = 2018-06-30_16:41:49]
[ELB samples = 5 patterns = 6]
XXNNN
XNXND
XDDNN
NXDDD
NNNDN
NDXDD

[Date,Time = 2018-06-30_16:41:49]
[ELB samples = 5 patterns = 6]
XXNNN
XNXND
XDDNN
NXDDD
NNNDN
DDXDD

[Date,Time = 2018-06-30_16:41:50]
[ELB samples = 5 patterns = 6]
XXNNN
XNXND
XDDNN
NNNDN
DXDDD
DDXDD

[Date,Time = 2018-06-30_16:41:50]
[ELB samples = 5 patterns = 7]
XXNNN
XNXND
XDDNN
DXDDD
DDXDD
DDDXD
DDDDN

[Date,Time = 2018-06-30_16:41:50]
[ELB samples = 5 patterns = 6]
XXNNN
XNXND
XDDND
NXNDN
NNXDD
NDDNN

[Date,Time = 2018-06-30_16:41:50]
[ELB samples = 5 patterns = 6]
XXNNN
XNXND
XDDND
NXNDN
DNXDD
DDDDD

[Date,Time = 2018-06-30_16:41:51]
[ELB samples = 5 patterns = 6]
XXNNN
XNXND
XDDND
NXDDD
NNNDN
NDXDD

[Date,Time = 2018-06-30_16:41:51]
[ELB samples = 5 patterns = 6]
XXNNN
XNXND
XDDND
NXDDD
NNNDN
DDXDD

[Date,Time = 2018-06-30_16:41:51]
[ELB samples = 5 patterns = 6]
XXNNN
XNXND
XDDND
NNNDN
DXDDD
DDXDD

[Date,Time = 2018-06-30_16:41:51]
[ELB samples = 5 patterns = 7]
XXNNN
XNXND
XDDND
DXNDD
DDXDN
DDDXN
DDDDD

[Date,Time = 2018-06-30_16:41:51]
[ELB samples = 5 patterns = 6]
XXNNN
XNXND
XDDND
DXNDD
DDXDN
DDDDD

[Date,Time = 2018-06-30_16:41:52]
[ELB samples = 5 patterns = 7]
XXNNN
XNXND
XDDDN
DXDDD
DNNDN
DDXDD
DDDXD

[Date,Time = 2018-06-30_16:41:52]
[ELB samples = 5 patterns = 7]
XXNNN
XNXND
XDDDN
DXDDD
DDXDD
DDDXN
DDDND

[Date,Time = 2018-06-30_16:41:52]
[ELB samples = 5 patterns = 6]
XXNNN
XNXND
XDDDN
DXDDD
DDXDD
DDDXD

[Date,Time = 2018-06-30_16:41:52]
[ELB samples = 5 patterns = 7]
XXNNN
XNXND
XDDDN
DXDDD
DDXDD
DDDXD
DDDNN

[Date,Time = 2018-06-30_16:41:52]
[ELB samples = 5 patterns = 6]
XXNNN
XNXND
XDDDD
NXNDN
NNXDD
NDDNN

[Date,Time = 2018-06-30_16:41:52]
[ELB samples = 5 patterns = 6]
XXNNN
XNXND
XDDDD
NXNDN
DXXDD
DDDNN

[Date,Time = 2018-06-30_16:41:52]
[ELB samples = 5 patterns = 6]
XXNNN
XNXND
XDDDD
NXNDN
DXXDD
DDDND

[Date,Time = 2018-06-30_16:41:53]
[BlockFinder5]     10000     10 sec max_depth=7  depth=5    0/187   0/136  16/53    4/23    2/10 
[Date,Time = 2018-06-30_16:41:53]
[ELB samples = 5 patterns = 6]
XXNNN
XNXND
NNDDN
DXDDD
DDXDD
DDDXD

[Date,Time = 2018-06-30_16:41:54]
[ELB samples = 5 patterns = 6]
XXNNN
XNXND
NDDDN
DXDDD
DDXDD
DDDXD

[Date,Time = 2018-06-30_16:41:54]
[ELB samples = 5 patterns = 6]
XXNNN
XNXND
DXDDD
DDXDD
DDDXD
DDDDN

[Date,Time = 2018-06-30_16:42:03]
[BlockFinder5]     20000     20 sec max_depth=7  depth=5    0/187   1/136  10/53    0/34    2/15 
[Date,Time = 2018-06-30_16:42:07]
[ELB samples = 5 patterns = 6]
XXNNN
XNXDD
XNNND
NXDDN
NDXDN
NDDNN

[Date,Time = 2018-06-30_16:42:07]
[ELB samples = 5 patterns = 6]
XXNNN
XNXDD
XNNND
NXDDN
NDXDN
NDDND

[Date,Time = 2018-06-30_16:42:07]
[ELB samples = 5 patterns = 6]
XXNNN
XNXDD
XNNND
NXDDN
NDXDN
NDDDD

[Date,Time = 2018-06-30_16:42:07]
[ELB samples = 5 patterns = 6]
XXNNN
XNXDD
XNNND
NXDDN
NDXDN
DDDDD

[Date,Time = 2018-06-30_16:42:07]
[ELB samples = 5 patterns = 6]
XXNNN
XNXDD
XNNND
NXDDN
NDDNN
DDXDN

[Date,Time = 2018-06-30_16:42:07]
[ELB samples = 5 patterns = 6]
XXNNN
XNXDD
XNNND
NXDDN
NDDND
DDXDN

[Date,Time = 2018-06-30_16:42:07]
[ELB samples = 5 patterns = 6]
XXNNN
XNXDD
XNNND
NXDDN
NDDDD
DDXDN

[Date,Time = 2018-06-30_16:42:07]
[ELB samples = 5 patterns = 6]
XXNNN
XNXDD
XNNND
NXDDN
DDXDN
DDDDD

[Date,Time = 2018-06-30_16:42:07]
[ELB samples = 5 patterns = 6]
XXNNN
XNXDD
XNNND
NDDNN
DXDDN
DDXDN

[Date,Time = 2018-06-30_16:42:07]
[ELB samples = 5 patterns = 6]
XXNNN
XNXDD
XNNND
NDDND
DXDDN
DDXDN

[Date,Time = 2018-06-30_16:42:07]
[ELB samples = 5 patterns = 6]
XXNNN
XNXDD
XNNND
NDDDD
DXDDN
DDXDN

[Date,Time = 2018-06-30_16:42:07]
[ELB samples = 5 patterns = 6]
XXNNN
XNXDD
XNNND
DXDDN
DDXDN
DDDDD

[Date,Time = 2018-06-30_16:42:07]
[ELB samples = 5 patterns = 6]
XXNNN
XNXDD
XNDXD
XNDDX
XDNND
NDXDN

[Date,Time = 2018-06-30_16:42:07]
[ELB samples = 5 patterns = 7]
XXNNN
XNXDD
XNDXD
XNDDX
XDNND
NDXDN
NDDXN

[Date,Time = 2018-06-30_16:42:07]
[ELB samples = 5 patterns = 8]
XXNNN
XNXDD
XNDXD
XNDDX
XDNND
NDXDN
NDDXN
NDDDD

[Date,Time = 2018-06-30_16:42:07]
[ELB samples = 5 patterns = 8]
XXNNN
XNXDD
XNDXD
XNDDX
XDNND
NDXDN
NDDXN
DDDDD

[Date,Time = 2018-06-30_16:42:07]
[ELB samples = 5 patterns = 7]
XXNNN
XNXDD
XNDXD
XNDDX
XDNND
NDXDN
NDDNN

[Date,Time = 2018-06-30_16:42:07]
[ELB samples = 5 patterns = 7]
XXNNN
XNXDD
XNDXD
XNDDX
XDNND
NDXDN
NDDDD

[Date,Time = 2018-06-30_16:42:07]
[ELB samples = 5 patterns = 8]
XXNNN
XNXDD
XNDXD
XNDDX
XDNND
NDXDN
NDDDD
DDDXN

[Date,Time = 2018-06-30_16:42:07]
[ELB samples = 5 patterns = 7]
XXNNN
XNXDD
XNDXD
XNDDX
XDNND
NDXDN
DDDXN

[Date,Time = 2018-06-30_16:42:07]
[ELB samples = 5 patterns = 8]
XXNNN
XNXDD
XNDXD
XNDDX
XDNND
NDXDN
DDDXN
DDDDD

[Date,Time = 2018-06-30_16:42:07]
[ELB samples = 5 patterns = 7]
XXNNN
XNXDD
XNDXD
XNDDX
XDNND
NDXDN
DDDNN

[Date,Time = 2018-06-30_16:42:07]
[ELB samples = 5 patterns = 7]
XXNNN
XNXDD
XNDXD
XNDDX
XDNND
NDXDN
DDDDD

[Date,Time = 2018-06-30_16:42:07]
[ELB samples = 5 patterns = 6]
XXNNN
XNXDD
XNDXD
XNDDX
XDNND
NDNDN

[Date,Time = 2018-06-30_16:42:07]
[ELB samples = 5 patterns = 7]
XXNNN
XNXDD
XNDXD
XNDDX
XDNND
NDNDN
DDDXN

[Date,Time = 2018-06-30_16:42:07]
[ELB samples = 5 patterns = 6]
XXNNN
XNXDD
XNDXD
XNDDX
XDNND
NDDDD

[Date,Time = 2018-06-30_16:42:07]
[ELB samples = 5 patterns = 7]
XXNNN
XNXDD
XNDXD
XNDDX
XDNND
NDDDD
DDXDN

[Date,Time = 2018-06-30_16:42:07]
[ELB samples = 5 patterns = 8]
XXNNN
XNXDD
XNDXD
XNDDX
XDNND
NDDDD
DDXDN
DDDXN

[Date,Time = 2018-06-30_16:42:07]
[ELB samples = 5 patterns = 6]
XXNNN
XNXDD
XNDXD
XNDDX
XDNND
DDXDN

[Date,Time = 2018-06-30_16:42:07]
[ELB samples = 5 patterns = 7]
XXNNN
XNXDD
XNDXD
XNDDX
XDNND
DDXDN
DDDXN

[Date,Time = 2018-06-30_16:42:07]
[ELB samples = 5 patterns = 8]
XXNNN
XNXDD
XNDXD
XNDDX
XDNND
DDXDN
DDDXN
DDDDD

[Date,Time = 2018-06-30_16:42:07]
[ELB samples = 5 patterns = 7]
XXNNN
XNXDD
XNDXD
XNDDX
XDNND
DDXDN
DDDNN

[Date,Time = 2018-06-30_16:42:07]
[ELB samples = 5 patterns = 7]
XXNNN
XNXDD
XNDXD
XNDDX
XDNND
DDXDN
DDDDD

[Date,Time = 2018-06-30_16:42:07]
[ELB samples = 5 patterns = 6]
XXNNN
XNXDD
XNDXD
XNDDX
XDNND
DDNDN

[Date,Time = 2018-06-30_16:42:07]
[ELB samples = 5 patterns = 6]
XXNNN
XNXDD
XNDXD
XNDDX
XDNND
DDDDD

[Date,Time = 2018-06-30_16:42:07]
[ELB samples = 5 patterns = 6]
XXNNN
XNXDD
XNDXD
XNDDX
XDDDD
NDXND

[Date,Time = 2018-06-30_16:42:07]
[ELB samples = 5 patterns = 7]
XXNNN
XNXDD
XNDXD
XNDDX
XDDDD
NDXND
NDNDX

[Date,Time = 2018-06-30_16:42:07]
[ELB samples = 5 patterns = 8]
XXNNN
XNXDD
XNDXD
XNDDX
XDDDD
NDXND
NDNDX
NDDXN

[Date,Time = 2018-06-30_16:42:07]
[ELB samples = 5 patterns = 8]
XXNNN
XNXDD
XNDXD
XNDDX
XDDDD
NDXND
NDNDX
NDDNN

[Date,Time = 2018-06-30_16:42:07]
[ELB samples = 5 patterns = 8]
XXNNN
XNXDD
XNDXD
XNDDX
XDDDD
NDXND
NDNDX
DDDXN

[Date,Time = 2018-06-30_16:42:07]
[ELB samples = 5 patterns = 8]
XXNNN
XNXDD
XNDXD
XNDDX
XDDDD
NDXND
NDNDX
DDDNN

[Date,Time = 2018-06-30_16:42:07]
[ELB samples = 5 patterns = 7]
XXNNN
XNXDD
XNDXD
XNDDX
XDDDD
NDXND
NDNDN

[Date,Time = 2018-06-30_16:42:07]
[ELB samples = 5 patterns = 8]
XXNNN
XNXDD
XNDXD
XNDDX
XDDDD
NDXND
NDNDN
DDDXN

[Date,Time = 2018-06-30_16:42:07]
[ELB samples = 5 patterns = 7]
XXNNN
XNXDD
XNDXD
XNDDX
XDDDD
NDXND
DDNDX

[Date,Time = 2018-06-30_16:42:07]
[ELB samples = 5 patterns = 8]
XXNNN
XNXDD
XNDXD
XNDDX
XDDDD
NDXND
DDNDX
DDDXN

[Date,Time = 2018-06-30_16:42:07]
[ELB samples = 5 patterns = 8]
XXNNN
XNXDD
XNDXD
XNDDX
XDDDD
NDXND
DDNDX
DDDNN

[Date,Time = 2018-06-30_16:42:07]
[ELB samples = 5 patterns = 7]
XXNNN
XNXDD
XNDXD
XNDDX
XDDDD
NDXND
DDNDN

[Date,Time = 2018-06-30_16:42:07]
[ELB samples = 5 patterns = 6]
XXNNN
XNXDD
XNDXD
XNDDX
XDDDD
NDNND

[Date,Time = 2018-06-30_16:42:07]
[ELB samples = 5 patterns = 7]
XXNNN
XNXDD
XNDXD
XNDDX
XDDDD
NDNND
DDXDN

[Date,Time = 2018-06-30_16:42:07]
[ELB samples = 5 patterns = 8]
XXNNN
XNXDD
XNDXD
XNDDX
XDDDD
NDNND
DDXDN
DDDXN

[Date,Time = 2018-06-30_16:42:07]
[ELB samples = 5 patterns = 6]
XXNNN
XNXDD
XNDXD
XNDDX
XDDDD
DDXND

[Date,Time = 2018-06-30_16:42:07]
[ELB samples = 5 patterns = 7]
XXNNN
XNXDD
XNDXD
XNDDX
XDDDD
DDXND
DDNDX

[Date,Time = 2018-06-30_16:42:07]
[ELB samples = 5 patterns = 8]
XXNNN
XNXDD
XNDXD
XNDDX
XDDDD
DDXND
DDNDX
DDDXN

[Date,Time = 2018-06-30_16:42:07]
[ELB samples = 5 patterns = 8]
XXNNN
XNXDD
XNDXD
XNDDX
XDDDD
DDXND
DDNDX
DDDNN

[Date,Time = 2018-06-30_16:42:07]
[ELB samples = 5 patterns = 7]
XXNNN
XNXDD
XNDXD
XNDDX
XDDDD
DDXND
DDNDN

[Date,Time = 2018-06-30_16:42:07]
[ELB samples = 5 patterns = 6]
XXNNN
XNXDD
XNDXD
XNDDX
XDDDD
DDNND

[Date,Time = 2018-06-30_16:42:08]
[ELB samples = 5 patterns = 6]
XXNNN
XNXDD
XNDXD
XNDDX
NDNND
DDXDN

[Date,Time = 2018-06-30_16:42:08]
[ELB samples = 5 patterns = 7]
XXNNN
XNXDD
XNDXD
XNDDX
NDNND
DDXDN
DDDXN

[Date,Time = 2018-06-30_16:42:08]
[ELB samples = 5 patterns = 6]
XXNNN
XNXDD
XNDXD
XNDDX
NDDDD
DDXND

[Date,Time = 2018-06-30_16:42:08]
[ELB samples = 5 patterns = 7]
XXNNN
XNXDD
XNDXD
XNDDX
NDDDD
DDXND
DDNDX

[Date,Time = 2018-06-30_16:42:08]
[ELB samples = 5 patterns = 8]
XXNNN
XNXDD
XNDXD
XNDDX
NDDDD
DDXND
DDNDX
DDDXN

[Date,Time = 2018-06-30_16:42:08]
[ELB samples = 5 patterns = 6]
XXNNN
XNXDD
XNDXD
XNDDX
DDXND
DDNDX

[Date,Time = 2018-06-30_16:42:08]
[ELB samples = 5 patterns = 7]
XXNNN
XNXDD
XNDXD
XNDDX
DDXND
DDNDX
DDDXN

[Date,Time = 2018-06-30_16:42:08]
[ELB samples = 5 patterns = 8]
XXNNN
XNXDD
XNDXD
XNDDX
DDXND
DDNDX
DDDXN
DDDDD

[Date,Time = 2018-06-30_16:42:08]
[ELB samples = 5 patterns = 7]
XXNNN
XNXDD
XNDXD
XNDDX
DDXND
DDNDX
DDDNN

[Date,Time = 2018-06-30_16:42:08]
[ELB samples = 5 patterns = 7]
XXNNN
XNXDD
XNDXD
XNDDX
DDXND
DDNDX
DDDDD

[Date,Time = 2018-06-30_16:42:08]
[ELB samples = 5 patterns = 6]
XXNNN
XNXDD
XNDXD
XNDDX
DDXND
DDNDN

[Date,Time = 2018-06-30_16:42:08]
[ELB samples = 5 patterns = 6]
XXNNN
XNXDD
XNDXD
XNDDX
DDXND
DDDDD

[Date,Time = 2018-06-30_16:42:08]
[ELB samples = 5 patterns = 6]
XXNNN
XNXDD
XNDXD
XNDDN
NDXND
NDNDX

[Date,Time = 2018-06-30_16:42:08]
[ELB samples = 5 patterns = 7]
XXNNN
XNXDD
XNDXD
XNDDN
NDXND
NDNDX
NDDXN

[Date,Time = 2018-06-30_16:42:08]
[ELB samples = 5 patterns = 8]
XXNNN
XNXDD
XNDXD
XNDDN
NDXND
NDNDX
NDDXN
NDDDD

[Date,Time = 2018-06-30_16:42:08]
[ELB samples = 5 patterns = 8]
XXNNN
XNXDD
XNDXD
XNDDN
NDXND
NDNDX
NDDXN
DDDDD

[Date,Time = 2018-06-30_16:42:08]
[ELB samples = 5 patterns = 7]
XXNNN
XNXDD
XNDXD
XNDDN
NDXND
NDNDX
NDDNN

[Date,Time = 2018-06-30_16:42:08]
[ELB samples = 5 patterns = 7]
XXNNN
XNXDD
XNDXD
XNDDN
NDXND
NDNDX
NDDDD

[Date,Time = 2018-06-30_16:42:08]
[ELB samples = 5 patterns = 8]
XXNNN
XNXDD
XNDXD
XNDDN
NDXND
NDNDX
NDDDD
DDDXN

[Date,Time = 2018-06-30_16:42:08]
[ELB samples = 5 patterns = 7]
XXNNN
XNXDD
XNDXD
XNDDN
NDXND
NDNDX
DDDXN

[Date,Time = 2018-06-30_16:42:08]
[ELB samples = 5 patterns = 8]
XXNNN
XNXDD
XNDXD
XNDDN
NDXND
NDNDX
DDDXN
DDDDD

[Date,Time = 2018-06-30_16:42:08]
[ELB samples = 5 patterns = 7]
XXNNN
XNXDD
XNDXD
XNDDN
NDXND
NDNDX
DDDNN

[Date,Time = 2018-06-30_16:42:08]
[ELB samples = 5 patterns = 7]
XXNNN
XNXDD
XNDXD
XNDDN
NDXND
NDNDX
DDDDD

[Date,Time = 2018-06-30_16:42:08]
[ELB samples = 5 patterns = 6]
XXNNN
XNXDD
XNDXD
XNDDN
NDXND
NDNDN

[Date,Time = 2018-06-30_16:42:08]
[ELB samples = 5 patterns = 7]
XXNNN
XNXDD
XNDXD
XNDDN
NDXND
NDNDN
DDDXN

[Date,Time = 2018-06-30_16:42:08]
[ELB samples = 5 patterns = 6]
XXNNN
XNXDD
XNDXD
XNDDN
NDXND
NDDDD

[Date,Time = 2018-06-30_16:42:08]
[ELB samples = 5 patterns = 7]
XXNNN
XNXDD
XNDXD
XNDDN
NDXND
NDDDD
DDNDX

[Date,Time = 2018-06-30_16:42:08]
[ELB samples = 5 patterns = 8]
XXNNN
XNXDD
XNDXD
XNDDN
NDXND
NDDDD
DDNDX
DDDXN

[Date,Time = 2018-06-30_16:42:08]
[ELB samples = 5 patterns = 6]
XXNNN
XNXDD
XNDXD
XNDDN
NDXND
DDNDX

[Date,Time = 2018-06-30_16:42:08]
[ELB samples = 5 patterns = 7]
XXNNN
XNXDD
XNDXD
XNDDN
NDXND
DDNDX
DDDXN

[Date,Time = 2018-06-30_16:42:08]
[ELB samples = 5 patterns = 8]
XXNNN
XNXDD
XNDXD
XNDDN
NDXND
DDNDX
DDDXN
DDDDD

[Date,Time = 2018-06-30_16:42:08]
[ELB samples = 5 patterns = 7]
XXNNN
XNXDD
XNDXD
XNDDN
NDXND
DDNDX
DDDNN

[Date,Time = 2018-06-30_16:42:08]
[ELB samples = 5 patterns = 7]
XXNNN
XNXDD
XNDXD
XNDDN
NDXND
DDNDX
DDDDD

[Date,Time = 2018-06-30_16:42:08]
[ELB samples = 5 patterns = 6]
XXNNN
XNXDD
XNDXD
XNDDN
NDXND
DDNDN

[Date,Time = 2018-06-30_16:42:08]
[ELB samples = 5 patterns = 6]
XXNNN
XNXDD
XNDXD
XNDDN
NDXND
DDDDD

[Date,Time = 2018-06-30_16:42:08]
[ELB samples = 5 patterns = 6]
XXNNN
XNXDD
XNDXD
XNDDN
NDNND
DDXDN

[Date,Time = 2018-06-30_16:42:08]
[ELB samples = 5 patterns = 7]
XXNNN
XNXDD
XNDXD
XNDDN
NDNND
DDXDN
DDDXN

[Date,Time = 2018-06-30_16:42:08]
[ELB samples = 5 patterns = 6]
XXNNN
XNXDD
XNDXD
XNDDN
NDDDD
DDXND

[Date,Time = 2018-06-30_16:42:08]
[ELB samples = 5 patterns = 7]
XXNNN
XNXDD
XNDXD
XNDDN
NDDDD
DDXND
DDNDX

[Date,Time = 2018-06-30_16:42:08]
[ELB samples = 5 patterns = 8]
XXNNN
XNXDD
XNDXD
XNDDN
NDDDD
DDXND
DDNDX
DDDXN

[Date,Time = 2018-06-30_16:42:08]
[ELB samples = 5 patterns = 6]
XXNNN
XNXDD
XNDXD
XNDDN
DDXND
DDNDX

[Date,Time = 2018-06-30_16:42:08]
[ELB samples = 5 patterns = 7]
XXNNN
XNXDD
XNDXD
XNDDN
DDXND
DDNDX
DDDXN

[Date,Time = 2018-06-30_16:42:08]
[ELB samples = 5 patterns = 8]
XXNNN
XNXDD
XNDXD
XNDDN
DDXND
DDNDX
DDDXN
DDDDD

[Date,Time = 2018-06-30_16:42:08]
[ELB samples = 5 patterns = 7]
XXNNN
XNXDD
XNDXD
XNDDN
DDXND
DDNDX
DDDNN

[Date,Time = 2018-06-30_16:42:08]
[ELB samples = 5 patterns = 7]
XXNNN
XNXDD
XNDXD
XNDDN
DDXND
DDNDX
DDDDD

[Date,Time = 2018-06-30_16:42:08]
[ELB samples = 5 patterns = 6]
XXNNN
XNXDD
XNDXD
XNDDN
DDXND
DDNDN

[Date,Time = 2018-06-30_16:42:08]
[ELB samples = 5 patterns = 6]
XXNNN
XNXDD
XNDXD
XNDDN
DDXND
DDDDD

[Date,Time = 2018-06-30_16:42:09]
[ELB samples = 5 patterns = 6]
XXNNN
XNXDD
XNDXD
XDNND
NDDDD
DDDDX

[Date,Time = 2018-06-30_16:42:12]
[ELB samples = 5 patterns = 6]
XXNNN
XNXDD
XNDXD
XDDDN
NDDDD
DDXND

[Date,Time = 2018-06-30_16:42:12]
[ELB samples = 5 patterns = 6]
XXNNN
XNXDD
XNDXD
XDDDN
DDXND
DDDDD

[Date,Time = 2018-06-30_16:42:12]
[ELB samples = 5 patterns = 6]
XXNNN
XNXDD
XNDXD
XDDDD
NXDDN
NDXND

[Date,Time = 2018-06-30_16:42:12]
[ELB samples = 5 patterns = 7]
XXNNN
XNXDD
XNDXD
XDDDD
NXDDN
NDXND
NDNDX

[Date,Time = 2018-06-30_16:42:12]
[ELB samples = 5 patterns = 8]
XXNNN
XNXDD
XNDXD
XDDDD
NXDDN
NDXND
NDNDX
NDDXN

[Date,Time = 2018-06-30_16:42:12]
[ELB samples = 5 patterns = 8]
XXNNN
XNXDD
XNDXD
XDDDD
NXDDN
NDXND
NDNDX
NDDNN

[Date,Time = 2018-06-30_16:42:12]
[ELB samples = 5 patterns = 8]
XXNNN
XNXDD
XNDXD
XDDDD
NXDDN
NDXND
NDNDX
DDDXN

[Date,Time = 2018-06-30_16:42:12]
[ELB samples = 5 patterns = 8]
XXNNN
XNXDD
XNDXD
XDDDD
NXDDN
NDXND
NDNDX
DDDNN

[Date,Time = 2018-06-30_16:42:12]
[ELB samples = 5 patterns = 7]
XXNNN
XNXDD
XNDXD
XDDDD
NXDDN
NDXND
NDNDN

[Date,Time = 2018-06-30_16:42:12]
[ELB samples = 5 patterns = 8]
XXNNN
XNXDD
XNDXD
XDDDD
NXDDN
NDXND
NDNDN
DDDXN

[Date,Time = 2018-06-30_16:42:12]
[ELB samples = 5 patterns = 7]
XXNNN
XNXDD
XNDXD
XDDDD
NXDDN
NDXND
DDNDX

[Date,Time = 2018-06-30_16:42:12]
[ELB samples = 5 patterns = 8]
XXNNN
XNXDD
XNDXD
XDDDD
NXDDN
NDXND
DDNDX
DDDXN

[Date,Time = 2018-06-30_16:42:12]
[ELB samples = 5 patterns = 8]
XXNNN
XNXDD
XNDXD
XDDDD
NXDDN
NDXND
DDNDX
DDDNN

[Date,Time = 2018-06-30_16:42:12]
[ELB samples = 5 patterns = 7]
XXNNN
XNXDD
XNDXD
XDDDD
NXDDN
NDXND
DDNDN

[Date,Time = 2018-06-30_16:42:12]
[ELB samples = 5 patterns = 6]
XXNNN
XNXDD
XNDXD
XDDDD
NXDDN
NDNND

[Date,Time = 2018-06-30_16:42:12]
[ELB samples = 5 patterns = 7]
XXNNN
XNXDD
XNDXD
XDDDD
NXDDN
NDNND
DDXDN

[Date,Time = 2018-06-30_16:42:12]
[ELB samples = 5 patterns = 8]
XXNNN
XNXDD
XNDXD
XDDDD
NXDDN
NDNND
DDXDN
DDDXN

[Date,Time = 2018-06-30_16:42:12]
[ELB samples = 5 patterns = 6]
XXNNN
XNXDD
XNDXD
XDDDD
NXDDN
DDXND

[Date,Time = 2018-06-30_16:42:12]
[ELB samples = 5 patterns = 7]
XXNNN
XNXDD
XNDXD
XDDDD
NXDDN
DDXND
DDNDX

[Date,Time = 2018-06-30_16:42:12]
[ELB samples = 5 patterns = 8]
XXNNN
XNXDD
XNDXD
XDDDD
NXDDN
DDXND
DDNDX
DDDXN

[Date,Time = 2018-06-30_16:42:12]
[ELB samples = 5 patterns = 8]
XXNNN
XNXDD
XNDXD
XDDDD
NXDDN
DDXND
DDNDX
DDDNN

[Date,Time = 2018-06-30_16:42:12]
[ELB samples = 5 patterns = 7]
XXNNN
XNXDD
XNDXD
XDDDD
NXDDN
DDXND
DDNDN

[Date,Time = 2018-06-30_16:42:13]
[ELB samples = 5 patterns = 6]
XXNNN
XNXDD
XNDXD
XDDDD
NXDDN
DDNND

[Date,Time = 2018-06-30_16:42:13]
[ELB samples = 5 patterns = 6]
XXNNN
XNXDD
XNDXD
XDDDD
NNDDN
DDXND

[Date,Time = 2018-06-30_16:42:13]
[ELB samples = 5 patterns = 7]
XXNNN
XNXDD
XNDXD
XDDDD
NNDDN
DDXND
DDNDX

[Date,Time = 2018-06-30_16:42:13]
[ELB samples = 5 patterns = 8]
XXNNN
XNXDD
XNDXD
XDDDD
NNDDN
DDXND
DDNDX
DDDXN

[Date,Time = 2018-06-30_16:42:13]
[ELB samples = 5 patterns = 6]
XXNNN
XNXDD
XNDXD
XDDDD
NDXND
DDDDX

[Date,Time = 2018-06-30_16:42:13]
[ELB samples = 5 patterns = 6]
XXNNN
XNXDD
XNDXD
XDDDD
NDNND
DDDDX

[Date,Time = 2018-06-30_16:42:13]
[ELB samples = 5 patterns = 6]
XXNNN
XNXDD
XNDXD
XDDDD
NDDDN
DDXND

[Date,Time = 2018-06-30_16:42:13]
[ELB samples = 5 patterns = 6]
XXNNN
XNXDD
XNDXD
XDDDD
DXDDX
DDXND

[Date,Time = 2018-06-30_16:42:13]
[ELB samples = 5 patterns = 7]
XXNNN
XNXDD
XNDXD
XDDDD
DXDDX
DDXND
DDNDX

[Date,Time = 2018-06-30_16:42:13]
[ELB samples = 5 patterns = 8]
XXNNN
XNXDD
XNDXD
XDDDD
DXDDX
DDXND
DDNDX
DDDXN

[Date,Time = 2018-06-30_16:42:13]
[ELB samples = 5 patterns = 8]
XXNNN
XNXDD
XNDXD
XDDDD
DXDDX
DDXND
DDNDX
DDDNN

[Date,Time = 2018-06-30_16:42:13]
[ELB samples = 5 patterns = 7]
XXNNN
XNXDD
XNDXD
XDDDD
DXDDX
DDXND
DDNDN

[Date,Time = 2018-06-30_16:42:13]
[ELB samples = 5 patterns = 6]
XXNNN
XNXDD
XNDXD
XDDDD
DXDDX
DDNND

[Date,Time = 2018-06-30_16:42:13]
[ELB samples = 5 patterns = 6]
XXNNN
XNXDD
XNDXD
XDDDD
DXDDN
DDXND

[Date,Time = 2018-06-30_16:42:13]
[ELB samples = 5 patterns = 7]
XXNNN
XNXDD
XNDXD
XDDDD
DXDDN
DDXND
DDNDX

[Date,Time = 2018-06-30_16:42:13]
[ELB samples = 5 patterns = 8]
XXNNN
XNXDD
XNDXD
XDDDD
DXDDN
DDXND
DDNDX
DDDXN

[Date,Time = 2018-06-30_16:42:13]
[ELB samples = 5 patterns = 8]
XXNNN
XNXDD
XNDXD
XDDDD
DXDDN
DDXND
DDNDX
DDDNN

[Date,Time = 2018-06-30_16:42:13]
[ELB samples = 5 patterns = 7]
XXNNN
XNXDD
XNDXD
XDDDD
DXDDN
DDXND
DDNDN

[Date,Time = 2018-06-30_16:42:14]
[ELB samples = 5 patterns = 6]
XXNNN
XNXDD
XNDXD
XDDDD
DDXND
DDDDX

[Date,Time = 2018-06-30_16:42:14]
[ELB samples = 5 patterns = 6]
XXNNN
XNXDD
XNDXD
XDDDD
DDXND
DDDDN

[Date,Time = 2018-06-30_16:42:14]
[ELB samples = 5 patterns = 6]
XXNNN
XNXDD
XNDXD
XDDDD
DDNND
DDDDX

[Date,Time = 2018-06-30_16:42:14]
[ELB samples = 5 patterns = 6]
XXNNN
XNXDD
XNDXD
NNDDN
DDXND
DDNDX

[Date,Time = 2018-06-30_16:42:14]
[ELB samples = 5 patterns = 7]
XXNNN
XNXDD
XNDXD
NNDDN
DDXND
DDNDX
DDDXN

[Date,Time = 2018-06-30_16:42:14]
[BlockFinder5]     30000     31 sec max_depth=7  depth=4    0/187   2/136   2/85   14/40 
[Date,Time = 2018-06-30_16:42:15]
[ELB samples = 5 patterns = 6]
XXNNN
XNXDD
XNDXD
NDDDD
DXDDX
DDXND

[Date,Time = 2018-06-30_16:42:15]
[ELB samples = 5 patterns = 7]
XXNNN
XNXDD
XNDXD
NDDDD
DXDDX
DDXND
DDNDX

[Date,Time = 2018-06-30_16:42:15]
[ELB samples = 5 patterns = 8]
XXNNN
XNXDD
XNDXD
NDDDD
DXDDX
DDXND
DDNDX
DDDXN

[Date,Time = 2018-06-30_16:42:15]
[ELB samples = 5 patterns = 7]
XXNNN
XNXDD
XNDXD
NDDDD
DXDDN
DDXND
DDNDX

[Date,Time = 2018-06-30_16:42:15]
[ELB samples = 5 patterns = 8]
XXNNN
XNXDD
XNDXD
NDDDD
DXDDN
DDXND
DDNDX
DDDXN

[Date,Time = 2018-06-30_16:42:15]
[ELB samples = 5 patterns = 6]
XXNNN
XNXDD
XNDXD
DXDDX
DDXND
DDNDX

[Date,Time = 2018-06-30_16:42:15]
[ELB samples = 5 patterns = 7]
XXNNN
XNXDD
XNDXD
DXDDX
DDXND
DDNDX
DDDXN

[Date,Time = 2018-06-30_16:42:15]
[ELB samples = 5 patterns = 7]
XXNNN
XNXDD
XNDXD
DXDDX
DDXND
DDNDX
DDDNN

[Date,Time = 2018-06-30_16:42:15]
[ELB samples = 5 patterns = 6]
XXNNN
XNXDD
XNDXD
DXDDX
DDXND
DDNDN

[Date,Time = 2018-06-30_16:42:15]
[ELB samples = 5 patterns = 6]
XXNNN
XNXDD
XNDXD
DXDDN
DDXND
DDNDX

[Date,Time = 2018-06-30_16:42:15]
[ELB samples = 5 patterns = 7]
XXNNN
XNXDD
XNDXD
DXDDN
DDXND
DDNDX
DDDXN

[Date,Time = 2018-06-30_16:42:15]
[ELB samples = 5 patterns = 8]
XXNNN
XNXDD
XNDXD
DXDDN
DDXND
DDNDX
DDDXN
DDDDD

[Date,Time = 2018-06-30_16:42:15]
[ELB samples = 5 patterns = 7]
XXNNN
XNXDD
XNDXD
DXDDN
DDXND
DDNDX
DDDNN

[Date,Time = 2018-06-30_16:42:15]
[ELB samples = 5 patterns = 7]
XXNNN
XNXDD
XNDXD
DXDDN
DDXND
DDNDX
DDDDD

[Date,Time = 2018-06-30_16:42:15]
[ELB samples = 5 patterns = 6]
XXNNN
XNXDD
XNDXD
DXDDN
DDXND
DDNDN

[Date,Time = 2018-06-30_16:42:18]
[ELB samples = 5 patterns = 6]
XXNNN
XNXDD
XNDND
XDDDX
NDXND
NDDNX

[Date,Time = 2018-06-30_16:42:18]
[ELB samples = 5 patterns = 6]
XXNNN
XNXDD
XNDND
XDDDX
NDXND
NDDNN

[Date,Time = 2018-06-30_16:42:18]
[ELB samples = 5 patterns = 6]
XXNNN
XNXDD
XNDND
XDDDX
NDXND
DDDXN

[Date,Time = 2018-06-30_16:42:18]
[ELB samples = 5 patterns = 6]
XXNNN
XNXDD
XNDND
XDDDX
NDXND
DDDNN

[Date,Time = 2018-06-30_16:42:18]
[ELB samples = 5 patterns = 6]
XXNNN
XNXDD
XNDND
XDDDX
NDNND
DDDXN

[Date,Time = 2018-06-30_16:42:18]
[ELB samples = 5 patterns = 6]
XXNNN
XNXDD
XNDND
XDDDX
DDXND
DDDXN

[Date,Time = 2018-06-30_16:42:18]
[ELB samples = 5 patterns = 6]
XXNNN
XNXDD
XNDND
XDDDX
DDXND
DDDNN

[Date,Time = 2018-06-30_16:42:19]
[ELB samples = 5 patterns = 6]
XXNNN
XNXDD
XNDND
NXDDN
NDXND
NDNDX

[Date,Time = 2018-06-30_16:42:19]
[ELB samples = 5 patterns = 7]
XXNNN
XNXDD
XNDND
NXDDN
NDXND
NDNDX
NDDXN

[Date,Time = 2018-06-30_16:42:19]
[ELB samples = 5 patterns = 8]
XXNNN
XNXDD
XNDND
NXDDN
NDXND
NDNDX
NDDXN
NDDDD

[Date,Time = 2018-06-30_16:42:19]
[ELB samples = 5 patterns = 8]
XXNNN
XNXDD
XNDND
NXDDN
NDXND
NDNDX
NDDXN
DDDDD

[Date,Time = 2018-06-30_16:42:19]
[ELB samples = 5 patterns = 7]
XXNNN
XNXDD
XNDND
NXDDN
NDXND
NDNDX
NDDNN

[Date,Time = 2018-06-30_16:42:19]
[ELB samples = 5 patterns = 7]
XXNNN
XNXDD
XNDND
NXDDN
NDXND
NDNDX
NDDDD

[Date,Time = 2018-06-30_16:42:19]
[ELB samples = 5 patterns = 8]
XXNNN
XNXDD
XNDND
NXDDN
NDXND
NDNDX
NDDDD
DDDXN

[Date,Time = 2018-06-30_16:42:19]
[ELB samples = 5 patterns = 7]
XXNNN
XNXDD
XNDND
NXDDN
NDXND
NDNDX
DDDXN

[Date,Time = 2018-06-30_16:42:19]
[ELB samples = 5 patterns = 8]
XXNNN
XNXDD
XNDND
NXDDN
NDXND
NDNDX
DDDXN
DDDDD

[Date,Time = 2018-06-30_16:42:19]
[ELB samples = 5 patterns = 7]
XXNNN
XNXDD
XNDND
NXDDN
NDXND
NDNDX
DDDNN

[Date,Time = 2018-06-30_16:42:19]
[ELB samples = 5 patterns = 7]
XXNNN
XNXDD
XNDND
NXDDN
NDXND
NDNDX
DDDDD

[Date,Time = 2018-06-30_16:42:19]
[ELB samples = 5 patterns = 6]
XXNNN
XNXDD
XNDND
NXDDN
NDXND
NDNDN

[Date,Time = 2018-06-30_16:42:19]
[ELB samples = 5 patterns = 7]
XXNNN
XNXDD
XNDND
NXDDN
NDXND
NDNDN
DDDXN

[Date,Time = 2018-06-30_16:42:19]
[ELB samples = 5 patterns = 6]
XXNNN
XNXDD
XNDND
NXDDN
NDXND
NDDDD

[Date,Time = 2018-06-30_16:42:19]
[ELB samples = 5 patterns = 7]
XXNNN
XNXDD
XNDND
NXDDN
NDXND
NDDDD
DDNDX

[Date,Time = 2018-06-30_16:42:19]
[ELB samples = 5 patterns = 8]
XXNNN
XNXDD
XNDND
NXDDN
NDXND
NDDDD
DDNDX
DDDXN

[Date,Time = 2018-06-30_16:42:19]
[ELB samples = 5 patterns = 6]
XXNNN
XNXDD
XNDND
NXDDN
NDXND
DDNDX

[Date,Time = 2018-06-30_16:42:19]
[ELB samples = 5 patterns = 7]
XXNNN
XNXDD
XNDND
NXDDN
NDXND
DDNDX
DDDXN

[Date,Time = 2018-06-30_16:42:19]
[ELB samples = 5 patterns = 8]
XXNNN
XNXDD
XNDND
NXDDN
NDXND
DDNDX
DDDXN
DDDDD

[Date,Time = 2018-06-30_16:42:19]
[ELB samples = 5 patterns = 7]
XXNNN
XNXDD
XNDND
NXDDN
NDXND
DDNDX
DDDNN

[Date,Time = 2018-06-30_16:42:19]
[ELB samples = 5 patterns = 7]
XXNNN
XNXDD
XNDND
NXDDN
NDXND
DDNDX
DDDDD

[Date,Time = 2018-06-30_16:42:19]
[ELB samples = 5 patterns = 6]
XXNNN
XNXDD
XNDND
NXDDN
NDXND
DDNDN

[Date,Time = 2018-06-30_16:42:19]
[ELB samples = 5 patterns = 6]
XXNNN
XNXDD
XNDND
NXDDN
NDXND
DDDDD

[Date,Time = 2018-06-30_16:42:19]
[ELB samples = 5 patterns = 6]
XXNNN
XNXDD
XNDND
NXDDN
NDNND
DDXDN

[Date,Time = 2018-06-30_16:42:19]
[ELB samples = 5 patterns = 7]
XXNNN
XNXDD
XNDND
NXDDN
NDNND
DDXDN
DDDXN

[Date,Time = 2018-06-30_16:42:19]
[ELB samples = 5 patterns = 6]
XXNNN
XNXDD
XNDND
NXDDN
NDDDD
DDXND

[Date,Time = 2018-06-30_16:42:19]
[ELB samples = 5 patterns = 7]
XXNNN
XNXDD
XNDND
NXDDN
NDDDD
DDXND
DDNDX

[Date,Time = 2018-06-30_16:42:19]
[ELB samples = 5 patterns = 8]
XXNNN
XNXDD
XNDND
NXDDN
NDDDD
DDXND
DDNDX
DDDXN

[Date,Time = 2018-06-30_16:42:19]
[ELB samples = 5 patterns = 6]
XXNNN
XNXDD
XNDND
NXDDN
DDXND
DDNDX

[Date,Time = 2018-06-30_16:42:19]
[ELB samples = 5 patterns = 7]
XXNNN
XNXDD
XNDND
NXDDN
DDXND
DDNDX
DDDXN

[Date,Time = 2018-06-30_16:42:19]
[ELB samples = 5 patterns = 8]
XXNNN
XNXDD
XNDND
NXDDN
DDXND
DDNDX
DDDXN
DDDDD

[Date,Time = 2018-06-30_16:42:19]
[ELB samples = 5 patterns = 7]
XXNNN
XNXDD
XNDND
NXDDN
DDXND
DDNDX
DDDNN

[Date,Time = 2018-06-30_16:42:19]
[ELB samples = 5 patterns = 7]
XXNNN
XNXDD
XNDND
NXDDN
DDXND
DDNDX
DDDDD

[Date,Time = 2018-06-30_16:42:19]
[ELB samples = 5 patterns = 6]
XXNNN
XNXDD
XNDND
NXDDN
DDXND
DDNDN

[Date,Time = 2018-06-30_16:42:19]
[ELB samples = 5 patterns = 6]
XXNNN
XNXDD
XNDND
NXDDN
DDXND
DDDDD

[Date,Time = 2018-06-30_16:42:19]
[ELB samples = 5 patterns = 6]
XXNNN
XNXDD
XNDND
NNDDN
DDXND
DDNDX

[Date,Time = 2018-06-30_16:42:19]
[ELB samples = 5 patterns = 7]
XXNNN
XNXDD
XNDND
NNDDN
DDXND
DDNDX
DDDXN

[Date,Time = 2018-06-30_16:42:19]
[ELB samples = 5 patterns = 8]
XXNNN
XNXDD
XNDND
NDXND
NDDXN
NDDDD
DXNDN
DDDDX

[Date,Time = 2018-06-30_16:42:19]
[ELB samples = 5 patterns = 7]
XXNNN
XNXDD
XNDND
NDXND
NDDXN
NDDDD
DDDDX

[Date,Time = 2018-06-30_16:42:19]
[ELB samples = 5 patterns = 7]
XXNNN
XNXDD
XNDND
NDXND
NDDXN
DXNDN
DDDDX

[Date,Time = 2018-06-30_16:42:19]
[ELB samples = 5 patterns = 7]
XXNNN
XNXDD
XNDND
NDXND
NDDXN
DNNDN
DDDDX

[Date,Time = 2018-06-30_16:42:19]
[ELB samples = 5 patterns = 6]
XXNNN
XNXDD
XNDND
NDXND
NDDXN
DDDDX

[Date,Time = 2018-06-30_16:42:19]
[ELB samples = 5 patterns = 6]
XXNNN
XNXDD
XNDND
NDXND
NDDNN
DDDDX

[Date,Time = 2018-06-30_16:42:19]
[ELB samples = 5 patterns = 6]
XXNNN
XNXDD
XNDND
NDXND
NDDDD
DDDDX

[Date,Time = 2018-06-30_16:42:19]
[ELB samples = 5 patterns = 7]
XXNNN
XNXDD
XNDND
NDXND
DXNDN
DDDNN
DDDDX

[Date,Time = 2018-06-30_16:42:20]
[ELB samples = 5 patterns = 6]
XXNNN
XNXDD
XNDND
NDXND
DDDNN
DDDDX

[Date,Time = 2018-06-30_16:42:20]
[ELB samples = 5 patterns = 8]
XXNNN
XNXDD
XNDND
NDDXN
NDDDD
DXNDN
DDXND
DDDDX

[Date,Time = 2018-06-30_16:42:20]
[ELB samples = 5 patterns = 7]
XXNNN
XNXDD
XNDND
NDDXN
NDDDD
DDXND
DDDDX

[Date,Time = 2018-06-30_16:42:20]
[ELB samples = 5 patterns = 7]
XXNNN
XNXDD
XNDND
NDDXN
DXNDN
DDXND
DDDDX

[Date,Time = 2018-06-30_16:42:20]
[ELB samples = 5 patterns = 7]
XXNNN
XNXDD
XNDND
NDDXN
DNNDN
DDXND
DDDDX

[Date,Time = 2018-06-30_16:42:20]
[ELB samples = 5 patterns = 6]
XXNNN
XNXDD
XNDND
NDDXN
DDXND
DDDDX

[Date,Time = 2018-06-30_16:42:20]
[ELB samples = 5 patterns = 6]
XXNNN
XNXDD
XNDND
NDDNN
DDXND
DDDDX

[Date,Time = 2018-06-30_16:42:20]
[ELB samples = 5 patterns = 6]
XXNNN
XNXDD
XNDND
NDDDX
DDXND
DDDXN

[Date,Time = 2018-06-30_16:42:20]
[ELB samples = 5 patterns = 7]
XXNNN
XNXDD
XNDND
NDDDX
DDXND
DDDXN
DDDDD

[Date,Time = 2018-06-30_16:42:20]
[ELB samples = 5 patterns = 6]
XXNNN
XNXDD
XNDND
NDDDX
DDXND
DDDNN

[Date,Time = 2018-06-30_16:42:20]
[ELB samples = 5 patterns = 6]
XXNNN
XNXDD
XNDND
NDDDX
DDXND
DDDDD

[Date,Time = 2018-06-30_16:42:20]
[ELB samples = 5 patterns = 7]
XXNNN
XNXDD
XNDND
NDDDD
DXNDX
DDXND
DDDDX

[Date,Time = 2018-06-30_16:42:20]
[ELB samples = 5 patterns = 6]
XXNNN
XNXDD
XNDND
NDDDD
DXDDX
DDXND

[Date,Time = 2018-06-30_16:42:20]
[ELB samples = 5 patterns = 7]
XXNNN
XNXDD
XNDND
NDDDD
DXDDX
DDXND
DDNDX

[Date,Time = 2018-06-30_16:42:20]
[ELB samples = 5 patterns = 8]
XXNNN
XNXDD
XNDND
NDDDD
DXDDX
DDXND
DDNDX
DDDXN

[Date,Time = 2018-06-30_16:42:21]
[ELB samples = 5 patterns = 6]
XXNNN
XNXDD
XNDND
NDDDD
DXDDN
DDXND

[Date,Time = 2018-06-30_16:42:21]
[ELB samples = 5 patterns = 7]
XXNNN
XNXDD
XNDND
NDDDD
DXDDN
DDXND
DDNDX

[Date,Time = 2018-06-30_16:42:21]
[ELB samples = 5 patterns = 8]
XXNNN
XNXDD
XNDND
NDDDD
DXDDN
DDXND
DDNDX
DDDXN

[Date,Time = 2018-06-30_16:42:21]
[ELB samples = 5 patterns = 6]
XXNNN
XNXDD
XNDND
NDDDD
DDXND
DDDDX

[Date,Time = 2018-06-30_16:42:21]
[ELB samples = 5 patterns = 7]
XXNNN
XNXDD
XNDND
DXNDN
DDXND
DDDNN
DDDDX

[Date,Time = 2018-06-30_16:42:21]
[ELB samples = 5 patterns = 7]
XXNNN
XNXDD
XNDND
DXDDX
DDXND
DDNDX
DDDXN

[Date,Time = 2018-06-30_16:42:21]
[ELB samples = 5 patterns = 7]
XXNNN
XNXDD
XNDND
DXDDX
DDXND
DDNDX
DDDNN

[Date,Time = 2018-06-30_16:42:21]
[ELB samples = 5 patterns = 7]
XXNNN
XNXDD
XNDND
DXDDN
DDXND
DDNDX
DDDXN

[Date,Time = 2018-06-30_16:42:21]
[ELB samples = 5 patterns = 8]
XXNNN
XNXDD
XNDND
DXDDN
DDXND
DDNDX
DDDXN
DDDDD

[Date,Time = 2018-06-30_16:42:21]
[ELB samples = 5 patterns = 7]
XXNNN
XNXDD
XNDND
DXDDN
DDXND
DDNDX
DDDNN

[Date,Time = 2018-06-30_16:42:21]
[ELB samples = 5 patterns = 6]
XXNNN
XNXDD
XNDND
DDXND
DDDNN
DDDDX

[Date,Time = 2018-06-30_16:42:27]
[BlockFinder5]     40000     44 sec max_depth=7  depth=4    0/187   2/136   4/85   18/38 
[Date,Time = 2018-06-30_16:42:40]
[BlockFinder5]     50000     57 sec max_depth=7  depth=5    0/187   2/136   7/85    3/44    1/10 
[Date,Time = 2018-06-30_16:42:52]
[ELB samples = 5 patterns = 6]
XXNNN
XNXDD
XDDXN
XDDDD
DXDXD
DXDDX

[Date,Time = 2018-06-30_16:42:52]
[ELB samples = 5 patterns = 7]
XXNNN
XNXDD
XDDXN
XDDDD
DXDXD
DXDDX
DDXXD

[Date,Time = 2018-06-30_16:42:52]
[ELB samples = 5 patterns = 8]
XXNNN
XNXDD
XDDXN
XDDDD
DXDXD
DXDDX
DDXXD
DDXDX

[Date,Time = 2018-06-30_16:42:52]
[ELB samples = 5 patterns = 8]
XXNNN
XNXDD
XDDXN
XDDDD
DXDXD
DXDDX
DDXXD
DDXDN

[Date,Time = 2018-06-30_16:42:52]
[ELB samples = 5 patterns = 8]
XXNNN
XNXDD
XDDXN
XDDDD
DXDXD
DXDDX
DDXXD
DDNDN

[Date,Time = 2018-06-30_16:42:52]
[ELB samples = 5 patterns = 7]
XXNNN
XNXDD
XDDXN
XDDDD
DXDXD
DXDDX
DDXND

[Date,Time = 2018-06-30_16:42:52]
[ELB samples = 5 patterns = 8]
XXNNN
XNXDD
XDDXN
XDDDD
DXDXD
DXDDX
DDXND
DDNDX

[Date,Time = 2018-06-30_16:42:52]
[ELB samples = 5 patterns = 8]
XXNNN
XNXDD
XDDXN
XDDDD
DXDXD
DXDDX
DDXND
DDNDN

[Date,Time = 2018-06-30_16:42:52]
[ELB samples = 5 patterns = 7]
XXNNN
XNXDD
XDDXN
XDDDD
DXDXD
DXDDX
DDNND

[Date,Time = 2018-06-30_16:42:53]
[BlockFinder5]     60000     70 sec max_depth=7  depth=7    0/187   2/136  10/85    4/38    0/11    2/7     0/4  