[2018-06-27_17:58:34]

#############################################################################
#                                                                           #
#        UCSL (Version 1.0.0)- Calculation of Universal                     #
#        Combinatorial Labeling Schemes for Fast NMR Protein                #
#        Assignment.                                                        #
#                                                                           #
#        In case of using for scientific purpose, please cite our article:  #
#                                                                           #
#                                                                           #
#                                                                           #
#                                                                           #
#############################################################################
[2018-06-27_17:58:34]
Clearing redundant blocks(ELB)[2018-06-27_17:58:34]
Searching for products in max_samples=1[2018-06-27_17:58:34]
Searching for products in max_samples=2[2018-06-27_17:58:34]
Searching for products in max_samples=3[2018-06-27_17:58:34]
Searching for products in max_samples=4[2018-06-27_17:58:34]
Searching for products in max_samples=5[2018-06-27_17:58:34]
Searching for products in max_samples=6[2018-06-27_17:58:34]
Searching for products in max_samples=7[2018-06-27_17:58:34]
Blocks used:
2x2 - 5 block(s)
3x3 - 7 block(s)
3x4 - 3 block(s)
4x5 - 23 block(s)
Total blocks number: 38
-----------------------
Products calculated:
[(3, 4), (4, 5)]: 69 scheme(s)
1 product types calculated
69 total labeling schemes to check
[2018-06-27_17:58:34]
Schemes optimization in max_samples=7[2018-06-27_17:58:34]
------------
Checking schemes for product [(3, 4), (4, 5)]. Total 69 schemes[2018-06-27_17:58:34]
---------
Checking scheme 1/69[2018-06-27_17:58:34]

XNNXNNN
XNNNXDD
XNNNDXD
XNNNDDX
XNNDNND
NDDXNNN
NDDNXDD
NDDNDXD
NDDNDDX
NDDDNND
DXDXNNN
DXDNXDD
DXDNDXD
DXDNDDX
DXDDNND
DDXXNNN
DDXNXDD
DDXNDXD
DDXNDDX
DDXDNND
Scheme consists of following blocks:

XNN
NDD
DXD
DDX

XNNN
NXDD
NDXD
NDDX
DNND[2018-06-27_17:58:35]
New best price: 83627.02445999999[2018-06-27_17:58:35]
---------
Checking scheme 2/69[2018-06-27_17:58:35]

XNDXNNN
XNDNXDD
XNDNDXD
XNDNDDX
XNDDNND
NDXXNNN
NDXNXDD
NDXNDXD
NDXNDDX
NDXDNND
DXNXNNN
DXNNXDD
DXNNDXD
DXNNDDX
DXNDNND
DDDXNNN
DDDNXDD
DDDNDXD
DDDNDDX
DDDDNND
Scheme consists of following blocks:

XND
NDX
DXN
DDD

XNNN
NXDD
NDXD
NDDX
DNND[2018-06-27_17:58:35]
Scheme can not be optimized[2018-06-27_17:58:35]
---------
Checking scheme 3/69[2018-06-27_17:58:35]

XDDXNNN
XDDNXDD
XDDNDXD
XDDNDDX
XDDDNND
NNNXNNN
NNNNXDD
NNNNDXD
NNNNDDX
NNNDNND
DXDXNNN
DXDNXDD
DXDNDXD
DXDNDDX
DXDDNND
DDXXNNN
DDXNXDD
DDXNDXD
DDXNDDX
DDXDNND
Scheme consists of following blocks:

XDD
NNN
DXD
DDX

XNNN
NXDD
NDXD
NDDX
DNND[2018-06-27_17:58:35]
New best price: 83618.57002000001[2018-06-27_17:58:35]
---------
Checking scheme 4/69[2018-06-27_17:58:35]

XNNXNNN
XNNNXDD
XNNNDXD
XNNNDDX
XNNDDDD
NDDXNNN
NDDNXDD
NDDNDXD
NDDNDDX
NDDDDDD
DXDXNNN
DXDNXDD
DXDNDXD
DXDNDDX
DXDDDDD
DDXXNNN
DDXNXDD
DDXNDXD
DDXNDDX
DDXDDDD
Scheme consists of following blocks:

XNN
NDD
DXD
DDX

XNNN
NXDD
NDXD
NDDX
DDDD[2018-06-27_17:58:35]
Price: 85409.10705999997[2018-06-27_17:58:35]
---------
Checking scheme 5/69[2018-06-27_17:58:35]

XNDXNNN
XNDNXDD
XNDNDXD
XNDNDDX
XNDDDDD
NDXXNNN
NDXNXDD
NDXNDXD
NDXNDDX
NDXDDDD
DXNXNNN
DXNNXDD
DXNNDXD
DXNNDDX
DXNDDDD
DDDXNNN
DDDNXDD
DDDNDXD
DDDNDDX
DDDDDDD
Scheme consists of following blocks:

XND
NDX
DXN
DDD

XNNN
NXDD
NDXD
NDDX
DDDD[2018-06-27_17:58:35]
Scheme can not be optimized[2018-06-27_17:58:35]
---------
Checking scheme 6/69[2018-06-27_17:58:35]

XDDXNNN
XDDNXDD
XDDNDXD
XDDNDDX
XDDDDDD
NNNXNNN
NNNNXDD
NNNNDXD
NNNNDDX
NNNDDDD
DXDXNNN
DXDNXDD
DXDNDXD
DXDNDDX
DXDDDDD
DDXXNNN
DDXNXDD
DDXNDXD
DDXNDDX
DDXDDDD
Scheme consists of following blocks:

XDD
NNN
DXD
DDX

XNNN
NXDD
NDXD
NDDX
DDDD[2018-06-27_17:58:36]
Price: 85117.98274000004[2018-06-27_17:58:36]
---------
Checking scheme 7/69[2018-06-27_17:58:36]

XNNXNNN
XNNNXDD
XNNNDXD
XNNDNND
XNNDDDX
NDDXNNN
NDDNXDD
NDDNDXD
NDDDNND
NDDDDDX
DXDXNNN
DXDNXDD
DXDNDXD
DXDDNND
DXDDDDX
DDXXNNN
DDXNXDD
DDXNDXD
DDXDNND
DDXDDDX
Scheme consists of following blocks:

XNN
NDD
DXD
DDX

XNNN
NXDD
NDXD
DNND
DDDX[2018-06-27_17:58:36]
Price: 83913.66576000003[2018-06-27_17:58:36]
---------
Checking scheme 8/69[2018-06-27_17:58:36]

XNDXNNN
XNDNXDD
XNDNDXD
XNDDNND
XNDDDDX
NDXXNNN
NDXNXDD
NDXNDXD
NDXDNND
NDXDDDX
DXNXNNN
DXNNXDD
DXNNDXD
DXNDNND
DXNDDDX
DDDXNNN
DDDNXDD
DDDNDXD
DDDDNND
DDDDDDX
Scheme consists of following blocks:

XND
NDX
DXN
DDD

XNNN
NXDD
NDXD
DNND
DDDX[2018-06-27_17:58:36]
Scheme can not be optimized[2018-06-27_17:58:36]
---------
Checking scheme 9/69[2018-06-27_17:58:36]

XDDXNNN
XDDNXDD
XDDNDXD
XDDDNND
XDDDDDX
NNNXNNN
NNNNXDD
NNNNDXD
NNNDNND
NNNDDDX
DXDXNNN
DXDNXDD
DXDNDXD
DXDDNND
DXDDDDX
DDXXNNN
DDXNXDD
DDXNDXD
DDXDNND
DDXDDDX
Scheme consists of following blocks:

XDD
NNN
DXD
DDX

XNNN
NXDD
NDXD
DNND
DDDX[2018-06-27_17:58:36]
Price: 83719.68015999999[2018-06-27_17:58:36]
---------
Checking scheme 10/69[2018-06-27_17:58:36]

XNNXNNN
XNNNDDD
XNNDXND
XNNDNDX
XNNDDXN
NDDXNNN
NDDNDDD
NDDDXND
NDDDNDX
NDDDDXN
DXDXNNN
DXDNDDD
DXDDXND
DXDDNDX
DXDDDXN
DDXXNNN
DDXNDDD
DDXDXND
DDXDNDX
DDXDDXN
Scheme consists of following blocks:

XNN
NDD
DXD
DDX

XNNN
NDDD
DXND
DNDX
DDXN[2018-06-27_17:58:37]
Price: 84520.60732[2018-06-27_17:58:37]
---------
Checking scheme 11/69[2018-06-27_17:58:37]

XNDXNNN
XNDNDDD
XNDDXND
XNDDNDX
XNDDDXN
NDXXNNN
NDXNDDD
NDXDXND
NDXDNDX
NDXDDXN
DXNXNNN
DXNNDDD
DXNDXND
DXNDNDX
DXNDDXN
DDDXNNN
DDDNDDD
DDDDXND
DDDDNDX
DDDDDXN
Scheme consists of following blocks:

XND
NDX
DXN
DDD

XNNN
NDDD
DXND
DNDX
DDXN[2018-06-27_17:58:37]
Scheme can not be optimized[2018-06-27_17:58:37]
---------
Checking scheme 12/69[2018-06-27_17:58:37]

XDDXNNN
XDDNDDD
XDDDXND
XDDDNDX
XDDDDXN
NNNXNNN
NNNNDDD
NNNDXND
NNNDNDX
NNNDDXN
DXDXNNN
DXDNDDD
DXDDXND
DXDDNDX
DXDDDXN
DDXXNNN
DDXNDDD
DDXDXND
DDXDNDX
DDXDDXN
Scheme consists of following blocks:

XDD
NNN
DXD
DDX

XNNN
NDDD
DXND
DNDX
DDXN[2018-06-27_17:58:37]
Price: 84368.27637999998[2018-06-27_17:58:37]
---------
Checking scheme 13/69[2018-06-27_17:58:37]

XNNXNNN
XNNNDDD
XNNDXDD
XNNDDXD
XNNDDDX
NDDXNNN
NDDNDDD
NDDDXDD
NDDDDXD
NDDDDDX
DXDXNNN
DXDNDDD
DXDDXDD
DXDDDXD
DXDDDDX
DDXXNNN
DDXNDDD
DDXDXDD
DDXDDXD
DDXDDDX
Scheme consists of following blocks:

XNN
NDD
DXD
DDX

XNNN
NDDD
DXDD
DDXD
DDDX[2018-06-27_17:58:37]
Price: 86604.28772000002[2018-06-27_17:58:37]
---------
Checking scheme 14/69[2018-06-27_17:58:37]

XNDXNNN
XNDNDDD
XNDDXDD
XNDDDXD
XNDDDDX
NDXXNNN
NDXNDDD
NDXDXDD
NDXDDXD
NDXDDDX
DXNXNNN
DXNNDDD
DXNDXDD
DXNDDXD
DXNDDDX
DDDXNNN
DDDNDDD
DDDDXDD
DDDDDXD
DDDDDDX
Scheme consists of following blocks:

XND
NDX
DXN
DDD

XNNN
NDDD
DXDD
DDXD
DDDX[2018-06-27_17:58:37]
Scheme can not be optimized[2018-06-27_17:58:37]
---------
Checking scheme 15/69[2018-06-27_17:58:37]

XDDXNNN
XDDNDDD
XDDDXDD
XDDDDXD
XDDDDDX
NNNXNNN
NNNNDDD
NNNDXDD
NNNDDXD
NNNDDDX
DXDXNNN
DXDNDDD
DXDDXDD
DXDDDXD
DXDDDDX
DDXXNNN
DDXNDDD
DDXDXDD
DDXDDXD
DDXDDDX
Scheme consists of following blocks:

XDD
NNN
DXD
DDX

XNNN
NDDD
DXDD
DDXD
DDDX[2018-06-27_17:58:37]
Price: 86455.82378[2018-06-27_17:58:37]
---------
Checking scheme 16/69[2018-06-27_17:58:37]

XNNXNND
XNNNXDN
XNNNDXN
XNNNDDD
XNNDNNX
NDDXNND
NDDNXDN
NDDNDXN
NDDNDDD
NDDDNNX
DXDXNND
DXDNXDN
DXDNDXN
DXDNDDD
DXDDNNX
DDXXNND
DDXNXDN
DDXNDXN
DDXNDDD
DDXDNNX
Scheme consists of following blocks:

XNN
NDD
DXD
DDX

XNND
NXDN
NDXN
NDDD
DNNX[2018-06-27_17:58:38]
Scheme can not be optimized[2018-06-27_17:58:38]
---------
Checking scheme 17/69[2018-06-27_17:58:38]

XNDXNND
XNDNXDN
XNDNDXN
XNDNDDD
XNDDNNX
NDXXNND
NDXNXDN
NDXNDXN
NDXNDDD
NDXDNNX
DXNXNND
DXNNXDN
DXNNDXN
DXNNDDD
DXNDNNX
DDDXNND
DDDNXDN
DDDNDXN
DDDNDDD
DDDDNNX
Scheme consists of following blocks:

XND
NDX
DXN
DDD

XNND
NXDN
NDXN
NDDD
DNNX[2018-06-27_17:58:38]
Scheme can not be optimized[2018-06-27_17:58:38]
---------
Checking scheme 18/69[2018-06-27_17:58:38]

XDDXNND
XDDNXDN
XDDNDXN
XDDNDDD
XDDDNNX
NNNXNND
NNNNXDN
NNNNDXN
NNNNDDD
NNNDNNX
DXDXNND
DXDNXDN
DXDNDXN
DXDNDDD
DXDDNNX
DDXXNND
DDXNXDN
DDXNDXN
DDXNDDD
DDXDNNX
Scheme consists of following blocks:

XDD
NNN
DXD
DDX

XNND
NXDN
NDXN
NDDD
DNNX[2018-06-27_17:58:38]
Scheme can not be optimized[2018-06-27_17:58:38]
---------
Checking scheme 19/69[2018-06-27_17:58:38]

XNNXNND
XNNNXDN
XNNNDXN
XNNNDDD
XNNDDDX
NDDXNND
NDDNXDN
NDDNDXN
NDDNDDD
NDDDDDX
DXDXNND
DXDNXDN
DXDNDXN
DXDNDDD
DXDDDDX
DDXXNND
DDXNXDN
DDXNDXN
DDXNDDD
DDXDDDX
Scheme consists of following blocks:

XNN
NDD
DXD
DDX

XNND
NXDN
NDXN
NDDD
DDDX[2018-06-27_17:58:38]
Scheme can not be optimized[2018-06-27_17:58:38]
---------
Checking scheme 20/69[2018-06-27_17:58:38]

XNDXNND
XNDNXDN
XNDNDXN
XNDNDDD
XNDDDDX
NDXXNND
NDXNXDN
NDXNDXN
NDXNDDD
NDXDDDX
DXNXNND
DXNNXDN
DXNNDXN
DXNNDDD
DXNDDDX
DDDXNND
DDDNXDN
DDDNDXN
DDDNDDD
DDDDDDX
Scheme consists of following blocks:

XND
NDX
DXN
DDD

XNND
NXDN
NDXN
NDDD
DDDX[2018-06-27_17:58:38]
Scheme can not be optimized[2018-06-27_17:58:38]
---------
Checking scheme 21/69[2018-06-27_17:58:38]

XDDXNND
XDDNXDN
XDDNDXN
XDDNDDD
XDDDDDX
NNNXNND
NNNNXDN
NNNNDXN
NNNNDDD
NNNDDDX
DXDXNND
DXDNXDN
DXDNDXN
DXDNDDD
DXDDDDX
DDXXNND
DDXNXDN
DDXNDXN
DDXNDDD
DDXDDDX
Scheme consists of following blocks:

XDD
NNN
DXD
DDX

XNND
NXDN
NDXN
NDDD
DDDX[2018-06-27_17:58:38]
Scheme can not be optimized[2018-06-27_17:58:38]
---------
Checking scheme 22/69[2018-06-27_17:58:38]

XNNXNND
XNNNXDN
XNNNDXN
XNNDNNX
XNNDDDD
NDDXNND
NDDNXDN
NDDNDXN
NDDDNNX
NDDDDDD
DXDXNND
DXDNXDN
DXDNDXN
DXDDNNX
DXDDDDD
DDXXNND
DDXNXDN
DDXNDXN
DDXDNNX
DDXDDDD
Scheme consists of following blocks:

XNN
NDD
DXD
DDX

XNND
NXDN
NDXN
DNNX
DDDD[2018-06-27_17:58:38]
Scheme can not be optimized[2018-06-27_17:58:38]
---------
Checking scheme 23/69[2018-06-27_17:58:38]

XNDXNND
XNDNXDN
XNDNDXN
XNDDNNX
XNDDDDD
NDXXNND
NDXNXDN
NDXNDXN
NDXDNNX
NDXDDDD
DXNXNND
DXNNXDN
DXNNDXN
DXNDNNX
DXNDDDD
DDDXNND
DDDNXDN
DDDNDXN
DDDDNNX
DDDDDDD
Scheme consists of following blocks:

XND
NDX
DXN
DDD

XNND
NXDN
NDXN
DNNX
DDDD[2018-06-27_17:58:38]
Scheme can not be optimized[2018-06-27_17:58:38]
---------
Checking scheme 24/69[2018-06-27_17:58:38]

XDDXNND
XDDNXDN
XDDNDXN
XDDDNNX
XDDDDDD
NNNXNND
NNNNXDN
NNNNDXN
NNNDNNX
NNNDDDD
DXDXNND
DXDNXDN
DXDNDXN
DXDDNNX
DXDDDDD
DDXXNND
DDXNXDN
DDXNDXN
DDXDNNX
DDXDDDD
Scheme consists of following blocks:

XDD
NNN
DXD
DDX

XNND
NXDN
NDXN
DNNX
DDDD[2018-06-27_17:58:38]
Scheme can not be optimized[2018-06-27_17:58:38]
---------
Checking scheme 25/69[2018-06-27_17:58:38]

XNNXNND
XNNNXDN
XNNNDXN
XNNDNNN
XNNDDDX
NDDXNND
NDDNXDN
NDDNDXN
NDDDNNN
NDDDDDX
DXDXNND
DXDNXDN
DXDNDXN
DXDDNNN
DXDDDDX
DDXXNND
DDXNXDN
DDXNDXN
DDXDNNN
DDXDDDX
Scheme consists of following blocks:

XNN
NDD
DXD
DDX

XNND
NXDN
NDXN
DNNN
DDDX[2018-06-27_17:58:39]
Scheme can not be optimized[2018-06-27_17:58:39]
---------
Checking scheme 26/69[2018-06-27_17:58:39]

XNDXNND
XNDNXDN
XNDNDXN
XNDDNNN
XNDDDDX
NDXXNND
NDXNXDN
NDXNDXN
NDXDNNN
NDXDDDX
DXNXNND
DXNNXDN
DXNNDXN
DXNDNNN
DXNDDDX
DDDXNND
DDDNXDN
DDDNDXN
DDDDNNN
DDDDDDX
Scheme consists of following blocks:

XND
NDX
DXN
DDD

XNND
NXDN
NDXN
DNNN
DDDX[2018-06-27_17:58:39]
Scheme can not be optimized[2018-06-27_17:58:39]
---------
Checking scheme 27/69[2018-06-27_17:58:39]

XDDXNND
XDDNXDN
XDDNDXN
XDDDNNN
XDDDDDX
NNNXNND
NNNNXDN
NNNNDXN
NNNDNNN
NNNDDDX
DXDXNND
DXDNXDN
DXDNDXN
DXDDNNN
DXDDDDX
DDXXNND
DDXNXDN
DDXNDXN
DDXDNNN
DDXDDDX
Scheme consists of following blocks:

XDD
NNN
DXD
DDX

XNND
NXDN
NDXN
DNNN
DDDX[2018-06-27_17:58:39]
Scheme can not be optimized[2018-06-27_17:58:39]
---------
Checking scheme 28/69[2018-06-27_17:58:39]

XNNXNND
XNNNXDN
XNNNDNN
XNNDDXD
XNNDDDX
NDDXNND
NDDNXDN
NDDNDNN
NDDDDXD
NDDDDDX
DXDXNND
DXDNXDN
DXDNDNN
DXDDDXD
DXDDDDX
DDXXNND
DDXNXDN
DDXNDNN
DDXDDXD
DDXDDDX
Scheme consists of following blocks:

XNN
NDD
DXD
DDX

XNND
NXDN
NDNN
DDXD
DDDX[2018-06-27_17:58:39]
Scheme can not be optimized[2018-06-27_17:58:39]
---------
Checking scheme 29/69[2018-06-27_17:58:39]

XNDXNND
XNDNXDN
XNDNDNN
XNDDDXD
XNDDDDX
NDXXNND
NDXNXDN
NDXNDNN
NDXDDXD
NDXDDDX
DXNXNND
DXNNXDN
DXNNDNN
DXNDDXD
DXNDDDX
DDDXNND
DDDNXDN
DDDNDNN
DDDDDXD
DDDDDDX
Scheme consists of following blocks:

XND
NDX
DXN
DDD

XNND
NXDN
NDNN
DDXD
DDDX[2018-06-27_17:58:39]
Scheme can not be optimized[2018-06-27_17:58:39]
---------
Checking scheme 30/69[2018-06-27_17:58:39]

XDDXNND
XDDNXDN
XDDNDNN
XDDDDXD
XDDDDDX
NNNXNND
NNNNXDN
NNNNDNN
NNNDDXD
NNNDDDX
DXDXNND
DXDNXDN
DXDNDNN
DXDDDXD
DXDDDDX
DDXXNND
DDXNXDN
DDXNDNN
DDXDDXD
DDXDDDX
Scheme consists of following blocks:

XDD
NNN
DXD
DDX

XNND
NXDN
NDNN
DDXD
DDDX[2018-06-27_17:58:39]
Scheme can not be optimized[2018-06-27_17:58:39]
---------
Checking scheme 31/69[2018-06-27_17:58:39]

XNNXNND
XNNNXDN
XNNNDDD
XNNDDXD
XNNDDDX
NDDXNND
NDDNXDN
NDDNDDD
NDDDDXD
NDDDDDX
DXDXNND
DXDNXDN
DXDNDDD
DXDDDXD
DXDDDDX
DDXXNND
DDXNXDN
DDXNDDD
DDXDDXD
DDXDDDX
Scheme consists of following blocks:

XNN
NDD
DXD
DDX

XNND
NXDN
NDDD
DDXD
DDDX[2018-06-27_17:58:39]
Scheme can not be optimized[2018-06-27_17:58:39]
---------
Checking scheme 32/69[2018-06-27_17:58:39]

XNDXNND
XNDNXDN
XNDNDDD
XNDDDXD
XNDDDDX
NDXXNND
NDXNXDN
NDXNDDD
NDXDDXD
NDXDDDX
DXNXNND
DXNNXDN
DXNNDDD
DXNDDXD
DXNDDDX
DDDXNND
DDDNXDN
DDDNDDD
DDDDDXD
DDDDDDX
Scheme consists of following blocks:

XND
NDX
DXN
DDD

XNND
NXDN
NDDD
DDXD
DDDX[2018-06-27_17:58:40]
Scheme can not be optimized[2018-06-27_17:58:40]
---------
Checking scheme 33/69[2018-06-27_17:58:40]

XDDXNND
XDDNXDN
XDDNDDD
XDDDDXD
XDDDDDX
NNNXNND
NNNNXDN
NNNNDDD
NNNDDXD
NNNDDDX
DXDXNND
DXDNXDN
DXDNDDD
DXDDDXD
DXDDDDX
DDXXNND
DDXNXDN
DDXNDDD
DDXDDXD
DDXDDDX
Scheme consists of following blocks:

XDD
NNN
DXD
DDX

XNND
NXDN
NDDD
DDXD
DDDX[2018-06-27_17:58:40]
Scheme can not be optimized[2018-06-27_17:58:40]
---------
Checking scheme 34/69[2018-06-27_17:58:40]

XNNXNND
XNNNNDX
XNNNDDD
XNNDXDD
XNNDDXN
NDDXNND
NDDNNDX
NDDNDDD
NDDDXDD
NDDDDXN
DXDXNND
DXDNNDX
DXDNDDD
DXDDXDD
DXDDDXN
DDXXNND
DDXNNDX
DDXNDDD
DDXDXDD
DDXDDXN
Scheme consists of following blocks:

XNN
NDD
DXD
DDX

XNND
NNDX
NDDD
DXDD
DDXN[2018-06-27_17:58:40]
Scheme can not be optimized[2018-06-27_17:58:40]
---------
Checking scheme 35/69[2018-06-27_17:58:40]

XNDXNND
XNDNNDX
XNDNDDD
XNDDXDD
XNDDDXN
NDXXNND
NDXNNDX
NDXNDDD
NDXDXDD
NDXDDXN
DXNXNND
DXNNNDX
DXNNDDD
DXNDXDD
DXNDDXN
DDDXNND
DDDNNDX
DDDNDDD
DDDDXDD
DDDDDXN
Scheme consists of following blocks:

XND
NDX
DXN
DDD

XNND
NNDX
NDDD
DXDD
DDXN[2018-06-27_17:58:40]
Scheme can not be optimized[2018-06-27_17:58:40]
---------
Checking scheme 36/69[2018-06-27_17:58:40]

XDDXNND
XDDNNDX
XDDNDDD
XDDDXDD
XDDDDXN
NNNXNND
NNNNNDX
NNNNDDD
NNNDXDD
NNNDDXN
DXDXNND
DXDNNDX
DXDNDDD
DXDDXDD
DXDDDXN
DDXXNND
DDXNNDX
DDXNDDD
DDXDXDD
DDXDDXN
Scheme consists of following blocks:

XDD
NNN
DXD
DDX

XNND
NNDX
NDDD
DXDD
DDXN[2018-06-27_17:58:40]
Scheme can not be optimized[2018-06-27_17:58:40]
---------
Checking scheme 37/69[2018-06-27_17:58:40]

XNNXNND
XNNNNDN
XNNDXDD
XNNDDXD
XNNDDDX
NDDXNND
NDDNNDN
NDDDXDD
NDDDDXD
NDDDDDX
DXDXNND
DXDNNDN
DXDDXDD
DXDDDXD
DXDDDDX
DDXXNND
DDXNNDN
DDXDXDD
DDXDDXD
DDXDDDX
Scheme consists of following blocks:

XNN
NDD
DXD
DDX

XNND
NNDN
DXDD
DDXD
DDDX[2018-06-27_17:58:40]
Scheme can not be optimized[2018-06-27_17:58:40]
---------
Checking scheme 38/69[2018-06-27_17:58:40]

XNDXNND
XNDNNDN
XNDDXDD
XNDDDXD
XNDDDDX
NDXXNND
NDXNNDN
NDXDXDD
NDXDDXD
NDXDDDX
DXNXNND
DXNNNDN
DXNDXDD
DXNDDXD
DXNDDDX
DDDXNND
DDDNNDN
DDDDXDD
DDDDDXD
DDDDDDX
Scheme consists of following blocks:

XND
NDX
DXN
DDD

XNND
NNDN
DXDD
DDXD
DDDX[2018-06-27_17:58:40]
Scheme can not be optimized[2018-06-27_17:58:40]
---------
Checking scheme 39/69[2018-06-27_17:58:40]

XDDXNND
XDDNNDN
XDDDXDD
XDDDDXD
XDDDDDX
NNNXNND
NNNNNDN
NNNDXDD
NNNDDXD
NNNDDDX
DXDXNND
DXDNNDN
DXDDXDD
DXDDDXD
DXDDDDX
DDXXNND
DDXNNDN
DDXDXDD
DDXDDXD
DDXDDDX
Scheme consists of following blocks:

XDD
NNN
DXD
DDX

XNND
NNDN
DXDD
DDXD
DDDX[2018-06-27_17:58:40]
Scheme can not be optimized[2018-06-27_17:58:40]
---------
Checking scheme 40/69[2018-06-27_17:58:40]

XNNXNND
XNNNDDX
XNNDXDN
XNNDDXN
XNNDDDD
NDDXNND
NDDNDDX
NDDDXDN
NDDDDXN
NDDDDDD
DXDXNND
DXDNDDX
DXDDXDN
DXDDDXN
DXDDDDD
DDXXNND
DDXNDDX
DDXDXDN
DDXDDXN
DDXDDDD
Scheme consists of following blocks:

XNN
NDD
DXD
DDX

XNND
NDDX
DXDN
DDXN
DDDD[2018-06-27_17:58:40]
Scheme can not be optimized[2018-06-27_17:58:40]
---------
Checking scheme 41/69[2018-06-27_17:58:40]

XNDXNND
XNDNDDX
XNDDXDN
XNDDDXN
XNDDDDD
NDXXNND
NDXNDDX
NDXDXDN
NDXDDXN
NDXDDDD
DXNXNND
DXNNDDX
DXNDXDN
DXNDDXN
DXNDDDD
DDDXNND
DDDNDDX
DDDDXDN
DDDDDXN
DDDDDDD
Scheme consists of following blocks:

XND
NDX
DXN
DDD

XNND
NDDX
DXDN
DDXN
DDDD[2018-06-27_17:58:40]
Scheme can not be optimized[2018-06-27_17:58:40]
---------
Checking scheme 42/69[2018-06-27_17:58:40]

XDDXNND
XDDNDDX
XDDDXDN
XDDDDXN
XDDDDDD
NNNXNND
NNNNDDX
NNNDXDN
NNNDDXN
NNNDDDD
DXDXNND
DXDNDDX
DXDDXDN
DXDDDXN
DXDDDDD
DDXXNND
DDXNDDX
DDXDXDN
DDXDDXN
DDXDDDD
Scheme consists of following blocks:

XDD
NNN
DXD
DDX

XNND
NDDX
DXDN
DDXN
DDDD[2018-06-27_17:58:41]
Scheme can not be optimized[2018-06-27_17:58:41]
---------
Checking scheme 43/69[2018-06-27_17:58:41]

XNNXNND
XNNNDDX
XNNDXDD
XNNDNNN
XNNDDXD
NDDXNND
NDDNDDX
NDDDXDD
NDDDNNN
NDDDDXD
DXDXNND
DXDNDDX
DXDDXDD
DXDDNNN
DXDDDXD
DDXXNND
DDXNDDX
DDXDXDD
DDXDNNN
DDXDDXD
Scheme consists of following blocks:

XNN
NDD
DXD
DDX

XNND
NDDX
DXDD
DNNN
DDXD[2018-06-27_17:58:41]
Scheme can not be optimized[2018-06-27_17:58:41]
---------
Checking scheme 44/69[2018-06-27_17:58:41]

XNDXNND
XNDNDDX
XNDDXDD
XNDDNNN
XNDDDXD
NDXXNND
NDXNDDX
NDXDXDD
NDXDNNN
NDXDDXD
DXNXNND
DXNNDDX
DXNDXDD
DXNDNNN
DXNDDXD
DDDXNND
DDDNDDX
DDDDXDD
DDDDNNN
DDDDDXD
Scheme consists of following blocks:

XND
NDX
DXN
DDD

XNND
NDDX
DXDD
DNNN
DDXD[2018-06-27_17:58:41]
Scheme can not be optimized[2018-06-27_17:58:41]
---------
Checking scheme 45/69[2018-06-27_17:58:41]

XDDXNND
XDDNDDX
XDDDXDD
XDDDNNN
XDDDDXD
NNNXNND
NNNNDDX
NNNDXDD
NNNDNNN
NNNDDXD
DXDXNND
DXDNDDX
DXDDXDD
DXDDNNN
DXDDDXD
DDXXNND
DDXNDDX
DDXDXDD
DDXDNNN
DDXDDXD
Scheme consists of following blocks:

XDD
NNN
DXD
DDX

XNND
NDDX
DXDD
DNNN
DDXD[2018-06-27_17:58:41]
Scheme can not be optimized[2018-06-27_17:58:41]
---------
Checking scheme 46/69[2018-06-27_17:58:41]

XNNXNND
XNNNDDN
XNNDXDD
XNNDNNX
XNNDDXD
NDDXNND
NDDNDDN
NDDDXDD
NDDDNNX
NDDDDXD
DXDXNND
DXDNDDN
DXDDXDD
DXDDNNX
DXDDDXD
DDXXNND
DDXNDDN
DDXDXDD
DDXDNNX
DDXDDXD
Scheme consists of following blocks:

XNN
NDD
DXD
DDX

XNND
NDDN
DXDD
DNNX
DDXD[2018-06-27_17:58:41]
Scheme can not be optimized[2018-06-27_17:58:41]
---------
Checking scheme 47/69[2018-06-27_17:58:41]

XNDXNND
XNDNDDN
XNDDXDD
XNDDNNX
XNDDDXD
NDXXNND
NDXNDDN
NDXDXDD
NDXDNNX
NDXDDXD
DXNXNND
DXNNDDN
DXNDXDD
DXNDNNX
DXNDDXD
DDDXNND
DDDNDDN
DDDDXDD
DDDDNNX
DDDDDXD
Scheme consists of following blocks:

XND
NDX
DXN
DDD

XNND
NDDN
DXDD
DNNX
DDXD[2018-06-27_17:58:41]
Scheme can not be optimized[2018-06-27_17:58:41]
---------
Checking scheme 48/69[2018-06-27_17:58:41]

XDDXNND
XDDNDDN
XDDDXDD
XDDDNNX
XDDDDXD
NNNXNND
NNNNDDN
NNNDXDD
NNNDNNX
NNNDDXD
DXDXNND
DXDNDDN
DXDDXDD
DXDDNNX
DXDDDXD
DDXXNND
DDXNDDN
DDXDXDD
DDXDNNX
DDXDDXD
Scheme consists of following blocks:

XDD
NNN
DXD
DDX

XNND
NDDN
DXDD
DNNX
DDXD[2018-06-27_17:58:41]
Scheme can not be optimized[2018-06-27_17:58:41]
---------
Checking scheme 49/69[2018-06-27_17:58:41]

XNNXNND
XNNNDDD
XNNDXDD
XNNDDXD
XNNDDDX
NDDXNND
NDDNDDD
NDDDXDD
NDDDDXD
NDDDDDX
DXDXNND
DXDNDDD
DXDDXDD
DXDDDXD
DXDDDDX
DDXXNND
DDXNDDD
DDXDXDD
DDXDDXD
DDXDDDX
Scheme consists of following blocks:

XNN
NDD
DXD
DDX

XNND
NDDD
DXDD
DDXD
DDDX[2018-06-27_17:58:41]
Scheme can not be optimized[2018-06-27_17:58:41]
---------
Checking scheme 50/69[2018-06-27_17:58:41]

XNDXNND
XNDNDDD
XNDDXDD
XNDDDXD
XNDDDDX
NDXXNND
NDXNDDD
NDXDXDD
NDXDDXD
NDXDDDX
DXNXNND
DXNNDDD
DXNDXDD
DXNDDXD
DXNDDDX
DDDXNND
DDDNDDD
DDDDXDD
DDDDDXD
DDDDDDX
Scheme consists of following blocks:

XND
NDX
DXN
DDD

XNND
NDDD
DXDD
DDXD
DDDX[2018-06-27_17:58:41]
Scheme can not be optimized[2018-06-27_17:58:41]
---------
Checking scheme 51/69[2018-06-27_17:58:41]

XDDXNND
XDDNDDD
XDDDXDD
XDDDDXD
XDDDDDX
NNNXNND
NNNNDDD
NNNDXDD
NNNDDXD
NNNDDDX
DXDXNND
DXDNDDD
DXDDXDD
DXDDDXD
DXDDDDX
DDXXNND
DDXNDDD
DDXDXDD
DDXDDXD
DDXDDDX
Scheme consists of following blocks:

XDD
NNN
DXD
DDX

XNND
NDDD
DXDD
DDXD
DDDX[2018-06-27_17:58:41]
Scheme can not be optimized[2018-06-27_17:58:41]
---------
Checking scheme 52/69[2018-06-27_17:58:41]

XNNXNDD
XNNNNNN
XNNNDXD
XNNNDDX
XNNDXND
NDDXNDD
NDDNNNN
NDDNDXD
NDDNDDX
NDDDXND
DXDXNDD
DXDNNNN
DXDNDXD
DXDNDDX
DXDDXND
DDXXNDD
DDXNNNN
DDXNDXD
DDXNDDX
DDXDXND
Scheme consists of following blocks:

XNN
NDD
DXD
DDX

XNDD
NNNN
NDXD
NDDX
DXND[2018-06-27_17:58:41]
New best price: 83188.82206000002[2018-06-27_17:58:41]
---------
Checking scheme 53/69[2018-06-27_17:58:41]

XNDXNDD
XNDNNNN
XNDNDXD
XNDNDDX
XNDDXND
NDXXNDD
NDXNNNN
NDXNDXD
NDXNDDX
NDXDXND
DXNXNDD
DXNNNNN
DXNNDXD
DXNNDDX
DXNDXND
DDDXNDD
DDDNNNN
DDDNDXD
DDDNDDX
DDDDXND
Scheme consists of following blocks:

XND
NDX
DXN
DDD

XNDD
NNNN
NDXD
NDDX
DXND[2018-06-27_17:58:41]
Scheme can not be optimized[2018-06-27_17:58:41]
---------
Checking scheme 54/69[2018-06-27_17:58:41]

XDDXNDD
XDDNNNN
XDDNDXD
XDDNDDX
XDDDXND
NNNXNDD
NNNNNNN
NNNNDXD
NNNNDDX
NNNDXND
DXDXNDD
DXDNNNN
DXDNDXD
DXDNDDX
DXDDXND
DDXXNDD
DDXNNNN
DDXNDXD
DDXNDDX
DDXDXND
Scheme consists of following blocks:

XDD
NNN
DXD
DDX

XNDD
NNNN
NDXD
NDDX
DXND[2018-06-27_17:58:41]
Scheme can not be optimized[2018-06-27_17:58:42]
---------
Checking scheme 55/69[2018-06-27_17:58:42]

XNNXNDD
XNNNNNN
XNNNDXD
XNNDXND
XNNDDDX
NDDXNDD
NDDNNNN
NDDNDXD
NDDDXND
NDDDDDX
DXDXNDD
DXDNNNN
DXDNDXD
DXDDXND
DXDDDDX
DDXXNDD
DDXNNNN
DDXNDXD
DDXDXND
DDXDDDX
Scheme consists of following blocks:

XNN
NDD
DXD
DDX

XNDD
NNNN
NDXD
DXND
DDDX[2018-06-27_17:58:42]
Price: 83533.36026[2018-06-27_17:58:42]
---------
Checking scheme 56/69[2018-06-27_17:58:42]

XNDXNDD
XNDNNNN
XNDNDXD
XNDDXND
XNDDDDX
NDXXNDD
NDXNNNN
NDXNDXD
NDXDXND
NDXDDDX
DXNXNDD
DXNNNNN
DXNNDXD
DXNDXND
DXNDDDX
DDDXNDD
DDDNNNN
DDDNDXD
DDDDXND
DDDDDDX
Scheme consists of following blocks:

XND
NDX
DXN
DDD

XNDD
NNNN
NDXD
DXND
DDDX[2018-06-27_17:58:42]
Scheme can not be optimized[2018-06-27_17:58:42]
---------
Checking scheme 57/69[2018-06-27_17:58:42]

XDDXNDD
XDDNNNN
XDDNDXD
XDDDXND
XDDDDDX
NNNXNDD
NNNNNNN
NNNNDXD
NNNDXND
NNNDDDX
DXDXNDD
DXDNNNN
DXDNDXD
DXDDXND
DXDDDDX
DDXXNDD
DDXNNNN
DDXNDXD
DDXDXND
DDXDDDX
Scheme consists of following blocks:

XDD
NNN
DXD
DDX

XNDD
NNNN
NDXD
DXND
DDDX[2018-06-27_17:58:42]
Scheme can not be optimized[2018-06-27_17:58:42]
---------
Checking scheme 58/69[2018-06-27_17:58:42]

XNNXNDD
XNNNDXD
XNNNDDX
XNNDXND
XNNDNDN
NDDXNDD
NDDNDXD
NDDNDDX
NDDDXND
NDDDNDN
DXDXNDD
DXDNDXD
DXDNDDX
DXDDXND
DXDDNDN
DDXXNDD
DDXNDXD
DDXNDDX
DDXDXND
DDXDNDN
Scheme consists of following blocks:

XNN
NDD
DXD
DDX

XNDD
NDXD
NDDX
DXND
DNDN[2018-06-27_17:58:42]
Scheme can not be optimized[2018-06-27_17:58:42]
---------
Checking scheme 59/69[2018-06-27_17:58:42]

XNDXNDD
XNDNDXD
XNDNDDX
XNDDXND
XNDDNDN
NDXXNDD
NDXNDXD
NDXNDDX
NDXDXND
NDXDNDN
DXNXNDD
DXNNDXD
DXNNDDX
DXNDXND
DXNDNDN
DDDXNDD
DDDNDXD
DDDNDDX
DDDDXND
DDDDNDN
Scheme consists of following blocks:

XND
NDX
DXN
DDD

XNDD
NDXD
NDDX
DXND
DNDN[2018-06-27_17:58:42]
Scheme can not be optimized[2018-06-27_17:58:42]
---------
Checking scheme 60/69[2018-06-27_17:58:42]

XDDXNDD
XDDNDXD
XDDNDDX
XDDDXND
XDDDNDN
NNNXNDD
NNNNDXD
NNNNDDX
NNNDXND
NNNDNDN
DXDXNDD
DXDNDXD
DXDNDDX
DXDDXND
DXDDNDN
DDXXNDD
DDXNDXD
DDXNDDX
DDXDXND
DDXDNDN
Scheme consists of following blocks:

XDD
NNN
DXD
DDX

XNDD
NDXD
NDDX
DXND
DNDN[2018-06-27_17:58:42]
Scheme can not be optimized[2018-06-27_17:58:42]
---------
Checking scheme 61/69[2018-06-27_17:58:42]

XNNXNDD
XNNNDXD
XNNNDDX
XNNDXND
XNNDDDD
NDDXNDD
NDDNDXD
NDDNDDX
NDDDXND
NDDDDDD
DXDXNDD
DXDNDXD
DXDNDDX
DXDDXND
DXDDDDD
DDXXNDD
DDXNDXD
DDXNDDX
DDXDXND
DDXDDDD
Scheme consists of following blocks:

XNN
NDD
DXD
DDX

XNDD
NDXD
NDDX
DXND
DDDD[2018-06-27_17:58:42]
Scheme can not be optimized[2018-06-27_17:58:42]
---------
Checking scheme 62/69[2018-06-27_17:58:42]

XNDXNDD
XNDNDXD
XNDNDDX
XNDDXND
XNDDDDD
NDXXNDD
NDXNDXD
NDXNDDX
NDXDXND
NDXDDDD
DXNXNDD
DXNNDXD
DXNNDDX
DXNDXND
DXNDDDD
DDDXNDD
DDDNDXD
DDDNDDX
DDDDXND
DDDDDDD
Scheme consists of following blocks:

XND
NDX
DXN
DDD

XNDD
NDXD
NDDX
DXND
DDDD[2018-06-27_17:58:42]
Scheme can not be optimized[2018-06-27_17:58:42]
---------
Checking scheme 63/69[2018-06-27_17:58:42]

XDDXNDD
XDDNDXD
XDDNDDX
XDDDXND
XDDDDDD
NNNXNDD
NNNNDXD
NNNNDDX
NNNDXND
NNNDDDD
DXDXNDD
DXDNDXD
DXDNDDX
DXDDXND
DXDDDDD
DDXXNDD
DDXNDXD
DDXNDDX
DDXDXND
DDXDDDD
Scheme consists of following blocks:

XDD
NNN
DXD
DDX

XNDD
NDXD
NDDX
DXND
DDDD[2018-06-27_17:58:42]
Scheme can not be optimized[2018-06-27_17:58:42]
---------
Checking scheme 64/69[2018-06-27_17:58:42]

XNNXDDD
XNNNNNN
XNNDXDD
XNNDDXD
XNNDDDX
NDDXDDD
NDDNNNN
NDDDXDD
NDDDDXD
NDDDDDX
DXDXDDD
DXDNNNN
DXDDXDD
DXDDDXD
DXDDDDX
DDXXDDD
DDXNNNN
DDXDXDD
DDXDDXD
DDXDDDX
Scheme consists of following blocks:

XNN
NDD
DXD
DDX

XDDD
NNNN
DXDD
DDXD
DDDX[2018-06-27_17:58:42]
Price: 87041.52111999999[2018-06-27_17:58:42]
---------
Checking scheme 65/69[2018-06-27_17:58:42]

XNDXDDD
XNDNNNN
XNDDXDD
XNDDDXD
XNDDDDX
NDXXDDD
NDXNNNN
NDXDXDD
NDXDDXD
NDXDDDX
DXNXDDD
DXNNNNN
DXNDXDD
DXNDDXD
DXNDDDX
DDDXDDD
DDDNNNN
DDDDXDD
DDDDDXD
DDDDDDX
Scheme consists of following blocks:

XND
NDX
DXN
DDD

XDDD
NNNN
DXDD
DDXD
DDDX[2018-06-27_17:58:42]
Scheme can not be optimized[2018-06-27_17:58:42]
---------
Checking scheme 66/69[2018-06-27_17:58:42]

XDDXDDD
XDDNNNN
XDDDXDD
XDDDDXD
XDDDDDX
NNNXDDD
NNNNNNN
NNNDXDD
NNNDDXD
NNNDDDX
DXDXDDD
DXDNNNN
DXDDXDD
DXDDDXD
DXDDDDX
DDXXDDD
DDXNNNN
DDXDXDD
DDXDDXD
DDXDDDX
Scheme consists of following blocks:

XDD
NNN
DXD
DDX

XDDD
NNNN
DXDD
DDXD
DDDX[2018-06-27_17:58:42]
Scheme can not be optimized[2018-06-27_17:58:42]
---------
Checking scheme 67/69[2018-06-27_17:58:42]

XNNXDDD
XNNNNND
XNNDXDD
XNNDDXD
XNNDDDX
NDDXDDD
NDDNNND
NDDDXDD
NDDDDXD
NDDDDDX
DXDXDDD
DXDNNND
DXDDXDD
DXDDDXD
DXDDDDX
DDXXDDD
DDXNNND
DDXDXDD
DDXDDXD
DDXDDDX
Scheme consists of following blocks:

XNN
NDD
DXD
DDX

XDDD
NNND
DXDD
DDXD
DDDX[2018-06-27_17:58:42]
Scheme can not be optimized[2018-06-27_17:58:42]
---------
Checking scheme 68/69[2018-06-27_17:58:42]

XNDXDDD
XNDNNND
XNDDXDD
XNDDDXD
XNDDDDX
NDXXDDD
NDXNNND
NDXDXDD
NDXDDXD
NDXDDDX
DXNXDDD
DXNNNND
DXNDXDD
DXNDDXD
DXNDDDX
DDDXDDD
DDDNNND
DDDDXDD
DDDDDXD
DDDDDDX
Scheme consists of following blocks:

XND
NDX
DXN
DDD

XDDD
NNND
DXDD
DDXD
DDDX[2018-06-27_17:58:42]
Scheme can not be optimized[2018-06-27_17:58:42]
---------
Checking scheme 69/69[2018-06-27_17:58:42]

XDDXDDD
XDDNNND
XDDDXDD
XDDDDXD
XDDDDDX
NNNXDDD
NNNNNND
NNNDXDD
NNNDDXD
NNNDDDX
DXDXDDD
DXDNNND
DXDDXDD
DXDDDXD
DXDDDDX
DDXXDDD
DDXNNND
DDXDXDD
DDXDDXD
DDXDDDX
Scheme consists of following blocks:

XDD
NNN
DXD
DDX

XDDD
NNND
DXDD
DDXD
DDDX[2018-06-27_17:58:42]
Scheme can not be optimized[2018-06-27_17:58:42]
________________________
Best scheme:
[solution]
Res,S1,S2,S3,S4,S5,S6,S7
Ala, D, X, D, X, N, D, D
Arg, N, D, D, X, N, D, D
Asn, N, D, D, N, N, N, N
Asp, D, X, D, N, D, X, D
Cys, N, D, D, N, D, X, D
Gln, N, D, D, N, D, D, X
Glu, D, X, D, N, N, N, N
Gly, D, X, D, N, D, D, X
His, X, N, N, X, N, D, D
Ile, D, X, D, D, X, N, D
Leu, D, D, X, X, N, D, D
Lys, D, D, X, N, D, X, D
Met, X, N, N, N, D, X, D
Phe, X, N, N, N, D, D, X
Pro, X, X, X, X, X, X, X
Ser, D, D, X, N, D, D, X
Thr, N, D, D, D, X, N, D
Trp, X, N, N, D, X, N, D
Tyr, D, D, X, N, N, N, N
Val, D, D, X, D, X, N, D

Blocks used for this scheme:
XNN
NDD
DXD
DDX

XNDD
NNNN
NDXD
NDDX
DXND

Price: 83188.82206000002[2018-06-27_17:58:42]
-----
Calculation finished at 2018-06-27 17:58:42!