2019-04-19 12:56:16,185:Reading NCS
2019-04-19 12:56:16,185:NCS: NC2
2019-04-19 12:56:16,185:Reading sequence: 'KdpD.seq'
2019-04-19 12:56:16,186:Sequence length - 107 residues
2019-04-19 12:56:16,186:Reading stock: '../../stocks/LabelStock_Maslennikov.txt'
2019-04-19 12:56:16,186:Stock - OK
2019-04-19 12:56:16,186:Reading prices: '../../prices/BEST_PRICE_1H.csv'
2019-04-19 12:56:16,187:Prices - OK
2019-04-19 12:56:16,187:Search for KdpD_NC2 solution started
Host name is:		zion
Start clock time: 		19-04-2019 08:56:16
2019-04-19 12:56:16,187:
Search in 1 sample(s)
2019-04-19 12:56:16,187:Precalculating NMR codes...
2019-04-19 12:56:16,187:NMR codes calculated
2019-04-19 12:56:16,187:Search in 1 sample(s) finished. Max depth reached: 0. Iterations used: 1
2019-04-19 12:56:16,188:
Search in 2 sample(s)
2019-04-19 12:56:16,188:Precalculating NMR codes...
2019-04-19 12:56:16,188:NMR codes calculated
2019-04-19 12:56:16,188:Search in 2 sample(s) finished. Max depth reached: 0. Iterations used: 2
2019-04-19 12:56:16,188:
Search in 3 sample(s)
2019-04-19 12:56:16,189:Precalculating NMR codes...
2019-04-19 12:56:16,192:NMR codes calculated
2019-04-19 12:56:16,192:New max depth (1) reached at 3 samples
2019-04-19 12:56:16,192:Search in 3 sample(s) finished. Max depth reached: 1. Iterations used: 5
2019-04-19 12:56:16,192:
Search in 4 sample(s)
2019-04-19 12:56:16,195:Precalculating NMR codes...
2019-04-19 12:56:16,220:NMR codes calculated
2019-04-19 12:56:16,221:New max depth (2) reached at 4 samples
2019-04-19 12:56:16,221:New max depth (3) reached at 4 samples
2019-04-19 12:56:16,222:New max depth (4) reached at 4 samples
2019-04-19 12:56:16,222:New max depth (5) reached at 4 samples
2019-04-19 12:56:16,222:Search in 4 sample(s) finished. Max depth reached: 5. Iterations used: 32
2019-04-19 12:56:16,222:
Search in 5 sample(s)
2019-04-19 12:56:16,231:Precalculating NMR codes...
2019-04-19 12:56:16,552:NMR codes calculated
2019-04-19 12:56:16,559:New max depth (6) reached at 5 samples
2019-04-19 12:56:16,560:New max depth (7) reached at 5 samples
2019-04-19 12:56:16,560:New max depth (8) reached at 5 samples
2019-04-19 12:56:16,560:New max depth (9) reached at 5 samples
2019-04-19 12:56:16,560:New max depth (10) reached at 5 samples
2019-04-19 12:56:16,560:New max depth (11) reached at 5 samples
2019-04-19 12:56:16,560:New max depth (12) reached at 5 samples
2019-04-19 12:56:16,560:New max depth (13) reached at 5 samples
2019-04-19 12:56:16,561:New max depth (14) reached at 5 samples
2019-04-19 12:56:16,561:New max depth (15) reached at 5 samples
2019-04-19 12:56:16,561:New max depth (16) reached at 5 samples
2019-04-19 12:56:16,561:New solution found! (#1). Calculation time: 00:00:00. New best price = 11823.27
2019-04-19 12:56:16,561:[solution]
% Solution number = 1
% Solution price  = 11823.27
Res, S_1, S_2, S_3, S_4, S_5
Leu,   N,   N,   N,   N,   C
Ala,   N,   N,   N,   C,   N
Val,   N,   N,   C,   N,   N
Gly,   N,   C,   N,   N,   N
Phe,   N,   C,   C,   N,   N
Ile,   C,   N,   N,   N,   N
Met,   N,   C,   N,   C,   N
Tyr,   N,   N,   C,   C,   N
Asp,   N,   C,   C,   N,   C
Ser,   N,   N,   N,   C,   C
Cys,   C,   N,   N,   N,   C
Gln,   N,   N,   N,   N,   N
Thr,   N,   N,   X,   N,   X
Asn,   N,   N,   N,   X,   X
Arg,   N,   N,   X,   X,   X
Pro,   C,   C,   C,   C,   C
Trp,   N,   C,   C,   C,   N



2019-04-19 12:56:16,565:New solution found! (#2). Calculation time: 00:00:00. New best price = 11557.9
2019-04-19 12:56:16,565:[solution]
% Solution number = 2
% Solution price  = 11557.9
Res, S_1, S_2, S_3, S_4, S_5
Leu,   N,   N,   N,   N,   C
Ala,   N,   N,   N,   C,   N
Val,   N,   N,   C,   N,   N
Gly,   N,   C,   N,   N,   N
Phe,   N,   C,   C,   N,   N
Ile,   C,   N,   N,   N,   N
Met,   N,   C,   N,   C,   N
Tyr,   N,   N,   C,   C,   N
Asp,   N,   C,   C,   N,   C
Ser,   N,   N,   N,   C,   C
Cys,   C,   N,   N,   N,   C
Gln,   N,   N,   N,   N,   N
Thr,   N,   N,   X,   N,   X
Asn,   N,   N,   N,   X,   X
Arg,   N,   N,   X,   X,   X
Pro,   C,   C,   C,   C,   C
Trp,   N,   C,   C,   C,   X



2019-04-19 12:56:16,629:New solution found! (#3). Calculation time: 00:00:00. New best price = 9748.55
2019-04-19 12:56:16,629:[solution]
% Solution number = 3
% Solution price  = 9748.55
Res, S_1, S_2, S_3, S_4, S_5
Leu,   N,   N,   N,   N,   C
Ala,   N,   N,   N,   C,   N
Val,   N,   N,   C,   N,   N
Gly,   N,   C,   N,   N,   N
Phe,   N,   C,   C,   N,   N
Ile,   C,   N,   N,   N,   N
Met,   N,   C,   N,   C,   N
Tyr,   N,   N,   C,   C,   N
Asp,   N,   C,   C,   N,   C
Ser,   N,   N,   N,   C,   C
Cys,   C,   N,   N,   N,   C
Gln,   N,   N,   N,   N,   N
Thr,   N,   N,   X,   N,   X
Asn,   N,   N,   N,   X,   X
Arg,   N,   N,   X,   X,   X
Pro,   C,   C,   C,   C,   C
Trp,   N,   X,   C,   X,   N



2019-04-19 12:56:16,633:New solution found! (#4). Calculation time: 00:00:00. New best price = 9483.18
2019-04-19 12:56:16,633:[solution]
% Solution number = 4
% Solution price  = 9483.18
Res, S_1, S_2, S_3, S_4, S_5
Leu,   N,   N,   N,   N,   C
Ala,   N,   N,   N,   C,   N
Val,   N,   N,   C,   N,   N
Gly,   N,   C,   N,   N,   N
Phe,   N,   C,   C,   N,   N
Ile,   C,   N,   N,   N,   N
Met,   N,   C,   N,   C,   N
Tyr,   N,   N,   C,   C,   N
Asp,   N,   C,   C,   N,   C
Ser,   N,   N,   N,   C,   C
Cys,   C,   N,   N,   N,   C
Gln,   N,   N,   N,   N,   N
Thr,   N,   N,   X,   N,   X
Asn,   N,   N,   N,   X,   X
Arg,   N,   N,   X,   X,   X
Pro,   C,   C,   C,   C,   C
Trp,   N,   X,   C,   X,   X



2019-04-19 12:56:16,638:New solution found! (#5). Calculation time: 00:00:00. New best price = 9442.36
2019-04-19 12:56:16,638:[solution]
% Solution number = 5
% Solution price  = 9442.36
Res, S_1, S_2, S_3, S_4, S_5
Leu,   N,   N,   N,   N,   C
Ala,   N,   N,   N,   C,   N
Val,   N,   N,   C,   N,   N
Gly,   N,   C,   N,   N,   N
Phe,   N,   C,   C,   N,   N
Ile,   C,   N,   N,   N,   N
Met,   N,   C,   N,   C,   N
Tyr,   N,   N,   C,   C,   N
Asp,   N,   C,   C,   N,   C
Ser,   N,   N,   N,   C,   C
Cys,   C,   N,   N,   N,   C
Gln,   N,   N,   N,   N,   N
Thr,   N,   N,   X,   N,   X
Asn,   N,   N,   N,   X,   X
Arg,   N,   N,   X,   X,   X
Pro,   C,   C,   C,   C,   X
Trp,   N,   X,   C,   X,   N



2019-04-19 12:56:16,683:New solution found! (#6). Calculation time: 00:00:00. New best price = 9176.98
2019-04-19 12:56:16,684:[solution]
% Solution number = 6
% Solution price  = 9176.98
Res, S_1, S_2, S_3, S_4, S_5
Leu,   N,   N,   N,   N,   C
Ala,   N,   N,   N,   C,   N
Val,   N,   N,   C,   N,   N
Gly,   N,   C,   N,   N,   N
Phe,   N,   C,   C,   N,   N
Ile,   C,   N,   N,   N,   N
Met,   N,   C,   N,   C,   N
Tyr,   N,   N,   C,   C,   N
Asp,   N,   C,   C,   N,   C
Ser,   N,   N,   N,   C,   C
Cys,   C,   N,   N,   N,   C
Gln,   N,   N,   N,   N,   N
Thr,   N,   N,   X,   N,   X
Asn,   N,   N,   N,   X,   X
Arg,   N,   N,   X,   X,   X
Pro,   C,   C,   C,   C,   X
Trp,   N,   X,   C,   X,   X



2019-04-19 12:56:16,689:New solution found! (#7). Calculation time: 00:00:00. New best price = 9136.16
2019-04-19 12:56:16,689:[solution]
% Solution number = 7
% Solution price  = 9136.16
Res, S_1, S_2, S_3, S_4, S_5
Leu,   N,   N,   N,   N,   C
Ala,   N,   N,   N,   C,   N
Val,   N,   N,   C,   N,   N
Gly,   N,   C,   N,   N,   N
Phe,   N,   C,   C,   N,   N
Ile,   C,   N,   N,   N,   N
Met,   N,   C,   N,   C,   N
Tyr,   N,   N,   C,   C,   N
Asp,   N,   C,   C,   N,   C
Ser,   N,   N,   N,   C,   C
Cys,   C,   N,   N,   N,   C
Gln,   N,   N,   N,   N,   N
Thr,   N,   N,   X,   N,   X
Asn,   N,   N,   N,   X,   X
Arg,   N,   N,   X,   X,   X
Pro,   C,   C,   C,   X,   X
Trp,   N,   X,   C,   X,   N



2019-04-19 12:56:16,692:New solution found! (#8). Calculation time: 00:00:00. New best price = 8870.79
2019-04-19 12:56:16,694:[solution]
% Solution number = 8
% Solution price  = 8870.79
Res, S_1, S_2, S_3, S_4, S_5
Leu,   N,   N,   N,   N,   C
Ala,   N,   N,   N,   C,   N
Val,   N,   N,   C,   N,   N
Gly,   N,   C,   N,   N,   N
Phe,   N,   C,   C,   N,   N
Ile,   C,   N,   N,   N,   N
Met,   N,   C,   N,   C,   N
Tyr,   N,   N,   C,   C,   N
Asp,   N,   C,   C,   N,   C
Ser,   N,   N,   N,   C,   C
Cys,   C,   N,   N,   N,   C
Gln,   N,   N,   N,   N,   N
Thr,   N,   N,   X,   N,   X
Asn,   N,   N,   N,   X,   X
Arg,   N,   N,   X,   X,   X
Pro,   C,   C,   C,   X,   X
Trp,   N,   X,   C,   X,   X



2019-04-19 12:56:16,701:New solution found! (#9). Calculation time: 00:00:00. New best price = 8829.97
2019-04-19 12:56:16,702:[solution]
% Solution number = 9
% Solution price  = 8829.97
Res, S_1, S_2, S_3, S_4, S_5
Leu,   N,   N,   N,   N,   C
Ala,   N,   N,   N,   C,   N
Val,   N,   N,   C,   N,   N
Gly,   N,   C,   N,   N,   N
Phe,   N,   C,   C,   N,   N
Ile,   C,   N,   N,   N,   N
Met,   N,   C,   N,   C,   N
Tyr,   N,   N,   C,   C,   N
Asp,   N,   C,   C,   N,   C
Ser,   N,   N,   N,   C,   C
Cys,   C,   N,   N,   N,   C
Gln,   N,   N,   N,   N,   N
Thr,   N,   N,   X,   N,   X
Asn,   N,   N,   N,   X,   X
Arg,   N,   N,   X,   X,   X
Pro,   C,   C,   X,   X,   X
Trp,   N,   X,   C,   X,   N



2019-04-19 12:56:16,706:New solution found! (#10). Calculation time: 00:00:00. New best price = 8564.6
2019-04-19 12:56:16,706:[solution]
% Solution number = 10
% Solution price  = 8564.6
Res, S_1, S_2, S_3, S_4, S_5
Leu,   N,   N,   N,   N,   C
Ala,   N,   N,   N,   C,   N
Val,   N,   N,   C,   N,   N
Gly,   N,   C,   N,   N,   N
Phe,   N,   C,   C,   N,   N
Ile,   C,   N,   N,   N,   N
Met,   N,   C,   N,   C,   N
Tyr,   N,   N,   C,   C,   N
Asp,   N,   C,   C,   N,   C
Ser,   N,   N,   N,   C,   C
Cys,   C,   N,   N,   N,   C
Gln,   N,   N,   N,   N,   N
Thr,   N,   N,   X,   N,   X
Asn,   N,   N,   N,   X,   X
Arg,   N,   N,   X,   X,   X
Pro,   C,   C,   X,   X,   X
Trp,   N,   X,   C,   X,   X



2019-04-19 12:56:16,716:New solution found! (#11). Calculation time: 00:00:00. New best price = 8371.24
2019-04-19 12:56:16,716:[solution]
% Solution number = 11
% Solution price  = 8371.24
Res, S_1, S_2, S_3, S_4, S_5
Leu,   N,   N,   N,   N,   C
Ala,   N,   N,   N,   C,   N
Val,   N,   N,   C,   N,   N
Gly,   N,   C,   N,   N,   N
Phe,   N,   C,   C,   N,   N
Ile,   C,   N,   N,   N,   N
Met,   N,   C,   N,   C,   N
Tyr,   N,   N,   C,   C,   N
Asp,   N,   C,   C,   N,   C
Ser,   N,   N,   N,   C,   C
Cys,   C,   N,   N,   N,   C
Gln,   N,   N,   N,   N,   N
Thr,   N,   N,   X,   N,   X
Asn,   N,   N,   X,   X,   X
Arg,   N,   X,   N,   N,   X
Pro,   C,   X,   X,   X,   X
Trp,   N,   X,   C,   X,   X



2019-04-19 12:56:16,722:New solution found! (#12). Calculation time: 00:00:00. New best price = 8139.55
2019-04-19 12:56:16,722:[solution]
% Solution number = 12
% Solution price  = 8139.55
Res, S_1, S_2, S_3, S_4, S_5
Leu,   N,   N,   N,   N,   C
Ala,   N,   N,   N,   C,   N
Val,   N,   N,   C,   N,   N
Gly,   N,   C,   N,   N,   N
Phe,   N,   C,   C,   N,   N
Ile,   C,   N,   N,   N,   N
Met,   N,   C,   N,   C,   N
Tyr,   N,   N,   C,   C,   N
Asp,   N,   C,   C,   N,   C
Ser,   N,   N,   N,   C,   C
Cys,   C,   N,   N,   N,   C
Gln,   N,   N,   N,   N,   N
Thr,   N,   N,   X,   N,   X
Asn,   N,   N,   X,   X,   X
Arg,   N,   X,   N,   X,   X
Pro,   C,   X,   X,   X,   X
Trp,   N,   X,   C,   X,   X



2019-04-19 12:56:16,728:New solution found! (#13). Calculation time: 00:00:00. New best price = 8065.05
2019-04-19 12:56:16,728:[solution]
% Solution number = 13
% Solution price  = 8065.05
Res, S_1, S_2, S_3, S_4, S_5
Leu,   N,   N,   N,   N,   C
Ala,   N,   N,   N,   C,   N
Val,   N,   N,   C,   N,   N
Gly,   N,   C,   N,   N,   N
Phe,   N,   C,   C,   N,   N
Ile,   C,   N,   N,   N,   N
Met,   N,   C,   N,   C,   N
Tyr,   N,   N,   C,   C,   N
Asp,   N,   C,   C,   N,   C
Ser,   N,   N,   N,   C,   C
Cys,   C,   N,   N,   N,   C
Gln,   N,   N,   N,   N,   N
Thr,   N,   N,   X,   N,   X
Asn,   N,   N,   X,   X,   X
Arg,   X,   N,   N,   X,   N
Pro,   X,   X,   X,   X,   X
Trp,   N,   X,   C,   X,   X



2019-04-19 12:56:16,733:New solution found! (#14). Calculation time: 00:00:00. New best price = 7833.36
2019-04-19 12:56:16,734:[solution]
% Solution number = 14
% Solution price  = 7833.36
Res, S_1, S_2, S_3, S_4, S_5
Leu,   N,   N,   N,   N,   C
Ala,   N,   N,   N,   C,   N
Val,   N,   N,   C,   N,   N
Gly,   N,   C,   N,   N,   N
Phe,   N,   C,   C,   N,   N
Ile,   C,   N,   N,   N,   N
Met,   N,   C,   N,   C,   N
Tyr,   N,   N,   C,   C,   N
Asp,   N,   C,   C,   N,   C
Ser,   N,   N,   N,   C,   C
Cys,   C,   N,   N,   N,   C
Gln,   N,   N,   N,   N,   N
Thr,   N,   N,   X,   N,   X
Asn,   N,   N,   X,   X,   X
Arg,   X,   N,   N,   X,   X
Pro,   X,   X,   X,   X,   X
Trp,   N,   X,   C,   X,   X



2019-04-19 12:56:16,742:New solution found! (#15). Calculation time: 00:00:00. New best price = 7647.88
2019-04-19 12:56:16,743:[solution]
% Solution number = 15
% Solution price  = 7647.88
Res, S_1, S_2, S_3, S_4, S_5
Leu,   N,   N,   N,   N,   C
Ala,   N,   N,   N,   C,   N
Val,   N,   N,   C,   N,   N
Gly,   N,   C,   N,   N,   N
Phe,   N,   C,   C,   N,   N
Ile,   C,   N,   N,   N,   N
Met,   N,   C,   N,   C,   N
Tyr,   N,   N,   C,   C,   N
Asp,   N,   C,   C,   N,   C
Ser,   N,   N,   N,   C,   C
Cys,   C,   N,   N,   N,   C
Gln,   N,   N,   X,   N,   X
Thr,   X,   N,   X,   N,   N
Asn,   N,   N,   X,   X,   X
Arg,   X,   N,   N,   X,   X
Pro,   X,   X,   X,   X,   X
Trp,   N,   X,   C,   X,   X



2019-04-19 12:56:16,751:New solution found! (#16). Calculation time: 00:00:00. New best price = 7555.14
2019-04-19 12:56:16,751:[solution]
% Solution number = 16
% Solution price  = 7555.14
Res, S_1, S_2, S_3, S_4, S_5
Leu,   N,   N,   N,   N,   C
Ala,   N,   N,   N,   C,   N
Val,   N,   N,   C,   N,   N
Gly,   N,   C,   N,   N,   N
Phe,   N,   C,   C,   N,   N
Ile,   C,   N,   N,   N,   N
Met,   N,   C,   N,   C,   N
Tyr,   N,   N,   C,   C,   N
Asp,   N,   C,   C,   N,   C
Ser,   N,   N,   N,   C,   C
Cys,   C,   N,   N,   N,   C
Gln,   X,   X,   N,   N,   X
Thr,   N,   N,   X,   N,   X
Asn,   N,   N,   X,   X,   X
Arg,   X,   N,   N,   X,   X
Pro,   X,   X,   X,   X,   X
Trp,   N,   X,   C,   X,   X



2019-04-19 12:56:16,880:New solution found! (#17). Calculation time: 00:00:00. New best price = 7508.27
2019-04-19 12:56:16,880:[solution]
% Solution number = 17
% Solution price  = 7508.27
Res, S_1, S_2, S_3, S_4, S_5
Leu,   N,   N,   N,   N,   C
Ala,   N,   N,   N,   C,   N
Val,   N,   N,   C,   N,   N
Gly,   N,   C,   N,   N,   N
Phe,   N,   C,   C,   N,   N
Ile,   C,   N,   N,   N,   N
Met,   N,   C,   N,   C,   N
Tyr,   N,   N,   C,   C,   N
Asp,   N,   C,   C,   N,   C
Ser,   N,   N,   N,   C,   C
Cys,   C,   N,   N,   X,   C
Gln,   N,   N,   X,   N,   X
Thr,   X,   N,   X,   N,   N
Asn,   N,   N,   X,   X,   X
Arg,   N,   X,   N,   X,   X
Pro,   C,   X,   X,   X,   X
Trp,   N,   X,   C,   X,   X



2019-04-19 12:56:16,886:New solution found! (#18). Calculation time: 00:00:00. New best price = 7433.77
2019-04-19 12:56:16,886:[solution]
% Solution number = 18
% Solution price  = 7433.77
Res, S_1, S_2, S_3, S_4, S_5
Leu,   N,   N,   N,   N,   C
Ala,   N,   N,   N,   C,   N
Val,   N,   N,   C,   N,   N
Gly,   N,   C,   N,   N,   N
Phe,   N,   C,   C,   N,   N
Ile,   C,   N,   N,   N,   N
Met,   N,   C,   N,   C,   N
Tyr,   N,   N,   C,   C,   N
Asp,   N,   C,   C,   N,   C
Ser,   N,   N,   N,   C,   C
Cys,   C,   N,   N,   X,   C
Gln,   N,   N,   X,   N,   X
Thr,   X,   N,   X,   N,   N
Asn,   N,   N,   X,   X,   X
Arg,   X,   N,   N,   N,   X
Pro,   X,   X,   X,   X,   X
Trp,   N,   X,   C,   X,   X



2019-04-19 12:56:16,987:New solution found! (#19). Calculation time: 00:00:00. New best price = 7415.53
2019-04-19 12:56:16,987:[solution]
% Solution number = 19
% Solution price  = 7415.53
Res, S_1, S_2, S_3, S_4, S_5
Leu,   N,   N,   N,   N,   C
Ala,   N,   N,   N,   C,   N
Val,   N,   N,   C,   N,   N
Gly,   N,   C,   N,   N,   N
Phe,   N,   C,   C,   N,   N
Ile,   C,   N,   N,   N,   N
Met,   N,   C,   N,   C,   N
Tyr,   N,   N,   C,   C,   N
Asp,   N,   C,   C,   N,   C
Ser,   N,   N,   N,   C,   C
Cys,   C,   N,   N,   X,   C
Gln,   X,   X,   N,   N,   X
Thr,   N,   N,   X,   N,   X
Asn,   N,   N,   X,   X,   X
Arg,   N,   X,   N,   X,   X
Pro,   C,   X,   X,   X,   X
Trp,   N,   X,   C,   X,   X



2019-04-19 12:56:16,993:New solution found! (#20). Calculation time: 00:00:00. New best price = 7341.02
2019-04-19 12:56:16,993:[solution]
% Solution number = 20
% Solution price  = 7341.02
Res, S_1, S_2, S_3, S_4, S_5
Leu,   N,   N,   N,   N,   C
Ala,   N,   N,   N,   C,   N
Val,   N,   N,   C,   N,   N
Gly,   N,   C,   N,   N,   N
Phe,   N,   C,   C,   N,   N
Ile,   C,   N,   N,   N,   N
Met,   N,   C,   N,   C,   N
Tyr,   N,   N,   C,   C,   N
Asp,   N,   C,   C,   N,   C
Ser,   N,   N,   N,   C,   C
Cys,   C,   N,   N,   X,   C
Gln,   X,   X,   N,   N,   X
Thr,   N,   N,   X,   N,   X
Asn,   N,   N,   X,   X,   X
Arg,   X,   N,   N,   N,   X
Pro,   X,   X,   X,   X,   X
Trp,   N,   X,   C,   X,   X



2019-04-19 12:56:17,031:New solution found! (#21). Calculation time: 00:00:00. New best price = 7326.17
2019-04-19 12:56:17,031:[solution]
% Solution number = 21
% Solution price  = 7326.17
Res, S_1, S_2, S_3, S_4, S_5
Leu,   N,   N,   N,   N,   C
Ala,   N,   N,   N,   C,   N
Val,   N,   N,   C,   N,   N
Gly,   N,   C,   N,   N,   N
Phe,   N,   C,   C,   N,   N
Ile,   C,   N,   N,   N,   N
Met,   N,   C,   N,   C,   N
Tyr,   N,   N,   C,   C,   N
Asp,   N,   C,   C,   N,   C
Ser,   N,   N,   N,   C,   C
Cys,   C,   N,   C,   N,   C
Gln,   X,   X,   N,   N,   X
Thr,   N,   N,   X,   N,   X
Asn,   N,   N,   X,   X,   X
Arg,   X,   N,   N,   X,   X
Pro,   X,   X,   X,   X,   X
Trp,   N,   X,   C,   X,   X



2019-04-19 12:56:17,040:New solution found! (#22). Calculation time: 00:00:00. New best price = 7202.08
2019-04-19 12:56:17,040:[solution]
% Solution number = 22
% Solution price  = 7202.08
Res, S_1, S_2, S_3, S_4, S_5
Leu,   N,   N,   N,   N,   C
Ala,   N,   N,   N,   C,   N
Val,   N,   N,   C,   N,   N
Gly,   N,   C,   N,   N,   N
Phe,   N,   C,   C,   N,   N
Ile,   C,   N,   N,   N,   N
Met,   N,   C,   N,   C,   N
Tyr,   N,   N,   C,   C,   N
Asp,   N,   C,   C,   N,   C
Ser,   N,   N,   N,   C,   C
Cys,   C,   N,   C,   N,   X
Gln,   N,   N,   X,   N,   X
Thr,   X,   N,   X,   N,   N
Asn,   N,   N,   X,   X,   X
Arg,   X,   N,   N,   X,   X
Pro,   X,   X,   X,   X,   X
Trp,   N,   X,   C,   X,   X



2019-04-19 12:56:17,048:New solution found! (#23). Calculation time: 00:00:00. New best price = 7109.34
2019-04-19 12:56:17,048:[solution]
% Solution number = 23
% Solution price  = 7109.34
Res, S_1, S_2, S_3, S_4, S_5
Leu,   N,   N,   N,   N,   C
Ala,   N,   N,   N,   C,   N
Val,   N,   N,   C,   N,   N
Gly,   N,   C,   N,   N,   N
Phe,   N,   C,   C,   N,   N
Ile,   C,   N,   N,   N,   N
Met,   N,   C,   N,   C,   N
Tyr,   N,   N,   C,   C,   N
Asp,   N,   C,   C,   N,   C
Ser,   N,   N,   N,   C,   C
Cys,   C,   N,   C,   N,   X
Gln,   X,   X,   N,   N,   X
Thr,   N,   N,   X,   N,   X
Asn,   N,   N,   X,   X,   X
Arg,   X,   N,   N,   X,   X
Pro,   X,   X,   X,   X,   X
Trp,   N,   X,   C,   X,   X



2019-04-19 12:56:17,056:New solution found! (#24). Calculation time: 00:00:00. New best price = 7097.19
2019-04-19 12:56:17,056:[solution]
% Solution number = 24
% Solution price  = 7097.19
Res, S_1, S_2, S_3, S_4, S_5
Leu,   N,   N,   N,   N,   C
Ala,   N,   N,   N,   C,   N
Val,   N,   N,   C,   N,   N
Gly,   N,   C,   N,   N,   N
Phe,   N,   C,   C,   N,   N
Ile,   C,   N,   N,   N,   N
Met,   N,   C,   N,   C,   N
Tyr,   N,   N,   C,   C,   N
Asp,   N,   C,   C,   N,   C
Ser,   N,   N,   N,   C,   C
Cys,   C,   N,   C,   C,   C
Gln,   X,   X,   N,   N,   X
Thr,   N,   N,   X,   N,   X
Asn,   N,   N,   X,   X,   X
Arg,   X,   N,   N,   X,   X
Pro,   X,   X,   X,   X,   X
Trp,   N,   X,   C,   X,   X



2019-04-19 12:56:17,066:New solution found! (#25). Calculation time: 00:00:00. New best price = 6973.11
2019-04-19 12:56:17,066:[solution]
% Solution number = 25
% Solution price  = 6973.11
Res, S_1, S_2, S_3, S_4, S_5
Leu,   N,   N,   N,   N,   C
Ala,   N,   N,   N,   C,   N
Val,   N,   N,   C,   N,   N
Gly,   N,   C,   N,   N,   N
Phe,   N,   C,   C,   N,   N
Ile,   C,   N,   N,   N,   N
Met,   N,   C,   N,   C,   N
Tyr,   N,   N,   C,   C,   N
Asp,   N,   C,   C,   N,   C
Ser,   N,   N,   N,   C,   C
Cys,   C,   N,   C,   C,   X
Gln,   N,   N,   X,   N,   X
Thr,   X,   N,   X,   N,   N
Asn,   N,   N,   X,   X,   X
Arg,   X,   N,   N,   X,   X
Pro,   X,   X,   X,   X,   X
Trp,   N,   X,   C,   X,   X



2019-04-19 12:56:17,074:New solution found! (#26). Calculation time: 00:00:00. New best price = 6880.37
2019-04-19 12:56:17,074:[solution]
% Solution number = 26
% Solution price  = 6880.37
Res, S_1, S_2, S_3, S_4, S_5
Leu,   N,   N,   N,   N,   C
Ala,   N,   N,   N,   C,   N
Val,   N,   N,   C,   N,   N
Gly,   N,   C,   N,   N,   N
Phe,   N,   C,   C,   N,   N
Ile,   C,   N,   N,   N,   N
Met,   N,   C,   N,   C,   N
Tyr,   N,   N,   C,   C,   N
Asp,   N,   C,   C,   N,   C
Ser,   N,   N,   N,   C,   C
Cys,   C,   N,   C,   C,   X
Gln,   X,   X,   N,   N,   X
Thr,   N,   N,   X,   N,   X
Asn,   N,   N,   X,   X,   X
Arg,   X,   N,   N,   X,   X
Pro,   X,   X,   X,   X,   X
Trp,   N,   X,   C,   X,   X



2019-04-19 12:56:17,085:New solution found! (#27). Calculation time: 00:00:00. New best price = 6756.28
2019-04-19 12:56:17,085:[solution]
% Solution number = 27
% Solution price  = 6756.28
Res, S_1, S_2, S_3, S_4, S_5
Leu,   N,   N,   N,   N,   C
Ala,   N,   N,   N,   C,   N
Val,   N,   N,   C,   N,   N
Gly,   N,   C,   N,   N,   N
Phe,   N,   C,   C,   N,   N
Ile,   C,   N,   N,   N,   N
Met,   N,   C,   N,   C,   N
Tyr,   N,   N,   C,   C,   N
Asp,   N,   C,   C,   N,   C
Ser,   N,   N,   N,   C,   C
Cys,   C,   N,   C,   X,   X
Gln,   N,   N,   X,   N,   X
Thr,   X,   N,   X,   N,   N
Asn,   N,   N,   X,   X,   X
Arg,   X,   N,   N,   X,   X
Pro,   X,   X,   X,   X,   X
Trp,   N,   X,   C,   X,   X



2019-04-19 12:56:17,093:New solution found! (#28). Calculation time: 00:00:00. New best price = 6663.54
2019-04-19 12:56:17,094:[solution]
% Solution number = 28
% Solution price  = 6663.54
Res, S_1, S_2, S_3, S_4, S_5
Leu,   N,   N,   N,   N,   C
Ala,   N,   N,   N,   C,   N
Val,   N,   N,   C,   N,   N
Gly,   N,   C,   N,   N,   N
Phe,   N,   C,   C,   N,   N
Ile,   C,   N,   N,   N,   N
Met,   N,   C,   N,   C,   N
Tyr,   N,   N,   C,   C,   N
Asp,   N,   C,   C,   N,   C
Ser,   N,   N,   N,   C,   C
Cys,   C,   N,   C,   X,   X
Gln,   X,   X,   N,   N,   X
Thr,   N,   N,   X,   N,   X
Asn,   N,   N,   X,   X,   X
Arg,   X,   N,   N,   X,   X
Pro,   X,   X,   X,   X,   X
Trp,   N,   X,   C,   X,   X



2019-04-19 12:56:17,121:New solution found! (#29). Calculation time: 00:00:00. New best price = 6600.55
2019-04-19 12:56:17,121:[solution]
% Solution number = 29
% Solution price  = 6600.55
Res, S_1, S_2, S_3, S_4, S_5
Leu,   N,   N,   N,   N,   C
Ala,   N,   N,   N,   C,   N
Val,   N,   N,   C,   N,   N
Gly,   N,   C,   N,   N,   N
Phe,   N,   C,   C,   N,   N
Ile,   C,   N,   N,   N,   N
Met,   N,   C,   N,   C,   N
Tyr,   N,   N,   C,   C,   N
Asp,   N,   C,   C,   N,   C
Ser,   N,   X,   N,   C,   C
Cys,   C,   N,   C,   X,   X
Gln,   X,   X,   N,   N,   X
Thr,   N,   N,   X,   N,   X
Asn,   N,   N,   X,   X,   X
Arg,   X,   N,   N,   X,   X
Pro,   X,   X,   X,   X,   X
Trp,   N,   X,   C,   X,   X



2019-04-19 12:56:17,146:New solution found! (#30). Calculation time: 00:00:00. New best price = 6588.62
2019-04-19 12:56:17,146:[solution]
% Solution number = 30
% Solution price  = 6588.62
Res, S_1, S_2, S_3, S_4, S_5
Leu,   N,   N,   N,   N,   C
Ala,   N,   N,   N,   C,   N
Val,   N,   N,   C,   N,   N
Gly,   N,   C,   N,   N,   N
Phe,   N,   C,   C,   N,   N
Ile,   C,   N,   N,   N,   N
Met,   N,   C,   N,   C,   N
Tyr,   N,   N,   C,   C,   N
Asp,   N,   C,   C,   N,   C
Ser,   C,   N,   N,   N,   X
Cys,   C,   N,   X,   X,   C
Gln,   N,   N,   X,   N,   X
Thr,   X,   N,   X,   N,   N
Asn,   N,   N,   X,   X,   X
Arg,   X,   N,   N,   X,   X
Pro,   X,   X,   X,   X,   X
Trp,   N,   X,   C,   X,   X



2019-04-19 12:56:17,154:New solution found! (#31). Calculation time: 00:00:00. New best price = 6495.88
2019-04-19 12:56:17,154:[solution]
% Solution number = 31
% Solution price  = 6495.88
Res, S_1, S_2, S_3, S_4, S_5
Leu,   N,   N,   N,   N,   C
Ala,   N,   N,   N,   C,   N
Val,   N,   N,   C,   N,   N
Gly,   N,   C,   N,   N,   N
Phe,   N,   C,   C,   N,   N
Ile,   C,   N,   N,   N,   N
Met,   N,   C,   N,   C,   N
Tyr,   N,   N,   C,   C,   N
Asp,   N,   C,   C,   N,   C
Ser,   C,   N,   N,   N,   X
Cys,   C,   N,   X,   X,   C
Gln,   X,   X,   N,   N,   X
Thr,   N,   N,   X,   N,   X
Asn,   N,   N,   X,   X,   X
Arg,   X,   N,   N,   X,   X
Pro,   X,   X,   X,   X,   X
Trp,   N,   X,   C,   X,   X



2019-04-19 12:56:17,297:New solution found! (#32). Calculation time: 00:00:01. New best price = 6432.89
2019-04-19 12:56:17,297:[solution]
% Solution number = 32
% Solution price  = 6432.89
Res, S_1, S_2, S_3, S_4, S_5
Leu,   N,   N,   N,   N,   C
Ala,   N,   N,   N,   C,   N
Val,   N,   N,   C,   N,   N
Gly,   N,   C,   N,   N,   N
Phe,   N,   C,   C,   N,   N
Ile,   C,   N,   N,   N,   N
Met,   N,   C,   N,   C,   N
Tyr,   N,   N,   C,   C,   N
Asp,   N,   C,   C,   N,   C
Ser,   C,   X,   N,   X,   N
Cys,   C,   N,   X,   X,   C
Gln,   X,   X,   N,   N,   X
Thr,   N,   N,   X,   N,   X
Asn,   N,   N,   X,   X,   X
Arg,   X,   N,   N,   X,   X
Pro,   X,   X,   X,   X,   X
Trp,   N,   X,   C,   X,   X



2019-04-19 12:56:17,319:New solution found! (#33). Calculation time: 00:00:01. New best price = 6369.9
2019-04-19 12:56:17,319:[solution]
% Solution number = 33
% Solution price  = 6369.9
Res, S_1, S_2, S_3, S_4, S_5
Leu,   N,   N,   N,   N,   C
Ala,   N,   N,   N,   C,   N
Val,   N,   N,   C,   N,   N
Gly,   N,   C,   N,   N,   N
Phe,   N,   C,   C,   N,   N
Ile,   C,   N,   N,   N,   N
Met,   N,   C,   N,   C,   N
Tyr,   N,   N,   C,   C,   N
Asp,   N,   C,   C,   N,   C
Ser,   C,   X,   N,   X,   X
Cys,   C,   N,   X,   X,   C
Gln,   X,   X,   N,   N,   X
Thr,   N,   N,   X,   N,   X
Asn,   N,   N,   X,   X,   X
Arg,   X,   N,   N,   X,   X
Pro,   X,   X,   X,   X,   X
Trp,   N,   X,   C,   X,   X



2019-04-19 12:56:17,424:New solution found! (#34). Calculation time: 00:00:01. New best price = 6333.31
2019-04-19 12:56:17,424:[solution]
% Solution number = 34
% Solution price  = 6333.31
Res, S_1, S_2, S_3, S_4, S_5
Leu,   N,   N,   N,   N,   C
Ala,   N,   N,   N,   C,   N
Val,   N,   N,   C,   N,   N
Gly,   N,   C,   N,   N,   N
Phe,   N,   C,   C,   N,   N
Ile,   C,   N,   N,   N,   N
Met,   N,   C,   N,   C,   N
Tyr,   N,   N,   C,   C,   N
Asp,   N,   C,   C,   X,   C
Ser,   C,   X,   N,   X,   X
Cys,   C,   N,   X,   X,   C
Gln,   X,   X,   N,   N,   X
Thr,   N,   N,   X,   N,   X
Asn,   N,   N,   X,   X,   X
Arg,   X,   N,   N,   X,   X
Pro,   X,   X,   X,   X,   X
Trp,   C,   X,   X,   N,   X



2019-04-19 12:56:17,509:New solution found! (#35). Calculation time: 00:00:01. New best price = 6289.81
2019-04-19 12:56:17,509:[solution]
% Solution number = 35
% Solution price  = 6289.81
Res, S_1, S_2, S_3, S_4, S_5
Leu,   N,   N,   N,   N,   C
Ala,   N,   N,   N,   C,   N
Val,   N,   N,   C,   N,   N
Gly,   N,   C,   N,   N,   N
Phe,   N,   C,   C,   N,   N
Ile,   C,   N,   N,   N,   N
Met,   N,   C,   N,   C,   N
Tyr,   N,   N,   C,   C,   N
Asp,   C,   N,   N,   N,   C
Ser,   C,   X,   N,   X,   N
Cys,   C,   C,   X,   X,   N
Gln,   X,   X,   N,   N,   X
Thr,   N,   N,   X,   N,   X
Asn,   N,   N,   X,   X,   X
Arg,   X,   N,   N,   X,   X
Pro,   X,   X,   X,   X,   X
Trp,   N,   X,   C,   X,   X



2019-04-19 12:56:17,520:New solution found! (#36). Calculation time: 00:00:01. New best price = 6226.81
2019-04-19 12:56:17,521:[solution]
% Solution number = 36
% Solution price  = 6226.81
Res, S_1, S_2, S_3, S_4, S_5
Leu,   N,   N,   N,   N,   C
Ala,   N,   N,   N,   C,   N
Val,   N,   N,   C,   N,   N
Gly,   N,   C,   N,   N,   N
Phe,   N,   C,   C,   N,   N
Ile,   C,   N,   N,   N,   N
Met,   N,   C,   N,   C,   N
Tyr,   N,   N,   C,   C,   N
Asp,   C,   N,   N,   N,   C
Ser,   C,   X,   N,   X,   X
Cys,   C,   C,   X,   X,   N
Gln,   X,   X,   N,   N,   X
Thr,   N,   N,   X,   N,   X
Asn,   N,   N,   X,   X,   X
Arg,   X,   N,   N,   X,   X
Pro,   X,   X,   X,   X,   X
Trp,   N,   X,   C,   X,   X



2019-04-19 12:56:17,781:New solution found! (#37). Calculation time: 00:00:01. New best price = 6190.22
2019-04-19 12:56:17,781:[solution]
% Solution number = 37
% Solution price  = 6190.22
Res, S_1, S_2, S_3, S_4, S_5
Leu,   N,   N,   N,   N,   C
Ala,   N,   N,   N,   C,   N
Val,   N,   N,   C,   N,   N
Gly,   N,   C,   N,   N,   N
Phe,   N,   C,   C,   N,   N
Ile,   C,   N,   N,   N,   N
Met,   N,   C,   N,   C,   N
Tyr,   N,   N,   C,   C,   N
Asp,   C,   N,   X,   N,   C
Ser,   C,   X,   N,   X,   X
Cys,   C,   C,   X,   X,   N
Gln,   X,   X,   N,   N,   X
Thr,   N,   N,   X,   N,   X
Asn,   N,   N,   X,   X,   X
Arg,   X,   N,   N,   X,   X
Pro,   X,   X,   X,   X,   X
Trp,   N,   X,   C,   X,   X



2019-04-19 12:56:17,913:New solution found! (#38). Calculation time: 00:00:01. New best price = 6153.63
2019-04-19 12:56:17,913:[solution]
% Solution number = 38
% Solution price  = 6153.63
Res, S_1, S_2, S_3, S_4, S_5
Leu,   N,   N,   N,   N,   C
Ala,   N,   N,   N,   C,   N
Val,   N,   N,   C,   N,   N
Gly,   N,   C,   N,   N,   N
Phe,   N,   C,   C,   N,   N
Ile,   C,   N,   N,   N,   N
Met,   N,   C,   N,   C,   N
Tyr,   N,   N,   C,   C,   N
Asp,   C,   N,   X,   X,   C
Ser,   C,   X,   N,   X,   X
Cys,   C,   C,   X,   X,   N
Gln,   X,   X,   N,   N,   X
Thr,   N,   N,   X,   N,   X
Asn,   N,   N,   X,   X,   X
Arg,   X,   N,   N,   X,   X
Pro,   X,   X,   X,   X,   X
Trp,   N,   X,   C,   X,   X



2019-04-19 12:56:19,094:New solution found! (#39). Calculation time: 00:00:02. New best price = 6140.5
2019-04-19 12:56:19,094:[solution]
% Solution number = 39
% Solution price  = 6140.5
Res, S_1, S_2, S_3, S_4, S_5
Leu,   N,   N,   N,   N,   C
Ala,   N,   N,   N,   C,   N
Val,   N,   N,   C,   N,   N
Gly,   N,   C,   N,   N,   N
Phe,   N,   C,   C,   N,   N
Ile,   C,   N,   N,   N,   N
Met,   N,   C,   N,   C,   N
Tyr,   C,   N,   C,   X,   N
Asp,   C,   N,   X,   N,   C
Ser,   C,   X,   N,   X,   X
Cys,   C,   C,   X,   X,   N
Gln,   N,   X,   N,   X,   X
Thr,   N,   N,   X,   N,   X
Asn,   N,   N,   X,   X,   X
Arg,   X,   N,   N,   X,   X
Pro,   X,   X,   X,   X,   X
Trp,   N,   X,   C,   X,   X



2019-04-19 12:56:19,176:New solution found! (#40). Calculation time: 00:00:02. New best price = 6103.91
2019-04-19 12:56:19,177:[solution]
% Solution number = 40
% Solution price  = 6103.91
Res, S_1, S_2, S_3, S_4, S_5
Leu,   N,   N,   N,   N,   C
Ala,   N,   N,   N,   C,   N
Val,   N,   N,   C,   N,   N
Gly,   N,   C,   N,   N,   N
Phe,   N,   C,   C,   N,   N
Ile,   C,   N,   N,   N,   N
Met,   N,   C,   N,   C,   N
Tyr,   C,   N,   C,   X,   N
Asp,   C,   N,   X,   X,   C
Ser,   C,   X,   N,   X,   X
Cys,   C,   C,   X,   X,   N
Gln,   N,   X,   N,   X,   X
Thr,   N,   N,   X,   N,   X
Asn,   N,   N,   X,   X,   X
Arg,   X,   N,   N,   X,   X
Pro,   X,   X,   X,   X,   X
Trp,   N,   X,   C,   X,   X



2019-04-19 12:56:31,510:New solution found! (#41). Calculation time: 00:00:15. New best price = 6079.02
2019-04-19 12:56:31,510:[solution]
% Solution number = 41
% Solution price  = 6079.02
Res, S_1, S_2, S_3, S_4, S_5
Leu,   N,   N,   N,   N,   C
Ala,   N,   N,   N,   C,   N
Val,   N,   N,   C,   N,   N
Gly,   N,   C,   N,   N,   N
Phe,   N,   C,   C,   N,   N
Ile,   C,   N,   N,   N,   N
Met,   C,   C,   N,   C,   N
Tyr,   X,   N,   C,   C,   N
Asp,   N,   C,   X,   C,   X
Ser,   C,   X,   N,   X,   X
Cys,   C,   N,   X,   X,   C
Gln,   N,   X,   X,   N,   X
Thr,   N,   N,   X,   N,   X
Asn,   N,   N,   X,   X,   X
Arg,   X,   N,   N,   X,   X
Pro,   X,   X,   X,   X,   X
Trp,   C,   X,   X,   N,   X



2019-04-19 12:56:39,328:UPDATE: search in 5 samples; iteration   1000000; time:     23 sec; max depth=17; solutions found= 41    ; best price=6079.016909999999
2019-04-19 12:56:42,095:New solution found! (#42). Calculation time: 00:00:25. New best price = 6070.3
2019-04-19 12:56:42,095:[solution]
% Solution number = 42
% Solution price  = 6070.3
Res, S_1, S_2, S_3, S_4, S_5
Leu,   N,   N,   N,   N,   C
Ala,   N,   N,   N,   C,   N
Val,   N,   N,   C,   N,   N
Gly,   N,   C,   N,   N,   N
Phe,   N,   C,   C,   N,   N
Ile,   C,   N,   N,   N,   N
Met,   X,   C,   N,   C,   N
Tyr,   C,   N,   C,   X,   N
Asp,   C,   N,   X,   N,   C
Ser,   C,   X,   N,   X,   X
Cys,   C,   C,   X,   X,   N
Gln,   N,   X,   N,   X,   X
Thr,   N,   N,   X,   N,   X
Asn,   N,   N,   X,   X,   X
Arg,   X,   N,   N,   X,   X
Pro,   X,   X,   X,   X,   X
Trp,   N,   X,   C,   X,   X



2019-04-19 12:56:42,181:New solution found! (#43). Calculation time: 00:00:25. New best price = 6033.71
2019-04-19 12:56:42,182:[solution]
% Solution number = 43
% Solution price  = 6033.71
Res, S_1, S_2, S_3, S_4, S_5
Leu,   N,   N,   N,   N,   C
Ala,   N,   N,   N,   C,   N
Val,   N,   N,   C,   N,   N
Gly,   N,   C,   N,   N,   N
Phe,   N,   C,   C,   N,   N
Ile,   C,   N,   N,   N,   N
Met,   X,   C,   N,   C,   N
Tyr,   C,   N,   C,   X,   N
Asp,   C,   N,   X,   X,   C
Ser,   C,   X,   N,   X,   X
Cys,   C,   C,   X,   X,   N
Gln,   N,   X,   N,   X,   X
Thr,   N,   N,   X,   N,   X
Asn,   N,   N,   X,   X,   X
Arg,   X,   N,   N,   X,   X
Pro,   X,   X,   X,   X,   X
Trp,   N,   X,   C,   X,   X



2019-04-19 12:56:53,149:New solution found! (#44). Calculation time: 00:00:36. New best price = 6018.06
2019-04-19 12:56:53,149:[solution]
% Solution number = 44
% Solution price  = 6018.06
Res, S_1, S_2, S_3, S_4, S_5
Leu,   N,   N,   N,   N,   C
Ala,   N,   N,   N,   C,   N
Val,   N,   N,   C,   N,   N
Gly,   N,   C,   N,   N,   N
Phe,   N,   C,   C,   N,   N
Ile,   C,   N,   N,   C,   N
Met,   X,   C,   N,   C,   N
Tyr,   C,   N,   X,   X,   N
Asp,   C,   C,   N,   N,   X
Ser,   C,   X,   N,   X,   X
Cys,   C,   N,   X,   X,   C
Gln,   N,   X,   X,   N,   X
Thr,   N,   N,   X,   N,   X
Asn,   N,   N,   X,   X,   X
Arg,   X,   N,   N,   X,   X
Pro,   X,   X,   X,   X,   X
Trp,   N,   X,   C,   X,   X



2019-04-19 12:57:04,332:UPDATE: search in 5 samples; iteration   2000000; time:     48 sec; max depth=17; solutions found= 44    ; best price=6018.06124
2019-04-19 12:57:04,786:New solution found! (#45). Calculation time: 00:00:48. New best price = 6001.72
2019-04-19 12:57:04,786:[solution]
% Solution number = 45
% Solution price  = 6001.72
Res, S_1, S_2, S_3, S_4, S_5
Leu,   N,   N,   N,   N,   C
Ala,   N,   N,   N,   C,   N
Val,   N,   N,   C,   N,   N
Gly,   N,   C,   N,   N,   N
Phe,   N,   C,   C,   N,   N
Ile,   C,   N,   N,   X,   N
Met,   C,   C,   N,   C,   N
Tyr,   X,   N,   C,   C,   N
Asp,   N,   C,   X,   C,   X
Ser,   C,   X,   N,   X,   X
Cys,   C,   N,   X,   X,   C
Gln,   N,   X,   X,   N,   X
Thr,   N,   N,   X,   N,   X
Asn,   N,   N,   X,   X,   X
Arg,   X,   N,   N,   X,   X
Pro,   X,   X,   X,   X,   X
Trp,   C,   X,   X,   N,   X



2019-04-19 12:57:13,983:New solution found! (#46). Calculation time: 00:00:57. New best price = 5993.01
2019-04-19 12:57:13,983:[solution]
% Solution number = 46
% Solution price  = 5993.01
Res, S_1, S_2, S_3, S_4, S_5
Leu,   N,   N,   N,   N,   C
Ala,   N,   N,   N,   C,   N
Val,   N,   N,   C,   N,   N
Gly,   N,   C,   N,   N,   N
Phe,   N,   C,   C,   N,   N
Ile,   C,   N,   N,   X,   N
Met,   X,   C,   N,   C,   N
Tyr,   C,   N,   C,   X,   N
Asp,   C,   N,   X,   N,   C
Ser,   C,   X,   N,   X,   X
Cys,   C,   C,   X,   X,   N
Gln,   N,   X,   N,   X,   X
Thr,   N,   N,   X,   N,   X
Asn,   N,   N,   X,   X,   X
Arg,   X,   N,   N,   X,   X
Pro,   X,   X,   X,   X,   X
Trp,   N,   X,   C,   X,   X



2019-04-19 12:57:14,081:New solution found! (#47). Calculation time: 00:00:57. New best price = 5956.42
2019-04-19 12:57:14,082:[solution]
% Solution number = 47
% Solution price  = 5956.42
Res, S_1, S_2, S_3, S_4, S_5
Leu,   N,   N,   N,   N,   C
Ala,   N,   N,   N,   C,   N
Val,   N,   N,   C,   N,   N
Gly,   N,   C,   N,   N,   N
Phe,   N,   C,   C,   N,   N
Ile,   C,   N,   N,   X,   N
Met,   X,   C,   N,   C,   N
Tyr,   C,   N,   C,   X,   N
Asp,   C,   N,   X,   X,   C
Ser,   C,   X,   N,   X,   X
Cys,   C,   C,   X,   X,   N
Gln,   N,   X,   N,   X,   X
Thr,   N,   N,   X,   N,   X
Asn,   N,   N,   X,   X,   X
Arg,   X,   N,   N,   X,   X
Pro,   X,   X,   X,   X,   X
Trp,   N,   X,   C,   X,   X



2019-04-19 12:57:31,675:UPDATE: search in 5 samples; iteration   3000000; time:     75 sec; max depth=17; solutions found= 47    ; best price=5956.416219999999
2019-04-19 12:57:35,644:New solution found! (#48). Calculation time: 00:01:19. New best price = 5956.24
2019-04-19 12:57:35,645:[solution]
% Solution number = 48
% Solution price  = 5956.24
Res, S_1, S_2, S_3, S_4, S_5
Leu,   N,   N,   N,   C,   C
Ala,   N,   N,   C,   N,   N
Val,   N,   N,   N,   N,   C
Gly,   N,   C,   N,   N,   N
Phe,   N,   N,   N,   C,   N
Ile,   C,   X,   X,   N,   N
Met,   N,   C,   C,   N,   N
Tyr,   C,   N,   C,   N,   N
Asp,   C,   C,   X,   N,   X
Ser,   C,   X,   X,   X,   N
Cys,   C,   N,   X,   C,   X
Gln,   N,   X,   N,   X,   X
Thr,   N,   N,   X,   N,   X
Asn,   N,   N,   X,   X,   X
Arg,   X,   N,   X,   X,   N
Pro,   X,   X,   X,   X,   X
Trp,   C,   X,   N,   X,   X



2019-04-19 12:57:45,362:New solution found! (#49). Calculation time: 00:01:29. New best price = 5939.78
2019-04-19 12:57:45,362:[solution]
% Solution number = 49
% Solution price  = 5939.78
Res, S_1, S_2, S_3, S_4, S_5
Leu,   N,   N,   N,   C,   C
Ala,   N,   N,   C,   N,   N
Val,   N,   N,   N,   N,   C
Gly,   N,   C,   N,   N,   N
Phe,   N,   C,   N,   C,   N
Ile,   C,   N,   X,   N,   N
Met,   X,   C,   C,   N,   N
Tyr,   C,   N,   C,   N,   X
Asp,   C,   C,   X,   N,   X
Ser,   C,   X,   X,   X,   N
Cys,   C,   N,   X,   C,   X
Gln,   N,   X,   N,   X,   X
Thr,   N,   N,   X,   N,   X
Asn,   N,   N,   X,   X,   X
Arg,   X,   N,   X,   X,   N
Pro,   X,   X,   X,   X,   X
Trp,   C,   X,   N,   X,   X



2019-04-19 12:57:49,228:New solution found! (#50). Calculation time: 00:01:33. New best price = 5932.7
2019-04-19 12:57:49,228:[solution]
% Solution number = 50
% Solution price  = 5932.7
Res, S_1, S_2, S_3, S_4, S_5
Leu,   N,   N,   N,   C,   C
Ala,   N,   N,   C,   N,   N
Val,   N,   N,   N,   N,   C
Gly,   N,   C,   N,   N,   N
Phe,   N,   C,   N,   C,   N
Ile,   C,   X,   X,   N,   N
Met,   N,   C,   C,   N,   N
Tyr,   C,   N,   C,   N,   X
Asp,   C,   C,   X,   N,   X
Ser,   C,   X,   X,   X,   N
Cys,   C,   N,   X,   C,   X
Gln,   N,   X,   N,   X,   X
Thr,   N,   N,   X,   N,   X
Asn,   N,   N,   X,   X,   X
Arg,   X,   N,   X,   X,   N
Pro,   X,   X,   X,   X,   X
Trp,   C,   X,   N,   X,   X



2019-04-19 12:57:54,927:New solution found! (#51). Calculation time: 00:01:38. New best price = 5928.23
2019-04-19 12:57:54,927:[solution]
% Solution number = 51
% Solution price  = 5928.23
Res, S_1, S_2, S_3, S_4, S_5
Leu,   N,   N,   N,   C,   C
Ala,   N,   N,   C,   N,   N
Val,   N,   N,   N,   N,   C
Gly,   N,   C,   N,   N,   N
Phe,   N,   X,   N,   C,   N
Ile,   C,   X,   X,   N,   N
Met,   N,   C,   C,   N,   N
Tyr,   C,   N,   C,   N,   N
Asp,   C,   C,   X,   N,   X
Ser,   C,   X,   X,   X,   N
Cys,   C,   N,   X,   C,   X
Gln,   N,   X,   N,   X,   X
Thr,   N,   N,   X,   N,   X
Asn,   N,   N,   X,   X,   X
Arg,   X,   N,   X,   X,   N
Pro,   X,   X,   X,   X,   X
Trp,   C,   X,   N,   X,   X



2019-04-19 12:57:55,890:UPDATE: search in 5 samples; iteration   4000000; time:     99 sec; max depth=17; solutions found= 51    ; best price=5928.2318399999995
2019-04-19 12:57:58,402:New solution found! (#52). Calculation time: 00:01:42. New best price = 5902.94
2019-04-19 12:57:58,402:[solution]
% Solution number = 52
% Solution price  = 5902.94
Res, S_1, S_2, S_3, S_4, S_5
Leu,   N,   N,   N,   C,   C
Ala,   N,   N,   C,   N,   N
Val,   N,   C,   N,   N,   N
Gly,   C,   N,   N,   N,   N
Phe,   N,   C,   N,   N,   C
Ile,   C,   N,   X,   C,   N
Met,   C,   C,   N,   C,   N
Tyr,   X,   C,   C,   N,   N
Asp,   C,   X,   C,   N,   X
Ser,   X,   N,   C,   C,   X
Cys,   N,   X,   X,   C,   X
Gln,   X,   N,   N,   N,   X
Thr,   N,   X,   X,   N,   X
Asn,   X,   X,   N,   N,   X
Arg,   N,   N,   X,   X,   X
Pro,   X,   X,   X,   X,   X
Trp,   X,   C,   N,   X,   X



2019-04-19 12:58:08,708:New solution found! (#53). Calculation time: 00:01:52. New best price = 5898.88
2019-04-19 12:58:08,708:[solution]
% Solution number = 53
% Solution price  = 5898.88
Res, S_1, S_2, S_3, S_4, S_5
Leu,   N,   N,   N,   C,   C
Ala,   N,   N,   C,   N,   N
Val,   N,   C,   N,   N,   N
Gly,   C,   N,   N,   N,   N
Phe,   C,   C,   N,   N,   N
Ile,   N,   N,   C,   N,   C
Met,   C,   C,   N,   N,   C
Tyr,   N,   C,   C,   N,   N
Asp,   C,   N,   C,   N,   X
Ser,   X,   N,   X,   X,   C
Cys,   N,   X,   X,   C,   X
Gln,   N,   X,   N,   X,   N
Thr,   X,   X,   N,   X,   N
Asn,   N,   X,   X,   X,   N
Arg,   N,   N,   X,   X,   X
Pro,   X,   X,   X,   X,   X
Trp,   X,   C,   N,   X,   X



2019-04-19 12:58:08,811:New solution found! (#54). Calculation time: 00:01:52. New best price = 5862.29
2019-04-19 12:58:08,811:[solution]
% Solution number = 54
% Solution price  = 5862.29
Res, S_1, S_2, S_3, S_4, S_5
Leu,   N,   N,   N,   C,   C
Ala,   N,   N,   C,   N,   N
Val,   N,   C,   N,   N,   N
Gly,   C,   N,   N,   N,   N
Phe,   C,   C,   N,   N,   N
Ile,   N,   N,   C,   N,   C
Met,   C,   C,   N,   N,   C
Tyr,   N,   C,   C,   N,   N
Asp,   C,   X,   C,   X,   N
Ser,   X,   N,   X,   X,   C
Cys,   N,   X,   X,   C,   X
Gln,   N,   X,   N,   X,   N
Thr,   X,   X,   N,   X,   N
Asn,   N,   X,   X,   X,   N
Arg,   N,   N,   X,   X,   X
Pro,   X,   X,   X,   X,   X
Trp,   X,   C,   N,   X,   X



2019-04-19 12:58:08,856:New solution found! (#55). Calculation time: 00:01:52. New best price = 5849.16
2019-04-19 12:58:08,857:[solution]
% Solution number = 55
% Solution price  = 5849.16
Res, S_1, S_2, S_3, S_4, S_5
Leu,   N,   N,   N,   C,   C
Ala,   N,   N,   C,   N,   N
Val,   N,   C,   N,   N,   N
Gly,   C,   N,   N,   N,   N
Phe,   C,   C,   N,   N,   N
Ile,   N,   N,   C,   N,   C
Met,   C,   C,   N,   N,   C
Tyr,   N,   C,   C,   N,   X
Asp,   C,   N,   C,   N,   X
Ser,   X,   N,   X,   X,   C
Cys,   N,   X,   X,   C,   X
Gln,   N,   X,   N,   X,   N
Thr,   X,   X,   N,   X,   N
Asn,   N,   X,   X,   X,   N
Arg,   N,   N,   X,   X,   X
Pro,   X,   X,   X,   X,   X
Trp,   X,   C,   N,   X,   X



2019-04-19 12:58:08,952:New solution found! (#56). Calculation time: 00:01:52. New best price = 5812.57
2019-04-19 12:58:08,952:[solution]
% Solution number = 56
% Solution price  = 5812.57
Res, S_1, S_2, S_3, S_4, S_5
Leu,   N,   N,   N,   C,   C
Ala,   N,   N,   C,   N,   N
Val,   N,   C,   N,   N,   N
Gly,   C,   N,   N,   N,   N
Phe,   C,   C,   N,   N,   N
Ile,   N,   N,   C,   N,   C
Met,   C,   C,   N,   N,   C
Tyr,   N,   C,   C,   N,   X
Asp,   C,   X,   C,   X,   N
Ser,   X,   N,   X,   X,   C
Cys,   N,   X,   X,   C,   X
Gln,   N,   X,   N,   X,   N
Thr,   X,   X,   N,   X,   N
Asn,   N,   X,   X,   X,   N
Arg,   N,   N,   X,   X,   X
Pro,   X,   X,   X,   X,   X
Trp,   X,   C,   N,   X,   X



2019-04-19 12:58:16,101:New solution found! (#57). Calculation time: 00:01:59. New best price = 5807.19
2019-04-19 12:58:16,101:[solution]
% Solution number = 57
% Solution price  = 5807.19
Res, S_1, S_2, S_3, S_4, S_5
Leu,   N,   N,   N,   C,   C
Ala,   N,   N,   C,   N,   N
Val,   N,   C,   N,   N,   N
Gly,   C,   N,   N,   N,   C
Phe,   N,   C,   N,   N,   C
Ile,   N,   N,   C,   C,   N
Met,   C,   C,   N,   C,   N
Tyr,   N,   C,   C,   N,   N
Asp,   C,   N,   C,   N,   X
Ser,   C,   N,   X,   X,   X
Cys,   N,   X,   X,   X,   C
Gln,   X,   X,   N,   N,   X
Thr,   X,   X,   X,   N,   N
Asn,   N,   X,   X,   N,   X
Arg,   N,   N,   X,   X,   X
Pro,   X,   X,   X,   X,   X
Trp,   X,   C,   N,   X,   X



2019-04-19 12:58:16,174:New solution found! (#58). Calculation time: 00:01:59. New best price = 5770.6
2019-04-19 12:58:16,175:[solution]
% Solution number = 58
% Solution price  = 5770.6
Res, S_1, S_2, S_3, S_4, S_5
Leu,   N,   N,   N,   C,   C
Ala,   N,   N,   C,   N,   N
Val,   N,   C,   N,   N,   N
Gly,   C,   N,   N,   N,   C
Phe,   N,   C,   N,   N,   C
Ile,   N,   N,   C,   C,   N
Met,   C,   C,   N,   C,   N
Tyr,   N,   C,   C,   N,   N
Asp,   C,   X,   C,   X,   N
Ser,   C,   N,   X,   X,   X
Cys,   N,   X,   X,   X,   C
Gln,   X,   X,   N,   N,   X
Thr,   X,   X,   X,   N,   N
Asn,   N,   X,   X,   N,   X
Arg,   N,   N,   X,   X,   X
Pro,   X,   X,   X,   X,   X
Trp,   X,   C,   N,   X,   X



2019-04-19 12:58:16,265:New solution found! (#59). Calculation time: 00:02:00. New best price = 5766.49
2019-04-19 12:58:16,265:[solution]
% Solution number = 59
% Solution price  = 5766.49
Res, S_1, S_2, S_3, S_4, S_5
Leu,   N,   N,   N,   C,   C
Ala,   N,   N,   C,   N,   N
Val,   N,   C,   N,   N,   N
Gly,   C,   N,   N,   N,   C
Phe,   N,   C,   N,   N,   C
Ile,   X,   N,   C,   C,   N
Met,   C,   C,   N,   C,   N
Tyr,   N,   C,   C,   N,   N
Asp,   C,   N,   C,   N,   N
Ser,   C,   N,   X,   X,   X
Cys,   N,   X,   X,   X,   C
Gln,   X,   X,   N,   N,   X
Thr,   X,   X,   X,   N,   N
Asn,   N,   X,   X,   N,   X
Arg,   N,   N,   X,   X,   X
Pro,   X,   X,   X,   X,   X
Trp,   X,   C,   N,   X,   X



2019-04-19 12:58:16,279:New solution found! (#60). Calculation time: 00:02:00. New best price = 5729.9
2019-04-19 12:58:16,279:[solution]
% Solution number = 60
% Solution price  = 5729.9
Res, S_1, S_2, S_3, S_4, S_5
Leu,   N,   N,   N,   C,   C
Ala,   N,   N,   C,   N,   N
Val,   N,   C,   N,   N,   N
Gly,   C,   N,   N,   N,   C
Phe,   N,   C,   N,   N,   C
Ile,   X,   N,   C,   C,   N
Met,   C,   C,   N,   C,   N
Tyr,   N,   C,   C,   N,   N
Asp,   C,   N,   C,   N,   X
Ser,   C,   N,   X,   X,   X
Cys,   N,   X,   X,   X,   C
Gln,   X,   X,   N,   N,   X
Thr,   X,   X,   X,   N,   N
Asn,   N,   X,   X,   N,   X
Arg,   N,   N,   X,   X,   X
Pro,   X,   X,   X,   X,   X
Trp,   X,   C,   N,   X,   X



2019-04-19 12:58:16,292:New solution found! (#61). Calculation time: 00:02:00. New best price = 5693.31
2019-04-19 12:58:16,293:[solution]
% Solution number = 61
% Solution price  = 5693.31
Res, S_1, S_2, S_3, S_4, S_5
Leu,   N,   N,   N,   C,   C
Ala,   N,   N,   C,   N,   N
Val,   N,   C,   N,   N,   N
Gly,   C,   N,   N,   N,   C
Phe,   N,   C,   N,   N,   C
Ile,   X,   N,   C,   C,   N
Met,   C,   C,   N,   C,   N
Tyr,   N,   C,   C,   N,   N
Asp,   C,   X,   C,   X,   N
Ser,   C,   N,   X,   X,   X
Cys,   N,   X,   X,   X,   C
Gln,   X,   X,   N,   N,   X
Thr,   X,   X,   X,   N,   N
Asn,   N,   X,   X,   N,   X
Arg,   N,   N,   X,   X,   X
Pro,   X,   X,   X,   X,   X
Trp,   X,   C,   N,   X,   X



2019-04-19 12:58:18,474:Search in 5 sample(s) finished successfully!
2019-04-19 12:58:18,474:Search for solution finished successfully!
Calculation time: 		00:02:02
Total iterations: 4717324
